[ 2017-09-22T06:28:20+08:00 ] 183.232.175.3 /health/management/Application/index.php/Connector/Doc/getHotDoc
INFO: [ app_init ] --START--
INFO: [ app_init ] --END-- [ RunTime:0.000352s ]
INFO: [ path_info ] --START--
INFO: [ path_info ] --END-- [ RunTime:0.000027s ]
INFO: [ app_begin ] --START--
INFO: Run Behavior\ReadHtmlCache [ RunTime:0.000041s ]
INFO: [ app_begin ] --END-- [ RunTime:0.000091s ]
INFO: [ action_begin ] --START--
INFO: [ action_begin ] --END-- [ RunTime:0.000030s ]
NOTIC: [2048] Declaration of Admin\Model\DoctorInfoModel::_after_insert() should be compatible with Think\Model::_after_insert($data, $options) C:\phpstudy\WWW\health\management\Application\Admin\Model\DoctorInfoModel.class.php 第 7 行.
SQL: SHOW COLUMNS FROM `doctor_info` [ RunTime:0.001868s ]
SQL: SELECT a.*,b.hos_name FROM doctor_info a LEFT JOIN hospital_info b on a.hos_id=b.hos_id ORDER BY doc_R desc LIMIT 8   [ RunTime:0.000853s ]
INFO: [ app_end ] --START--
INFO: Run Behavior\ShowPageTrace [ RunTime:0.000039s ]
INFO: [ app_end ] --END-- [ RunTime:0.000105s ]

[ 2017-09-22T06:28:20+08:00 ] 183.232.175.3 /health/management/Application/index.php/Connector/Hos/getHotHos
INFO: [ app_init ] --START--
INFO: [ app_init ] --END-- [ RunTime:0.000376s ]
INFO: [ path_info ] --START--
INFO: [ path_info ] --END-- [ RunTime:0.000030s ]
INFO: [ app_begin ] --START--
INFO: Run Behavior\ReadHtmlCache [ RunTime:0.000042s ]
INFO: [ app_begin ] --END-- [ RunTime:0.000101s ]
INFO: [ action_begin ] --START--
INFO: [ action_begin ] --END-- [ RunTime:0.000030s ]
SQL: SHOW COLUMNS FROM `hospital_info` [ RunTime:0.001707s ]
SQL: SELECT * FROM `hospital_info` ORDER BY hos_attention desc LIMIT 4   [ RunTime:0.000403s ]
INFO: [ app_end ] --START--
INFO: Run Behavior\ShowPageTrace [ RunTime:0.000051s ]
INFO: [ app_end ] --END-- [ RunTime:0.000113s ]

[ 2017-09-22T06:28:21+08:00 ] 183.232.175.3 /health/management/Application/index.php/Connector/Hos/getHotHos
INFO: [ app_init ] --START--
INFO: [ app_init ] --END-- [ RunTime:0.000373s ]
INFO: [ path_info ] --START--
INFO: [ path_info ] --END-- [ RunTime:0.000029s ]
INFO: [ app_begin ] --START--
INFO: Run Behavior\ReadHtmlCache [ RunTime:0.000044s ]
INFO: [ app_begin ] --END-- [ RunTime:0.000096s ]
INFO: [ action_begin ] --START--
INFO: [ action_begin ] --END-- [ RunTime:0.000029s ]
SQL: SHOW COLUMNS FROM `hospital_info` [ RunTime:0.001648s ]
SQL: SELECT * FROM `hospital_info` ORDER BY hos_attention desc LIMIT 4   [ RunTime:0.000439s ]
INFO: [ app_end ] --START--
INFO: Run Behavior\ShowPageTrace [ RunTime:0.000060s ]
INFO: [ app_end ] --END-- [ RunTime:0.000153s ]

[ 2017-09-22T06:28:21+08:00 ] 183.232.175.3 /health/management/Application/index.php/Connector/Doc/getHotDoc
INFO: [ app_init ] --START--
INFO: [ app_init ] --END-- [ RunTime:0.000320s ]
INFO: [ path_info ] --START--
INFO: [ path_info ] --END-- [ RunTime:0.000029s ]
INFO: [ app_begin ] --START--
INFO: Run Behavior\ReadHtmlCache [ RunTime:0.000104s ]
INFO: [ app_begin ] --END-- [ RunTime:0.000154s ]
INFO: [ action_begin ] --START--
INFO: [ action_begin ] --END-- [ RunTime:0.000045s ]
NOTIC: [2048] Declaration of Admin\Model\DoctorInfoModel::_after_insert() should be compatible with Think\Model::_after_insert($data, $options) C:\phpstudy\WWW\health\management\Application\Admin\Model\DoctorInfoModel.class.php 第 7 行.
SQL: SHOW COLUMNS FROM `doctor_info` [ RunTime:0.001850s ]
SQL: SELECT a.*,b.hos_name FROM doctor_info a LEFT JOIN hospital_info b on a.hos_id=b.hos_id ORDER BY doc_R desc LIMIT 8   [ RunTime:0.000641s ]
INFO: [ app_end ] --START--
INFO: Run Behavior\ShowPageTrace [ RunTime:0.000036s ]
INFO: [ app_end ] --END-- [ RunTime:0.000104s ]

[ 2017-09-22T06:28:22+08:00 ] 183.232.175.3 /health/management/Application/index.php/Connector/Hos/getHotHos
INFO: [ app_init ] --START--
INFO: [ app_init ] --END-- [ RunTime:0.000348s ]
INFO: [ path_info ] --START--
INFO: [ path_info ] --END-- [ RunTime:0.000029s ]
INFO: [ app_begin ] --START--
INFO: Run Behavior\ReadHtmlCache [ RunTime:0.000042s ]
INFO: [ app_begin ] --END-- [ RunTime:0.000091s ]
INFO: [ action_begin ] --START--
INFO: [ action_begin ] --END-- [ RunTime:0.000034s ]
SQL: SHOW COLUMNS FROM `hospital_info` [ RunTime:0.001597s ]
SQL: SELECT * FROM `hospital_info` ORDER BY hos_attention desc LIMIT 4   [ RunTime:0.000394s ]
INFO: [ app_end ] --START--
INFO: Run Behavior\ShowPageTrace [ RunTime:0.000035s ]
INFO: [ app_end ] --END-- [ RunTime:0.000083s ]

[ 2017-09-22T08:13:36+08:00 ] 183.232.175.5 /health/management/Application/index.php/Connector/Doc/getHotDoc
INFO: [ app_init ] --START--
INFO: [ app_init ] --END-- [ RunTime:0.000339s ]
INFO: [ path_info ] --START--
INFO: [ path_info ] --END-- [ RunTime:0.000028s ]
INFO: [ app_begin ] --START--
INFO: Run Behavior\ReadHtmlCache [ RunTime:0.000048s ]
INFO: [ app_begin ] --END-- [ RunTime:0.000098s ]
INFO: [ action_begin ] --START--
INFO: [ action_begin ] --END-- [ RunTime:0.000031s ]
NOTIC: [2048] Declaration of Admin\Model\DoctorInfoModel::_after_insert() should be compatible with Think\Model::_after_insert($data, $options) C:\phpstudy\WWW\health\management\Application\Admin\Model\DoctorInfoModel.class.php 第 7 行.
SQL: SHOW COLUMNS FROM `doctor_info` [ RunTime:0.001975s ]
SQL: SELECT a.*,b.hos_name FROM doctor_info a LEFT JOIN hospital_info b on a.hos_id=b.hos_id ORDER BY doc_R desc LIMIT 8   [ RunTime:0.000800s ]
INFO: [ app_end ] --START--
INFO: Run Behavior\ShowPageTrace [ RunTime:0.000081s ]
INFO: [ app_end ] --END-- [ RunTime:0.000155s ]

[ 2017-09-22T08:13:36+08:00 ] 183.232.175.5 /health/management/Application/index.php/Connector/Hos/getHotHos
INFO: [ app_init ] --START--
INFO: [ app_init ] --END-- [ RunTime:0.000362s ]
INFO: [ path_info ] --START--
INFO: [ path_info ] --END-- [ RunTime:0.000031s ]
INFO: [ app_begin ] --START--
INFO: Run Behavior\ReadHtmlCache [ RunTime:0.000040s ]
INFO: [ app_begin ] --END-- [ RunTime:0.000090s ]
INFO: [ action_begin ] --START--
INFO: [ action_begin ] --END-- [ RunTime:0.000031s ]
SQL: SHOW COLUMNS FROM `hospital_info` [ RunTime:0.001441s ]
SQL: SELECT * FROM `hospital_info` ORDER BY hos_attention desc LIMIT 4   [ RunTime:0.000351s ]
INFO: [ app_end ] --START--
INFO: Run Behavior\ShowPageTrace [ RunTime:0.000035s ]
INFO: [ app_end ] --END-- [ RunTime:0.000083s ]

[ 2017-09-22T09:25:20+08:00 ] 14.24.106.34 /health/management/Application/index.php/Connector/Hos/getHotHos
INFO: [ app_init ] --START--
INFO: [ app_init ] --END-- [ RunTime:0.000465s ]
INFO: [ path_info ] --START--
INFO: [ path_info ] --END-- [ RunTime:0.000035s ]
INFO: [ app_begin ] --START--
INFO: Run Behavior\ReadHtmlCache [ RunTime:0.000057s ]
INFO: [ app_begin ] --END-- [ RunTime:0.000118s ]
INFO: [ action_begin ] --START--
INFO: [ action_begin ] --END-- [ RunTime:0.000035s ]
SQL: SHOW COLUMNS FROM `hospital_info` [ RunTime:0.001826s ]
SQL: SELECT * FROM `hospital_info` ORDER BY hos_attention desc LIMIT 4   [ RunTime:0.000443s ]
INFO: [ app_end ] --START--
INFO: Run Behavior\ShowPageTrace [ RunTime:0.000054s ]
INFO: [ app_end ] --END-- [ RunTime:0.000137s ]

[ 2017-09-22T09:25:20+08:00 ] 14.24.106.34 /health/management/Application/index.php/Connector/Doc/getHotDoc
INFO: [ app_init ] --START--
INFO: [ app_init ] --END-- [ RunTime:0.000384s ]
INFO: [ path_info ] --START--
INFO: [ path_info ] --END-- [ RunTime:0.000029s ]
INFO: [ app_begin ] --START--
INFO: Run Behavior\ReadHtmlCache [ RunTime:0.000043s ]
INFO: [ app_begin ] --END-- [ RunTime:0.000101s ]
INFO: [ action_begin ] --START--
INFO: [ action_begin ] --END-- [ RunTime:0.000042s ]
NOTIC: [2048] Declaration of Admin\Model\DoctorInfoModel::_after_insert() should be compatible with Think\Model::_after_insert($data, $options) C:\phpstudy\WWW\health\management\Application\Admin\Model\DoctorInfoModel.class.php 第 7 行.
SQL: SHOW COLUMNS FROM `doctor_info` [ RunTime:0.001821s ]
SQL: SELECT a.*,b.hos_name FROM doctor_info a LEFT JOIN hospital_info b on a.hos_id=b.hos_id ORDER BY doc_R desc LIMIT 8   [ RunTime:0.000659s ]
INFO: [ app_end ] --START--
INFO: Run Behavior\ShowPageTrace [ RunTime:0.000038s ]
INFO: [ app_end ] --END-- [ RunTime:0.000095s ]

[ 2017-09-22T09:25:39+08:00 ] 14.24.106.34 /health/management/Application/index.php/Connector/Health/getDiary?user_phone=null&drug_date=2017922
INFO: [ app_init ] --START--
INFO: [ app_init ] --END-- [ RunTime:0.000339s ]
INFO: [ path_info ] --START--
INFO: [ path_info ] --END-- [ RunTime:0.000028s ]
INFO: [ app_begin ] --START--
INFO: Run Behavior\ReadHtmlCache [ RunTime:0.000041s ]
INFO: [ app_begin ] --END-- [ RunTime:0.000089s ]
INFO: [ action_begin ] --START--
INFO: [ action_begin ] --END-- [ RunTime:0.000029s ]
SQL: SHOW COLUMNS FROM `user_info` [ RunTime:0.001894s ]
SQL: SELECT `user_id` FROM `user_info` WHERE ( `user_phone` = 'null' ) LIMIT 1   [ RunTime:0.000253s ]
SQL: SHOW COLUMNS FROM `drug_diary` [ RunTime:0.001446s ]
SQL: SELECT * FROM `drug_diary` WHERE ( `user_id` = null ) AND ( `drug_date` = '2017922' )  [ RunTime:0.000267s ]
INFO: [ app_end ] --START--
INFO: Run Behavior\ShowPageTrace [ RunTime:0.000033s ]
INFO: [ app_end ] --END-- [ RunTime:0.000075s ]

[ 2017-09-22T09:57:48+08:00 ] 183.42.50.154 /health/management/Application/index.php/Connector/Hos/getHotHos
INFO: [ app_init ] --START--
INFO: [ app_init ] --END-- [ RunTime:0.000397s ]
INFO: [ path_info ] --START--
INFO: [ path_info ] --END-- [ RunTime:0.000029s ]
INFO: [ app_begin ] --START--
INFO: Run Behavior\ReadHtmlCache [ RunTime:0.000045s ]
INFO: [ app_begin ] --END-- [ RunTime:0.000095s ]
INFO: [ action_begin ] --START--
INFO: [ action_begin ] --END-- [ RunTime:0.000029s ]
SQL: SHOW COLUMNS FROM `hospital_info` [ RunTime:0.001940s ]
SQL: SELECT * FROM `hospital_info` ORDER BY hos_attention desc LIMIT 4   [ RunTime:0.000417s ]
INFO: [ app_end ] --START--
INFO: Run Behavior\ShowPageTrace [ RunTime:0.000038s ]
INFO: [ app_end ] --END-- [ RunTime:0.000091s ]

[ 2017-09-22T09:57:48+08:00 ] 183.42.50.154 /health/management/Application/index.php/Connector/Doc/getHotDoc
INFO: [ app_init ] --START--
INFO: [ app_init ] --END-- [ RunTime:0.000440s ]
INFO: [ path_info ] --START--
INFO: [ path_info ] --END-- [ RunTime:0.000029s ]
INFO: [ app_begin ] --START--
INFO: Run Behavior\ReadHtmlCache [ RunTime:0.000053s ]
INFO: [ app_begin ] --END-- [ RunTime:0.000135s ]
INFO: [ action_begin ] --START--
INFO: [ action_begin ] --END-- [ RunTime:0.000036s ]
NOTIC: [2048] Declaration of Admin\Model\DoctorInfoModel::_after_insert() should be compatible with Think\Model::_after_insert($data, $options) C:\phpstudy\WWW\health\management\Application\Admin\Model\DoctorInfoModel.class.php 第 7 行.
SQL: SHOW COLUMNS FROM `doctor_info` [ RunTime:0.002004s ]
SQL: SELECT a.*,b.hos_name FROM doctor_info a LEFT JOIN hospital_info b on a.hos_id=b.hos_id ORDER BY doc_R desc LIMIT 8   [ RunTime:0.000709s ]
INFO: [ app_end ] --START--
INFO: Run Behavior\ShowPageTrace [ RunTime:0.000040s ]
INFO: [ app_end ] --END-- [ RunTime:0.000103s ]

[ 2017-09-22T09:57:58+08:00 ] 183.42.50.154 /health/management/Application/index.php/Connector/User/login
INFO: [ app_init ] --START--
INFO: [ app_init ] --END-- [ RunTime:0.000343s ]
INFO: [ path_info ] --START--
INFO: [ path_info ] --END-- [ RunTime:0.000029s ]
INFO: [ app_begin ] --START--
INFO: Run Behavior\ReadHtmlCache [ RunTime:0.000040s ]
INFO: [ app_begin ] --END-- [ RunTime:0.000092s ]
INFO: [ action_begin ] --START--
INFO: [ action_begin ] --END-- [ RunTime:0.000032s ]
SQL: SHOW COLUMNS FROM `user_info` [ RunTime:0.001860s ]
SQL: SELECT * FROM `user_info` WHERE ( `user_phone` = '15768653949' ) AND ( `user_password` = 'e10adc3949ba59abbe56e057f20f883e' ) LIMIT 1   [ RunTime:0.000439s ]
SQL: UPDATE `user_info` SET `user_cid`='4bfb9fcaa51777c66b3e3bd5f008de99',`user_token`='5313d62056ee94975d7bb7146e2d1c82',`token_time`='2017-09-22 09:57:58',`login_time`='2017-09-22 09:57:58' WHERE ( `user_phone` = '15768653949' ) AND ( `user_password` = 'e10adc3949ba59abbe56e057f20f883e' ) [ RunTime:0.003487s ]
INFO: [ app_end ] --START--
INFO: Run Behavior\ShowPageTrace [ RunTime:0.000035s ]
INFO: [ app_end ] --END-- [ RunTime:0.000081s ]

[ 2017-09-22T09:57:58+08:00 ] 183.42.50.154 /health/management/Application/index.php/Connector/User/getuserInfo
INFO: [ app_init ] --START--
INFO: [ app_init ] --END-- [ RunTime:0.000298s ]
INFO: [ path_info ] --START--
INFO: [ path_info ] --END-- [ RunTime:0.000030s ]
INFO: [ app_begin ] --START--
INFO: Run Behavior\ReadHtmlCache [ RunTime:0.000037s ]
INFO: [ app_begin ] --END-- [ RunTime:0.000087s ]
INFO: [ action_begin ] --START--
INFO: [ action_begin ] --END-- [ RunTime:0.000030s ]
SQL: SHOW COLUMNS FROM `user_info` [ RunTime:0.001762s ]
SQL: SELECT * FROM `user_info` WHERE ( `user_phone` = '15768653949' ) LIMIT 1   [ RunTime:0.000465s ]
INFO: [ app_end ] --START--
INFO: Run Behavior\ShowPageTrace [ RunTime:0.000035s ]
INFO: [ app_end ] --END-- [ RunTime:0.000085s ]

[ 2017-09-22T09:58:05+08:00 ] 183.42.50.154 /health/management/Application/index.php/Connector/Health/getDiary?user_phone=15768653949&drug_date=2017922
INFO: [ app_init ] --START--
INFO: [ app_init ] --END-- [ RunTime:0.000302s ]
INFO: [ path_info ] --START--
INFO: [ path_info ] --END-- [ RunTime:0.000030s ]
INFO: [ app_begin ] --START--
INFO: Run Behavior\ReadHtmlCache [ RunTime:0.000079s ]
INFO: [ app_begin ] --END-- [ RunTime:0.000129s ]
INFO: [ action_begin ] --START--
INFO: [ action_begin ] --END-- [ RunTime:0.000029s ]
SQL: SHOW COLUMNS FROM `user_info` [ RunTime:0.001945s ]
SQL: SELECT `user_id` FROM `user_info` WHERE ( `user_phone` = '15768653949' ) LIMIT 1   [ RunTime:0.000305s ]
SQL: SHOW COLUMNS FROM `drug_diary` [ RunTime:0.001505s ]
SQL: SELECT * FROM `drug_diary` WHERE ( `user_id` = '49' ) AND ( `drug_date` = '2017922' )  [ RunTime:0.000278s ]
INFO: [ app_end ] --START--
INFO: Run Behavior\ShowPageTrace [ RunTime:0.000038s ]
INFO: [ app_end ] --END-- [ RunTime:0.000083s ]

[ 2017-09-22T09:58:09+08:00 ] 183.42.50.154 /health/management/Application/index.php/Connector/Health/getDiary?user_phone=15768653949&drug_date=2017913
INFO: [ app_init ] --START--
INFO: [ app_init ] --END-- [ RunTime:0.000329s ]
INFO: [ path_info ] --START--
INFO: [ path_info ] --END-- [ RunTime:0.000031s ]
INFO: [ app_begin ] --START--
INFO: Run Behavior\ReadHtmlCache [ RunTime:0.000044s ]
INFO: [ app_begin ] --END-- [ RunTime:0.000094s ]
INFO: [ action_begin ] --START--
INFO: [ action_begin ] --END-- [ RunTime:0.000039s ]
SQL: SHOW COLUMNS FROM `user_info` [ RunTime:0.001789s ]
SQL: SELECT `user_id` FROM `user_info` WHERE ( `user_phone` = '15768653949' ) LIMIT 1   [ RunTime:0.000269s ]
SQL: SHOW COLUMNS FROM `drug_diary` [ RunTime:0.001342s ]
SQL: SELECT * FROM `drug_diary` WHERE ( `user_id` = '49' ) AND ( `drug_date` = '2017913' )  [ RunTime:0.000287s ]
INFO: [ app_end ] --START--
INFO: Run Behavior\ShowPageTrace [ RunTime:0.000038s ]
INFO: [ app_end ] --END-- [ RunTime:0.000087s ]

[ 2017-09-22T09:58:12+08:00 ] 183.42.50.154 /health/management/Application/index.php/Connector/Health/getFamily?user_phone=15768653949
INFO: [ app_init ] --START--
INFO: [ app_init ] --END-- [ RunTime:0.000325s ]
INFO: [ path_info ] --START--
INFO: [ path_info ] --END-- [ RunTime:0.000029s ]
INFO: [ app_begin ] --START--
INFO: Run Behavior\ReadHtmlCache [ RunTime:0.000042s ]
INFO: [ app_begin ] --END-- [ RunTime:0.000090s ]
INFO: [ action_begin ] --START--
INFO: [ action_begin ] --END-- [ RunTime:0.000030s ]
SQL: SHOW COLUMNS FROM `user_info` [ RunTime:0.001751s ]
SQL: SELECT `user_id` FROM `user_info` WHERE ( `user_phone` = '15768653949' ) LIMIT 1   [ RunTime:0.000304s ]
SQL: SHOW COLUMNS FROM `family_info` [ RunTime:0.001467s ]
SQL: SELECT * FROM `family_info` WHERE ( `user_id` = '49' )  [ RunTime:0.000212s ]
INFO: [ app_end ] --START--
INFO: Run Behavior\ShowPageTrace [ RunTime:0.000031s ]
INFO: [ app_end ] --END-- [ RunTime:0.000074s ]

[ 2017-09-22T09:58:14+08:00 ] 183.42.50.154 /health/management/Application/index.php/Connector/User/tixing
INFO: [ app_init ] --START--
INFO: [ app_init ] --END-- [ RunTime:0.000312s ]
INFO: [ path_info ] --START--
INFO: [ path_info ] --END-- [ RunTime:0.000042s ]
INFO: [ app_begin ] --START--
INFO: Run Behavior\ReadHtmlCache [ RunTime:0.000040s ]
INFO: [ app_begin ] --END-- [ RunTime:0.000090s ]
INFO: [ action_begin ] --START--
INFO: [ action_begin ] --END-- [ RunTime:0.000030s ]
SQL: SHOW COLUMNS FROM `tixing` [ RunTime:0.001745s ]
SQL: SELECT * FROM `tixing` WHERE ( `user_phone` = '15768653949' )  [ RunTime:0.000268s ]
INFO: [ app_end ] --START--
INFO: Run Behavior\ShowPageTrace [ RunTime:0.000038s ]
INFO: [ app_end ] --END-- [ RunTime:0.000093s ]

[ 2017-09-22T09:58:38+08:00 ] 183.42.50.154 /health/management/Application/index.php/Connector/Health/getFamily?user_phone=15768653949
INFO: [ app_init ] --START--
INFO: [ app_init ] --END-- [ RunTime:0.000302s ]
INFO: [ path_info ] --START--
INFO: [ path_info ] --END-- [ RunTime:0.000028s ]
INFO: [ app_begin ] --START--
INFO: Run Behavior\ReadHtmlCache [ RunTime:0.000040s ]
INFO: [ app_begin ] --END-- [ RunTime:0.000087s ]
INFO: [ action_begin ] --START--
INFO: [ action_begin ] --END-- [ RunTime:0.000030s ]
SQL: SHOW COLUMNS FROM `user_info` [ RunTime:0.001744s ]
SQL: SELECT `user_id` FROM `user_info` WHERE ( `user_phone` = '15768653949' ) LIMIT 1   [ RunTime:0.000269s ]
SQL: SHOW COLUMNS FROM `family_info` [ RunTime:0.001518s ]
SQL: SELECT * FROM `family_info` WHERE ( `user_id` = '49' )  [ RunTime:0.000237s ]
INFO: [ app_end ] --START--
INFO: Run Behavior\ShowPageTrace [ RunTime:0.000033s ]
INFO: [ app_end ] --END-- [ RunTime:0.000076s ]

[ 2017-09-22T09:58:57+08:00 ] 183.42.50.154 /health/management/Application/index.php/Connector/Sick/getSick
INFO: [ app_init ] --START--
INFO: [ app_init ] --END-- [ RunTime:0.000364s ]
INFO: [ path_info ] --START--
INFO: [ path_info ] --END-- [ RunTime:0.000036s ]
INFO: [ app_begin ] --START--
INFO: Run Behavior\ReadHtmlCache [ RunTime:0.000043s ]
INFO: [ app_begin ] --END-- [ RunTime:0.000091s ]
INFO: [ action_begin ] --START--
INFO: [ action_begin ] --END-- [ RunTime:0.000031s ]
SQL: SHOW COLUMNS FROM `department_info` [ RunTime:0.001626s ]
SQL: SHOW COLUMNS FROM `illness` [ RunTime:0.001458s ]
SQL: SELECT * FROM `department_info` WHERE ( `parent_id` = 0 )  [ RunTime:0.000290s ]
SQL: SELECT * FROM `department_info`  [ RunTime:0.000198s ]
SQL: SELECT * FROM `department_info`  [ RunTime:0.000187s ]
SQL: SELECT * FROM `department_info`  [ RunTime:0.000187s ]
SQL: SELECT * FROM `department_info`  [ RunTime:0.000182s ]
SQL: SELECT * FROM `department_info`  [ RunTime:0.000179s ]
SQL: SELECT * FROM `department_info`  [ RunTime:0.000181s ]
SQL: SELECT * FROM `department_info`  [ RunTime:0.000180s ]
SQL: SELECT * FROM `department_info`  [ RunTime:0.000177s ]
SQL: SELECT * FROM `illness` WHERE ( `two_depa_id` = '6' )  [ RunTime:0.000235s ]
SQL: SELECT * FROM `illness` WHERE ( `two_depa_id` = '7' )  [ RunTime:0.000176s ]
SQL: SELECT * FROM `illness` WHERE ( `two_depa_id` = '19' )  [ RunTime:0.000170s ]
SQL: SELECT * FROM `illness` WHERE ( `two_depa_id` = '8' )  [ RunTime:0.000171s ]
SQL: SELECT * FROM `illness` WHERE ( `two_depa_id` = '9' )  [ RunTime:0.000174s ]
SQL: SELECT * FROM `illness` WHERE ( `two_depa_id` = '16' )  [ RunTime:0.000161s ]
SQL: SELECT * FROM `illness` WHERE ( `two_depa_id` = '13' )  [ RunTime:0.000168s ]
SQL: SELECT * FROM `illness` WHERE ( `two_depa_id` = '12' )  [ RunTime:0.000172s ]
SQL: SELECT * FROM `illness` WHERE ( `two_depa_id` = '10' )  [ RunTime:0.000162s ]
SQL: SELECT * FROM `illness` WHERE ( `two_depa_id` = '15' )  [ RunTime:0.000159s ]
SQL: SELECT * FROM `illness` WHERE ( `two_depa_id` = '18' )  [ RunTime:0.000169s ]
INFO: [ app_end ] --START--
INFO: Run Behavior\ShowPageTrace [ RunTime:0.000037s ]
INFO: [ app_end ] --END-- [ RunTime:0.000091s ]

[ 2017-09-22T09:59:04+08:00 ] 183.42.50.154 /health/management/application/index.php/Connector/Depa/getdepname
INFO: [ app_init ] --START--
INFO: [ app_init ] --END-- [ RunTime:0.000349s ]
INFO: [ path_info ] --START--
INFO: [ path_info ] --END-- [ RunTime:0.000031s ]
INFO: [ app_begin ] --START--
INFO: Run Behavior\ReadHtmlCache [ RunTime:0.000039s ]
INFO: [ app_begin ] --END-- [ RunTime:0.000087s ]
INFO: [ action_begin ] --START--
INFO: [ action_begin ] --END-- [ RunTime:0.000030s ]
SQL: SHOW COLUMNS FROM `department_info` [ RunTime:0.001492s ]
SQL: SELECT * FROM `department_info` WHERE ( `dep_id` = '5' ) LIMIT 1   [ RunTime:0.000254s ]
INFO: [ app_end ] --START--
INFO: Run Behavior\ShowPageTrace [ RunTime:0.000033s ]
INFO: [ app_end ] --END-- [ RunTime:0.000078s ]

[ 2017-09-22T09:59:04+08:00 ] 183.42.50.154 /health/management/application/index.php/Connector/Tuijian/get_dep_doc
INFO: [ app_init ] --START--
INFO: [ app_init ] --END-- [ RunTime:0.000363s ]
INFO: [ path_info ] --START--
INFO: [ path_info ] --END-- [ RunTime:0.000041s ]
INFO: [ app_begin ] --START--
INFO: Run Behavior\ReadHtmlCache [ RunTime:0.000036s ]
INFO: [ app_begin ] --END-- [ RunTime:0.000086s ]
INFO: [ action_begin ] --START--
INFO: [ action_begin ] --END-- [ RunTime:0.000032s ]
SQL: SHOW COLUMNS FROM `department_info` [ RunTime:0.001394s ]
SQL: SELECT * FROM `department_info` LIMIT 1   [ RunTime:0.000188s ]
SQL: SHOW COLUMNS FROM `doctor_info` [ RunTime:0.001630s ]
SQL: SELECT a.*,b.hos_name,c.dep_name FROM doctor_info a LEFT JOIN hospital_info b on a.hos_id=b.hos_id LEFT JOIN department_info c on a.depa_id=c.dep_id WHERE ( c.parent_id = '5' ) AND ( b.hos_address LIKE '%广东%' ) ORDER BY a.doc_R desc  [ RunTime:0.001011s ]
SQL: SELECT a.*,b.hos_name,c.dep_name FROM doctor_info a LEFT JOIN hospital_info b on a.hos_id=b.hos_id LEFT JOIN department_info c on a.depa_id=c.dep_id WHERE ( a.depa_id = '5' ) AND ( b.hos_address LIKE '%广东%' ) ORDER BY a.doc_R desc  [ RunTime:0.000419s ]
INFO: [ app_end ] --START--
INFO: Run Behavior\ShowPageTrace [ RunTime:0.000033s ]
INFO: [ app_end ] --END-- [ RunTime:0.000081s ]

[ 2017-09-22T09:59:17+08:00 ] 183.42.50.154 /health/management/Application/index.php/Connector/Sick/getSickDetail?illnessID=6
INFO: [ app_init ] --START--
INFO: [ app_init ] --END-- [ RunTime:0.000371s ]
INFO: [ path_info ] --START--
INFO: [ path_info ] --END-- [ RunTime:0.000028s ]
INFO: [ app_begin ] --START--
INFO: Run Behavior\ReadHtmlCache [ RunTime:0.000041s ]
INFO: [ app_begin ] --END-- [ RunTime:0.000090s ]
INFO: [ action_begin ] --START--
INFO: [ action_begin ] --END-- [ RunTime:0.000030s ]
SQL: SHOW COLUMNS FROM `illness` [ RunTime:0.001544s ]
SQL: SELECT * FROM `illness` WHERE ( `illness_id` = 6 ) LIMIT 1   [ RunTime:0.000280s ]
SQL: SHOW COLUMNS FROM `doctor_info` [ RunTime:0.001512s ]
SQL: SELECT a.*,b.hos_name,c.dep_name FROM doctor_info a LEFT JOIN hospital_info b on a.hos_id=b.hos_id LEFT JOIN department_info c on a.depa_id=c.dep_id WHERE ( a.depa_id = '12' )  [ RunTime:0.000556s ]
SQL: SHOW COLUMNS FROM `hospital_info` [ RunTime:0.001318s ]
SQL: SELECT a.hos_id,a.hos_name,a.hos_address,a.hos_level,a.hos_navigate_img FROM hospital_info a LEFT JOIN hos_dep b on a.hos_id = b.hos_id WHERE ( b.dep_id = '12' )  [ RunTime:0.000456s ]
SQL: SHOW COLUMNS FROM `health_know` [ RunTime:0.001344s ]
SQL: SELECT * FROM `health_know`  [ RunTime:0.000415s ]
INFO: [ app_end ] --START--
INFO: Run Behavior\ShowPageTrace [ RunTime:0.000036s ]
INFO: [ app_end ] --END-- [ RunTime:0.000106s ]

[ 2017-09-22T09:59:39+08:00 ] 183.42.50.154 /health/management/application/index.php/Connector/Tuijian/tuijian_doc
INFO: [ app_init ] --START--
INFO: [ app_init ] --END-- [ RunTime:0.000472s ]
INFO: [ path_info ] --START--
INFO: [ path_info ] --END-- [ RunTime:0.000030s ]
INFO: [ app_begin ] --START--
INFO: Run Behavior\ReadHtmlCache [ RunTime:0.000042s ]
INFO: [ app_begin ] --END-- [ RunTime:0.000094s ]
INFO: [ action_begin ] --START--
INFO: [ action_begin ] --END-- [ RunTime:0.000031s ]
SQL: SHOW COLUMNS FROM `doctor_info` [ RunTime:0.001801s ]
SQL: SELECT `doc_id` FROM `doctor_info`  [ RunTime:0.000354s ]
SQL: SHOW COLUMNS FROM `user_doc` [ RunTime:0.001409s ]
SQL: SELECT * FROM `user_doc` WHERE ( `doc_id` = '1' )  [ RunTime:0.000212s ]
SQL: SELECT * FROM `user_doc`  [ RunTime:0.000205s ]
NOTIC: [2] Invalid argument supplied for foreach() C:\phpstudy\WWW\health\management\Application\Connector\Controller\TuijianController.class.php 第 238 行.
SQL: SELECT * FROM `user_doc` WHERE ( `doc_id` = '10' )  [ RunTime:0.000175s ]
SQL: SELECT * FROM `user_doc`  [ RunTime:0.000194s ]
NOTIC: [2] Invalid argument supplied for foreach() C:\phpstudy\WWW\health\management\Application\Connector\Controller\TuijianController.class.php 第 238 行.
SQL: SELECT * FROM `user_doc` WHERE ( `doc_id` = '20' )  [ RunTime:0.000174s ]
SQL: SELECT * FROM `user_doc`  [ RunTime:0.000193s ]
SQL: SELECT * FROM `user_doc` WHERE ( `doc_id` = '31' )  [ RunTime:0.000167s ]
SQL: SELECT * FROM `user_doc`  [ RunTime:0.000191s ]
NOTIC: [2] Invalid argument supplied for foreach() C:\phpstudy\WWW\health\management\Application\Connector\Controller\TuijianController.class.php 第 238 行.
SQL: SELECT * FROM `user_doc` WHERE ( `doc_id` = '32' )  [ RunTime:0.000171s ]
SQL: SELECT * FROM `user_doc`  [ RunTime:0.000189s ]
SQL: SELECT * FROM `user_doc` WHERE ( `doc_id` = '34' )  [ RunTime:0.000171s ]
SQL: SELECT * FROM `user_doc`  [ RunTime:0.000185s ]
NOTIC: [2] Invalid argument supplied for foreach() C:\phpstudy\WWW\health\management\Application\Connector\Controller\TuijianController.class.php 第 238 行.
SQL: SELECT * FROM `user_doc` WHERE ( `doc_id` = '35' )  [ RunTime:0.000168s ]
SQL: SELECT * FROM `user_doc`  [ RunTime:0.000192s ]
NOTIC: [2] Invalid argument supplied for foreach() C:\phpstudy\WWW\health\management\Application\Connector\Controller\TuijianController.class.php 第 238 行.
SQL: SELECT * FROM `user_doc` WHERE ( `doc_id` = '36' )  [ RunTime:0.000169s ]
SQL: SELECT * FROM `user_doc`  [ RunTime:0.000193s ]
NOTIC: [2] Invalid argument supplied for foreach() C:\phpstudy\WWW\health\management\Application\Connector\Controller\TuijianController.class.php 第 238 行.
SQL: SELECT * FROM `user_doc` WHERE ( `doc_id` = '37' )  [ RunTime:0.000163s ]
SQL: SELECT * FROM `user_doc`  [ RunTime:0.000192s ]
NOTIC: [2] Invalid argument supplied for foreach() C:\phpstudy\WWW\health\management\Application\Connector\Controller\TuijianController.class.php 第 238 行.
SQL: SELECT * FROM `user_doc` WHERE ( `doc_id` = '38' )  [ RunTime:0.000168s ]
SQL: SELECT * FROM `user_doc`  [ RunTime:0.000192s ]
SQL: SELECT * FROM `user_doc` WHERE ( `doc_id` = '39' )  [ RunTime:0.000165s ]
SQL: SELECT * FROM `user_doc`  [ RunTime:0.000186s ]
NOTIC: [2] Invalid argument supplied for foreach() C:\phpstudy\WWW\health\management\Application\Connector\Controller\TuijianController.class.php 第 238 行.
SQL: SELECT * FROM `user_doc` WHERE ( `doc_id` = '42' )  [ RunTime:0.000173s ]
SQL: SELECT * FROM `user_doc`  [ RunTime:0.000187s ]
NOTIC: [2] Invalid argument supplied for foreach() C:\phpstudy\WWW\health\management\Application\Connector\Controller\TuijianController.class.php 第 238 行.
SQL: SELECT * FROM `user_doc` WHERE ( `doc_id` = '43' )  [ RunTime:0.000170s ]
SQL: SELECT * FROM `user_doc`  [ RunTime:0.000210s ]
SQL: SELECT * FROM `user_doc` WHERE ( `doc_id` = '44' )  [ RunTime:0.000173s ]
SQL: SELECT * FROM `user_doc`  [ RunTime:0.000191s ]
NOTIC: [2] Invalid argument supplied for foreach() C:\phpstudy\WWW\health\management\Application\Connector\Controller\TuijianController.class.php 第 238 行.
SQL: SELECT * FROM `user_doc` WHERE ( `doc_id` = '45' )  [ RunTime:0.000167s ]
SQL: SELECT * FROM `user_doc`  [ RunTime:0.000190s ]
NOTIC: [2] Invalid argument supplied for foreach() C:\phpstudy\WWW\health\management\Application\Connector\Controller\TuijianController.class.php 第 238 行.
SQL: SELECT * FROM `user_doc` WHERE ( `doc_id` = '46' )  [ RunTime:0.000296s ]
SQL: SELECT * FROM `user_doc`  [ RunTime:0.000205s ]
NOTIC: [2] Invalid argument supplied for foreach() C:\phpstudy\WWW\health\management\Application\Connector\Controller\TuijianController.class.php 第 238 行.
SQL: SELECT * FROM `user_doc` WHERE ( `doc_id` = '47' )  [ RunTime:0.000179s ]
SQL: SELECT * FROM `user_doc`  [ RunTime:0.000196s ]
SQL: SELECT * FROM `user_doc` WHERE ( `doc_id` = '48' )  [ RunTime:0.000168s ]
SQL: SELECT * FROM `user_doc`  [ RunTime:0.000232s ]
NOTIC: [2] Invalid argument supplied for foreach() C:\phpstudy\WWW\health\management\Application\Connector\Controller\TuijianController.class.php 第 238 行.
SQL: SELECT * FROM `user_doc` WHERE ( `doc_id` = '49' )  [ RunTime:0.000177s ]
SQL: SELECT * FROM `user_doc`  [ RunTime:0.000193s ]
NOTIC: [2] Invalid argument supplied for foreach() C:\phpstudy\WWW\health\management\Application\Connector\Controller\TuijianController.class.php 第 238 行.
SQL: SELECT * FROM `user_doc` WHERE ( `doc_id` = '50' )  [ RunTime:0.000166s ]
SQL: SELECT * FROM `user_doc`  [ RunTime:0.000191s ]
SQL: SELECT * FROM `user_doc` WHERE ( `doc_id` = '51' )  [ RunTime:0.000163s ]
SQL: SELECT * FROM `user_doc`  [ RunTime:0.000192s ]
NOTIC: [2] Invalid argument supplied for foreach() C:\phpstudy\WWW\health\management\Application\Connector\Controller\TuijianController.class.php 第 238 行.
SQL: SELECT * FROM `user_doc` WHERE ( `doc_id` = '52' )  [ RunTime:0.000162s ]
SQL: SELECT * FROM `user_doc`  [ RunTime:0.000188s ]
NOTIC: [2] Invalid argument supplied for foreach() C:\phpstudy\WWW\health\management\Application\Connector\Controller\TuijianController.class.php 第 238 行.
SQL: SELECT * FROM `user_doc` WHERE ( `doc_id` = '53' )  [ RunTime:0.000161s ]
SQL: SELECT * FROM `user_doc`  [ RunTime:0.000188s ]
NOTIC: [2] Invalid argument supplied for foreach() C:\phpstudy\WWW\health\management\Application\Connector\Controller\TuijianController.class.php 第 238 行.
SQL: SELECT * FROM `user_doc` WHERE ( `doc_id` = '54' )  [ RunTime:0.000166s ]
SQL: SELECT * FROM `user_doc`  [ RunTime:0.000189s ]
NOTIC: [2] Invalid argument supplied for foreach() C:\phpstudy\WWW\health\management\Application\Connector\Controller\TuijianController.class.php 第 238 行.
SQL: SELECT * FROM `user_doc` WHERE ( `doc_id` = '55' )  [ RunTime:0.000164s ]
SQL: SELECT * FROM `user_doc`  [ RunTime:0.000189s ]
NOTIC: [2] Invalid argument supplied for foreach() C:\phpstudy\WWW\health\management\Application\Connector\Controller\TuijianController.class.php 第 238 行.
SQL: SELECT * FROM `user_doc` WHERE ( `doc_id` = '66' )  [ RunTime:0.000162s ]
SQL: SELECT * FROM `user_doc`  [ RunTime:0.000190s ]
NOTIC: [2] Invalid argument supplied for foreach() C:\phpstudy\WWW\health\management\Application\Connector\Controller\TuijianController.class.php 第 238 行.
SQL: SELECT * FROM `user_doc` WHERE ( `doc_id` = '67' )  [ RunTime:0.000164s ]
SQL: SELECT * FROM `user_doc`  [ RunTime:0.000190s ]
SQL: SELECT * FROM `user_doc` WHERE ( `doc_id` = '68' )  [ RunTime:0.000162s ]
SQL: SELECT * FROM `user_doc`  [ RunTime:0.000189s ]
NOTIC: [2] Invalid argument supplied for foreach() C:\phpstudy\WWW\health\management\Application\Connector\Controller\TuijianController.class.php 第 238 行.
SQL: SELECT * FROM `user_doc` WHERE ( `doc_id` = '69' )  [ RunTime:0.000164s ]
SQL: SELECT * FROM `user_doc`  [ RunTime:0.000191s ]
SQL: SELECT * FROM `user_doc` WHERE ( `doc_id` = '70' )  [ RunTime:0.000162s ]
SQL: SELECT * FROM `user_doc`  [ RunTime:0.000188s ]
NOTIC: [2] Invalid argument supplied for foreach() C:\phpstudy\WWW\health\management\Application\Connector\Controller\TuijianController.class.php 第 238 行.
SQL: SELECT * FROM `user_doc` WHERE ( `doc_id` = '71' )  [ RunTime:0.000161s ]
SQL: SELECT * FROM `user_doc`  [ RunTime:0.000187s ]
NOTIC: [2] Invalid argument supplied for foreach() C:\phpstudy\WWW\health\management\Application\Connector\Controller\TuijianController.class.php 第 238 行.
SQL: SELECT * FROM `user_doc` WHERE ( `doc_id` = '72' )  [ RunTime:0.000164s ]
SQL: SELECT * FROM `user_doc`  [ RunTime:0.000189s ]
NOTIC: [2] Invalid argument supplied for foreach() C:\phpstudy\WWW\health\management\Application\Connector\Controller\TuijianController.class.php 第 238 行.
SQL: SELECT * FROM `user_doc` WHERE ( `doc_id` = '73' )  [ RunTime:0.000164s ]
SQL: SELECT * FROM `user_doc`  [ RunTime:0.000189s ]
SQL: SELECT * FROM `user_doc` WHERE ( `doc_id` = '74' )  [ RunTime:0.000163s ]
SQL: SELECT * FROM `user_doc`  [ RunTime:0.000189s ]
NOTIC: [2] Invalid argument supplied for foreach() C:\phpstudy\WWW\health\management\Application\Connector\Controller\TuijianController.class.php 第 238 行.
SQL: SELECT * FROM `user_doc` WHERE ( `doc_id` = '75' )  [ RunTime:0.000169s ]
SQL: SELECT * FROM `user_doc`  [ RunTime:0.000190s ]
NOTIC: [2] Invalid argument supplied for foreach() C:\phpstudy\WWW\health\management\Application\Connector\Controller\TuijianController.class.php 第 238 行.
SQL: SELECT * FROM `user_doc` WHERE ( `doc_id` = '76' )  [ RunTime:0.000168s ]
SQL: SELECT * FROM `user_doc`  [ RunTime:0.000218s ]
SQL: SELECT * FROM `user_doc` WHERE ( `doc_id` = '77' )  [ RunTime:0.000213s ]
SQL: SELECT * FROM `user_doc`  [ RunTime:0.000235s ]
SQL: SELECT * FROM `user_doc` WHERE ( `doc_id` = '78' )  [ RunTime:0.000169s ]
SQL: SELECT * FROM `user_doc`  [ RunTime:0.000251s ]
NOTIC: [2] Invalid argument supplied for foreach() C:\phpstudy\WWW\health\management\Application\Connector\Controller\TuijianController.class.php 第 238 行.
SQL: SELECT * FROM `user_doc` WHERE ( `doc_id` = '79' )  [ RunTime:0.000233s ]
SQL: SELECT * FROM `user_doc`  [ RunTime:0.000269s ]
NOTIC: [2] Invalid argument supplied for foreach() C:\phpstudy\WWW\health\management\Application\Connector\Controller\TuijianController.class.php 第 238 行.
SQL: SELECT * FROM `user_doc` WHERE ( `doc_id` = '80' )  [ RunTime:0.000198s ]
SQL: SELECT * FROM `user_doc`  [ RunTime:0.000209s ]
SQL: SELECT * FROM `user_doc` WHERE ( `doc_id` = '81' )  [ RunTime:0.000234s ]
SQL: SELECT * FROM `user_doc`  [ RunTime:0.000217s ]
SQL: SELECT * FROM `user_doc` WHERE ( `doc_id` = '82' )  [ RunTime:0.000181s ]
SQL: SELECT * FROM `user_doc`  [ RunTime:0.000219s ]
NOTIC: [2] Invalid argument supplied for foreach() C:\phpstudy\WWW\health\management\Application\Connector\Controller\TuijianController.class.php 第 238 行.
SQL: SELECT * FROM `user_doc` WHERE ( `doc_id` = '83' )  [ RunTime:0.000179s ]
SQL: SELECT * FROM `user_doc`  [ RunTime:0.000190s ]
NOTIC: [2] Invalid argument supplied for foreach() C:\phpstudy\WWW\health\management\Application\Connector\Controller\TuijianController.class.php 第 238 行.
SQL: SELECT * FROM `user_doc` WHERE ( `doc_id` = '84' )  [ RunTime:0.000172s ]
SQL: SELECT * FROM `user_doc`  [ RunTime:0.000211s ]
NOTIC: [2] Invalid argument supplied for foreach() C:\phpstudy\WWW\health\management\Application\Connector\Controller\TuijianController.class.php 第 238 行.
SQL: SELECT * FROM `user_doc` WHERE ( `doc_id` = '85' )  [ RunTime:0.000170s ]
SQL: SELECT * FROM `user_doc`  [ RunTime:0.000199s ]
NOTIC: [2] Invalid argument supplied for foreach() C:\phpstudy\WWW\health\management\Application\Connector\Controller\TuijianController.class.php 第 238 行.
SQL: SELECT * FROM `user_doc` WHERE ( `doc_id` = '86' )  [ RunTime:0.000174s ]
SQL: SELECT * FROM `user_doc`  [ RunTime:0.000192s ]
NOTIC: [2] Invalid argument supplied for foreach() C:\phpstudy\WWW\health\management\Application\Connector\Controller\TuijianController.class.php 第 238 行.
SQL: SELECT * FROM `user_doc` WHERE ( `doc_id` = '87' )  [ RunTime:0.000177s ]
SQL: SELECT * FROM `user_doc`  [ RunTime:0.000186s ]
SQL: SELECT * FROM `user_doc` WHERE ( `doc_id` = '88' )  [ RunTime:0.000156s ]
SQL: SELECT * FROM `user_doc`  [ RunTime:0.000185s ]
NOTIC: [2] Invalid argument supplied for foreach() C:\phpstudy\WWW\health\management\Application\Connector\Controller\TuijianController.class.php 第 238 行.
SQL: SELECT * FROM `user_doc` WHERE ( `doc_id` = '89' )  [ RunTime:0.000163s ]
SQL: SELECT * FROM `user_doc`  [ RunTime:0.000180s ]
NOTIC: [2] Invalid argument supplied for foreach() C:\phpstudy\WWW\health\management\Application\Connector\Controller\TuijianController.class.php 第 238 行.
SQL: SELECT * FROM `user_doc` WHERE ( `doc_id` = '90' )  [ RunTime:0.000180s ]
SQL: SELECT * FROM `user_doc`  [ RunTime:0.000187s ]
SQL: SELECT * FROM `user_doc` WHERE ( `doc_id` = '91' )  [ RunTime:0.000161s ]
SQL: SELECT * FROM `user_doc`  [ RunTime:0.000239s ]
NOTIC: [2] Invalid argument supplied for foreach() C:\phpstudy\WWW\health\management\Application\Connector\Controller\TuijianController.class.php 第 238 行.
SQL: SELECT * FROM `user_doc` WHERE ( `doc_id` = '92' )  [ RunTime:0.000199s ]
SQL: SELECT * FROM `user_doc`  [ RunTime:0.000193s ]
NOTIC: [2] Invalid argument supplied for foreach() C:\phpstudy\WWW\health\management\Application\Connector\Controller\TuijianController.class.php 第 238 行.
SQL: SELECT * FROM `user_doc` WHERE ( `doc_id` = '93' )  [ RunTime:0.000165s ]
SQL: SELECT * FROM `user_doc`  [ RunTime:0.000200s ]
NOTIC: [2] Invalid argument supplied for foreach() C:\phpstudy\WWW\health\management\Application\Connector\Controller\TuijianController.class.php 第 238 行.
SQL: SELECT * FROM `user_doc` WHERE ( `doc_id` = '94' )  [ RunTime:0.000170s ]
SQL: SELECT * FROM `user_doc`  [ RunTime:0.000195s ]
SQL: SELECT * FROM `user_doc` WHERE ( `doc_id` = '95' )  [ RunTime:0.000162s ]
SQL: SELECT * FROM `user_doc`  [ RunTime:0.000189s ]
NOTIC: [2] Invalid argument supplied for foreach() C:\phpstudy\WWW\health\management\Application\Connector\Controller\TuijianController.class.php 第 238 行.
SQL: SELECT * FROM `user_doc` WHERE ( `doc_id` = '96' )  [ RunTime:0.000183s ]
SQL: SELECT * FROM `user_doc`  [ RunTime:0.000235s ]
NOTIC: [2] Invalid argument supplied for foreach() C:\phpstudy\WWW\health\management\Application\Connector\Controller\TuijianController.class.php 第 238 行.
SQL: SELECT * FROM `user_doc` WHERE ( `doc_id` = '97' )  [ RunTime:0.000167s ]
SQL: SELECT * FROM `user_doc`  [ RunTime:0.000188s ]
NOTIC: [2] Invalid argument supplied for foreach() C:\phpstudy\WWW\health\management\Application\Connector\Controller\TuijianController.class.php 第 238 行.
SQL: SELECT * FROM `user_doc` WHERE ( `doc_id` = '98' )  [ RunTime:0.000165s ]
SQL: SELECT * FROM `user_doc`  [ RunTime:0.000185s ]
NOTIC: [2] Invalid argument supplied for foreach() C:\phpstudy\WWW\health\management\Application\Connector\Controller\TuijianController.class.php 第 238 行.
SQL: SELECT * FROM `user_doc` WHERE ( `doc_id` = '99' )  [ RunTime:0.000164s ]
SQL: SELECT * FROM `user_doc`  [ RunTime:0.000186s ]
NOTIC: [2] Invalid argument supplied for foreach() C:\phpstudy\WWW\health\management\Application\Connector\Controller\TuijianController.class.php 第 238 行.
SQL: SELECT * FROM `user_doc` WHERE ( `doc_id` = '100' )  [ RunTime:0.000158s ]
SQL: SELECT * FROM `user_doc`  [ RunTime:0.000182s ]
NOTIC: [2] Invalid argument supplied for foreach() C:\phpstudy\WWW\health\management\Application\Connector\Controller\TuijianController.class.php 第 238 行.
SQL: SELECT * FROM `user_doc` WHERE ( `doc_id` = '101' )  [ RunTime:0.000157s ]
SQL: SELECT * FROM `user_doc`  [ RunTime:0.000185s ]
NOTIC: [2] Invalid argument supplied for foreach() C:\phpstudy\WWW\health\management\Application\Connector\Controller\TuijianController.class.php 第 238 行.
SQL: SELECT * FROM `user_doc` WHERE ( `doc_id` = '102' )  [ RunTime:0.000164s ]
SQL: SELECT * FROM `user_doc`  [ RunTime:0.000182s ]
NOTIC: [2] Invalid argument supplied for foreach() C:\phpstudy\WWW\health\management\Application\Connector\Controller\TuijianController.class.php 第 238 行.
SQL: SELECT * FROM `user_doc` WHERE ( `doc_id` = '103' )  [ RunTime:0.000158s ]
SQL: SELECT * FROM `user_doc`  [ RunTime:0.000191s ]
NOTIC: [2] Invalid argument supplied for foreach() C:\phpstudy\WWW\health\management\Application\Connector\Controller\TuijianController.class.php 第 238 行.
SQL: SELECT * FROM `user_doc` WHERE ( `doc_id` = '104' )  [ RunTime:0.000165s ]
SQL: SELECT * FROM `user_doc`  [ RunTime:0.000180s ]
NOTIC: [2] Invalid argument supplied for foreach() C:\phpstudy\WWW\health\management\Application\Connector\Controller\TuijianController.class.php 第 238 行.
SQL: SELECT * FROM `user_doc` WHERE ( `doc_id` = '105' )  [ RunTime:0.000160s ]
SQL: SELECT * FROM `user_doc`  [ RunTime:0.000181s ]
NOTIC: [2] Invalid argument supplied for foreach() C:\phpstudy\WWW\health\management\Application\Connector\Controller\TuijianController.class.php 第 238 行.
SQL: SELECT * FROM `user_doc` WHERE ( `doc_id` = '106' )  [ RunTime:0.000166s ]
SQL: SELECT * FROM `user_doc`  [ RunTime:0.000184s ]
SQL: SELECT * FROM `user_doc` WHERE ( `doc_id` = '107' )  [ RunTime:0.000158s ]
SQL: SELECT * FROM `user_doc`  [ RunTime:0.000196s ]
NOTIC: [2] Invalid argument supplied for foreach() C:\phpstudy\WWW\health\management\Application\Connector\Controller\TuijianController.class.php 第 238 行.
SQL: SELECT * FROM `user_doc` WHERE ( `doc_id` = '108' )  [ RunTime:0.000158s ]
SQL: SELECT * FROM `user_doc`  [ RunTime:0.000184s ]
NOTIC: [2] Invalid argument supplied for foreach() C:\phpstudy\WWW\health\management\Application\Connector\Controller\TuijianController.class.php 第 238 行.
SQL: SELECT * FROM doctor_info a LEFT JOIN hospital_info b on a.hos_id=b.hos_id LEFT JOIN department_info c on a.depa_id=c.dep_id WHERE ( `doc_id` = 106 ) LIMIT 1   [ RunTime:0.006093s ]
SQL: SELECT * FROM doctor_info a LEFT JOIN hospital_info b on a.hos_id=b.hos_id LEFT JOIN department_info c on a.depa_id=c.dep_id WHERE ( `doc_id` = 77 ) LIMIT 1   [ RunTime:0.000301s ]
SQL: SELECT * FROM doctor_info a LEFT JOIN hospital_info b on a.hos_id=b.hos_id LEFT JOIN department_info c on a.depa_id=c.dep_id WHERE ( `doc_id` = 90 ) LIMIT 1   [ RunTime:0.000282s ]
SQL: SELECT * FROM doctor_info a LEFT JOIN hospital_info b on a.hos_id=b.hos_id LEFT JOIN department_info c on a.depa_id=c.dep_id WHERE ( `doc_id` = 76 ) LIMIT 1   [ RunTime:0.000268s ]
SQL: SELECT * FROM doctor_info a LEFT JOIN hospital_info b on a.hos_id=b.hos_id LEFT JOIN department_info c on a.depa_id=c.dep_id WHERE ( `doc_id` = 86 ) LIMIT 1   [ RunTime:0.000259s ]
SQL: SELECT * FROM doctor_info a LEFT JOIN hospital_info b on a.hos_id=b.hos_id LEFT JOIN department_info c on a.depa_id=c.dep_id WHERE ( `doc_id` = 85 ) LIMIT 1   [ RunTime:0.000267s ]
SQL: SELECT * FROM doctor_info a LEFT JOIN hospital_info b on a.hos_id=b.hos_id LEFT JOIN department_info c on a.depa_id=c.dep_id WHERE ( `doc_id` = 87 ) LIMIT 1   [ RunTime:0.000283s ]
SQL: SELECT * FROM doctor_info a LEFT JOIN hospital_info b on a.hos_id=b.hos_id LEFT JOIN department_info c on a.depa_id=c.dep_id WHERE ( `doc_id` = 88 ) LIMIT 1   [ RunTime:0.000270s ]
INFO: [ app_end ] --START--
INFO: Run Behavior\ShowPageTrace [ RunTime:0.000039s ]
INFO: [ app_end ] --END-- [ RunTime:0.000094s ]

[ 2017-09-22T09:59:51+08:00 ] 183.42.50.154 /health/management/application/index.php/Connector/Tuijian/tuijian_doc
INFO: [ app_init ] --START--
INFO: [ app_init ] --END-- [ RunTime:0.000348s ]
INFO: [ path_info ] --START--
INFO: [ path_info ] --END-- [ RunTime:0.000030s ]
INFO: [ app_begin ] --START--
INFO: Run Behavior\ReadHtmlCache [ RunTime:0.000054s ]
INFO: [ app_begin ] --END-- [ RunTime:0.000118s ]
INFO: [ action_begin ] --START--
INFO: [ action_begin ] --END-- [ RunTime:0.000030s ]
SQL: SHOW COLUMNS FROM `doctor_info` [ RunTime:0.001813s ]
SQL: SELECT `doc_id` FROM `doctor_info`  [ RunTime:0.000363s ]
SQL: SHOW COLUMNS FROM `user_doc` [ RunTime:0.001284s ]
SQL: SELECT * FROM `user_doc` WHERE ( `doc_id` = '1' )  [ RunTime:0.000233s ]
SQL: SELECT * FROM `user_doc`  [ RunTime:0.000220s ]
NOTIC: [2] Invalid argument supplied for foreach() C:\phpstudy\WWW\health\management\Application\Connector\Controller\TuijianController.class.php 第 238 行.
SQL: SELECT * FROM `user_doc` WHERE ( `doc_id` = '10' )  [ RunTime:0.000192s ]
SQL: SELECT * FROM `user_doc`  [ RunTime:0.000192s ]
NOTIC: [2] Invalid argument supplied for foreach() C:\phpstudy\WWW\health\management\Application\Connector\Controller\TuijianController.class.php 第 238 行.
SQL: SELECT * FROM `user_doc` WHERE ( `doc_id` = '20' )  [ RunTime:0.000167s ]
SQL: SELECT * FROM `user_doc`  [ RunTime:0.000188s ]
SQL: SELECT * FROM `user_doc` WHERE ( `doc_id` = '31' )  [ RunTime:0.000181s ]
SQL: SELECT * FROM `user_doc`  [ RunTime:0.000223s ]
NOTIC: [2] Invalid argument supplied for foreach() C:\phpstudy\WWW\health\management\Application\Connector\Controller\TuijianController.class.php 第 238 行.
SQL: SELECT * FROM `user_doc` WHERE ( `doc_id` = '32' )  [ RunTime:0.000199s ]
SQL: SELECT * FROM `user_doc`  [ RunTime:0.000231s ]
SQL: SELECT * FROM `user_doc` WHERE ( `doc_id` = '34' )  [ RunTime:0.000163s ]
SQL: SELECT * FROM `user_doc`  [ RunTime:0.000222s ]
NOTIC: [2] Invalid argument supplied for foreach() C:\phpstudy\WWW\health\management\Application\Connector\Controller\TuijianController.class.php 第 238 行.
SQL: SELECT * FROM `user_doc` WHERE ( `doc_id` = '35' )  [ RunTime:0.000194s ]
SQL: SELECT * FROM `user_doc`  [ RunTime:0.000352s ]
NOTIC: [2] Invalid argument supplied for foreach() C:\phpstudy\WWW\health\management\Application\Connector\Controller\TuijianController.class.php 第 238 行.
SQL: SELECT * FROM `user_doc` WHERE ( `doc_id` = '36' )  [ RunTime:0.000228s ]
SQL: SELECT * FROM `user_doc`  [ RunTime:0.000251s ]
NOTIC: [2] Invalid argument supplied for foreach() C:\phpstudy\WWW\health\management\Application\Connector\Controller\TuijianController.class.php 第 238 行.
SQL: SELECT * FROM `user_doc` WHERE ( `doc_id` = '37' )  [ RunTime:0.000190s ]
SQL: SELECT * FROM `user_doc`  [ RunTime:0.000215s ]
NOTIC: [2] Invalid argument supplied for foreach() C:\phpstudy\WWW\health\management\Application\Connector\Controller\TuijianController.class.php 第 238 行.
SQL: SELECT * FROM `user_doc` WHERE ( `doc_id` = '38' )  [ RunTime:0.000194s ]
SQL: SELECT * FROM `user_doc`  [ RunTime:0.000202s ]
SQL: SELECT * FROM `user_doc` WHERE ( `doc_id` = '39' )  [ RunTime:0.000218s ]
SQL: SELECT * FROM `user_doc`  [ RunTime:0.000210s ]
NOTIC: [2] Invalid argument supplied for foreach() C:\phpstudy\WWW\health\management\Application\Connector\Controller\TuijianController.class.php 第 238 行.
SQL: SELECT * FROM `user_doc` WHERE ( `doc_id` = '42' )  [ RunTime:0.000201s ]
SQL: SELECT * FROM `user_doc`  [ RunTime:0.000215s ]
NOTIC: [2] Invalid argument supplied for foreach() C:\phpstudy\WWW\health\management\Application\Connector\Controller\TuijianController.class.php 第 238 行.
SQL: SELECT * FROM `user_doc` WHERE ( `doc_id` = '43' )  [ RunTime:0.000197s ]
SQL: SELECT * FROM `user_doc`  [ RunTime:0.000261s ]
SQL: SELECT * FROM `user_doc` WHERE ( `doc_id` = '44' )  [ RunTime:0.000196s ]
SQL: SELECT * FROM `user_doc`  [ RunTime:0.000206s ]
NOTIC: [2] Invalid argument supplied for foreach() C:\phpstudy\WWW\health\management\Application\Connector\Controller\TuijianController.class.php 第 238 行.
SQL: SELECT * FROM `user_doc` WHERE ( `doc_id` = '45' )  [ RunTime:0.000169s ]
SQL: SELECT * FROM `user_doc`  [ RunTime:0.000189s ]
NOTIC: [2] Invalid argument supplied for foreach() C:\phpstudy\WWW\health\management\Application\Connector\Controller\TuijianController.class.php 第 238 行.
SQL: SELECT * FROM `user_doc` WHERE ( `doc_id` = '46' )  [ RunTime:0.000188s ]
SQL: SELECT * FROM `user_doc`  [ RunTime:0.000206s ]
NOTIC: [2] Invalid argument supplied for foreach() C:\phpstudy\WWW\health\management\Application\Connector\Controller\TuijianController.class.php 第 238 行.
SQL: SELECT * FROM `user_doc` WHERE ( `doc_id` = '47' )  [ RunTime:0.000192s ]
SQL: SELECT * FROM `user_doc`  [ RunTime:0.000235s ]
SQL: SELECT * FROM `user_doc` WHERE ( `doc_id` = '48' )  [ RunTime:0.000209s ]
SQL: SELECT * FROM `user_doc`  [ RunTime:0.000205s ]
NOTIC: [2] Invalid argument supplied for foreach() C:\phpstudy\WWW\health\management\Application\Connector\Controller\TuijianController.class.php 第 238 行.
SQL: SELECT * FROM `user_doc` WHERE ( `doc_id` = '49' )  [ RunTime:0.000218s ]
SQL: SELECT * FROM `user_doc`  [ RunTime:0.000339s ]
NOTIC: [2] Invalid argument supplied for foreach() C:\phpstudy\WWW\health\management\Application\Connector\Controller\TuijianController.class.php 第 238 行.
SQL: SELECT * FROM `user_doc` WHERE ( `doc_id` = '50' )  [ RunTime:0.000246s ]
SQL: SELECT * FROM `user_doc`  [ RunTime:0.000253s ]
SQL: SELECT * FROM `user_doc` WHERE ( `doc_id` = '51' )  [ RunTime:0.000201s ]
SQL: SELECT * FROM `user_doc`  [ RunTime:0.000238s ]
NOTIC: [2] Invalid argument supplied for foreach() C:\phpstudy\WWW\health\management\Application\Connector\Controller\TuijianController.class.php 第 238 行.
SQL: SELECT * FROM `user_doc` WHERE ( `doc_id` = '52' )  [ RunTime:0.000259s ]
SQL: SELECT * FROM `user_doc`  [ RunTime:0.000305s ]
NOTIC: [2] Invalid argument supplied for foreach() C:\phpstudy\WWW\health\management\Application\Connector\Controller\TuijianController.class.php 第 238 行.
SQL: SELECT * FROM `user_doc` WHERE ( `doc_id` = '53' )  [ RunTime:0.000198s ]
SQL: SELECT * FROM `user_doc`  [ RunTime:0.000205s ]
NOTIC: [2] Invalid argument supplied for foreach() C:\phpstudy\WWW\health\management\Application\Connector\Controller\TuijianController.class.php 第 238 行.
SQL: SELECT * FROM `user_doc` WHERE ( `doc_id` = '54' )  [ RunTime:0.000218s ]
SQL: SELECT * FROM `user_doc`  [ RunTime:0.000239s ]
NOTIC: [2] Invalid argument supplied for foreach() C:\phpstudy\WWW\health\management\Application\Connector\Controller\TuijianController.class.php 第 238 行.
SQL: SELECT * FROM `user_doc` WHERE ( `doc_id` = '55' )  [ RunTime:0.000212s ]
SQL: SELECT * FROM `user_doc`  [ RunTime:0.000206s ]
NOTIC: [2] Invalid argument supplied for foreach() C:\phpstudy\WWW\health\management\Application\Connector\Controller\TuijianController.class.php 第 238 行.
SQL: SELECT * FROM `user_doc` WHERE ( `doc_id` = '66' )  [ RunTime:0.000219s ]
SQL: SELECT * FROM `user_doc`  [ RunTime:0.000240s ]
NOTIC: [2] Invalid argument supplied for foreach() C:\phpstudy\WWW\health\management\Application\Connector\Controller\TuijianController.class.php 第 238 行.
SQL: SELECT * FROM `user_doc` WHERE ( `doc_id` = '67' )  [ RunTime:0.000226s ]
SQL: SELECT * FROM `user_doc`  [ RunTime:0.000217s ]
SQL: SELECT * FROM `user_doc` WHERE ( `doc_id` = '68' )  [ RunTime:0.000177s ]
SQL: SELECT * FROM `user_doc`  [ RunTime:0.000198s ]
NOTIC: [2] Invalid argument supplied for foreach() C:\phpstudy\WWW\health\management\Application\Connector\Controller\TuijianController.class.php 第 238 行.
SQL: SELECT * FROM `user_doc` WHERE ( `doc_id` = '69' )  [ RunTime:0.000203s ]
SQL: SELECT * FROM `user_doc`  [ RunTime:0.000250s ]
SQL: SELECT * FROM `user_doc` WHERE ( `doc_id` = '70' )  [ RunTime:0.000209s ]
SQL: SELECT * FROM `user_doc`  [ RunTime:0.000283s ]
NOTIC: [2] Invalid argument supplied for foreach() C:\phpstudy\WWW\health\management\Application\Connector\Controller\TuijianController.class.php 第 238 行.
SQL: SELECT * FROM `user_doc` WHERE ( `doc_id` = '71' )  [ RunTime:0.000232s ]
SQL: SELECT * FROM `user_doc`  [ RunTime:0.000217s ]
NOTIC: [2] Invalid argument supplied for foreach() C:\phpstudy\WWW\health\management\Application\Connector\Controller\TuijianController.class.php 第 238 行.
SQL: SELECT * FROM `user_doc` WHERE ( `doc_id` = '72' )  [ RunTime:0.000248s ]
SQL: SELECT * FROM `user_doc`  [ RunTime:0.000293s ]
NOTIC: [2] Invalid argument supplied for foreach() C:\phpstudy\WWW\health\management\Application\Connector\Controller\TuijianController.class.php 第 238 行.
SQL: SELECT * FROM `user_doc` WHERE ( `doc_id` = '73' )  [ RunTime:0.000245s ]
SQL: SELECT * FROM `user_doc`  [ RunTime:0.000235s ]
SQL: SELECT * FROM `user_doc` WHERE ( `doc_id` = '74' )  [ RunTime:0.000190s ]
SQL: SELECT * FROM `user_doc`  [ RunTime:0.000254s ]
NOTIC: [2] Invalid argument supplied for foreach() C:\phpstudy\WWW\health\management\Application\Connector\Controller\TuijianController.class.php 第 238 行.
SQL: SELECT * FROM `user_doc` WHERE ( `doc_id` = '75' )  [ RunTime:0.000213s ]
SQL: SELECT * FROM `user_doc`  [ RunTime:0.000214s ]
NOTIC: [2] Invalid argument supplied for foreach() C:\phpstudy\WWW\health\management\Application\Connector\Controller\TuijianController.class.php 第 238 行.
SQL: SELECT * FROM `user_doc` WHERE ( `doc_id` = '76' )  [ RunTime:0.000195s ]
SQL: SELECT * FROM `user_doc`  [ RunTime:0.000230s ]
SQL: SELECT * FROM `user_doc` WHERE ( `doc_id` = '77' )  [ RunTime:0.000191s ]
SQL: SELECT * FROM `user_doc`  [ RunTime:0.000232s ]
SQL: SELECT * FROM `user_doc` WHERE ( `doc_id` = '78' )  [ RunTime:0.000210s ]
SQL: SELECT * FROM `user_doc`  [ RunTime:0.000251s ]
NOTIC: [2] Invalid argument supplied for foreach() C:\phpstudy\WWW\health\management\Application\Connector\Controller\TuijianController.class.php 第 238 行.
SQL: SELECT * FROM `user_doc` WHERE ( `doc_id` = '79' )  [ RunTime:0.000219s ]
SQL: SELECT * FROM `user_doc`  [ RunTime:0.000228s ]
NOTIC: [2] Invalid argument supplied for foreach() C:\phpstudy\WWW\health\management\Application\Connector\Controller\TuijianController.class.php 第 238 行.
SQL: SELECT * FROM `user_doc` WHERE ( `doc_id` = '80' )  [ RunTime:0.000211s ]
SQL: SELECT * FROM `user_doc`  [ RunTime:0.000237s ]
SQL: SELECT * FROM `user_doc` WHERE ( `doc_id` = '81' )  [ RunTime:0.000224s ]
SQL: SELECT * FROM `user_doc`  [ RunTime:0.000197s ]
SQL: SELECT * FROM `user_doc` WHERE ( `doc_id` = '82' )  [ RunTime:0.000176s ]
SQL: SELECT * FROM `user_doc`  [ RunTime:0.000198s ]
NOTIC: [2] Invalid argument supplied for foreach() C:\phpstudy\WWW\health\management\Application\Connector\Controller\TuijianController.class.php 第 238 行.
SQL: SELECT * FROM `user_doc` WHERE ( `doc_id` = '83' )  [ RunTime:0.000174s ]
SQL: SELECT * FROM `user_doc`  [ RunTime:0.000193s ]
NOTIC: [2] Invalid argument supplied for foreach() C:\phpstudy\WWW\health\management\Application\Connector\Controller\TuijianController.class.php 第 238 行.
SQL: SELECT * FROM `user_doc` WHERE ( `doc_id` = '84' )  [ RunTime:0.000175s ]
SQL: SELECT * FROM `user_doc`  [ RunTime:0.000207s ]
NOTIC: [2] Invalid argument supplied for foreach() C:\phpstudy\WWW\health\management\Application\Connector\Controller\TuijianController.class.php 第 238 行.
SQL: SELECT * FROM `user_doc` WHERE ( `doc_id` = '85' )  [ RunTime:0.000182s ]
SQL: SELECT * FROM `user_doc`  [ RunTime:0.000214s ]
NOTIC: [2] Invalid argument supplied for foreach() C:\phpstudy\WWW\health\management\Application\Connector\Controller\TuijianController.class.php 第 238 行.
SQL: SELECT * FROM `user_doc` WHERE ( `doc_id` = '86' )  [ RunTime:0.000181s ]
SQL: SELECT * FROM `user_doc`  [ RunTime:0.000205s ]
NOTIC: [2] Invalid argument supplied for foreach() C:\phpstudy\WWW\health\management\Application\Connector\Controller\TuijianController.class.php 第 238 行.
SQL: SELECT * FROM `user_doc` WHERE ( `doc_id` = '87' )  [ RunTime:0.000190s ]
SQL: SELECT * FROM `user_doc`  [ RunTime:0.000208s ]
SQL: SELECT * FROM `user_doc` WHERE ( `doc_id` = '88' )  [ RunTime:0.000212s ]
SQL: SELECT * FROM `user_doc`  [ RunTime:0.000224s ]
NOTIC: [2] Invalid argument supplied for foreach() C:\phpstudy\WWW\health\management\Application\Connector\Controller\TuijianController.class.php 第 238 行.
SQL: SELECT * FROM `user_doc` WHERE ( `doc_id` = '89' )  [ RunTime:0.000213s ]
SQL: SELECT * FROM `user_doc`  [ RunTime:0.000246s ]
NOTIC: [2] Invalid argument supplied for foreach() C:\phpstudy\WWW\health\management\Application\Connector\Controller\TuijianController.class.php 第 238 行.
SQL: SELECT * FROM `user_doc` WHERE ( `doc_id` = '90' )  [ RunTime:0.000183s ]
SQL: SELECT * FROM `user_doc`  [ RunTime:0.000220s ]
SQL: SELECT * FROM `user_doc` WHERE ( `doc_id` = '91' )  [ RunTime:0.000191s ]
SQL: SELECT * FROM `user_doc`  [ RunTime:0.000240s ]
NOTIC: [2] Invalid argument supplied for foreach() C:\phpstudy\WWW\health\management\Application\Connector\Controller\TuijianController.class.php 第 238 行.
SQL: SELECT * FROM `user_doc` WHERE ( `doc_id` = '92' )  [ RunTime:0.000196s ]
SQL: SELECT * FROM `user_doc`  [ RunTime:0.000235s ]
NOTIC: [2] Invalid argument supplied for foreach() C:\phpstudy\WWW\health\management\Application\Connector\Controller\TuijianController.class.php 第 238 行.
SQL: SELECT * FROM `user_doc` WHERE ( `doc_id` = '93' )  [ RunTime:0.000237s ]
SQL: SELECT * FROM `user_doc`  [ RunTime:0.000260s ]
NOTIC: [2] Invalid argument supplied for foreach() C:\phpstudy\WWW\health\management\Application\Connector\Controller\TuijianController.class.php 第 238 行.
SQL: SELECT * FROM `user_doc` WHERE ( `doc_id` = '94' )  [ RunTime:0.000258s ]
SQL: SELECT * FROM `user_doc`  [ RunTime:0.000212s ]
SQL: SELECT * FROM `user_doc` WHERE ( `doc_id` = '95' )  [ RunTime:0.000359s ]
SQL: SELECT * FROM `user_doc`  [ RunTime:0.000227s ]
NOTIC: [2] Invalid argument supplied for foreach() C:\phpstudy\WWW\health\management\Application\Connector\Controller\TuijianController.class.php 第 238 行.
SQL: SELECT * FROM `user_doc` WHERE ( `doc_id` = '96' )  [ RunTime:0.000263s ]
SQL: SELECT * FROM `user_doc`  [ RunTime:0.000261s ]
NOTIC: [2] Invalid argument supplied for foreach() C:\phpstudy\WWW\health\management\Application\Connector\Controller\TuijianController.class.php 第 238 行.
SQL: SELECT * FROM `user_doc` WHERE ( `doc_id` = '97' )  [ RunTime:0.000202s ]
SQL: SELECT * FROM `user_doc`  [ RunTime:0.000210s ]
NOTIC: [2] Invalid argument supplied for foreach() C:\phpstudy\WWW\health\management\Application\Connector\Controller\TuijianController.class.php 第 238 行.
SQL: SELECT * FROM `user_doc` WHERE ( `doc_id` = '98' )  [ RunTime:0.000179s ]
SQL: SELECT * FROM `user_doc`  [ RunTime:0.000224s ]
NOTIC: [2] Invalid argument supplied for foreach() C:\phpstudy\WWW\health\management\Application\Connector\Controller\TuijianController.class.php 第 238 行.
SQL: SELECT * FROM `user_doc` WHERE ( `doc_id` = '99' )  [ RunTime:0.000229s ]
SQL: SELECT * FROM `user_doc`  [ RunTime:0.000354s ]
NOTIC: [2] Invalid argument supplied for foreach() C:\phpstudy\WWW\health\management\Application\Connector\Controller\TuijianController.class.php 第 238 行.
SQL: SELECT * FROM `user_doc` WHERE ( `doc_id` = '100' )  [ RunTime:0.000251s ]
SQL: SELECT * FROM `user_doc`  [ RunTime:0.000216s ]
NOTIC: [2] Invalid argument supplied for foreach() C:\phpstudy\WWW\health\management\Application\Connector\Controller\TuijianController.class.php 第 238 行.
SQL: SELECT * FROM `user_doc` WHERE ( `doc_id` = '101' )  [ RunTime:0.000215s ]
SQL: SELECT * FROM `user_doc`  [ RunTime:0.000280s ]
NOTIC: [2] Invalid argument supplied for foreach() C:\phpstudy\WWW\health\management\Application\Connector\Controller\TuijianController.class.php 第 238 行.
SQL: SELECT * FROM `user_doc` WHERE ( `doc_id` = '102' )  [ RunTime:0.000198s ]
SQL: SELECT * FROM `user_doc`  [ RunTime:0.000239s ]
NOTIC: [2] Invalid argument supplied for foreach() C:\phpstudy\WWW\health\management\Application\Connector\Controller\TuijianController.class.php 第 238 行.
SQL: SELECT * FROM `user_doc` WHERE ( `doc_id` = '103' )  [ RunTime:0.000214s ]
SQL: SELECT * FROM `user_doc`  [ RunTime:0.000221s ]
NOTIC: [2] Invalid argument supplied for foreach() C:\phpstudy\WWW\health\management\Application\Connector\Controller\TuijianController.class.php 第 238 行.
SQL: SELECT * FROM `user_doc` WHERE ( `doc_id` = '104' )  [ RunTime:0.000256s ]
SQL: SELECT * FROM `user_doc`  [ RunTime:0.000280s ]
NOTIC: [2] Invalid argument supplied for foreach() C:\phpstudy\WWW\health\management\Application\Connector\Controller\TuijianController.class.php 第 238 行.
SQL: SELECT * FROM `user_doc` WHERE ( `doc_id` = '105' )  [ RunTime:0.000263s ]
SQL: SELECT * FROM `user_doc`  [ RunTime:0.000248s ]
NOTIC: [2] Invalid argument supplied for foreach() C:\phpstudy\WWW\health\management\Application\Connector\Controller\TuijianController.class.php 第 238 行.
SQL: SELECT * FROM `user_doc` WHERE ( `doc_id` = '106' )  [ RunTime:0.000212s ]
SQL: SELECT * FROM `user_doc`  [ RunTime:0.000300s ]
SQL: SELECT * FROM `user_doc` WHERE ( `doc_id` = '107' )  [ RunTime:0.000192s ]
SQL: SELECT * FROM `user_doc`  [ RunTime:0.000222s ]
NOTIC: [2] Invalid argument supplied for foreach() C:\phpstudy\WWW\health\management\Application\Connector\Controller\TuijianController.class.php 第 238 行.
SQL: SELECT * FROM `user_doc` WHERE ( `doc_id` = '108' )  [ RunTime:0.000181s ]
SQL: SELECT * FROM `user_doc`  [ RunTime:0.000347s ]
NOTIC: [2] Invalid argument supplied for foreach() C:\phpstudy\WWW\health\management\Application\Connector\Controller\TuijianController.class.php 第 238 行.
SQL: SELECT * FROM doctor_info a LEFT JOIN hospital_info b on a.hos_id=b.hos_id LEFT JOIN department_info c on a.depa_id=c.dep_id WHERE ( `doc_id` = 106 ) LIMIT 1   [ RunTime:0.000627s ]
SQL: SELECT * FROM doctor_info a LEFT JOIN hospital_info b on a.hos_id=b.hos_id LEFT JOIN department_info c on a.depa_id=c.dep_id WHERE ( `doc_id` = 77 ) LIMIT 1   [ RunTime:0.000348s ]
SQL: SELECT * FROM doctor_info a LEFT JOIN hospital_info b on a.hos_id=b.hos_id LEFT JOIN department_info c on a.depa_id=c.dep_id WHERE ( `doc_id` = 90 ) LIMIT 1   [ RunTime:0.000364s ]
SQL: SELECT * FROM doctor_info a LEFT JOIN hospital_info b on a.hos_id=b.hos_id LEFT JOIN department_info c on a.depa_id=c.dep_id WHERE ( `doc_id` = 76 ) LIMIT 1   [ RunTime:0.000360s ]
SQL: SELECT * FROM doctor_info a LEFT JOIN hospital_info b on a.hos_id=b.hos_id LEFT JOIN department_info c on a.depa_id=c.dep_id WHERE ( `doc_id` = 86 ) LIMIT 1   [ RunTime:0.000330s ]
SQL: SELECT * FROM doctor_info a LEFT JOIN hospital_info b on a.hos_id=b.hos_id LEFT JOIN department_info c on a.depa_id=c.dep_id WHERE ( `doc_id` = 85 ) LIMIT 1   [ RunTime:0.000287s ]
SQL: SELECT * FROM doctor_info a LEFT JOIN hospital_info b on a.hos_id=b.hos_id LEFT JOIN department_info c on a.depa_id=c.dep_id WHERE ( `doc_id` = 87 ) LIMIT 1   [ RunTime:0.000274s ]
SQL: SELECT * FROM doctor_info a LEFT JOIN hospital_info b on a.hos_id=b.hos_id LEFT JOIN department_info c on a.depa_id=c.dep_id WHERE ( `doc_id` = 88 ) LIMIT 1   [ RunTime:0.000264s ]
INFO: [ app_end ] --START--
INFO: Run Behavior\ShowPageTrace [ RunTime:0.000038s ]
INFO: [ app_end ] --END-- [ RunTime:0.000097s ]

[ 2017-09-22T09:59:56+08:00 ] 183.42.50.154 /health/management/Application/index.php/Connector/User/getKnowList
INFO: [ app_init ] --START--
INFO: [ app_init ] --END-- [ RunTime:0.000348s ]
INFO: [ path_info ] --START--
INFO: [ path_info ] --END-- [ RunTime:0.000029s ]
INFO: [ app_begin ] --START--
INFO: Run Behavior\ReadHtmlCache [ RunTime:0.000042s ]
INFO: [ app_begin ] --END-- [ RunTime:0.000094s ]
INFO: [ action_begin ] --START--
INFO: [ action_begin ] --END-- [ RunTime:0.000052s ]
SQL: SHOW COLUMNS FROM `health_know` [ RunTime:0.001670s ]
SQL: SELECT * FROM `health_know` ORDER BY know_see desc  [ RunTime:0.000537s ]
INFO: [ app_end ] --START--
INFO: Run Behavior\ShowPageTrace [ RunTime:0.000040s ]
INFO: [ app_end ] --END-- [ RunTime:0.000103s ]

[ 2017-09-22T09:59:58+08:00 ] 183.42.50.154 /health/management/Application/index.php/Connector/User/getKnowDetail?knowID=12
INFO: [ app_init ] --START--
INFO: [ app_init ] --END-- [ RunTime:0.000335s ]
INFO: [ path_info ] --START--
INFO: [ path_info ] --END-- [ RunTime:0.000030s ]
INFO: [ app_begin ] --START--
INFO: Run Behavior\ReadHtmlCache [ RunTime:0.000041s ]
INFO: [ app_begin ] --END-- [ RunTime:0.000088s ]
INFO: [ action_begin ] --START--
INFO: [ action_begin ] --END-- [ RunTime:0.000030s ]
SQL: SHOW COLUMNS FROM `health_know` [ RunTime:0.001527s ]
SQL: SELECT * FROM `health_know` WHERE ( `know_id` = 12 ) LIMIT 1   [ RunTime:0.000301s ]
SQL: UPDATE `health_know` SET `know_see`='3' WHERE ( `know_id` = 12 ) [ RunTime:0.002463s ]
INFO: [ app_end ] --START--
INFO: Run Behavior\ShowPageTrace [ RunTime:0.000036s ]
INFO: [ app_end ] --END-- [ RunTime:0.000087s ]

[ 2017-09-22T10:00:02+08:00 ] 183.42.50.154 /health/management/Application/index.php/Connector/User/getKnowDetail?knowID=13
INFO: [ app_init ] --START--
INFO: [ app_init ] --END-- [ RunTime:0.000336s ]
INFO: [ path_info ] --START--
INFO: [ path_info ] --END-- [ RunTime:0.000029s ]
INFO: [ app_begin ] --START--
INFO: Run Behavior\ReadHtmlCache [ RunTime:0.000042s ]
INFO: [ app_begin ] --END-- [ RunTime:0.000092s ]
INFO: [ action_begin ] --START--
INFO: [ action_begin ] --END-- [ RunTime:0.000030s ]
SQL: SHOW COLUMNS FROM `health_know` [ RunTime:0.001579s ]
SQL: SELECT * FROM `health_know` WHERE ( `know_id` = 13 ) LIMIT 1   [ RunTime:0.000354s ]
SQL: UPDATE `health_know` SET `know_see`='1' WHERE ( `know_id` = 13 ) [ RunTime:0.002677s ]
INFO: [ app_end ] --START--
INFO: Run Behavior\ShowPageTrace [ RunTime:0.000053s ]
INFO: [ app_end ] --END-- [ RunTime:0.000122s ]

[ 2017-09-22T10:00:03+08:00 ] 183.42.50.154 /health/management/Application/index.php/Connector/User/getKnowDetail?knowID=12
INFO: [ app_init ] --START--
INFO: [ app_init ] --END-- [ RunTime:0.000344s ]
INFO: [ path_info ] --START--
INFO: [ path_info ] --END-- [ RunTime:0.000049s ]
INFO: [ app_begin ] --START--
INFO: Run Behavior\ReadHtmlCache [ RunTime:0.000065s ]
INFO: [ app_begin ] --END-- [ RunTime:0.000140s ]
INFO: [ action_begin ] --START--
INFO: [ action_begin ] --END-- [ RunTime:0.000033s ]
SQL: SHOW COLUMNS FROM `health_know` [ RunTime:0.001541s ]
SQL: SELECT * FROM `health_know` WHERE ( `know_id` = 12 ) LIMIT 1   [ RunTime:0.000313s ]
SQL: UPDATE `health_know` SET `know_see`='4' WHERE ( `know_id` = 12 ) [ RunTime:0.005473s ]
INFO: [ app_end ] --START--
INFO: Run Behavior\ShowPageTrace [ RunTime:0.000034s ]
INFO: [ app_end ] --END-- [ RunTime:0.000082s ]

[ 2017-09-22T10:00:05+08:00 ] 183.42.50.154 /health/management/Application/index.php/Connector/User/getKnowDetail?knowID=10
INFO: [ app_init ] --START--
INFO: [ app_init ] --END-- [ RunTime:0.000346s ]
INFO: [ path_info ] --START--
INFO: [ path_info ] --END-- [ RunTime:0.000028s ]
INFO: [ app_begin ] --START--
INFO: Run Behavior\ReadHtmlCache [ RunTime:0.000043s ]
INFO: [ app_begin ] --END-- [ RunTime:0.000090s ]
INFO: [ action_begin ] --START--
INFO: [ action_begin ] --END-- [ RunTime:0.000030s ]
SQL: SHOW COLUMNS FROM `health_know` [ RunTime:0.001627s ]
SQL: SELECT * FROM `health_know` WHERE ( `know_id` = 10 ) LIMIT 1   [ RunTime:0.000315s ]
SQL: UPDATE `health_know` SET `know_see`='2' WHERE ( `know_id` = 10 ) [ RunTime:0.002726s ]
INFO: [ app_end ] --START--
INFO: Run Behavior\ShowPageTrace [ RunTime:0.000039s ]
INFO: [ app_end ] --END-- [ RunTime:0.000087s ]

[ 2017-09-22T10:00:09+08:00 ] 183.42.50.154 /health/management/Application/index.php/Connector/Hos/getNearbyHos?lat=23.034513&longt=114.416352
INFO: [ app_init ] --START--
INFO: [ app_init ] --END-- [ RunTime:0.000396s ]
INFO: [ path_info ] --START--
INFO: [ path_info ] --END-- [ RunTime:0.000028s ]
INFO: [ app_begin ] --START--
INFO: Run Behavior\ReadHtmlCache [ RunTime:0.000042s ]
INFO: [ app_begin ] --END-- [ RunTime:0.000091s ]
INFO: [ action_begin ] --START--
INFO: [ action_begin ] --END-- [ RunTime:0.000029s ]
SQL: SHOW COLUMNS FROM `hospital_info` [ RunTime:0.001663s ]
SQL: SELECT * FROM `hospital_info` WHERE (  (`hos_longitude` BETWEEN '113.92816666715' AND '114.90453733285' ) ) AND (  (`hos_latitude` BETWEEN '22.585251013896' AND '23.483774986104' ) )  [ RunTime:0.000401s ]
INFO: [ app_end ] --START--
INFO: Run Behavior\ShowPageTrace [ RunTime:0.000035s ]
INFO: [ app_end ] --END-- [ RunTime:0.000082s ]

[ 2017-09-22T10:00:11+08:00 ] 183.42.50.154 /health/management/Application/index.php/Connector/Hos/getHosImg?hos_id=53
INFO: [ app_init ] --START--
INFO: [ app_init ] --END-- [ RunTime:0.000340s ]
INFO: [ path_info ] --START--
INFO: [ path_info ] --END-- [ RunTime:0.000028s ]
INFO: [ app_begin ] --START--
INFO: Run Behavior\ReadHtmlCache [ RunTime:0.000040s ]
INFO: [ app_begin ] --END-- [ RunTime:0.000091s ]
INFO: [ action_begin ] --START--
INFO: [ action_begin ] --END-- [ RunTime:0.000028s ]
SQL: SHOW COLUMNS FROM `hos_img` [ RunTime:0.001666s ]
SQL: SELECT * FROM `hos_img` WHERE ( `hos_id` = '53' )  [ RunTime:0.000298s ]
INFO: [ app_end ] --START--
INFO: Run Behavior\ShowPageTrace [ RunTime:0.000030s ]
INFO: [ app_end ] --END-- [ RunTime:0.000073s ]

[ 2017-09-22T10:00:11+08:00 ] 183.42.50.154 /health/management/Application/index.php/Connector/hos/getHosDetail?hos_id=53
INFO: [ app_init ] --START--
INFO: [ app_init ] --END-- [ RunTime:0.000339s ]
INFO: [ path_info ] --START--
INFO: [ path_info ] --END-- [ RunTime:0.000029s ]
INFO: [ app_begin ] --START--
INFO: Run Behavior\ReadHtmlCache [ RunTime:0.000039s ]
INFO: [ app_begin ] --END-- [ RunTime:0.000089s ]
INFO: [ action_begin ] --START--
INFO: [ action_begin ] --END-- [ RunTime:0.000032s ]
NOTIC: [2048] Declaration of Admin\Model\HospitalInfoModel::_after_insert() should be compatible with Think\Model::_after_insert($data, $options) C:\phpstudy\WWW\health\management\Application\Admin\Model\HospitalInfoModel.class.php 第 7 行.
SQL: SHOW COLUMNS FROM `hospital_info` [ RunTime:0.001651s ]
SQL: SELECT * FROM `hospital_info` WHERE ( `hos_id` = 53 ) LIMIT 1   [ RunTime:0.000295s ]
INFO: [ app_end ] --START--
INFO: Run Behavior\ShowPageTrace [ RunTime:0.000032s ]
INFO: [ app_end ] --END-- [ RunTime:0.000079s ]

[ 2017-09-22T10:00:12+08:00 ] 183.42.50.154 /health/management/Application/index.php/Connector/User/isAttentionHos
INFO: [ app_init ] --START--
INFO: [ app_init ] --END-- [ RunTime:0.000379s ]
INFO: [ path_info ] --START--
INFO: [ path_info ] --END-- [ RunTime:0.000029s ]
INFO: [ app_begin ] --START--
INFO: Run Behavior\ReadHtmlCache [ RunTime:0.000038s ]
INFO: [ app_begin ] --END-- [ RunTime:0.000086s ]
INFO: [ action_begin ] --START--
INFO: [ action_begin ] --END-- [ RunTime:0.000032s ]
SQL: SHOW COLUMNS FROM `attention_hos` [ RunTime:0.002310s ]
SQL: SELECT * FROM `attention_hos` WHERE ( `hos_id` = '53' ) AND ( `user_phone` = 'null' ) LIMIT 1   [ RunTime:0.000259s ]
INFO: [ app_end ] --START--
INFO: Run Behavior\ShowPageTrace [ RunTime:0.000033s ]
INFO: [ app_end ] --END-- [ RunTime:0.000077s ]

[ 2017-09-22T10:00:21+08:00 ] 183.42.50.154 /health/management/Application/index.php/Connector/Doc/getDocDetail?doc_id=70
INFO: [ app_init ] --START--
INFO: [ app_init ] --END-- [ RunTime:0.000516s ]
INFO: [ path_info ] --START--
INFO: [ path_info ] --END-- [ RunTime:0.000044s ]
INFO: [ app_begin ] --START--
INFO: Run Behavior\ReadHtmlCache [ RunTime:0.000051s ]
INFO: [ app_begin ] --END-- [ RunTime:0.000117s ]
INFO: [ action_begin ] --START--
INFO: [ action_begin ] --END-- [ RunTime:0.000046s ]
NOTIC: [2048] Declaration of Admin\Model\DoctorInfoModel::_after_insert() should be compatible with Think\Model::_after_insert($data, $options) C:\phpstudy\WWW\health\management\Application\Admin\Model\DoctorInfoModel.class.php 第 7 行.
SQL: SHOW COLUMNS FROM `doctor_info` [ RunTime:0.001877s ]
SQL: SELECT a.*,b.hos_name,c.dep_name FROM doctor_info a LEFT JOIN hospital_info b on a.hos_id=b.hos_id LEFT JOIN department_info c on a.depa_id=c.dep_id WHERE ( `doc_id` = '70' ) LIMIT 1   [ RunTime:0.000581s ]
INFO: [ app_end ] --START--
INFO: Run Behavior\ShowPageTrace [ RunTime:0.000053s ]
INFO: [ app_end ] --END-- [ RunTime:0.000110s ]

[ 2017-09-22T10:00:21+08:00 ] 183.42.50.154 /health/management/Application/index.php/Connector/User/get_pingjia
INFO: [ app_init ] --START--
INFO: [ app_init ] --END-- [ RunTime:0.000317s ]
INFO: [ path_info ] --START--
INFO: [ path_info ] --END-- [ RunTime:0.000028s ]
INFO: [ app_begin ] --START--
INFO: Run Behavior\ReadHtmlCache [ RunTime:0.000116s ]
INFO: [ app_begin ] --END-- [ RunTime:0.000195s ]
INFO: [ action_begin ] --START--
INFO: [ action_begin ] --END-- [ RunTime:0.000048s ]
SQL: SHOW COLUMNS FROM `pingjia` [ RunTime:0.002355s ]
SQL: SELECT a.*,b.user_name FROM pingjia a LEFT JOIN user_info b on b.user_phone=a.user_phone WHERE ( `doc_phone` = '15568830056' )  [ RunTime:0.000338s ]
INFO: [ app_end ] --START--
INFO: Run Behavior\ShowPageTrace [ RunTime:0.000054s ]
INFO: [ app_end ] --END-- [ RunTime:0.000122s ]

[ 2017-09-22T10:00:21+08:00 ] 183.42.50.154 /health/management/Application/index.php/Connector/User/isAttention
INFO: [ app_init ] --START--
INFO: [ app_init ] --END-- [ RunTime:0.000348s ]
INFO: [ path_info ] --START--
INFO: [ path_info ] --END-- [ RunTime:0.000028s ]
INFO: [ app_begin ] --START--
INFO: Run Behavior\ReadHtmlCache [ RunTime:0.000039s ]
INFO: [ app_begin ] --END-- [ RunTime:0.000088s ]
INFO: [ action_begin ] --START--
INFO: [ action_begin ] --END-- [ RunTime:0.000045s ]
SQL: SHOW COLUMNS FROM `attention_doc` [ RunTime:0.002303s ]
SQL: SELECT * FROM `attention_doc` WHERE ( `doc_phone` = '15568830056' ) AND ( `user_phone` = 'null' ) LIMIT 1   [ RunTime:0.000344s ]
INFO: [ app_end ] --START--
INFO: Run Behavior\ShowPageTrace [ RunTime:0.000038s ]
INFO: [ app_end ] --END-- [ RunTime:0.000086s ]

