[ 2017-08-27T17:26:18+08:00 ] 223.104.63.194 /health/management/Application/index.php/Connector/User/login
INFO: [ app_init ] --START--
INFO: [ app_init ] --END-- [ RunTime:0.000347s ]
INFO: [ path_info ] --START--
INFO: [ path_info ] --END-- [ RunTime:0.000031s ]
INFO: [ app_begin ] --START--
INFO: Run Behavior\ReadHtmlCache [ RunTime:0.000039s ]
INFO: [ app_begin ] --END-- [ RunTime:0.000087s ]
INFO: [ action_begin ] --START--
INFO: [ action_begin ] --END-- [ RunTime:0.000030s ]
SQL: SHOW COLUMNS FROM `user_info` [ RunTime:0.001873s ]
SQL: SELECT * FROM `user_info` WHERE ( `user_phone` = '15768650568' ) AND ( `user_token` = '32139b151647c538a3b88dac4377fea0' ) LIMIT 1   [ RunTime:0.000387s ]
SQL: UPDATE `user_info` SET `user_token`='44661f5d0184447847f78d3d54301fee',`token_time`='2017-08-27 17:26:18',`login_time`='2017-08-27 17:26:18' WHERE ( `user_phone` = '15768650568' ) AND ( `user_token` = '32139b151647c538a3b88dac4377fea0' ) [ RunTime:0.004889s ]
INFO: [ app_end ] --START--
INFO: Run Behavior\ShowPageTrace [ RunTime:0.000034s ]
INFO: [ app_end ] --END-- [ RunTime:0.000080s ]

[ 2017-08-27T17:26:20+08:00 ] 223.104.63.194 /health/management/Application/index.php/Connector/Hos/getHotHos
INFO: [ app_init ] --START--
INFO: [ app_init ] --END-- [ RunTime:0.000371s ]
INFO: [ path_info ] --START--
INFO: [ path_info ] --END-- [ RunTime:0.000028s ]
INFO: [ app_begin ] --START--
INFO: Run Behavior\ReadHtmlCache [ RunTime:0.000042s ]
INFO: [ app_begin ] --END-- [ RunTime:0.000090s ]
INFO: [ action_begin ] --START--
INFO: [ action_begin ] --END-- [ RunTime:0.000029s ]
SQL: SHOW COLUMNS FROM `hospital_info` [ RunTime:0.001894s ]
SQL: SELECT * FROM `hospital_info` ORDER BY hos_attention desc LIMIT 4   [ RunTime:0.000383s ]
INFO: [ app_end ] --START--
INFO: Run Behavior\ShowPageTrace [ RunTime:0.000037s ]
INFO: [ app_end ] --END-- [ RunTime:0.000087s ]

[ 2017-08-27T17:26:20+08:00 ] 223.104.63.194 /health/management/Application/index.php/Connector/Doc/getHotDoc
INFO: [ app_init ] --START--
INFO: [ app_init ] --END-- [ RunTime:0.000365s ]
INFO: [ path_info ] --START--
INFO: [ path_info ] --END-- [ RunTime:0.000030s ]
INFO: [ app_begin ] --START--
INFO: Run Behavior\ReadHtmlCache [ RunTime:0.000046s ]
INFO: [ app_begin ] --END-- [ RunTime:0.000097s ]
INFO: [ action_begin ] --START--
INFO: [ action_begin ] --END-- [ RunTime:0.000030s ]
NOTIC: [2048] Declaration of Admin\Model\DoctorInfoModel::_after_insert() should be compatible with Think\Model::_after_insert($data, $options) C:\phpstudy\WWW\health\management\Application\Admin\Model\DoctorInfoModel.class.php 第 7 行.
SQL: SHOW COLUMNS FROM `doctor_info` [ RunTime:0.001942s ]
SQL: SELECT a.*,b.hos_name FROM doctor_info a LEFT JOIN hospital_info b on a.hos_id=b.hos_id ORDER BY doc_R desc LIMIT 8   [ RunTime:0.000657s ]
INFO: [ app_end ] --START--
INFO: Run Behavior\ShowPageTrace [ RunTime:0.000039s ]
INFO: [ app_end ] --END-- [ RunTime:0.000098s ]

[ 2017-08-27T17:26:21+08:00 ] 223.104.63.194 /health/management/Application/index.php/Connector/User/getuserInfo
INFO: [ app_init ] --START--
INFO: [ app_init ] --END-- [ RunTime:0.000351s ]
INFO: [ path_info ] --START--
INFO: [ path_info ] --END-- [ RunTime:0.000028s ]
INFO: [ app_begin ] --START--
INFO: Run Behavior\ReadHtmlCache [ RunTime:0.000038s ]
INFO: [ app_begin ] --END-- [ RunTime:0.000086s ]
INFO: [ action_begin ] --START--
INFO: [ action_begin ] --END-- [ RunTime:0.000030s ]
SQL: SHOW COLUMNS FROM `user_info` [ RunTime:0.001827s ]
SQL: SELECT * FROM `user_info` WHERE ( `user_phone` = '15768650568' ) LIMIT 1   [ RunTime:0.000393s ]
INFO: [ app_end ] --START--
INFO: Run Behavior\ShowPageTrace [ RunTime:0.000035s ]
INFO: [ app_end ] --END-- [ RunTime:0.000085s ]

[ 2017-08-27T17:27:02+08:00 ] 223.104.63.194 /health/management/Application/index.php/Connector/Sick/getSick
INFO: [ app_init ] --START--
INFO: [ app_init ] --END-- [ RunTime:0.000514s ]
INFO: [ path_info ] --START--
INFO: [ path_info ] --END-- [ RunTime:0.000048s ]
INFO: [ app_begin ] --START--
INFO: Run Behavior\ReadHtmlCache [ RunTime:0.000042s ]
INFO: [ app_begin ] --END-- [ RunTime:0.000091s ]
INFO: [ action_begin ] --START--
INFO: [ action_begin ] --END-- [ RunTime:0.000029s ]
SQL: SHOW COLUMNS FROM `department_info` [ RunTime:0.001703s ]
SQL: SHOW COLUMNS FROM `illness` [ RunTime:0.001573s ]
SQL: SELECT * FROM `department_info` WHERE ( `parent_id` = 0 )  [ RunTime:0.000351s ]
SQL: SELECT * FROM `department_info`  [ RunTime:0.000327s ]
SQL: SELECT * FROM `department_info`  [ RunTime:0.000219s ]
SQL: SELECT * FROM `department_info`  [ RunTime:0.000219s ]
SQL: SELECT * FROM `department_info`  [ RunTime:0.000239s ]
SQL: SELECT * FROM `department_info`  [ RunTime:0.000231s ]
SQL: SELECT * FROM `department_info`  [ RunTime:0.000232s ]
SQL: SELECT * FROM `department_info`  [ RunTime:0.000225s ]
SQL: SELECT * FROM `department_info`  [ RunTime:0.000223s ]
SQL: SELECT * FROM `illness` WHERE ( `two_depa_id` = '6' )  [ RunTime:0.000296s ]
SQL: SELECT * FROM `illness` WHERE ( `two_depa_id` = '7' )  [ RunTime:0.000223s ]
SQL: SELECT * FROM `illness` WHERE ( `two_depa_id` = '19' )  [ RunTime:0.000218s ]
SQL: SELECT * FROM `illness` WHERE ( `two_depa_id` = '8' )  [ RunTime:0.000182s ]
SQL: SELECT * FROM `illness` WHERE ( `two_depa_id` = '9' )  [ RunTime:0.000189s ]
SQL: SELECT * FROM `illness` WHERE ( `two_depa_id` = '16' )  [ RunTime:0.000168s ]
SQL: SELECT * FROM `illness` WHERE ( `two_depa_id` = '13' )  [ RunTime:0.000183s ]
SQL: SELECT * FROM `illness` WHERE ( `two_depa_id` = '12' )  [ RunTime:0.000181s ]
SQL: SELECT * FROM `illness` WHERE ( `two_depa_id` = '10' )  [ RunTime:0.000187s ]
SQL: SELECT * FROM `illness` WHERE ( `two_depa_id` = '15' )  [ RunTime:0.000176s ]
SQL: SELECT * FROM `illness` WHERE ( `two_depa_id` = '18' )  [ RunTime:0.000181s ]
INFO: [ app_end ] --START--
INFO: Run Behavior\ShowPageTrace [ RunTime:0.000039s ]
INFO: [ app_end ] --END-- [ RunTime:0.000119s ]

[ 2017-08-27T17:27:04+08:00 ] 223.104.63.194 /health/management/Application/index.php/Connector/Sick/getSickDetail?illnessID=4
INFO: [ app_init ] --START--
INFO: [ app_init ] --END-- [ RunTime:0.000370s ]
INFO: [ path_info ] --START--
INFO: [ path_info ] --END-- [ RunTime:0.000030s ]
INFO: [ app_begin ] --START--
INFO: Run Behavior\ReadHtmlCache [ RunTime:0.000043s ]
INFO: [ app_begin ] --END-- [ RunTime:0.000090s ]
INFO: [ action_begin ] --START--
INFO: [ action_begin ] --END-- [ RunTime:0.000043s ]
SQL: SHOW COLUMNS FROM `illness` [ RunTime:0.002184s ]
SQL: SELECT * FROM `illness` WHERE ( `illness_id` = 4 ) LIMIT 1   [ RunTime:0.000273s ]
SQL: SHOW COLUMNS FROM `doctor_info` [ RunTime:0.001493s ]
SQL: SELECT a.*,b.hos_name,c.dep_name FROM doctor_info a LEFT JOIN hospital_info b on a.hos_id=b.hos_id LEFT JOIN department_info c on a.depa_id=c.dep_id WHERE ( a.depa_id = '8' )  [ RunTime:0.000556s ]
SQL: SHOW COLUMNS FROM `hospital_info` [ RunTime:0.001355s ]
SQL: SELECT a.hos_id,a.hos_name,a.hos_address,a.hos_level,a.hos_navigate_img FROM hospital_info a LEFT JOIN hos_dep b on a.hos_id = b.hos_id WHERE ( b.dep_id = '8' )  [ RunTime:0.000416s ]
NOTIC: [8] Undefined offset: 5 C:\phpstudy\WWW\health\management\Application\Connector\Controller\SickController.class.php 第 73 行.
SQL: SHOW COLUMNS FROM `health_know` [ RunTime:0.001358s ]
SQL: SELECT * FROM `health_know`  [ RunTime:0.000441s ]
INFO: [ app_end ] --START--
INFO: Run Behavior\ShowPageTrace [ RunTime:0.000036s ]
INFO: [ app_end ] --END-- [ RunTime:0.000091s ]

[ 2017-08-27T17:27:06+08:00 ] 223.104.63.194 /health/management/Application/index.php/Connector/Doc/getDocDetail?doc_id=34
INFO: [ app_init ] --START--
INFO: [ app_init ] --END-- [ RunTime:0.000486s ]
INFO: [ path_info ] --START--
INFO: [ path_info ] --END-- [ RunTime:0.000030s ]
INFO: [ app_begin ] --START--
INFO: Run Behavior\ReadHtmlCache [ RunTime:0.000045s ]
INFO: [ app_begin ] --END-- [ RunTime:0.000097s ]
INFO: [ action_begin ] --START--
INFO: [ action_begin ] --END-- [ RunTime:0.000031s ]
NOTIC: [2048] Declaration of Admin\Model\DoctorInfoModel::_after_insert() should be compatible with Think\Model::_after_insert($data, $options) C:\phpstudy\WWW\health\management\Application\Admin\Model\DoctorInfoModel.class.php 第 7 行.
SQL: SHOW COLUMNS FROM `doctor_info` [ RunTime:0.001799s ]
SQL: SELECT a.*,b.hos_name,c.dep_name FROM doctor_info a LEFT JOIN hospital_info b on a.hos_id=b.hos_id LEFT JOIN department_info c on a.depa_id=c.dep_id WHERE ( `doc_id` = '34' ) LIMIT 1   [ RunTime:0.000540s ]
INFO: [ app_end ] --START--
INFO: Run Behavior\ShowPageTrace [ RunTime:0.000056s ]
INFO: [ app_end ] --END-- [ RunTime:0.000138s ]

[ 2017-08-27T17:27:06+08:00 ] 223.104.63.194 /health/management/Application/index.php/Connector/User/get_pingjia
INFO: [ app_init ] --START--
INFO: [ app_init ] --END-- [ RunTime:0.000495s ]
INFO: [ path_info ] --START--
INFO: [ path_info ] --END-- [ RunTime:0.000029s ]
INFO: [ app_begin ] --START--
INFO: Run Behavior\ReadHtmlCache [ RunTime:0.000039s ]
INFO: [ app_begin ] --END-- [ RunTime:0.000094s ]
INFO: [ action_begin ] --START--
INFO: [ action_begin ] --END-- [ RunTime:0.000029s ]
SQL: SHOW COLUMNS FROM `pingjia` [ RunTime:0.001672s ]
SQL: SELECT a.*,b.user_name FROM pingjia a LEFT JOIN user_info b on b.user_phone=a.user_phone WHERE ( `doc_phone` = '15768651573' )  [ RunTime:0.000281s ]
INFO: [ app_end ] --START--
INFO: Run Behavior\ShowPageTrace [ RunTime:0.000032s ]
INFO: [ app_end ] --END-- [ RunTime:0.000074s ]

[ 2017-08-27T17:27:06+08:00 ] 223.104.63.194 /health/management/Application/index.php/Connector/User/isAttention
INFO: [ app_init ] --START--
INFO: [ app_init ] --END-- [ RunTime:0.000349s ]
INFO: [ path_info ] --START--
INFO: [ path_info ] --END-- [ RunTime:0.000028s ]
INFO: [ app_begin ] --START--
INFO: Run Behavior\ReadHtmlCache [ RunTime:0.000038s ]
INFO: [ app_begin ] --END-- [ RunTime:0.000086s ]
INFO: [ action_begin ] --START--
INFO: [ action_begin ] --END-- [ RunTime:0.000030s ]
SQL: SHOW COLUMNS FROM `attention_doc` [ RunTime:0.001654s ]
SQL: SELECT * FROM `attention_doc` WHERE ( `doc_phone` = '15768651573' ) AND ( `user_phone` = '15768650568' ) LIMIT 1   [ RunTime:0.000255s ]
INFO: [ app_end ] --START--
INFO: Run Behavior\ShowPageTrace [ RunTime:0.000033s ]
INFO: [ app_end ] --END-- [ RunTime:0.000078s ]

[ 2017-08-27T17:27:36+08:00 ] 223.104.63.194 /health/management/Application/index.php/Connector/Health/getDiary?user_phone=15768650568&drug_date=2017827
INFO: [ app_init ] --START--
INFO: [ app_init ] --END-- [ RunTime:0.000366s ]
INFO: [ path_info ] --START--
INFO: [ path_info ] --END-- [ RunTime:0.000029s ]
INFO: [ app_begin ] --START--
INFO: Run Behavior\ReadHtmlCache [ RunTime:0.000043s ]
INFO: [ app_begin ] --END-- [ RunTime:0.000096s ]
INFO: [ action_begin ] --START--
INFO: [ action_begin ] --END-- [ RunTime:0.000029s ]
SQL: SHOW COLUMNS FROM `user_info` [ RunTime:0.001796s ]
SQL: SELECT `user_id` FROM `user_info` WHERE ( `user_phone` = '15768650568' ) LIMIT 1   [ RunTime:0.000245s ]
SQL: SHOW COLUMNS FROM `drug_diary` [ RunTime:0.001517s ]
SQL: SELECT * FROM `drug_diary` WHERE ( `user_id` = '1' ) AND ( `drug_date` = '2017827' )  [ RunTime:0.000259s ]
INFO: [ app_end ] --START--
INFO: Run Behavior\ShowPageTrace [ RunTime:0.000036s ]
INFO: [ app_end ] --END-- [ RunTime:0.000082s ]

[ 2017-08-27T17:27:41+08:00 ] 223.104.63.194 /health/management/Application/index.php/Connector/Health/getHisRelaName?user_phone=15768650568
INFO: [ app_init ] --START--
INFO: [ app_init ] --END-- [ RunTime:0.000348s ]
INFO: [ path_info ] --START--
INFO: [ path_info ] --END-- [ RunTime:0.000028s ]
INFO: [ app_begin ] --START--
INFO: Run Behavior\ReadHtmlCache [ RunTime:0.000040s ]
INFO: [ app_begin ] --END-- [ RunTime:0.000093s ]
INFO: [ action_begin ] --START--
INFO: [ action_begin ] --END-- [ RunTime:0.000030s ]
SQL: SHOW COLUMNS FROM `user_info` [ RunTime:0.001811s ]
SQL: SELECT `user_id` FROM `user_info` WHERE ( `user_phone` = '15768650568' ) LIMIT 1   [ RunTime:0.000262s ]
SQL: SHOW COLUMNS FROM `relative_info` [ RunTime:0.001477s ]
SQL: SELECT `relative_id`,`relative_name` FROM `relative_info` WHERE ( `user_id` = '1' )  [ RunTime:0.000247s ]
INFO: [ app_end ] --START--
INFO: Run Behavior\ShowPageTrace [ RunTime:0.000038s ]
INFO: [ app_end ] --END-- [ RunTime:0.000086s ]

[ 2017-08-27T17:27:41+08:00 ] 223.104.63.194 /health/management/Application/index.php/Connector/Health/getHisVis?relative_id=0&user_phone=15768650568
INFO: [ app_init ] --START--
INFO: [ app_init ] --END-- [ RunTime:0.000437s ]
INFO: [ path_info ] --START--
INFO: [ path_info ] --END-- [ RunTime:0.000029s ]
INFO: [ app_begin ] --START--
INFO: Run Behavior\ReadHtmlCache [ RunTime:0.000062s ]
INFO: [ app_begin ] --END-- [ RunTime:0.000137s ]
INFO: [ action_begin ] --START--
INFO: [ action_begin ] --END-- [ RunTime:0.000030s ]
SQL: SHOW COLUMNS FROM `user_info` [ RunTime:0.001709s ]
SQL: SELECT `user_id` FROM `user_info` WHERE ( `user_phone` = '15768650568' ) LIMIT 1   [ RunTime:0.000243s ]
SQL: SHOW COLUMNS FROM `see_doc_case` [ RunTime:0.001538s ]
SQL: SELECT a.* FROM see_doc_case a WHERE ( a.relative_id = '0' ) AND ( a.user_id = '1' )  [ RunTime:0.000288s ]
INFO: [ app_end ] --START--
INFO: Run Behavior\ShowPageTrace [ RunTime:0.000034s ]
INFO: [ app_end ] --END-- [ RunTime:0.000081s ]

[ 2017-08-27T17:27:41+08:00 ] 223.104.63.194 /health/management/Application/index.php/Connector/Health/get_online_vis
INFO: [ app_init ] --START--
INFO: [ app_init ] --END-- [ RunTime:0.000376s ]
INFO: [ path_info ] --START--
INFO: [ path_info ] --END-- [ RunTime:0.000030s ]
INFO: [ app_begin ] --START--
INFO: Run Behavior\ReadHtmlCache [ RunTime:0.000041s ]
INFO: [ app_begin ] --END-- [ RunTime:0.000092s ]
INFO: [ action_begin ] --START--
INFO: [ action_begin ] --END-- [ RunTime:0.000044s ]
SQL: SHOW COLUMNS FROM `zixun` [ RunTime:0.001911s ]
SQL: SELECT a.*,b.hos_name,c.dep_name,d.doc_name FROM zixun a LEFT JOIN doctor_info d on d.doc_phone=a.doc_phone LEFT JOIN hospital_info b on b.hos_id=d.hos_id LEFT JOIN department_info c on c.dep_id=d.depa_id WHERE ( a.user_phone = '15768650568' ) ORDER BY id desc  [ RunTime:0.005323s ]
INFO: [ app_end ] --START--
INFO: Run Behavior\ShowPageTrace [ RunTime:0.000038s ]
INFO: [ app_end ] --END-- [ RunTime:0.000096s ]

[ 2017-08-27T17:27:41+08:00 ] 223.104.63.194 /health/management/Application/index.php/Connector/Chufang/get_user_chufang
INFO: [ app_init ] --START--
INFO: [ app_init ] --END-- [ RunTime:0.000365s ]
INFO: [ path_info ] --START--
INFO: [ path_info ] --END-- [ RunTime:0.000044s ]
INFO: [ app_begin ] --START--
INFO: Run Behavior\ReadHtmlCache [ RunTime:0.000060s ]
INFO: [ app_begin ] --END-- [ RunTime:0.000143s ]
INFO: [ action_begin ] --START--
INFO: [ action_begin ] --END-- [ RunTime:0.000055s ]
SQL: SHOW COLUMNS FROM `chufang` [ RunTime:0.001690s ]
NOTIC: [8] Use of undefined constant eq - assumed 'eq' C:\phpstudy\WWW\health\management\Application\Connector\Controller\ChufangController.class.php 第 95 行.
SQL: SELECT * FROM `chufang` WHERE ( `user_phone` = '15768650568' ) ORDER BY cf_id desc  [ RunTime:0.000327s ]
INFO: [ app_end ] --START--
INFO: Run Behavior\ShowPageTrace [ RunTime:0.000037s ]
INFO: [ app_end ] --END-- [ RunTime:0.000086s ]

