[ 2017-08-31T12:51:07+08:00 ] 117.136.79.164 /health/management/Application/index.php/Connector/Doc/getHotDoc
INFO: [ app_init ] --START--
INFO: [ app_init ] --END-- [ RunTime:0.000378s ]
INFO: [ path_info ] --START--
INFO: [ path_info ] --END-- [ RunTime:0.000029s ]
INFO: [ app_begin ] --START--
INFO: Run Behavior\ReadHtmlCache [ RunTime:0.000043s ]
INFO: [ app_begin ] --END-- [ RunTime:0.000093s ]
INFO: [ action_begin ] --START--
INFO: [ action_begin ] --END-- [ RunTime:0.000035s ]
NOTIC: [2048] Declaration of Admin\Model\DoctorInfoModel::_after_insert() should be compatible with Think\Model::_after_insert($data, $options) C:\phpstudy\WWW\health\management\Application\Admin\Model\DoctorInfoModel.class.php 第 7 行.
SQL: SHOW COLUMNS FROM `doctor_info` [ RunTime:0.001915s ]
SQL: SELECT a.*,b.hos_name FROM doctor_info a LEFT JOIN hospital_info b on a.hos_id=b.hos_id ORDER BY doc_R desc LIMIT 8   [ RunTime:0.000763s ]
INFO: [ app_end ] --START--
INFO: Run Behavior\ShowPageTrace [ RunTime:0.000037s ]
INFO: [ app_end ] --END-- [ RunTime:0.000089s ]

[ 2017-08-31T12:51:07+08:00 ] 117.136.79.164 /health/management/Application/index.php/Connector/Hos/getHotHos
INFO: [ app_init ] --START--
INFO: [ app_init ] --END-- [ RunTime:0.000403s ]
INFO: [ path_info ] --START--
INFO: [ path_info ] --END-- [ RunTime:0.000028s ]
INFO: [ app_begin ] --START--
INFO: Run Behavior\ReadHtmlCache [ RunTime:0.000041s ]
INFO: [ app_begin ] --END-- [ RunTime:0.000090s ]
INFO: [ action_begin ] --START--
INFO: [ action_begin ] --END-- [ RunTime:0.000029s ]
SQL: SHOW COLUMNS FROM `hospital_info` [ RunTime:0.001633s ]
SQL: SELECT * FROM `hospital_info` ORDER BY hos_attention desc LIMIT 4   [ RunTime:0.000415s ]
INFO: [ app_end ] --START--
INFO: Run Behavior\ShowPageTrace [ RunTime:0.000037s ]
INFO: [ app_end ] --END-- [ RunTime:0.000088s ]

[ 2017-08-31T12:51:53+08:00 ] 117.136.79.164 /health/management/application/index.php/Connector/Depa/getdepname
INFO: [ app_init ] --START--
INFO: [ app_init ] --END-- [ RunTime:0.000356s ]
INFO: [ path_info ] --START--
INFO: [ path_info ] --END-- [ RunTime:0.000029s ]
INFO: [ app_begin ] --START--
INFO: Run Behavior\ReadHtmlCache [ RunTime:0.000043s ]
INFO: [ app_begin ] --END-- [ RunTime:0.000130s ]
INFO: [ action_begin ] --START--
INFO: [ action_begin ] --END-- [ RunTime:0.000030s ]
SQL: SHOW COLUMNS FROM `department_info` [ RunTime:0.001598s ]
SQL: SELECT * FROM `department_info` WHERE ( `dep_id` = '11' ) LIMIT 1   [ RunTime:0.000251s ]
INFO: [ app_end ] --START--
INFO: Run Behavior\ShowPageTrace [ RunTime:0.000043s ]
INFO: [ app_end ] --END-- [ RunTime:0.000089s ]

[ 2017-08-31T12:51:53+08:00 ] 117.136.79.164 /health/management/application/index.php/Connector/Tuijian/get_dep_doc
INFO: [ app_init ] --START--
INFO: [ app_init ] --END-- [ RunTime:0.000453s ]
INFO: [ path_info ] --START--
INFO: [ path_info ] --END-- [ RunTime:0.000031s ]
INFO: [ app_begin ] --START--
INFO: Run Behavior\ReadHtmlCache [ RunTime:0.000040s ]
INFO: [ app_begin ] --END-- [ RunTime:0.000090s ]
INFO: [ action_begin ] --START--
INFO: [ action_begin ] --END-- [ RunTime:0.000033s ]
SQL: SHOW COLUMNS FROM `department_info` [ RunTime:0.001897s ]
SQL: SELECT * FROM `department_info` LIMIT 1   [ RunTime:0.000245s ]
SQL: SHOW COLUMNS FROM `doctor_info` [ RunTime:0.002202s ]
SQL: SELECT a.*,b.hos_name,c.dep_name FROM doctor_info a LEFT JOIN hospital_info b on a.hos_id=b.hos_id LEFT JOIN department_info c on a.depa_id=c.dep_id WHERE ( c.parent_id = '11' ) AND ( b.hos_address LIKE '%定位中%' ) ORDER BY a.doc_R desc  [ RunTime:0.001147s ]
SQL: SELECT a.*,b.hos_name,c.dep_name FROM doctor_info a LEFT JOIN hospital_info b on a.hos_id=b.hos_id LEFT JOIN department_info c on a.depa_id=c.dep_id WHERE ( a.depa_id = '11' ) AND ( b.hos_address LIKE '%定位中%' ) ORDER BY a.doc_R desc  [ RunTime:0.000451s ]
INFO: [ app_end ] --START--
INFO: Run Behavior\ShowPageTrace [ RunTime:0.000055s ]
INFO: [ app_end ] --END-- [ RunTime:0.000132s ]

[ 2017-08-31T12:52:08+08:00 ] 117.136.79.164 /health/management/application/index.php/Connector/Depa/getdepname
INFO: [ app_init ] --START--
INFO: [ app_init ] --END-- [ RunTime:0.000309s ]
INFO: [ path_info ] --START--
INFO: [ path_info ] --END-- [ RunTime:0.000028s ]
INFO: [ app_begin ] --START--
INFO: Run Behavior\ReadHtmlCache [ RunTime:0.000038s ]
INFO: [ app_begin ] --END-- [ RunTime:0.000085s ]
INFO: [ action_begin ] --START--
INFO: [ action_begin ] --END-- [ RunTime:0.000029s ]
SQL: SHOW COLUMNS FROM `department_info` [ RunTime:0.001432s ]
SQL: SELECT * FROM `department_info` WHERE ( `dep_id` = '5' ) LIMIT 1   [ RunTime:0.000270s ]
INFO: [ app_end ] --START--
INFO: Run Behavior\ShowPageTrace [ RunTime:0.000031s ]
INFO: [ app_end ] --END-- [ RunTime:0.000076s ]

[ 2017-08-31T12:52:08+08:00 ] 117.136.79.164 /health/management/application/index.php/Connector/Tuijian/get_dep_doc
INFO: [ app_init ] --START--
INFO: [ app_init ] --END-- [ RunTime:0.000307s ]
INFO: [ path_info ] --START--
INFO: [ path_info ] --END-- [ RunTime:0.000029s ]
INFO: [ app_begin ] --START--
INFO: Run Behavior\ReadHtmlCache [ RunTime:0.000037s ]
INFO: [ app_begin ] --END-- [ RunTime:0.000082s ]
INFO: [ action_begin ] --START--
INFO: [ action_begin ] --END-- [ RunTime:0.000030s ]
SQL: SHOW COLUMNS FROM `department_info` [ RunTime:0.001295s ]
SQL: SELECT * FROM `department_info` LIMIT 1   [ RunTime:0.000195s ]
SQL: SHOW COLUMNS FROM `doctor_info` [ RunTime:0.001449s ]
SQL: SELECT a.*,b.hos_name,c.dep_name FROM doctor_info a LEFT JOIN hospital_info b on a.hos_id=b.hos_id LEFT JOIN department_info c on a.depa_id=c.dep_id WHERE ( c.parent_id = '5' ) AND ( b.hos_address LIKE '%定位中%' ) ORDER BY a.doc_R desc  [ RunTime:0.000963s ]
SQL: SELECT a.*,b.hos_name,c.dep_name FROM doctor_info a LEFT JOIN hospital_info b on a.hos_id=b.hos_id LEFT JOIN department_info c on a.depa_id=c.dep_id WHERE ( a.depa_id = '5' ) AND ( b.hos_address LIKE '%定位中%' ) ORDER BY a.doc_R desc  [ RunTime:0.000420s ]
INFO: [ app_end ] --START--
INFO: Run Behavior\ShowPageTrace [ RunTime:0.000031s ]
INFO: [ app_end ] --END-- [ RunTime:0.000071s ]

[ 2017-08-31T12:52:19+08:00 ] 117.136.79.164 /health/management/application/index.php/Connector/Tuijian/get_dep_doc
INFO: [ app_init ] --START--
INFO: [ app_init ] --END-- [ RunTime:0.000379s ]
INFO: [ path_info ] --START--
INFO: [ path_info ] --END-- [ RunTime:0.000028s ]
INFO: [ app_begin ] --START--
INFO: Run Behavior\ReadHtmlCache [ RunTime:0.000057s ]
INFO: [ app_begin ] --END-- [ RunTime:0.000153s ]
INFO: [ action_begin ] --START--
INFO: [ action_begin ] --END-- [ RunTime:0.000042s ]
SQL: SHOW COLUMNS FROM `department_info` [ RunTime:0.001748s ]
SQL: SELECT * FROM `department_info` LIMIT 1   [ RunTime:0.000292s ]
SQL: SHOW COLUMNS FROM `doctor_info` [ RunTime:0.001702s ]
SQL: SELECT a.*,b.hos_name,c.dep_name FROM doctor_info a LEFT JOIN hospital_info b on a.hos_id=b.hos_id LEFT JOIN department_info c on a.depa_id=c.dep_id WHERE ( c.parent_id = '5' ) AND ( b.hos_address LIKE '%广东%' ) ORDER BY a.doc_R desc  [ RunTime:0.001090s ]
SQL: SELECT a.*,b.hos_name,c.dep_name FROM doctor_info a LEFT JOIN hospital_info b on a.hos_id=b.hos_id LEFT JOIN department_info c on a.depa_id=c.dep_id WHERE ( a.depa_id = '5' ) AND ( b.hos_address LIKE '%广东%' ) ORDER BY a.doc_R desc  [ RunTime:0.000433s ]
INFO: [ app_end ] --START--
INFO: Run Behavior\ShowPageTrace [ RunTime:0.000037s ]
INFO: [ app_end ] --END-- [ RunTime:0.000086s ]

[ 2017-08-31T12:52:19+08:00 ] 117.136.79.164 /health/management/application/index.php/Connector/Depa/getdepname
INFO: [ app_init ] --START--
INFO: [ app_init ] --END-- [ RunTime:0.000440s ]
INFO: [ path_info ] --START--
INFO: [ path_info ] --END-- [ RunTime:0.000030s ]
INFO: [ app_begin ] --START--
INFO: Run Behavior\ReadHtmlCache [ RunTime:0.000055s ]
INFO: [ app_begin ] --END-- [ RunTime:0.000114s ]
INFO: [ action_begin ] --START--
INFO: [ action_begin ] --END-- [ RunTime:0.000051s ]
SQL: SHOW COLUMNS FROM `department_info` [ RunTime:0.001527s ]
SQL: SELECT * FROM `department_info` WHERE ( `dep_id` = '5' ) LIMIT 1   [ RunTime:0.000294s ]
INFO: [ app_end ] --START--
INFO: Run Behavior\ShowPageTrace [ RunTime:0.000053s ]
INFO: [ app_end ] --END-- [ RunTime:0.000122s ]

[ 2017-08-31T12:52:21+08:00 ] 117.136.79.164 /health/management/Application/index.php/Connector/Doc/getDocDetail?doc_id=32
INFO: [ app_init ] --START--
INFO: [ app_init ] --END-- [ RunTime:0.000338s ]
INFO: [ path_info ] --START--
INFO: [ path_info ] --END-- [ RunTime:0.000028s ]
INFO: [ app_begin ] --START--
INFO: Run Behavior\ReadHtmlCache [ RunTime:0.000048s ]
INFO: [ app_begin ] --END-- [ RunTime:0.000098s ]
INFO: [ action_begin ] --START--
INFO: [ action_begin ] --END-- [ RunTime:0.000030s ]
NOTIC: [2048] Declaration of Admin\Model\DoctorInfoModel::_after_insert() should be compatible with Think\Model::_after_insert($data, $options) C:\phpstudy\WWW\health\management\Application\Admin\Model\DoctorInfoModel.class.php 第 7 行.
SQL: SHOW COLUMNS FROM `doctor_info` [ RunTime:0.001806s ]
SQL: SELECT a.*,b.hos_name,c.dep_name FROM doctor_info a LEFT JOIN hospital_info b on a.hos_id=b.hos_id LEFT JOIN department_info c on a.depa_id=c.dep_id WHERE ( `doc_id` = '32' ) LIMIT 1   [ RunTime:0.000474s ]
INFO: [ app_end ] --START--
INFO: Run Behavior\ShowPageTrace [ RunTime:0.000038s ]
INFO: [ app_end ] --END-- [ RunTime:0.000085s ]

[ 2017-08-31T12:52:21+08:00 ] 117.136.79.164 /health/management/Application/index.php/Connector/Tuijian/user_doc
INFO: [ app_init ] --START--
INFO: [ app_init ] --END-- [ RunTime:0.000342s ]
INFO: [ path_info ] --START--
INFO: [ path_info ] --END-- [ RunTime:0.000028s ]
INFO: [ app_begin ] --START--
INFO: Run Behavior\ReadHtmlCache [ RunTime:0.000041s ]
INFO: [ app_begin ] --END-- [ RunTime:0.000091s ]
INFO: [ action_begin ] --START--
INFO: [ action_begin ] --END-- [ RunTime:0.000055s ]
SQL: SHOW COLUMNS FROM `user_doc` [ RunTime:0.001681s ]
SQL: SELECT * FROM `user_doc` WHERE ( `doc_id` = '32' ) AND ( `user_phone` = 'null' ) LIMIT 1   [ RunTime:0.000238s ]
SQL: INSERT INTO `user_doc` (`doc_id`,`user_phone`) VALUES ('32','null') [ RunTime:0.000208s ]
INFO: [ app_end ] --START--
INFO: Run Behavior\ShowPageTrace [ RunTime:0.000038s ]
INFO: [ app_end ] --END-- [ RunTime:0.000082s ]

[ 2017-08-31T12:52:21+08:00 ] 117.136.79.164 /health/management/Application/index.php/Connector/User/isAttention
INFO: [ app_init ] --START--
INFO: [ app_init ] --END-- [ RunTime:0.000386s ]
INFO: [ path_info ] --START--
INFO: [ path_info ] --END-- [ RunTime:0.000033s ]
INFO: [ app_begin ] --START--
INFO: Run Behavior\ReadHtmlCache [ RunTime:0.000039s ]
INFO: [ app_begin ] --END-- [ RunTime:0.000085s ]
INFO: [ action_begin ] --START--
INFO: [ action_begin ] --END-- [ RunTime:0.000036s ]
SQL: SHOW COLUMNS FROM `attention_doc` [ RunTime:0.001757s ]
SQL: SELECT * FROM `attention_doc` WHERE ( `doc_phone` = '15768651575' ) AND ( `user_phone` = 'null' ) LIMIT 1   [ RunTime:0.000280s ]
INFO: [ app_end ] --START--
INFO: Run Behavior\ShowPageTrace [ RunTime:0.000040s ]
INFO: [ app_end ] --END-- [ RunTime:0.000088s ]

[ 2017-08-31T12:52:21+08:00 ] 117.136.79.164 /health/management/Application/index.php/Connector/User/get_pingjia
INFO: [ app_init ] --START--
INFO: [ app_init ] --END-- [ RunTime:0.000341s ]
INFO: [ path_info ] --START--
INFO: [ path_info ] --END-- [ RunTime:0.000028s ]
INFO: [ app_begin ] --START--
INFO: Run Behavior\ReadHtmlCache [ RunTime:0.000041s ]
INFO: [ app_begin ] --END-- [ RunTime:0.000089s ]
INFO: [ action_begin ] --START--
INFO: [ action_begin ] --END-- [ RunTime:0.000044s ]
SQL: SHOW COLUMNS FROM `pingjia` [ RunTime:0.001845s ]
SQL: SELECT a.*,b.user_name FROM pingjia a LEFT JOIN user_info b on b.user_phone=a.user_phone WHERE ( `doc_phone` = '15768651575' )  [ RunTime:0.000447s ]
INFO: [ app_end ] --START--
INFO: Run Behavior\ShowPageTrace [ RunTime:0.000039s ]
INFO: [ app_end ] --END-- [ RunTime:0.000086s ]

[ 2017-08-31T12:52:30+08:00 ] 117.136.79.164 /health/management/Application/index.php/Connector/Doc/getDocDetail?doc_id=69
INFO: [ app_init ] --START--
INFO: [ app_init ] --END-- [ RunTime:0.000391s ]
INFO: [ path_info ] --START--
INFO: [ path_info ] --END-- [ RunTime:0.000028s ]
INFO: [ app_begin ] --START--
INFO: Run Behavior\ReadHtmlCache [ RunTime:0.000042s ]
INFO: [ app_begin ] --END-- [ RunTime:0.000091s ]
INFO: [ action_begin ] --START--
INFO: [ action_begin ] --END-- [ RunTime:0.000029s ]
NOTIC: [2048] Declaration of Admin\Model\DoctorInfoModel::_after_insert() should be compatible with Think\Model::_after_insert($data, $options) C:\phpstudy\WWW\health\management\Application\Admin\Model\DoctorInfoModel.class.php 第 7 行.
SQL: SHOW COLUMNS FROM `doctor_info` [ RunTime:0.001822s ]
SQL: SELECT a.*,b.hos_name,c.dep_name FROM doctor_info a LEFT JOIN hospital_info b on a.hos_id=b.hos_id LEFT JOIN department_info c on a.depa_id=c.dep_id WHERE ( `doc_id` = '69' ) LIMIT 1   [ RunTime:0.000511s ]
INFO: [ app_end ] --START--
INFO: Run Behavior\ShowPageTrace [ RunTime:0.000037s ]
INFO: [ app_end ] --END-- [ RunTime:0.000087s ]

[ 2017-08-31T12:52:31+08:00 ] 117.136.79.164 /health/management/Application/index.php/Connector/User/get_pingjia
INFO: [ app_init ] --START--
INFO: [ app_init ] --END-- [ RunTime:0.000315s ]
INFO: [ path_info ] --START--
INFO: [ path_info ] --END-- [ RunTime:0.000028s ]
INFO: [ app_begin ] --START--
INFO: Run Behavior\ReadHtmlCache [ RunTime:0.000049s ]
INFO: [ app_begin ] --END-- [ RunTime:0.000145s ]
INFO: [ action_begin ] --START--
INFO: [ action_begin ] --END-- [ RunTime:0.000038s ]
SQL: SHOW COLUMNS FROM `pingjia` [ RunTime:0.001542s ]
SQL: SELECT a.*,b.user_name FROM pingjia a LEFT JOIN user_info b on b.user_phone=a.user_phone WHERE ( `doc_phone` = '13756555056' )  [ RunTime:0.000303s ]
INFO: [ app_end ] --START--
INFO: Run Behavior\ShowPageTrace [ RunTime:0.000036s ]
INFO: [ app_end ] --END-- [ RunTime:0.000083s ]

[ 2017-08-31T12:52:31+08:00 ] 117.136.79.164 /health/management/Application/index.php/Connector/User/isAttention
INFO: [ app_init ] --START--
INFO: [ app_init ] --END-- [ RunTime:0.000316s ]
INFO: [ path_info ] --START--
INFO: [ path_info ] --END-- [ RunTime:0.000029s ]
INFO: [ app_begin ] --START--
INFO: Run Behavior\ReadHtmlCache [ RunTime:0.000038s ]
INFO: [ app_begin ] --END-- [ RunTime:0.000085s ]
INFO: [ action_begin ] --START--
INFO: [ action_begin ] --END-- [ RunTime:0.000030s ]
SQL: SHOW COLUMNS FROM `attention_doc` [ RunTime:0.001535s ]
SQL: SELECT * FROM `attention_doc` WHERE ( `doc_phone` = '13756555056' ) AND ( `user_phone` = 'null' ) LIMIT 1   [ RunTime:0.000277s ]
INFO: [ app_end ] --START--
INFO: Run Behavior\ShowPageTrace [ RunTime:0.000041s ]
INFO: [ app_end ] --END-- [ RunTime:0.000091s ]

[ 2017-08-31T18:29:31+08:00 ] 121.34.154.69 /health/management/Application/index.php/Connector/User/login
INFO: [ app_init ] --START--
INFO: [ app_init ] --END-- [ RunTime:0.000464s ]
INFO: [ path_info ] --START--
INFO: [ path_info ] --END-- [ RunTime:0.000029s ]
INFO: [ app_begin ] --START--
INFO: Run Behavior\ReadHtmlCache [ RunTime:0.000042s ]
INFO: [ app_begin ] --END-- [ RunTime:0.000099s ]
INFO: [ action_begin ] --START--
INFO: [ action_begin ] --END-- [ RunTime:0.000031s ]
SQL: SHOW COLUMNS FROM `user_info` [ RunTime:0.001887s ]
SQL: SELECT * FROM `user_info` WHERE ( `user_phone` = '15768650568' ) AND ( `user_token` = '292cc47d35932ed77fc9eff6bd9c9857' ) LIMIT 1   [ RunTime:0.000392s ]
SQL: UPDATE `user_info` SET `user_token`='c1531d8838fc30355c9c153f108669fa',`token_time`='2017-08-31 18:29:31',`login_time`='2017-08-31 18:29:31' WHERE ( `user_phone` = '15768650568' ) AND ( `user_token` = '292cc47d35932ed77fc9eff6bd9c9857' ) [ RunTime:0.006192s ]
INFO: [ app_end ] --START--
INFO: Run Behavior\ShowPageTrace [ RunTime:0.000038s ]
INFO: [ app_end ] --END-- [ RunTime:0.000086s ]

[ 2017-08-31T18:29:33+08:00 ] 121.34.154.69 /health/management/Application/index.php/Connector/Hos/getHotHos
INFO: [ app_init ] --START--
INFO: [ app_init ] --END-- [ RunTime:0.000368s ]
INFO: [ path_info ] --START--
INFO: [ path_info ] --END-- [ RunTime:0.000029s ]
INFO: [ app_begin ] --START--
INFO: Run Behavior\ReadHtmlCache [ RunTime:0.000041s ]
INFO: [ app_begin ] --END-- [ RunTime:0.000091s ]
INFO: [ action_begin ] --START--
INFO: [ action_begin ] --END-- [ RunTime:0.000030s ]
SQL: SHOW COLUMNS FROM `hospital_info` [ RunTime:0.002003s ]
SQL: SELECT * FROM `hospital_info` ORDER BY hos_attention desc LIMIT 4   [ RunTime:0.000456s ]
INFO: [ app_end ] --START--
INFO: Run Behavior\ShowPageTrace [ RunTime:0.000032s ]
INFO: [ app_end ] --END-- [ RunTime:0.000078s ]

[ 2017-08-31T18:29:33+08:00 ] 121.34.154.69 /health/management/Application/index.php/Connector/Doc/getHotDoc
INFO: [ app_init ] --START--
INFO: [ app_init ] --END-- [ RunTime:0.000338s ]
INFO: [ path_info ] --START--
INFO: [ path_info ] --END-- [ RunTime:0.000029s ]
INFO: [ app_begin ] --START--
INFO: Run Behavior\ReadHtmlCache [ RunTime:0.000039s ]
INFO: [ app_begin ] --END-- [ RunTime:0.000087s ]
INFO: [ action_begin ] --START--
INFO: [ action_begin ] --END-- [ RunTime:0.000029s ]
NOTIC: [2048] Declaration of Admin\Model\DoctorInfoModel::_after_insert() should be compatible with Think\Model::_after_insert($data, $options) C:\phpstudy\WWW\health\management\Application\Admin\Model\DoctorInfoModel.class.php 第 7 行.
SQL: SHOW COLUMNS FROM `doctor_info` [ RunTime:0.001822s ]
SQL: SELECT a.*,b.hos_name FROM doctor_info a LEFT JOIN hospital_info b on a.hos_id=b.hos_id ORDER BY doc_R desc LIMIT 8   [ RunTime:0.000641s ]
INFO: [ app_end ] --START--
INFO: Run Behavior\ShowPageTrace [ RunTime:0.000032s ]
INFO: [ app_end ] --END-- [ RunTime:0.000081s ]

[ 2017-08-31T18:29:34+08:00 ] 121.34.154.69 /health/management/Application/index.php/Connector/User/getuserInfo
INFO: [ app_init ] --START--
INFO: [ app_init ] --END-- [ RunTime:0.000357s ]
INFO: [ path_info ] --START--
INFO: [ path_info ] --END-- [ RunTime:0.000029s ]
INFO: [ app_begin ] --START--
INFO: Run Behavior\ReadHtmlCache [ RunTime:0.000041s ]
INFO: [ app_begin ] --END-- [ RunTime:0.000091s ]
INFO: [ action_begin ] --START--
INFO: [ action_begin ] --END-- [ RunTime:0.000153s ]
SQL: SHOW COLUMNS FROM `user_info` [ RunTime:0.001796s ]
SQL: SELECT * FROM `user_info` WHERE ( `user_phone` = '15768650568' ) LIMIT 1   [ RunTime:0.000379s ]
INFO: [ app_end ] --START--
INFO: Run Behavior\ShowPageTrace [ RunTime:0.000037s ]
INFO: [ app_end ] --END-- [ RunTime:0.000086s ]

[ 2017-08-31T18:29:36+08:00 ] 121.34.154.69 /health/management/application/index.php/Connector/Tuijian/get_dep_doc
INFO: [ app_init ] --START--
INFO: [ app_init ] --END-- [ RunTime:0.000329s ]
INFO: [ path_info ] --START--
INFO: [ path_info ] --END-- [ RunTime:0.000028s ]
INFO: [ app_begin ] --START--
INFO: Run Behavior\ReadHtmlCache [ RunTime:0.000040s ]
INFO: [ app_begin ] --END-- [ RunTime:0.000087s ]
INFO: [ action_begin ] --START--
INFO: [ action_begin ] --END-- [ RunTime:0.000030s ]
SQL: SHOW COLUMNS FROM `department_info` [ RunTime:0.001610s ]
SQL: SELECT * FROM `department_info` LIMIT 1   [ RunTime:0.000239s ]
SQL: SHOW COLUMNS FROM `doctor_info` [ RunTime:0.001995s ]
SQL: SELECT a.*,b.hos_name,c.dep_name FROM doctor_info a LEFT JOIN hospital_info b on a.hos_id=b.hos_id LEFT JOIN department_info c on a.depa_id=c.dep_id WHERE ( c.parent_id = '14' ) AND ( b.hos_address LIKE '%定位中%' ) ORDER BY a.doc_R desc  [ RunTime:0.001404s ]
SQL: SELECT a.*,b.hos_name,c.dep_name FROM doctor_info a LEFT JOIN hospital_info b on a.hos_id=b.hos_id LEFT JOIN department_info c on a.depa_id=c.dep_id WHERE ( a.depa_id = '14' ) AND ( b.hos_address LIKE '%定位中%' ) ORDER BY a.doc_R desc  [ RunTime:0.000455s ]
INFO: [ app_end ] --START--
INFO: Run Behavior\ShowPageTrace [ RunTime:0.000036s ]
INFO: [ app_end ] --END-- [ RunTime:0.000082s ]

[ 2017-08-31T18:29:36+08:00 ] 121.34.154.69 /health/management/application/index.php/Connector/Depa/getdepname
INFO: [ app_init ] --START--
INFO: [ app_init ] --END-- [ RunTime:0.000359s ]
INFO: [ path_info ] --START--
INFO: [ path_info ] --END-- [ RunTime:0.000028s ]
INFO: [ app_begin ] --START--
INFO: Run Behavior\ReadHtmlCache [ RunTime:0.000055s ]
INFO: [ app_begin ] --END-- [ RunTime:0.000132s ]
INFO: [ action_begin ] --START--
INFO: [ action_begin ] --END-- [ RunTime:0.000064s ]
SQL: SHOW COLUMNS FROM `department_info` [ RunTime:0.001708s ]
SQL: SELECT * FROM `department_info` WHERE ( `dep_id` = '14' ) LIMIT 1   [ RunTime:0.000312s ]
INFO: [ app_end ] --START--
INFO: Run Behavior\ShowPageTrace [ RunTime:0.000038s ]
INFO: [ app_end ] --END-- [ RunTime:0.000084s ]

[ 2017-08-31T18:29:43+08:00 ] 121.34.154.69 /health/management/Application/index.php/Connector/Doc/getDocDetail?doc_id=47
INFO: [ app_init ] --START--
INFO: [ app_init ] --END-- [ RunTime:0.000315s ]
INFO: [ path_info ] --START--
INFO: [ path_info ] --END-- [ RunTime:0.000028s ]
INFO: [ app_begin ] --START--
INFO: Run Behavior\ReadHtmlCache [ RunTime:0.000043s ]
INFO: [ app_begin ] --END-- [ RunTime:0.000091s ]
INFO: [ action_begin ] --START--
INFO: [ action_begin ] --END-- [ RunTime:0.000030s ]
NOTIC: [2048] Declaration of Admin\Model\DoctorInfoModel::_after_insert() should be compatible with Think\Model::_after_insert($data, $options) C:\phpstudy\WWW\health\management\Application\Admin\Model\DoctorInfoModel.class.php 第 7 行.
SQL: SHOW COLUMNS FROM `doctor_info` [ RunTime:0.001775s ]
SQL: SELECT a.*,b.hos_name,c.dep_name FROM doctor_info a LEFT JOIN hospital_info b on a.hos_id=b.hos_id LEFT JOIN department_info c on a.depa_id=c.dep_id WHERE ( `doc_id` = '47' ) LIMIT 1   [ RunTime:0.000487s ]
INFO: [ app_end ] --START--
INFO: Run Behavior\ShowPageTrace [ RunTime:0.000033s ]
INFO: [ app_end ] --END-- [ RunTime:0.000079s ]

[ 2017-08-31T18:29:43+08:00 ] 121.34.154.69 /health/management/Application/index.php/Connector/User/get_pingjia
INFO: [ app_init ] --START--
INFO: [ app_init ] --END-- [ RunTime:0.000348s ]
INFO: [ path_info ] --START--
INFO: [ path_info ] --END-- [ RunTime:0.000029s ]
INFO: [ app_begin ] --START--
INFO: Run Behavior\ReadHtmlCache [ RunTime:0.000039s ]
INFO: [ app_begin ] --END-- [ RunTime:0.000086s ]
INFO: [ action_begin ] --START--
INFO: [ action_begin ] --END-- [ RunTime:0.000029s ]
SQL: SHOW COLUMNS FROM `pingjia` [ RunTime:0.002017s ]
SQL: SELECT a.*,b.user_name FROM pingjia a LEFT JOIN user_info b on b.user_phone=a.user_phone WHERE ( `doc_phone` = '15768651555' )  [ RunTime:0.000360s ]
INFO: [ app_end ] --START--
INFO: Run Behavior\ShowPageTrace [ RunTime:0.000033s ]
INFO: [ app_end ] --END-- [ RunTime:0.000075s ]

[ 2017-08-31T18:29:43+08:00 ] 121.34.154.69 /health/management/Application/index.php/Connector/User/isAttention
INFO: [ app_init ] --START--
INFO: [ app_init ] --END-- [ RunTime:0.000309s ]
INFO: [ path_info ] --START--
INFO: [ path_info ] --END-- [ RunTime:0.000028s ]
INFO: [ app_begin ] --START--
INFO: Run Behavior\ReadHtmlCache [ RunTime:0.000037s ]
INFO: [ app_begin ] --END-- [ RunTime:0.000082s ]
INFO: [ action_begin ] --START--
INFO: [ action_begin ] --END-- [ RunTime:0.000029s ]
SQL: SHOW COLUMNS FROM `attention_doc` [ RunTime:0.001589s ]
SQL: SELECT * FROM `attention_doc` WHERE ( `doc_phone` = '15768651555' ) AND ( `user_phone` = '15768650568' ) LIMIT 1   [ RunTime:0.000256s ]
INFO: [ app_end ] --START--
INFO: Run Behavior\ShowPageTrace [ RunTime:0.000034s ]
INFO: [ app_end ] --END-- [ RunTime:0.000081s ]

[ 2017-08-31T18:29:45+08:00 ] 121.34.154.69 /health/management/Application/index.php/Connector/Doc/getDocDetail?doc_id=47
INFO: [ app_init ] --START--
INFO: [ app_init ] --END-- [ RunTime:0.000315s ]
INFO: [ path_info ] --START--
INFO: [ path_info ] --END-- [ RunTime:0.000029s ]
INFO: [ app_begin ] --START--
INFO: Run Behavior\ReadHtmlCache [ RunTime:0.000041s ]
INFO: [ app_begin ] --END-- [ RunTime:0.000091s ]
INFO: [ action_begin ] --START--
INFO: [ action_begin ] --END-- [ RunTime:0.000030s ]
NOTIC: [2048] Declaration of Admin\Model\DoctorInfoModel::_after_insert() should be compatible with Think\Model::_after_insert($data, $options) C:\phpstudy\WWW\health\management\Application\Admin\Model\DoctorInfoModel.class.php 第 7 行.
SQL: SHOW COLUMNS FROM `doctor_info` [ RunTime:0.001788s ]
SQL: SELECT a.*,b.hos_name,c.dep_name FROM doctor_info a LEFT JOIN hospital_info b on a.hos_id=b.hos_id LEFT JOIN department_info c on a.depa_id=c.dep_id WHERE ( `doc_id` = '47' ) LIMIT 1   [ RunTime:0.000498s ]
INFO: [ app_end ] --START--
INFO: Run Behavior\ShowPageTrace [ RunTime:0.000045s ]
INFO: [ app_end ] --END-- [ RunTime:0.000105s ]

[ 2017-08-31T18:29:53+08:00 ] 121.34.154.69 /health/management/Application/index.php/Connector/Doc/getDocDetail?doc_id=42
INFO: [ app_init ] --START--
INFO: [ app_init ] --END-- [ RunTime:0.000322s ]
INFO: [ path_info ] --START--
INFO: [ path_info ] --END-- [ RunTime:0.000028s ]
INFO: [ app_begin ] --START--
INFO: Run Behavior\ReadHtmlCache [ RunTime:0.000045s ]
INFO: [ app_begin ] --END-- [ RunTime:0.000094s ]
INFO: [ action_begin ] --START--
INFO: [ action_begin ] --END-- [ RunTime:0.000035s ]
NOTIC: [2048] Declaration of Admin\Model\DoctorInfoModel::_after_insert() should be compatible with Think\Model::_after_insert($data, $options) C:\phpstudy\WWW\health\management\Application\Admin\Model\DoctorInfoModel.class.php 第 7 行.
SQL: SHOW COLUMNS FROM `doctor_info` [ RunTime:0.001889s ]
SQL: SELECT a.*,b.hos_name,c.dep_name FROM doctor_info a LEFT JOIN hospital_info b on a.hos_id=b.hos_id LEFT JOIN department_info c on a.depa_id=c.dep_id WHERE ( `doc_id` = '42' ) LIMIT 1   [ RunTime:0.000541s ]
INFO: [ app_end ] --START--
INFO: Run Behavior\ShowPageTrace [ RunTime:0.000053s ]
INFO: [ app_end ] --END-- [ RunTime:0.000129s ]

[ 2017-08-31T18:29:53+08:00 ] 121.34.154.69 /health/management/Application/index.php/Connector/User/get_pingjia
INFO: [ app_init ] --START--
INFO: [ app_init ] --END-- [ RunTime:0.000352s ]
INFO: [ path_info ] --START--
INFO: [ path_info ] --END-- [ RunTime:0.000041s ]
INFO: [ app_begin ] --START--
INFO: Run Behavior\ReadHtmlCache [ RunTime:0.000062s ]
INFO: [ app_begin ] --END-- [ RunTime:0.000133s ]
INFO: [ action_begin ] --START--
INFO: [ action_begin ] --END-- [ RunTime:0.000031s ]
SQL: SHOW COLUMNS FROM `pingjia` [ RunTime:0.001593s ]
SQL: SELECT a.*,b.user_name FROM pingjia a LEFT JOIN user_info b on b.user_phone=a.user_phone WHERE ( `doc_phone` = '15768653535' )  [ RunTime:0.000408s ]
INFO: [ app_end ] --START--
INFO: Run Behavior\ShowPageTrace [ RunTime:0.000035s ]
INFO: [ app_end ] --END-- [ RunTime:0.000080s ]

[ 2017-08-31T18:29:54+08:00 ] 121.34.154.69 /health/management/Application/index.php/Connector/User/isAttention
INFO: [ app_init ] --START--
INFO: [ app_init ] --END-- [ RunTime:0.000314s ]
INFO: [ path_info ] --START--
INFO: [ path_info ] --END-- [ RunTime:0.000030s ]
INFO: [ app_begin ] --START--
INFO: Run Behavior\ReadHtmlCache [ RunTime:0.000039s ]
INFO: [ app_begin ] --END-- [ RunTime:0.000096s ]
INFO: [ action_begin ] --START--
INFO: [ action_begin ] --END-- [ RunTime:0.000030s ]
SQL: SHOW COLUMNS FROM `attention_doc` [ RunTime:0.001576s ]
SQL: SELECT * FROM `attention_doc` WHERE ( `doc_phone` = '15768653535' ) AND ( `user_phone` = '15768650568' ) LIMIT 1   [ RunTime:0.000277s ]
INFO: [ app_end ] --START--
INFO: Run Behavior\ShowPageTrace [ RunTime:0.000038s ]
INFO: [ app_end ] --END-- [ RunTime:0.000084s ]

[ 2017-08-31T18:29:57+08:00 ] 121.34.154.69 /health/management/Application/index.php/Connector/hos/getHosDetail?hos_id=76
INFO: [ app_init ] --START--
INFO: [ app_init ] --END-- [ RunTime:0.000323s ]
INFO: [ path_info ] --START--
INFO: [ path_info ] --END-- [ RunTime:0.000028s ]
INFO: [ app_begin ] --START--
INFO: Run Behavior\ReadHtmlCache [ RunTime:0.000042s ]
INFO: [ app_begin ] --END-- [ RunTime:0.000089s ]
INFO: [ action_begin ] --START--
INFO: [ action_begin ] --END-- [ RunTime:0.000030s ]
NOTIC: [2048] Declaration of Admin\Model\HospitalInfoModel::_after_insert() should be compatible with Think\Model::_after_insert($data, $options) C:\phpstudy\WWW\health\management\Application\Admin\Model\HospitalInfoModel.class.php 第 7 行.
SQL: SHOW COLUMNS FROM `hospital_info` [ RunTime:0.001618s ]
SQL: SELECT * FROM `hospital_info` WHERE ( `hos_id` = 76 ) LIMIT 1   [ RunTime:0.000321s ]
INFO: [ app_end ] --START--
INFO: Run Behavior\ShowPageTrace [ RunTime:0.000035s ]
INFO: [ app_end ] --END-- [ RunTime:0.000080s ]

[ 2017-08-31T18:29:57+08:00 ] 121.34.154.69 /health/management/Application/index.php/Connector/Hos/getHosImg?hos_id=76
INFO: [ app_init ] --START--
INFO: [ app_init ] --END-- [ RunTime:0.000338s ]
INFO: [ path_info ] --START--
INFO: [ path_info ] --END-- [ RunTime:0.000029s ]
INFO: [ app_begin ] --START--
INFO: Run Behavior\ReadHtmlCache [ RunTime:0.000041s ]
INFO: [ app_begin ] --END-- [ RunTime:0.000093s ]
INFO: [ action_begin ] --START--
INFO: [ action_begin ] --END-- [ RunTime:0.000040s ]
SQL: SHOW COLUMNS FROM `hos_img` [ RunTime:0.001506s ]
SQL: SELECT * FROM `hos_img` WHERE ( `hos_id` = '76' )  [ RunTime:0.000297s ]
INFO: [ app_end ] --START--
INFO: Run Behavior\ShowPageTrace [ RunTime:0.000038s ]
INFO: [ app_end ] --END-- [ RunTime:0.000086s ]

[ 2017-08-31T18:29:57+08:00 ] 121.34.154.69 /health/management/Application/index.php/Connector/User/isAttentionHos
INFO: [ app_init ] --START--
INFO: [ app_init ] --END-- [ RunTime:0.000421s ]
INFO: [ path_info ] --START--
INFO: [ path_info ] --END-- [ RunTime:0.000034s ]
INFO: [ app_begin ] --START--
INFO: Run Behavior\ReadHtmlCache [ RunTime:0.000038s ]
INFO: [ app_begin ] --END-- [ RunTime:0.000085s ]
INFO: [ action_begin ] --START--
INFO: [ action_begin ] --END-- [ RunTime:0.000031s ]
SQL: SHOW COLUMNS FROM `attention_hos` [ RunTime:0.001718s ]
SQL: SELECT * FROM `attention_hos` WHERE ( `hos_id` = '76' ) AND ( `user_phone` = '15768650568' ) LIMIT 1   [ RunTime:0.000248s ]
INFO: [ app_end ] --START--
INFO: Run Behavior\ShowPageTrace [ RunTime:0.000036s ]
INFO: [ app_end ] --END-- [ RunTime:0.000084s ]

[ 2017-08-31T18:30:04+08:00 ] 121.34.154.69 /health/management/Application/index.php/Connector/Hos/getHosImg?hos_id=56
INFO: [ app_init ] --START--
INFO: [ app_init ] --END-- [ RunTime:0.000323s ]
INFO: [ path_info ] --START--
INFO: [ path_info ] --END-- [ RunTime:0.000028s ]
INFO: [ app_begin ] --START--
INFO: Run Behavior\ReadHtmlCache [ RunTime:0.000061s ]
INFO: [ app_begin ] --END-- [ RunTime:0.000129s ]
INFO: [ action_begin ] --START--
INFO: [ action_begin ] --END-- [ RunTime:0.000029s ]
SQL: SHOW COLUMNS FROM `hos_img` [ RunTime:0.001528s ]
SQL: SELECT * FROM `hos_img` WHERE ( `hos_id` = '56' )  [ RunTime:0.000316s ]
INFO: [ app_end ] --START--
INFO: Run Behavior\ShowPageTrace [ RunTime:0.000035s ]
INFO: [ app_end ] --END-- [ RunTime:0.000082s ]

[ 2017-08-31T18:30:04+08:00 ] 121.34.154.69 /health/management/Application/index.php/Connector/hos/getHosDetail?hos_id=56
INFO: [ app_init ] --START--
INFO: [ app_init ] --END-- [ RunTime:0.000318s ]
INFO: [ path_info ] --START--
INFO: [ path_info ] --END-- [ RunTime:0.000027s ]
INFO: [ app_begin ] --START--
INFO: Run Behavior\ReadHtmlCache [ RunTime:0.000042s ]
INFO: [ app_begin ] --END-- [ RunTime:0.000090s ]
INFO: [ action_begin ] --START--
INFO: [ action_begin ] --END-- [ RunTime:0.000029s ]
NOTIC: [2048] Declaration of Admin\Model\HospitalInfoModel::_after_insert() should be compatible with Think\Model::_after_insert($data, $options) C:\phpstudy\WWW\health\management\Application\Admin\Model\HospitalInfoModel.class.php 第 7 行.
SQL: SHOW COLUMNS FROM `hospital_info` [ RunTime:0.002329s ]
SQL: SELECT * FROM `hospital_info` WHERE ( `hos_id` = 56 ) LIMIT 1   [ RunTime:0.000399s ]
INFO: [ app_end ] --START--
INFO: Run Behavior\ShowPageTrace [ RunTime:0.000037s ]
INFO: [ app_end ] --END-- [ RunTime:0.000089s ]

[ 2017-08-31T18:30:04+08:00 ] 121.34.154.69 /health/management/Application/index.php/Connector/User/isAttentionHos
INFO: [ app_init ] --START--
INFO: [ app_init ] --END-- [ RunTime:0.000310s ]
INFO: [ path_info ] --START--
INFO: [ path_info ] --END-- [ RunTime:0.000029s ]
INFO: [ app_begin ] --START--
INFO: Run Behavior\ReadHtmlCache [ RunTime:0.000037s ]
INFO: [ app_begin ] --END-- [ RunTime:0.000083s ]
INFO: [ action_begin ] --START--
INFO: [ action_begin ] --END-- [ RunTime:0.000029s ]
SQL: SHOW COLUMNS FROM `attention_hos` [ RunTime:0.001477s ]
SQL: SELECT * FROM `attention_hos` WHERE ( `hos_id` = '56' ) AND ( `user_phone` = '15768650568' ) LIMIT 1   [ RunTime:0.000219s ]
INFO: [ app_end ] --START--
INFO: Run Behavior\ShowPageTrace [ RunTime:0.000032s ]
INFO: [ app_end ] --END-- [ RunTime:0.000078s ]

[ 2017-08-31T18:30:11+08:00 ] 121.34.154.69 /health/management/Application/index.php/Connector/User/getKnowList
INFO: [ app_init ] --START--
INFO: [ app_init ] --END-- [ RunTime:0.000350s ]
INFO: [ path_info ] --START--
INFO: [ path_info ] --END-- [ RunTime:0.000028s ]
INFO: [ app_begin ] --START--
INFO: Run Behavior\ReadHtmlCache [ RunTime:0.000040s ]
INFO: [ app_begin ] --END-- [ RunTime:0.000089s ]
INFO: [ action_begin ] --START--
INFO: [ action_begin ] --END-- [ RunTime:0.000030s ]
SQL: SHOW COLUMNS FROM `health_know` [ RunTime:0.001685s ]
SQL: SELECT * FROM `health_know` ORDER BY know_see desc  [ RunTime:0.000618s ]
INFO: [ app_end ] --START--
INFO: Run Behavior\ShowPageTrace [ RunTime:0.000048s ]
INFO: [ app_end ] --END-- [ RunTime:0.000147s ]

[ 2017-08-31T18:30:12+08:00 ] 121.34.154.69 /health/management/Application/index.php/Connector/User/getKnowDetail?knowID=2
INFO: [ app_init ] --START--
INFO: [ app_init ] --END-- [ RunTime:0.000368s ]
INFO: [ path_info ] --START--
INFO: [ path_info ] --END-- [ RunTime:0.000029s ]
INFO: [ app_begin ] --START--
INFO: Run Behavior\ReadHtmlCache [ RunTime:0.000052s ]
INFO: [ app_begin ] --END-- [ RunTime:0.000104s ]
INFO: [ action_begin ] --START--
INFO: [ action_begin ] --END-- [ RunTime:0.000030s ]
SQL: SHOW COLUMNS FROM `health_know` [ RunTime:0.001482s ]
SQL: SELECT * FROM `health_know` WHERE ( `know_id` = 2 ) LIMIT 1   [ RunTime:0.000313s ]
SQL: UPDATE `health_know` SET `know_see`='98' WHERE ( `know_id` = 2 ) [ RunTime:0.002425s ]
INFO: [ app_end ] --START--
INFO: Run Behavior\ShowPageTrace [ RunTime:0.000031s ]
INFO: [ app_end ] --END-- [ RunTime:0.000081s ]

[ 2017-08-31T18:30:16+08:00 ] 121.34.154.69 /health/management/Application/index.php/Connector/User/getKnowDetail?knowID=5
INFO: [ app_init ] --START--
INFO: [ app_init ] --END-- [ RunTime:0.000359s ]
INFO: [ path_info ] --START--
INFO: [ path_info ] --END-- [ RunTime:0.000029s ]
INFO: [ app_begin ] --START--
INFO: Run Behavior\ReadHtmlCache [ RunTime:0.000044s ]
INFO: [ app_begin ] --END-- [ RunTime:0.000097s ]
INFO: [ action_begin ] --START--
INFO: [ action_begin ] --END-- [ RunTime:0.000057s ]
SQL: SHOW COLUMNS FROM `health_know` [ RunTime:0.001493s ]
SQL: SELECT * FROM `health_know` WHERE ( `know_id` = 5 ) LIMIT 1   [ RunTime:0.000307s ]
SQL: UPDATE `health_know` SET `know_see`='50' WHERE ( `know_id` = 5 ) [ RunTime:0.002492s ]
INFO: [ app_end ] --START--
INFO: Run Behavior\ShowPageTrace [ RunTime:0.000038s ]
INFO: [ app_end ] --END-- [ RunTime:0.000087s ]

[ 2017-08-31T18:30:22+08:00 ] 121.34.154.69 /health/management/Application/index.php/Connector/Health/getDiary?user_phone=15768650568&drug_date=2017831
INFO: [ app_init ] --START--
INFO: [ app_init ] --END-- [ RunTime:0.000354s ]
INFO: [ path_info ] --START--
INFO: [ path_info ] --END-- [ RunTime:0.000030s ]
INFO: [ app_begin ] --START--
INFO: Run Behavior\ReadHtmlCache [ RunTime:0.000041s ]
INFO: [ app_begin ] --END-- [ RunTime:0.000092s ]
INFO: [ action_begin ] --START--
INFO: [ action_begin ] --END-- [ RunTime:0.000030s ]
SQL: SHOW COLUMNS FROM `user_info` [ RunTime:0.001784s ]
SQL: SELECT `user_id` FROM `user_info` WHERE ( `user_phone` = '15768650568' ) LIMIT 1   [ RunTime:0.000248s ]
SQL: SHOW COLUMNS FROM `drug_diary` [ RunTime:0.001580s ]
SQL: SELECT * FROM `drug_diary` WHERE ( `user_id` = '1' ) AND ( `drug_date` = '2017831' )  [ RunTime:0.000309s ]
INFO: [ app_end ] --START--
INFO: Run Behavior\ShowPageTrace [ RunTime:0.000053s ]
INFO: [ app_end ] --END-- [ RunTime:0.000121s ]

[ 2017-08-31T18:30:25+08:00 ] 121.34.154.69 /health/management/Application/index.php/Connector/Health/getHisRelaName?user_phone=15768650568
INFO: [ app_init ] --START--
INFO: [ app_init ] --END-- [ RunTime:0.000358s ]
INFO: [ path_info ] --START--
INFO: [ path_info ] --END-- [ RunTime:0.000110s ]
INFO: [ app_begin ] --START--
INFO: Run Behavior\ReadHtmlCache [ RunTime:0.000078s ]
INFO: [ app_begin ] --END-- [ RunTime:0.000168s ]
INFO: [ action_begin ] --START--
INFO: [ action_begin ] --END-- [ RunTime:0.000033s ]
SQL: SHOW COLUMNS FROM `user_info` [ RunTime:0.001712s ]
SQL: SELECT `user_id` FROM `user_info` WHERE ( `user_phone` = '15768650568' ) LIMIT 1   [ RunTime:0.000236s ]
SQL: SHOW COLUMNS FROM `relative_info` [ RunTime:0.001484s ]
SQL: SELECT `relative_id`,`relative_name` FROM `relative_info` WHERE ( `user_id` = '1' )  [ RunTime:0.000230s ]
INFO: [ app_end ] --START--
INFO: Run Behavior\ShowPageTrace [ RunTime:0.000035s ]
INFO: [ app_end ] --END-- [ RunTime:0.000080s ]

[ 2017-08-31T18:30:25+08:00 ] 121.34.154.69 /health/management/Application/index.php/Connector/Health/get_online_vis
INFO: [ app_init ] --START--
INFO: [ app_init ] --END-- [ RunTime:0.000320s ]
INFO: [ path_info ] --START--
INFO: [ path_info ] --END-- [ RunTime:0.000028s ]
INFO: [ app_begin ] --START--
INFO: Run Behavior\ReadHtmlCache [ RunTime:0.000036s ]
INFO: [ app_begin ] --END-- [ RunTime:0.000083s ]
INFO: [ action_begin ] --START--
INFO: [ action_begin ] --END-- [ RunTime:0.000028s ]
SQL: SHOW COLUMNS FROM `zixun` [ RunTime:0.001638s ]
SQL: SELECT a.*,b.hos_name,c.dep_name,d.doc_name FROM zixun a LEFT JOIN doctor_info d on d.doc_phone=a.doc_phone LEFT JOIN hospital_info b on b.hos_id=d.hos_id LEFT JOIN department_info c on c.dep_id=d.depa_id WHERE ( a.user_phone = '15768650568' ) ORDER BY id desc  [ RunTime:0.005339s ]
INFO: [ app_end ] --START--
INFO: Run Behavior\ShowPageTrace [ RunTime:0.000031s ]
INFO: [ app_end ] --END-- [ RunTime:0.000081s ]

[ 2017-08-31T18:30:25+08:00 ] 121.34.154.69 /health/management/Application/index.php/Connector/Health/getHisVis?relative_id=0&user_phone=15768650568
INFO: [ app_init ] --START--
INFO: [ app_init ] --END-- [ RunTime:0.000371s ]
INFO: [ path_info ] --START--
INFO: [ path_info ] --END-- [ RunTime:0.000030s ]
INFO: [ app_begin ] --START--
INFO: Run Behavior\ReadHtmlCache [ RunTime:0.000040s ]
INFO: [ app_begin ] --END-- [ RunTime:0.000088s ]
INFO: [ action_begin ] --START--
INFO: [ action_begin ] --END-- [ RunTime:0.000033s ]
SQL: SHOW COLUMNS FROM `user_info` [ RunTime:0.001836s ]
SQL: SELECT `user_id` FROM `user_info` WHERE ( `user_phone` = '15768650568' ) LIMIT 1   [ RunTime:0.000198s ]
SQL: SHOW COLUMNS FROM `see_doc_case` [ RunTime:0.001438s ]
SQL: SELECT a.* FROM see_doc_case a WHERE ( a.relative_id = '0' ) AND ( a.user_id = '1' )  [ RunTime:0.000278s ]
INFO: [ app_end ] --START--
INFO: Run Behavior\ShowPageTrace [ RunTime:0.000032s ]
INFO: [ app_end ] --END-- [ RunTime:0.000076s ]

[ 2017-08-31T18:30:25+08:00 ] 121.34.154.69 /health/management/Application/index.php/Connector/Chufang/get_user_chufang
INFO: [ app_init ] --START--
INFO: [ app_init ] --END-- [ RunTime:0.000311s ]
INFO: [ path_info ] --START--
INFO: [ path_info ] --END-- [ RunTime:0.000028s ]
INFO: [ app_begin ] --START--
INFO: Run Behavior\ReadHtmlCache [ RunTime:0.000036s ]
INFO: [ app_begin ] --END-- [ RunTime:0.000087s ]
INFO: [ action_begin ] --START--
INFO: [ action_begin ] --END-- [ RunTime:0.000081s ]
SQL: SHOW COLUMNS FROM `chufang` [ RunTime:0.001467s ]
NOTIC: [8] Use of undefined constant eq - assumed 'eq' C:\phpstudy\WWW\health\management\Application\Connector\Controller\ChufangController.class.php 第 95 行.
SQL: SELECT * FROM `chufang` WHERE ( `user_phone` = '15768650568' ) ORDER BY cf_id desc  [ RunTime:0.000259s ]
INFO: [ app_end ] --START--
INFO: Run Behavior\ShowPageTrace [ RunTime:0.000032s ]
INFO: [ app_end ] --END-- [ RunTime:0.000073s ]

[ 2017-08-31T18:30:35+08:00 ] 121.34.154.69 /health/management/Application/index.php/Connector/Doc/login
INFO: [ app_init ] --START--
INFO: [ app_init ] --END-- [ RunTime:0.000356s ]
INFO: [ path_info ] --START--
INFO: [ path_info ] --END-- [ RunTime:0.000028s ]
INFO: [ app_begin ] --START--
INFO: Run Behavior\ReadHtmlCache [ RunTime:0.000079s ]
INFO: [ app_begin ] --END-- [ RunTime:0.000149s ]
INFO: [ action_begin ] --START--
INFO: [ action_begin ] --END-- [ RunTime:0.000030s ]
SQL: SHOW COLUMNS FROM `doctor_info` [ RunTime:0.001684s ]
SQL: SELECT * FROM `doctor_info` WHERE ( `doc_phone` = '15768653535' ) AND ( `doc_token` = '392b7492c0fae4da5889da8294736019' ) LIMIT 1   [ RunTime:0.000422s ]
INFO: [ app_end ] --START--
INFO: Run Behavior\ShowPageTrace [ RunTime:0.000033s ]
INFO: [ app_end ] --END-- [ RunTime:0.000078s ]

[ 2017-08-31T18:30:36+08:00 ] 121.34.154.69 /health/management/Application/index.php/Connector/Zixun/mydoclist
INFO: [ app_init ] --START--
INFO: [ app_init ] --END-- [ RunTime:0.000339s ]
INFO: [ path_info ] --START--
INFO: [ path_info ] --END-- [ RunTime:0.000028s ]
INFO: [ app_begin ] --START--
INFO: Run Behavior\ReadHtmlCache [ RunTime:0.000040s ]
INFO: [ app_begin ] --END-- [ RunTime:0.000087s ]
INFO: [ action_begin ] --START--
INFO: [ action_begin ] --END-- [ RunTime:0.000030s ]
SQL: SHOW COLUMNS FROM `my_doc` [ RunTime:0.001688s ]
NOTIC: [8] Use of undefined constant eq - assumed 'eq' C:\phpstudy\WWW\health\management\Application\Connector\Controller\ZixunController.class.php 第 91 行.
SQL: SELECT a.*,b.* FROM my_doc a LEFT JOIN user_info b on a.user_phone=b.user_phone WHERE ( a.doc_phone = 'null' )  [ RunTime:0.000396s ]
INFO: [ app_end ] --START--
INFO: Run Behavior\ShowPageTrace [ RunTime:0.000037s ]
INFO: [ app_end ] --END-- [ RunTime:0.000083s ]

[ 2017-08-31T18:30:36+08:00 ] 121.34.154.69 /health/management/Application/index.php/Connector/Doc/getDocDetail?doc_id=null
INFO: [ app_init ] --START--
INFO: [ app_init ] --END-- [ RunTime:0.000447s ]
INFO: [ path_info ] --START--
INFO: [ path_info ] --END-- [ RunTime:0.000028s ]
INFO: [ app_begin ] --START--
INFO: Run Behavior\ReadHtmlCache [ RunTime:0.000044s ]
INFO: [ app_begin ] --END-- [ RunTime:0.000092s ]
INFO: [ action_begin ] --START--
INFO: [ action_begin ] --END-- [ RunTime:0.000030s ]
NOTIC: [2048] Declaration of Admin\Model\DoctorInfoModel::_after_insert() should be compatible with Think\Model::_after_insert($data, $options) C:\phpstudy\WWW\health\management\Application\Admin\Model\DoctorInfoModel.class.php 第 7 行.
SQL: SHOW COLUMNS FROM `doctor_info` [ RunTime:0.001730s ]
SQL: SELECT a.*,b.hos_name,c.dep_name FROM doctor_info a LEFT JOIN hospital_info b on a.hos_id=b.hos_id LEFT JOIN department_info c on a.depa_id=c.dep_id WHERE ( `doc_id` = 'null' ) LIMIT 1   [ RunTime:0.000430s ]
NOTIC: [8] Undefined index: doc_img C:\phpstudy\WWW\health\management\Application\Connector\Controller\DocController.class.php 第 35 行.
INFO: [ app_end ] --START--
INFO: Run Behavior\ShowPageTrace [ RunTime:0.000036s ]
INFO: [ app_end ] --END-- [ RunTime:0.000082s ]

[ 2017-08-31T18:30:37+08:00 ] 121.34.154.69 /health/management/Application/index.php/Connector/Inquiry/getInquiry
INFO: [ app_init ] --START--
INFO: [ app_init ] --END-- [ RunTime:0.000327s ]
INFO: [ path_info ] --START--
INFO: [ path_info ] --END-- [ RunTime:0.000044s ]
INFO: [ app_begin ] --START--
INFO: Run Behavior\ReadHtmlCache [ RunTime:0.000043s ]
INFO: [ app_begin ] --END-- [ RunTime:0.000093s ]
INFO: [ action_begin ] --START--
INFO: [ action_begin ] --END-- [ RunTime:0.000029s ]
SQL: SHOW COLUMNS FROM `inquiry` [ RunTime:0.001617s ]
SQL: SELECT a.*,b.* FROM inquiry a LEFT JOIN user_info b on a.user_phone=b.user_phone ORDER BY id desc  [ RunTime:0.001874s ]
INFO: [ app_end ] --START--
INFO: Run Behavior\ShowPageTrace [ RunTime:0.000038s ]
INFO: [ app_end ] --END-- [ RunTime:0.000088s ]

[ 2017-08-31T18:30:43+08:00 ] 121.34.154.69 /health/management/Application/index.php/Connector/Inquiry/getInquiry_detail
INFO: [ app_init ] --START--
INFO: [ app_init ] --END-- [ RunTime:0.000371s ]
INFO: [ path_info ] --START--
INFO: [ path_info ] --END-- [ RunTime:0.000028s ]
INFO: [ app_begin ] --START--
INFO: Run Behavior\ReadHtmlCache [ RunTime:0.000038s ]
INFO: [ app_begin ] --END-- [ RunTime:0.000089s ]
INFO: [ action_begin ] --START--
INFO: [ action_begin ] --END-- [ RunTime:0.000029s ]
SQL: SHOW COLUMNS FROM `inquiry` [ RunTime:0.002119s ]
NOTIC: [8] Use of undefined constant eq - assumed 'eq' C:\phpstudy\WWW\health\management\Application\Connector\Controller\InquiryController.class.php 第 77 行.
SQL: SELECT a.*,b.* FROM inquiry a LEFT JOIN user_info b on a.user_phone=b.user_phone WHERE ( a.id = '13' ) LIMIT 1   [ RunTime:0.000552s ]
SQL: SHOW COLUMNS FROM `inqu_img` [ RunTime:0.001398s ]
NOTIC: [8] Use of undefined constant eq - assumed 'eq' C:\phpstudy\WWW\health\management\Application\Connector\Controller\InquiryController.class.php 第 84 行.
NOTIC: [8] Use of undefined constant eq - assumed 'eq' C:\phpstudy\WWW\health\management\Application\Connector\Controller\InquiryController.class.php 第 85 行.
SQL: SELECT * FROM `inqu_img` WHERE ( `user_phone` = '15768653949' ) AND ( `inqu_img_time` = '2017-05-05 01:02' )  [ RunTime:0.000221s ]
INFO: [ app_end ] --START--
INFO: Run Behavior\ShowPageTrace [ RunTime:0.000034s ]
INFO: [ app_end ] --END-- [ RunTime:0.000082s ]

[ 2017-08-31T18:30:47+08:00 ] 121.34.154.69 /health/management/Application/index.php/Connector/Tuijian/tiezi_num
INFO: [ app_init ] --START--
INFO: [ app_init ] --END-- [ RunTime:0.000433s ]
INFO: [ path_info ] --START--
INFO: [ path_info ] --END-- [ RunTime:0.000028s ]
INFO: [ app_begin ] --START--
INFO: Run Behavior\ReadHtmlCache [ RunTime:0.000037s ]
INFO: [ app_begin ] --END-- [ RunTime:0.000083s ]
INFO: [ action_begin ] --START--
INFO: [ action_begin ] --END-- [ RunTime:0.000030s ]
SQL: SHOW COLUMNS FROM `doctor_info` [ RunTime:0.001798s ]
SQL: SELECT * FROM `doctor_info` WHERE ( `doc_phone` = 'null' ) LIMIT 1   [ RunTime:0.000502s ]
SQL: UPDATE `doctor_info` SET `doc_tiezi_num`=1,`doc_R`=0 WHERE ( `doc_phone` = 'null' ) [ RunTime:0.000318s ]
INFO: [ app_end ] --START--
INFO: Run Behavior\ShowPageTrace [ RunTime:0.000033s ]
INFO: [ app_end ] --END-- [ RunTime:0.000074s ]

[ 2017-08-31T18:30:47+08:00 ] 121.34.154.69 /health/management/Application/index.php/Connector/User/mydoc
INFO: [ app_init ] --START--
INFO: [ app_init ] --END-- [ RunTime:0.000323s ]
INFO: [ path_info ] --START--
INFO: [ path_info ] --END-- [ RunTime:0.000028s ]
INFO: [ app_begin ] --START--
INFO: Run Behavior\ReadHtmlCache [ RunTime:0.000038s ]
INFO: [ app_begin ] --END-- [ RunTime:0.000085s ]
INFO: [ action_begin ] --START--
INFO: [ action_begin ] --END-- [ RunTime:0.000034s ]
SQL: SHOW COLUMNS FROM `my_doc` [ RunTime:0.001369s ]
SQL: SELECT * FROM `my_doc` WHERE ( `user_phone` = '15768653949' ) AND ( `doc_phone` = 'null' ) LIMIT 1   [ RunTime:0.000218s ]
SQL: INSERT INTO `my_doc` (`user_phone`,`doc_phone`,`my_doc_time`) VALUES ('15768653949','null','2017-08-31 18:30:47') [ RunTime:0.002893s ]
NOTIC: [2] Cannot use a scalar value as an array C:\phpstudy\WWW\health\management\Application\Connector\Controller\UserController.class.php 第 262 行.
INFO: [ app_end ] --START--
INFO: Run Behavior\ShowPageTrace [ RunTime:0.000035s ]
INFO: [ app_end ] --END-- [ RunTime:0.000079s ]

[ 2017-08-31T18:30:47+08:00 ] 121.34.154.69 /health/management/Application/index.php/Connector/Tuijian/tiezi_num
INFO: [ app_init ] --START--
INFO: [ app_init ] --END-- [ RunTime:0.000312s ]
INFO: [ path_info ] --START--
INFO: [ path_info ] --END-- [ RunTime:0.000029s ]
INFO: [ app_begin ] --START--
INFO: Run Behavior\ReadHtmlCache [ RunTime:0.000039s ]
INFO: [ app_begin ] --END-- [ RunTime:0.000095s ]
INFO: [ action_begin ] --START--
INFO: [ action_begin ] --END-- [ RunTime:0.000039s ]
SQL: SHOW COLUMNS FROM `doctor_info` [ RunTime:0.001684s ]
SQL: SELECT * FROM `doctor_info` WHERE ( `doc_phone` = 'null' ) LIMIT 1   [ RunTime:0.000532s ]
SQL: UPDATE `doctor_info` SET `doc_tiezi_num`=1,`doc_R`=0 WHERE ( `doc_phone` = 'null' ) [ RunTime:0.000338s ]
INFO: [ app_end ] --START--
INFO: Run Behavior\ShowPageTrace [ RunTime:0.000032s ]
INFO: [ app_end ] --END-- [ RunTime:0.000075s ]

[ 2017-08-31T18:30:47+08:00 ] 121.34.154.69 /health/management/Application/index.php/Connector/User/mydoc
INFO: [ app_init ] --START--
INFO: [ app_init ] --END-- [ RunTime:0.000307s ]
INFO: [ path_info ] --START--
INFO: [ path_info ] --END-- [ RunTime:0.000028s ]
INFO: [ app_begin ] --START--
INFO: Run Behavior\ReadHtmlCache [ RunTime:0.000039s ]
INFO: [ app_begin ] --END-- [ RunTime:0.000086s ]
INFO: [ action_begin ] --START--
INFO: [ action_begin ] --END-- [ RunTime:0.000031s ]
SQL: SHOW COLUMNS FROM `my_doc` [ RunTime:0.001457s ]
SQL: SELECT * FROM `my_doc` WHERE ( `user_phone` = '15768653949' ) AND ( `doc_phone` = 'null' ) LIMIT 1   [ RunTime:0.000243s ]
INFO: [ app_end ] --START--
INFO: Run Behavior\ShowPageTrace [ RunTime:0.000035s ]
INFO: [ app_end ] --END-- [ RunTime:0.000081s ]

[ 2017-08-31T18:30:47+08:00 ] 121.34.154.69 /health/management/Application/index.php/Connector/Tuijian/tiezi_num
INFO: [ app_init ] --START--
INFO: [ app_init ] --END-- [ RunTime:0.000326s ]
INFO: [ path_info ] --START--
INFO: [ path_info ] --END-- [ RunTime:0.000028s ]
INFO: [ app_begin ] --START--
INFO: Run Behavior\ReadHtmlCache [ RunTime:0.000057s ]
INFO: [ app_begin ] --END-- [ RunTime:0.000114s ]
INFO: [ action_begin ] --START--
INFO: [ action_begin ] --END-- [ RunTime:0.000029s ]
SQL: SHOW COLUMNS FROM `doctor_info` [ RunTime:0.001755s ]
SQL: SELECT * FROM `doctor_info` WHERE ( `doc_phone` = 'null' ) LIMIT 1   [ RunTime:0.000558s ]
SQL: UPDATE `doctor_info` SET `doc_tiezi_num`=1,`doc_R`=0 WHERE ( `doc_phone` = 'null' ) [ RunTime:0.000346s ]
INFO: [ app_end ] --START--
INFO: Run Behavior\ShowPageTrace [ RunTime:0.000035s ]
INFO: [ app_end ] --END-- [ RunTime:0.000079s ]

[ 2017-08-31T18:30:47+08:00 ] 121.34.154.69 /health/management/Application/index.php/Connector/User/mydoc
INFO: [ app_init ] --START--
INFO: [ app_init ] --END-- [ RunTime:0.000339s ]
INFO: [ path_info ] --START--
INFO: [ path_info ] --END-- [ RunTime:0.000030s ]
INFO: [ app_begin ] --START--
INFO: Run Behavior\ReadHtmlCache [ RunTime:0.000042s ]
INFO: [ app_begin ] --END-- [ RunTime:0.000089s ]
INFO: [ action_begin ] --START--
INFO: [ action_begin ] --END-- [ RunTime:0.000037s ]
SQL: SHOW COLUMNS FROM `my_doc` [ RunTime:0.001458s ]
SQL: SELECT * FROM `my_doc` WHERE ( `user_phone` = '15768653949' ) AND ( `doc_phone` = 'null' ) LIMIT 1   [ RunTime:0.000264s ]
INFO: [ app_end ] --START--
INFO: Run Behavior\ShowPageTrace [ RunTime:0.000047s ]
INFO: [ app_end ] --END-- [ RunTime:0.000097s ]

[ 2017-08-31T18:30:47+08:00 ] 121.34.154.69 /health/management/Application/index.php/Connector/Tuijian/tiezi_num
INFO: [ app_init ] --START--
INFO: [ app_init ] --END-- [ RunTime:0.000344s ]
INFO: [ path_info ] --START--
INFO: [ path_info ] --END-- [ RunTime:0.000030s ]
INFO: [ app_begin ] --START--
INFO: Run Behavior\ReadHtmlCache [ RunTime:0.000041s ]
INFO: [ app_begin ] --END-- [ RunTime:0.000090s ]
INFO: [ action_begin ] --START--
INFO: [ action_begin ] --END-- [ RunTime:0.000041s ]
SQL: SHOW COLUMNS FROM `doctor_info` [ RunTime:0.001567s ]
SQL: SELECT * FROM `doctor_info` WHERE ( `doc_phone` = 'null' ) LIMIT 1   [ RunTime:0.000474s ]
SQL: UPDATE `doctor_info` SET `doc_tiezi_num`=1,`doc_R`=0 WHERE ( `doc_phone` = 'null' ) [ RunTime:0.000334s ]
INFO: [ app_end ] --START--
INFO: Run Behavior\ShowPageTrace [ RunTime:0.000038s ]
INFO: [ app_end ] --END-- [ RunTime:0.000082s ]

[ 2017-08-31T18:30:47+08:00 ] 121.34.154.69 /health/management/Application/index.php/Connector/User/mydoc
INFO: [ app_init ] --START--
INFO: [ app_init ] --END-- [ RunTime:0.000316s ]
INFO: [ path_info ] --START--
INFO: [ path_info ] --END-- [ RunTime:0.000028s ]
INFO: [ app_begin ] --START--
INFO: Run Behavior\ReadHtmlCache [ RunTime:0.000040s ]
INFO: [ app_begin ] --END-- [ RunTime:0.000087s ]
INFO: [ action_begin ] --START--
INFO: [ action_begin ] --END-- [ RunTime:0.000030s ]
SQL: SHOW COLUMNS FROM `my_doc` [ RunTime:0.001596s ]
SQL: SELECT * FROM `my_doc` WHERE ( `user_phone` = '15768653949' ) AND ( `doc_phone` = 'null' ) LIMIT 1   [ RunTime:0.000256s ]
INFO: [ app_end ] --START--
INFO: Run Behavior\ShowPageTrace [ RunTime:0.000053s ]
INFO: [ app_end ] --END-- [ RunTime:0.000109s ]

[ 2017-08-31T18:30:48+08:00 ] 121.34.154.69 /health/management/Application/index.php/Connector/Zixun/mydoclist
INFO: [ app_init ] --START--
INFO: [ app_init ] --END-- [ RunTime:0.000372s ]
INFO: [ path_info ] --START--
INFO: [ path_info ] --END-- [ RunTime:0.000030s ]
INFO: [ app_begin ] --START--
INFO: Run Behavior\ReadHtmlCache [ RunTime:0.000040s ]
INFO: [ app_begin ] --END-- [ RunTime:0.000089s ]
INFO: [ action_begin ] --START--
INFO: [ action_begin ] --END-- [ RunTime:0.000040s ]
SQL: SHOW COLUMNS FROM `my_doc` [ RunTime:0.001653s ]
NOTIC: [8] Use of undefined constant eq - assumed 'eq' C:\phpstudy\WWW\health\management\Application\Connector\Controller\ZixunController.class.php 第 91 行.
SQL: SELECT a.*,b.* FROM my_doc a LEFT JOIN user_info b on a.user_phone=b.user_phone WHERE ( a.doc_phone = 'null' )  [ RunTime:0.000569s ]
INFO: [ app_end ] --START--
INFO: Run Behavior\ShowPageTrace [ RunTime:0.000037s ]
INFO: [ app_end ] --END-- [ RunTime:0.000084s ]

[ 2017-08-31T19:17:05+08:00 ] 183.13.40.114 /health/management/Application/index.php/Connector/User/getKnowList
INFO: [ app_init ] --START--
INFO: [ app_init ] --END-- [ RunTime:0.000343s ]
INFO: [ path_info ] --START--
INFO: [ path_info ] --END-- [ RunTime:0.000028s ]
INFO: [ app_begin ] --START--
INFO: Run Behavior\ReadHtmlCache [ RunTime:0.000041s ]
INFO: [ app_begin ] --END-- [ RunTime:0.000089s ]
INFO: [ action_begin ] --START--
INFO: [ action_begin ] --END-- [ RunTime:0.000030s ]
SQL: SHOW COLUMNS FROM `health_know` [ RunTime:0.001597s ]
SQL: SELECT * FROM `health_know` ORDER BY know_see desc  [ RunTime:0.000547s ]
INFO: [ app_end ] --START--
INFO: Run Behavior\ShowPageTrace [ RunTime:0.000032s ]
INFO: [ app_end ] --END-- [ RunTime:0.000084s ]

[ 2017-08-31T19:17:05+08:00 ] 183.13.40.114 /health/management/Application/index.php/Connector/Hos/getHotHos
INFO: [ app_init ] --START--
INFO: [ app_init ] --END-- [ RunTime:0.000363s ]
INFO: [ path_info ] --START--
INFO: [ path_info ] --END-- [ RunTime:0.000028s ]
INFO: [ app_begin ] --START--
INFO: Run Behavior\ReadHtmlCache [ RunTime:0.000044s ]
INFO: [ app_begin ] --END-- [ RunTime:0.000094s ]
INFO: [ action_begin ] --START--
INFO: [ action_begin ] --END-- [ RunTime:0.000030s ]
SQL: SHOW COLUMNS FROM `hospital_info` [ RunTime:0.001852s ]
SQL: SELECT * FROM `hospital_info` ORDER BY hos_attention desc LIMIT 4   [ RunTime:0.000393s ]
INFO: [ app_end ] --START--
INFO: Run Behavior\ShowPageTrace [ RunTime:0.000037s ]
INFO: [ app_end ] --END-- [ RunTime:0.000090s ]

[ 2017-08-31T19:17:05+08:00 ] 183.13.40.114 /health/management/Application/index.php/Connector/Doc/getHotDoc
INFO: [ app_init ] --START--
INFO: [ app_init ] --END-- [ RunTime:0.000343s ]
INFO: [ path_info ] --START--
INFO: [ path_info ] --END-- [ RunTime:0.000029s ]
INFO: [ app_begin ] --START--
INFO: Run Behavior\ReadHtmlCache [ RunTime:0.000040s ]
INFO: [ app_begin ] --END-- [ RunTime:0.000089s ]
INFO: [ action_begin ] --START--
INFO: [ action_begin ] --END-- [ RunTime:0.000030s ]
NOTIC: [2048] Declaration of Admin\Model\DoctorInfoModel::_after_insert() should be compatible with Think\Model::_after_insert($data, $options) C:\phpstudy\WWW\health\management\Application\Admin\Model\DoctorInfoModel.class.php 第 7 行.
SQL: SHOW COLUMNS FROM `doctor_info` [ RunTime:0.001942s ]
SQL: SELECT a.*,b.hos_name FROM doctor_info a LEFT JOIN hospital_info b on a.hos_id=b.hos_id ORDER BY doc_R desc LIMIT 8   [ RunTime:0.000686s ]
INFO: [ app_end ] --START--
INFO: Run Behavior\ShowPageTrace [ RunTime:0.000040s ]
INFO: [ app_end ] --END-- [ RunTime:0.000100s ]

[ 2017-08-31T19:18:13+08:00 ] 183.13.40.114 /health/management/Application/index.php/Connector/Doc/getDocDetail?doc_id=70
INFO: [ app_init ] --START--
INFO: [ app_init ] --END-- [ RunTime:0.000348s ]
INFO: [ path_info ] --START--
INFO: [ path_info ] --END-- [ RunTime:0.000029s ]
INFO: [ app_begin ] --START--
INFO: Run Behavior\ReadHtmlCache [ RunTime:0.000040s ]
INFO: [ app_begin ] --END-- [ RunTime:0.000089s ]
INFO: [ action_begin ] --START--
INFO: [ action_begin ] --END-- [ RunTime:0.000029s ]
NOTIC: [2048] Declaration of Admin\Model\DoctorInfoModel::_after_insert() should be compatible with Think\Model::_after_insert($data, $options) C:\phpstudy\WWW\health\management\Application\Admin\Model\DoctorInfoModel.class.php 第 7 行.
SQL: SHOW COLUMNS FROM `doctor_info` [ RunTime:0.001865s ]
SQL: SELECT a.*,b.hos_name,c.dep_name FROM doctor_info a LEFT JOIN hospital_info b on a.hos_id=b.hos_id LEFT JOIN department_info c on a.depa_id=c.dep_id WHERE ( `doc_id` = '70' ) LIMIT 1   [ RunTime:0.000597s ]
INFO: [ app_end ] --START--
INFO: Run Behavior\ShowPageTrace [ RunTime:0.000031s ]
INFO: [ app_end ] --END-- [ RunTime:0.000077s ]

[ 2017-08-31T19:18:13+08:00 ] 183.13.40.114 /health/management/Application/index.php/Connector/User/get_pingjia
INFO: [ app_init ] --START--
INFO: [ app_init ] --END-- [ RunTime:0.000362s ]
INFO: [ path_info ] --START--
INFO: [ path_info ] --END-- [ RunTime:0.000029s ]
INFO: [ app_begin ] --START--
INFO: Run Behavior\ReadHtmlCache [ RunTime:0.000042s ]
INFO: [ app_begin ] --END-- [ RunTime:0.000103s ]
INFO: [ action_begin ] --START--
INFO: [ action_begin ] --END-- [ RunTime:0.000030s ]
SQL: SHOW COLUMNS FROM `pingjia` [ RunTime:0.001647s ]
SQL: SELECT a.*,b.user_name FROM pingjia a LEFT JOIN user_info b on b.user_phone=a.user_phone WHERE ( `doc_phone` = '15568830056' )  [ RunTime:0.000402s ]
INFO: [ app_end ] --START--
INFO: Run Behavior\ShowPageTrace [ RunTime:0.000034s ]
INFO: [ app_end ] --END-- [ RunTime:0.000077s ]

[ 2017-08-31T19:19:09+08:00 ] 183.13.40.114 /health/management/Application/index.php/Connector/User/getKnowList
INFO: [ app_init ] --START--
INFO: [ app_init ] --END-- [ RunTime:0.000360s ]
INFO: [ path_info ] --START--
INFO: [ path_info ] --END-- [ RunTime:0.000029s ]
INFO: [ app_begin ] --START--
INFO: Run Behavior\ReadHtmlCache [ RunTime:0.000041s ]
INFO: [ app_begin ] --END-- [ RunTime:0.000090s ]
INFO: [ action_begin ] --START--
INFO: [ action_begin ] --END-- [ RunTime:0.000040s ]
SQL: SHOW COLUMNS FROM `health_know` [ RunTime:0.001467s ]
SQL: SELECT * FROM `health_know` ORDER BY know_see desc  [ RunTime:0.000537s ]
INFO: [ app_end ] --START--
INFO: Run Behavior\ShowPageTrace [ RunTime:0.000036s ]
INFO: [ app_end ] --END-- [ RunTime:0.000091s ]

[ 2017-08-31T19:19:10+08:00 ] 183.13.40.114 /health/management/Application/index.php/Connector/Hos/getHotHos
INFO: [ app_init ] --START--
INFO: [ app_init ] --END-- [ RunTime:0.000343s ]
INFO: [ path_info ] --START--
INFO: [ path_info ] --END-- [ RunTime:0.000029s ]
INFO: [ app_begin ] --START--
INFO: Run Behavior\ReadHtmlCache [ RunTime:0.000041s ]
INFO: [ app_begin ] --END-- [ RunTime:0.000089s ]
INFO: [ action_begin ] --START--
INFO: [ action_begin ] --END-- [ RunTime:0.000030s ]
SQL: SHOW COLUMNS FROM `hospital_info` [ RunTime:0.001878s ]
SQL: SELECT * FROM `hospital_info` ORDER BY hos_attention desc LIMIT 4   [ RunTime:0.000386s ]
INFO: [ app_end ] --START--
INFO: Run Behavior\ShowPageTrace [ RunTime:0.000033s ]
INFO: [ app_end ] --END-- [ RunTime:0.000081s ]

[ 2017-08-31T19:19:10+08:00 ] 183.13.40.114 /health/management/Application/index.php/Connector/Doc/getHotDoc
INFO: [ app_init ] --START--
INFO: [ app_init ] --END-- [ RunTime:0.000313s ]
INFO: [ path_info ] --START--
INFO: [ path_info ] --END-- [ RunTime:0.000029s ]
INFO: [ app_begin ] --START--
INFO: Run Behavior\ReadHtmlCache [ RunTime:0.000040s ]
INFO: [ app_begin ] --END-- [ RunTime:0.000086s ]
INFO: [ action_begin ] --START--
INFO: [ action_begin ] --END-- [ RunTime:0.000029s ]
NOTIC: [2048] Declaration of Admin\Model\DoctorInfoModel::_after_insert() should be compatible with Think\Model::_after_insert($data, $options) C:\phpstudy\WWW\health\management\Application\Admin\Model\DoctorInfoModel.class.php 第 7 行.
SQL: SHOW COLUMNS FROM `doctor_info` [ RunTime:0.001767s ]
SQL: SELECT a.*,b.hos_name FROM doctor_info a LEFT JOIN hospital_info b on a.hos_id=b.hos_id ORDER BY doc_R desc LIMIT 8   [ RunTime:0.000653s ]
INFO: [ app_end ] --START--
INFO: Run Behavior\ShowPageTrace [ RunTime:0.000037s ]
INFO: [ app_end ] --END-- [ RunTime:0.000090s ]

[ 2017-08-31T19:19:20+08:00 ] 183.13.40.114 /health/management/application/index.php/Connector/Depa/getdepname
INFO: [ app_init ] --START--
INFO: [ app_init ] --END-- [ RunTime:0.000325s ]
INFO: [ path_info ] --START--
INFO: [ path_info ] --END-- [ RunTime:0.000028s ]
INFO: [ app_begin ] --START--
INFO: Run Behavior\ReadHtmlCache [ RunTime:0.000037s ]
INFO: [ app_begin ] --END-- [ RunTime:0.000083s ]
INFO: [ action_begin ] --START--
INFO: [ action_begin ] --END-- [ RunTime:0.000045s ]
SQL: SHOW COLUMNS FROM `department_info` [ RunTime:0.001431s ]
SQL: SELECT * FROM `department_info` WHERE ( `dep_id` = '1' ) LIMIT 1   [ RunTime:0.000251s ]
INFO: [ app_end ] --START--
INFO: Run Behavior\ShowPageTrace [ RunTime:0.000034s ]
INFO: [ app_end ] --END-- [ RunTime:0.000077s ]

[ 2017-08-31T19:19:20+08:00 ] 183.13.40.114 /health/management/application/index.php/Connector/Depa/getalldoc
INFO: [ app_init ] --START--
INFO: [ app_init ] --END-- [ RunTime:0.000385s ]
INFO: [ path_info ] --START--
INFO: [ path_info ] --END-- [ RunTime:0.000030s ]
INFO: [ app_begin ] --START--
INFO: Run Behavior\ReadHtmlCache [ RunTime:0.000037s ]
INFO: [ app_begin ] --END-- [ RunTime:0.000088s ]
INFO: [ action_begin ] --START--
INFO: [ action_begin ] --END-- [ RunTime:0.000048s ]
SQL: SHOW COLUMNS FROM `department_info` [ RunTime:0.001381s ]
SQL: SELECT * FROM `department_info` LIMIT 1   [ RunTime:0.000191s ]
SQL: SHOW COLUMNS FROM `doctor_info` [ RunTime:0.001540s ]
SQL: SELECT a.*,b.hos_name,c.dep_name FROM doctor_info a LEFT JOIN hospital_info b on a.hos_id=b.hos_id LEFT JOIN department_info c on a.depa_id=c.dep_id WHERE ( c.parent_id = '1' )  [ RunTime:0.000731s ]
SQL: SELECT a.*,b.hos_name,c.dep_name FROM doctor_info a LEFT JOIN hospital_info b on a.hos_id=b.hos_id LEFT JOIN department_info c on a.depa_id=c.dep_id WHERE ( a.depa_id = '1' )  [ RunTime:0.000451s ]
INFO: [ app_end ] --START--
INFO: Run Behavior\ShowPageTrace [ RunTime:0.000041s ]
INFO: [ app_end ] --END-- [ RunTime:0.000091s ]

[ 2017-08-31T19:19:29+08:00 ] 183.13.40.114 /health/management/application/index.php/Connector/Depa/getdepname
INFO: [ app_init ] --START--
INFO: [ app_init ] --END-- [ RunTime:0.000372s ]
INFO: [ path_info ] --START--
INFO: [ path_info ] --END-- [ RunTime:0.000036s ]
INFO: [ app_begin ] --START--
INFO: Run Behavior\ReadHtmlCache [ RunTime:0.000040s ]
INFO: [ app_begin ] --END-- [ RunTime:0.000093s ]
INFO: [ action_begin ] --START--
INFO: [ action_begin ] --END-- [ RunTime:0.000029s ]
SQL: SHOW COLUMNS FROM `department_info` [ RunTime:0.001513s ]
SQL: SELECT * FROM `department_info` WHERE ( `dep_id` = '14' ) LIMIT 1   [ RunTime:0.000281s ]
INFO: [ app_end ] --START--
INFO: Run Behavior\ShowPageTrace [ RunTime:0.000036s ]
INFO: [ app_end ] --END-- [ RunTime:0.000082s ]

[ 2017-08-31T19:19:29+08:00 ] 183.13.40.114 /health/management/application/index.php/Connector/Depa/getalldoc
INFO: [ app_init ] --START--
INFO: [ app_init ] --END-- [ RunTime:0.000350s ]
INFO: [ path_info ] --START--
INFO: [ path_info ] --END-- [ RunTime:0.000030s ]
INFO: [ app_begin ] --START--
INFO: Run Behavior\ReadHtmlCache [ RunTime:0.000038s ]
INFO: [ app_begin ] --END-- [ RunTime:0.000088s ]
INFO: [ action_begin ] --START--
INFO: [ action_begin ] --END-- [ RunTime:0.000091s ]
SQL: SHOW COLUMNS FROM `department_info` [ RunTime:0.001421s ]
SQL: SELECT * FROM `department_info` LIMIT 1   [ RunTime:0.000236s ]
SQL: SHOW COLUMNS FROM `doctor_info` [ RunTime:0.001542s ]
SQL: SELECT a.*,b.hos_name,c.dep_name FROM doctor_info a LEFT JOIN hospital_info b on a.hos_id=b.hos_id LEFT JOIN department_info c on a.depa_id=c.dep_id WHERE ( c.parent_id = '14' )  [ RunTime:0.000667s ]
SQL: SELECT a.*,b.hos_name,c.dep_name FROM doctor_info a LEFT JOIN hospital_info b on a.hos_id=b.hos_id LEFT JOIN department_info c on a.depa_id=c.dep_id WHERE ( a.depa_id = '14' )  [ RunTime:0.000538s ]
INFO: [ app_end ] --START--
INFO: Run Behavior\ShowPageTrace [ RunTime:0.000037s ]
INFO: [ app_end ] --END-- [ RunTime:0.000092s ]

[ 2017-08-31T19:19:35+08:00 ] 183.13.40.114 /health/management/application/index.php/Connector/Depa/getdepname
INFO: [ app_init ] --START--
INFO: [ app_init ] --END-- [ RunTime:0.000358s ]
INFO: [ path_info ] --START--
INFO: [ path_info ] --END-- [ RunTime:0.000030s ]
INFO: [ app_begin ] --START--
INFO: Run Behavior\ReadHtmlCache [ RunTime:0.000041s ]
INFO: [ app_begin ] --END-- [ RunTime:0.000088s ]
INFO: [ action_begin ] --START--
INFO: [ action_begin ] --END-- [ RunTime:0.000029s ]
SQL: SHOW COLUMNS FROM `department_info` [ RunTime:0.001507s ]
SQL: SELECT * FROM `department_info` WHERE ( `dep_id` = '5' ) LIMIT 1   [ RunTime:0.000261s ]
INFO: [ app_end ] --START--
INFO: Run Behavior\ShowPageTrace [ RunTime:0.000040s ]
INFO: [ app_end ] --END-- [ RunTime:0.000090s ]

[ 2017-08-31T19:19:35+08:00 ] 183.13.40.114 /health/management/application/index.php/Connector/Depa/getalldoc
INFO: [ app_init ] --START--
INFO: [ app_init ] --END-- [ RunTime:0.000330s ]
INFO: [ path_info ] --START--
INFO: [ path_info ] --END-- [ RunTime:0.000029s ]
INFO: [ app_begin ] --START--
INFO: Run Behavior\ReadHtmlCache [ RunTime:0.000045s ]
INFO: [ app_begin ] --END-- [ RunTime:0.000094s ]
INFO: [ action_begin ] --START--
INFO: [ action_begin ] --END-- [ RunTime:0.000043s ]
SQL: SHOW COLUMNS FROM `department_info` [ RunTime:0.001349s ]
SQL: SELECT * FROM `department_info` LIMIT 1   [ RunTime:0.000215s ]
SQL: SHOW COLUMNS FROM `doctor_info` [ RunTime:0.001472s ]
SQL: SELECT a.*,b.hos_name,c.dep_name FROM doctor_info a LEFT JOIN hospital_info b on a.hos_id=b.hos_id LEFT JOIN department_info c on a.depa_id=c.dep_id WHERE ( c.parent_id = '5' )  [ RunTime:0.000711s ]
SQL: SELECT a.*,b.hos_name,c.dep_name FROM doctor_info a LEFT JOIN hospital_info b on a.hos_id=b.hos_id LEFT JOIN department_info c on a.depa_id=c.dep_id WHERE ( a.depa_id = '5' )  [ RunTime:0.000503s ]
INFO: [ app_end ] --START--
INFO: Run Behavior\ShowPageTrace [ RunTime:0.000032s ]
INFO: [ app_end ] --END-- [ RunTime:0.000104s ]

[ 2017-08-31T19:19:41+08:00 ] 183.13.40.114 /health/management/application/index.php/Connector/Depa/getdepname
INFO: [ app_init ] --START--
INFO: [ app_init ] --END-- [ RunTime:0.000332s ]
INFO: [ path_info ] --START--
INFO: [ path_info ] --END-- [ RunTime:0.000029s ]
INFO: [ app_begin ] --START--
INFO: Run Behavior\ReadHtmlCache [ RunTime:0.000037s ]
INFO: [ app_begin ] --END-- [ RunTime:0.000085s ]
INFO: [ action_begin ] --START--
INFO: [ action_begin ] --END-- [ RunTime:0.000029s ]
SQL: SHOW COLUMNS FROM `department_info` [ RunTime:0.001526s ]
SQL: SELECT * FROM `department_info` WHERE ( `dep_id` = '3' ) LIMIT 1   [ RunTime:0.000278s ]
INFO: [ app_end ] --START--
INFO: Run Behavior\ShowPageTrace [ RunTime:0.000038s ]
INFO: [ app_end ] --END-- [ RunTime:0.000083s ]

[ 2017-08-31T19:19:41+08:00 ] 183.13.40.114 /health/management/application/index.php/Connector/Depa/getalldoc
INFO: [ app_init ] --START--
INFO: [ app_init ] --END-- [ RunTime:0.000310s ]
INFO: [ path_info ] --START--
INFO: [ path_info ] --END-- [ RunTime:0.000028s ]
INFO: [ app_begin ] --START--
INFO: Run Behavior\ReadHtmlCache [ RunTime:0.000037s ]
INFO: [ app_begin ] --END-- [ RunTime:0.000083s ]
INFO: [ action_begin ] --START--
INFO: [ action_begin ] --END-- [ RunTime:0.000035s ]
SQL: SHOW COLUMNS FROM `department_info` [ RunTime:0.001406s ]
SQL: SELECT * FROM `department_info` LIMIT 1   [ RunTime:0.000212s ]
SQL: SHOW COLUMNS FROM `doctor_info` [ RunTime:0.001444s ]
SQL: SELECT a.*,b.hos_name,c.dep_name FROM doctor_info a LEFT JOIN hospital_info b on a.hos_id=b.hos_id LEFT JOIN department_info c on a.depa_id=c.dep_id WHERE ( c.parent_id = '3' )  [ RunTime:0.000646s ]
SQL: SELECT a.*,b.hos_name,c.dep_name FROM doctor_info a LEFT JOIN hospital_info b on a.hos_id=b.hos_id LEFT JOIN department_info c on a.depa_id=c.dep_id WHERE ( a.depa_id = '3' )  [ RunTime:0.000538s ]
INFO: [ app_end ] --START--
INFO: Run Behavior\ShowPageTrace [ RunTime:0.000033s ]
INFO: [ app_end ] --END-- [ RunTime:0.000085s ]

[ 2017-08-31T19:19:46+08:00 ] 183.13.40.114 /health/management/application/index.php/Connector/Depa/getdepname
INFO: [ app_init ] --START--
INFO: [ app_init ] --END-- [ RunTime:0.000349s ]
INFO: [ path_info ] --START--
INFO: [ path_info ] --END-- [ RunTime:0.000030s ]
INFO: [ app_begin ] --START--
INFO: Run Behavior\ReadHtmlCache [ RunTime:0.000043s ]
INFO: [ app_begin ] --END-- [ RunTime:0.000093s ]
INFO: [ action_begin ] --START--
INFO: [ action_begin ] --END-- [ RunTime:0.000033s ]
SQL: SHOW COLUMNS FROM `department_info` [ RunTime:0.001570s ]
SQL: SELECT * FROM `department_info` WHERE ( `dep_id` = '12' ) LIMIT 1   [ RunTime:0.000273s ]
INFO: [ app_end ] --START--
INFO: Run Behavior\ShowPageTrace [ RunTime:0.000037s ]
INFO: [ app_end ] --END-- [ RunTime:0.000082s ]

[ 2017-08-31T19:19:46+08:00 ] 183.13.40.114 /health/management/application/index.php/Connector/Depa/getalldoc
INFO: [ app_init ] --START--
INFO: [ app_init ] --END-- [ RunTime:0.000320s ]
INFO: [ path_info ] --START--
INFO: [ path_info ] --END-- [ RunTime:0.000029s ]
INFO: [ app_begin ] --START--
INFO: Run Behavior\ReadHtmlCache [ RunTime:0.000037s ]
INFO: [ app_begin ] --END-- [ RunTime:0.000081s ]
INFO: [ action_begin ] --START--
INFO: [ action_begin ] --END-- [ RunTime:0.000043s ]
SQL: SHOW COLUMNS FROM `department_info` [ RunTime:0.001548s ]
SQL: SELECT * FROM `department_info` LIMIT 1   [ RunTime:0.000286s ]
SQL: SHOW COLUMNS FROM `doctor_info` [ RunTime:0.001688s ]
SQL: SELECT a.*,b.hos_name,c.dep_name FROM doctor_info a LEFT JOIN hospital_info b on a.hos_id=b.hos_id LEFT JOIN department_info c on a.depa_id=c.dep_id WHERE ( c.parent_id = '12' )  [ RunTime:0.000661s ]
SQL: SELECT a.*,b.hos_name,c.dep_name FROM doctor_info a LEFT JOIN hospital_info b on a.hos_id=b.hos_id LEFT JOIN department_info c on a.depa_id=c.dep_id WHERE ( a.depa_id = '12' )  [ RunTime:0.000501s ]
INFO: [ app_end ] --START--
INFO: Run Behavior\ShowPageTrace [ RunTime:0.000037s ]
INFO: [ app_end ] --END-- [ RunTime:0.000091s ]

