[ 2017-07-30T15:40:08+08:00 ] 223.74.225.245 /health/management/Application/index.php/Connector/User/login
INFO: [ app_init ] --START--
INFO: [ app_init ] --END-- [ RunTime:0.000386s ]
INFO: [ path_info ] --START--
INFO: [ path_info ] --END-- [ RunTime:0.000028s ]
INFO: [ app_begin ] --START--
INFO: Run Behavior\ReadHtmlCache [ RunTime:0.000041s ]
INFO: [ app_begin ] --END-- [ RunTime:0.000091s ]
INFO: [ action_begin ] --START--
INFO: [ action_begin ] --END-- [ RunTime:0.000042s ]
SQL: SHOW COLUMNS FROM `user_info` [ RunTime:0.002050s ]
SQL: SELECT * FROM `user_info` WHERE ( `user_phone` = '15768650568' ) AND ( `user_token` = '13e34cf01a391579f4aa6cd0fcecc92c' ) LIMIT 1   [ RunTime:0.000398s ]
SQL: UPDATE `user_info` SET `user_token`='6176a86991ad89325b5dcb73e18001fc',`token_time`='2017-07-30 15:40:08',`login_time`='2017-07-30 15:40:08' WHERE ( `user_phone` = '15768650568' ) AND ( `user_token` = '13e34cf01a391579f4aa6cd0fcecc92c' ) [ RunTime:0.005214s ]
INFO: [ app_end ] --START--
INFO: Run Behavior\ShowPageTrace [ RunTime:0.000037s ]
INFO: [ app_end ] --END-- [ RunTime:0.000085s ]

[ 2017-07-30T15:40:09+08:00 ] 223.74.225.245 /health/management/Application/index.php/Connector/User/getKnowList
INFO: [ app_init ] --START--
INFO: [ app_init ] --END-- [ RunTime:0.000367s ]
INFO: [ path_info ] --START--
INFO: [ path_info ] --END-- [ RunTime:0.000030s ]
INFO: [ app_begin ] --START--
INFO: Run Behavior\ReadHtmlCache [ RunTime:0.000040s ]
INFO: [ app_begin ] --END-- [ RunTime:0.000090s ]
INFO: [ action_begin ] --START--
INFO: [ action_begin ] --END-- [ RunTime:0.000030s ]
SQL: SHOW COLUMNS FROM `health_know` [ RunTime:0.001728s ]
SQL: SELECT * FROM `health_know` ORDER BY know_see desc LIMIT 5   [ RunTime:0.000499s ]
INFO: [ app_end ] --START--
INFO: Run Behavior\ShowPageTrace [ RunTime:0.000045s ]
INFO: [ app_end ] --END-- [ RunTime:0.000102s ]

[ 2017-07-30T15:40:10+08:00 ] 223.74.225.245 /health/management/Application/index.php/Connector/Hos/getHotHos
INFO: [ app_init ] --START--
INFO: [ app_init ] --END-- [ RunTime:0.000386s ]
INFO: [ path_info ] --START--
INFO: [ path_info ] --END-- [ RunTime:0.000029s ]
INFO: [ app_begin ] --START--
INFO: Run Behavior\ReadHtmlCache [ RunTime:0.000044s ]
INFO: [ app_begin ] --END-- [ RunTime:0.000096s ]
INFO: [ action_begin ] --START--
INFO: [ action_begin ] --END-- [ RunTime:0.000041s ]
SQL: SHOW COLUMNS FROM `hospital_info` [ RunTime:0.001788s ]
SQL: SELECT * FROM `hospital_info` ORDER BY hos_attention desc LIMIT 4   [ RunTime:0.000388s ]
INFO: [ app_end ] --START--
INFO: Run Behavior\ShowPageTrace [ RunTime:0.000037s ]
INFO: [ app_end ] --END-- [ RunTime:0.000084s ]

[ 2017-07-30T15:40:11+08:00 ] 223.74.225.245 /health/management/Application/index.php/Connector/Doc/getHotDoc
INFO: [ app_init ] --START--
INFO: [ app_init ] --END-- [ RunTime:0.000365s ]
INFO: [ path_info ] --START--
INFO: [ path_info ] --END-- [ RunTime:0.000030s ]
INFO: [ app_begin ] --START--
INFO: Run Behavior\ReadHtmlCache [ RunTime:0.000043s ]
INFO: [ app_begin ] --END-- [ RunTime:0.000096s ]
INFO: [ action_begin ] --START--
INFO: [ action_begin ] --END-- [ RunTime:0.000057s ]
NOTIC: [2048] Declaration of Admin\Model\DoctorInfoModel::_after_insert() should be compatible with Think\Model::_after_insert($data, $options) C:\phpstudy\WWW\health\management\Application\Admin\Model\DoctorInfoModel.class.php 第 7 行.
SQL: SHOW COLUMNS FROM `doctor_info` [ RunTime:0.001965s ]
SQL: SELECT a.*,b.hos_name FROM doctor_info a LEFT JOIN hospital_info b on a.hos_id=b.hos_id ORDER BY doc_attention desc LIMIT 8   [ RunTime:0.000603s ]
INFO: [ app_end ] --START--
INFO: Run Behavior\ShowPageTrace [ RunTime:0.000035s ]
INFO: [ app_end ] --END-- [ RunTime:0.000089s ]

[ 2017-07-30T15:40:12+08:00 ] 223.74.225.245 /health/management/Application/index.php/Connector/User/getuserInfo
INFO: [ app_init ] --START--
INFO: [ app_init ] --END-- [ RunTime:0.000379s ]
INFO: [ path_info ] --START--
INFO: [ path_info ] --END-- [ RunTime:0.000029s ]
INFO: [ app_begin ] --START--
INFO: Run Behavior\ReadHtmlCache [ RunTime:0.000039s ]
INFO: [ app_begin ] --END-- [ RunTime:0.000087s ]
INFO: [ action_begin ] --START--
INFO: [ action_begin ] --END-- [ RunTime:0.000041s ]
SQL: SHOW COLUMNS FROM `user_info` [ RunTime:0.001823s ]
SQL: SELECT * FROM `user_info` WHERE ( `user_phone` = '15768650568' ) LIMIT 1   [ RunTime:0.000382s ]
INFO: [ app_end ] --START--
INFO: Run Behavior\ShowPageTrace [ RunTime:0.000036s ]
INFO: [ app_end ] --END-- [ RunTime:0.000080s ]

[ 2017-07-30T15:40:18+08:00 ] 223.74.225.245 /health/management/Application/index.php/Connector/Doc/getDocDetail?doc_id=47
INFO: [ app_init ] --START--
INFO: [ app_init ] --END-- [ RunTime:0.000359s ]
INFO: [ path_info ] --START--
INFO: [ path_info ] --END-- [ RunTime:0.000030s ]
INFO: [ app_begin ] --START--
INFO: Run Behavior\ReadHtmlCache [ RunTime:0.000043s ]
INFO: [ app_begin ] --END-- [ RunTime:0.000100s ]
INFO: [ action_begin ] --START--
INFO: [ action_begin ] --END-- [ RunTime:0.000032s ]
NOTIC: [2048] Declaration of Admin\Model\DoctorInfoModel::_after_insert() should be compatible with Think\Model::_after_insert($data, $options) C:\phpstudy\WWW\health\management\Application\Admin\Model\DoctorInfoModel.class.php 第 7 行.
SQL: SHOW COLUMNS FROM `doctor_info` [ RunTime:0.002526s ]
SQL: SELECT a.*,b.hos_name,c.dep_name FROM doctor_info a LEFT JOIN hospital_info b on a.hos_id=b.hos_id LEFT JOIN department_info c on a.depa_id=c.dep_id WHERE ( `doc_id` = '47' ) LIMIT 1   [ RunTime:0.000703s ]
INFO: [ app_end ] --START--
INFO: Run Behavior\ShowPageTrace [ RunTime:0.000056s ]
INFO: [ app_end ] --END-- [ RunTime:0.000136s ]

[ 2017-07-30T15:40:19+08:00 ] 223.74.225.245 /health/management/Application/index.php/Connector/User/get_pingjia
INFO: [ app_init ] --START--
INFO: [ app_init ] --END-- [ RunTime:0.000379s ]
INFO: [ path_info ] --START--
INFO: [ path_info ] --END-- [ RunTime:0.000029s ]
INFO: [ app_begin ] --START--
INFO: Run Behavior\ReadHtmlCache [ RunTime:0.000041s ]
INFO: [ app_begin ] --END-- [ RunTime:0.000092s ]
INFO: [ action_begin ] --START--
INFO: [ action_begin ] --END-- [ RunTime:0.000030s ]
SQL: SHOW COLUMNS FROM `pingjia` [ RunTime:0.004435s ]
SQL: SELECT a.*,b.user_name FROM pingjia a LEFT JOIN user_info b on b.user_phone=a.user_phone WHERE ( `doc_phone` = '' )  [ RunTime:0.000289s ]
INFO: [ app_end ] --START--
INFO: Run Behavior\ShowPageTrace [ RunTime:0.000040s ]
INFO: [ app_end ] --END-- [ RunTime:0.000087s ]

[ 2017-07-30T15:40:25+08:00 ] 223.74.225.245 /health/management/Application/index.php/Connector/Doc/getDocDetail?doc_id=47
INFO: [ app_init ] --START--
INFO: [ app_init ] --END-- [ RunTime:0.000350s ]
INFO: [ path_info ] --START--
INFO: [ path_info ] --END-- [ RunTime:0.000028s ]
INFO: [ app_begin ] --START--
INFO: Run Behavior\ReadHtmlCache [ RunTime:0.000042s ]
INFO: [ app_begin ] --END-- [ RunTime:0.000092s ]
INFO: [ action_begin ] --START--
INFO: [ action_begin ] --END-- [ RunTime:0.000030s ]
NOTIC: [2048] Declaration of Admin\Model\DoctorInfoModel::_after_insert() should be compatible with Think\Model::_after_insert($data, $options) C:\phpstudy\WWW\health\management\Application\Admin\Model\DoctorInfoModel.class.php 第 7 行.
SQL: SHOW COLUMNS FROM `doctor_info` [ RunTime:0.001863s ]
SQL: SELECT a.*,b.hos_name,c.dep_name FROM doctor_info a LEFT JOIN hospital_info b on a.hos_id=b.hos_id LEFT JOIN department_info c on a.depa_id=c.dep_id WHERE ( `doc_id` = '47' ) LIMIT 1   [ RunTime:0.000458s ]
INFO: [ app_end ] --START--
INFO: Run Behavior\ShowPageTrace [ RunTime:0.000036s ]
INFO: [ app_end ] --END-- [ RunTime:0.000083s ]

[ 2017-07-30T15:40:33+08:00 ] 223.74.225.245 /health/management/Application/index.php/Connector/Doc/getDocDetail?doc_id=33
INFO: [ app_init ] --START--
INFO: [ app_init ] --END-- [ RunTime:0.000362s ]
INFO: [ path_info ] --START--
INFO: [ path_info ] --END-- [ RunTime:0.000029s ]
INFO: [ app_begin ] --START--
INFO: Run Behavior\ReadHtmlCache [ RunTime:0.000046s ]
INFO: [ app_begin ] --END-- [ RunTime:0.000102s ]
INFO: [ action_begin ] --START--
INFO: [ action_begin ] --END-- [ RunTime:0.000030s ]
NOTIC: [2048] Declaration of Admin\Model\DoctorInfoModel::_after_insert() should be compatible with Think\Model::_after_insert($data, $options) C:\phpstudy\WWW\health\management\Application\Admin\Model\DoctorInfoModel.class.php 第 7 行.
SQL: SHOW COLUMNS FROM `doctor_info` [ RunTime:0.002177s ]
SQL: SELECT a.*,b.hos_name,c.dep_name FROM doctor_info a LEFT JOIN hospital_info b on a.hos_id=b.hos_id LEFT JOIN department_info c on a.depa_id=c.dep_id WHERE ( `doc_id` = '33' ) LIMIT 1   [ RunTime:0.000467s ]
INFO: [ app_end ] --START--
INFO: Run Behavior\ShowPageTrace [ RunTime:0.000036s ]
INFO: [ app_end ] --END-- [ RunTime:0.000086s ]

[ 2017-07-30T15:40:35+08:00 ] 223.74.225.245 /health/management/Application/index.php/Connector/User/get_pingjia
INFO: [ app_init ] --START--
INFO: [ app_init ] --END-- [ RunTime:0.000345s ]
INFO: [ path_info ] --START--
INFO: [ path_info ] --END-- [ RunTime:0.000028s ]
INFO: [ app_begin ] --START--
INFO: Run Behavior\ReadHtmlCache [ RunTime:0.000038s ]
INFO: [ app_begin ] --END-- [ RunTime:0.000087s ]
INFO: [ action_begin ] --START--
INFO: [ action_begin ] --END-- [ RunTime:0.000029s ]
SQL: SHOW COLUMNS FROM `pingjia` [ RunTime:0.001636s ]
SQL: SELECT a.*,b.user_name FROM pingjia a LEFT JOIN user_info b on b.user_phone=a.user_phone WHERE ( `doc_phone` = '15768651574' )  [ RunTime:0.000315s ]
INFO: [ app_end ] --START--
INFO: Run Behavior\ShowPageTrace [ RunTime:0.000037s ]
INFO: [ app_end ] --END-- [ RunTime:0.000085s ]

[ 2017-07-30T15:40:45+08:00 ] 223.74.225.245 /health/management/Application/index.php/Connector/Doc/getDocDetail?doc_id=10
INFO: [ app_init ] --START--
INFO: [ app_init ] --END-- [ RunTime:0.000351s ]
INFO: [ path_info ] --START--
INFO: [ path_info ] --END-- [ RunTime:0.000030s ]
INFO: [ app_begin ] --START--
INFO: Run Behavior\ReadHtmlCache [ RunTime:0.000043s ]
INFO: [ app_begin ] --END-- [ RunTime:0.000096s ]
INFO: [ action_begin ] --START--
INFO: [ action_begin ] --END-- [ RunTime:0.000031s ]
NOTIC: [2048] Declaration of Admin\Model\DoctorInfoModel::_after_insert() should be compatible with Think\Model::_after_insert($data, $options) C:\phpstudy\WWW\health\management\Application\Admin\Model\DoctorInfoModel.class.php 第 7 行.
SQL: SHOW COLUMNS FROM `doctor_info` [ RunTime:0.001825s ]
SQL: SELECT a.*,b.hos_name,c.dep_name FROM doctor_info a LEFT JOIN hospital_info b on a.hos_id=b.hos_id LEFT JOIN department_info c on a.depa_id=c.dep_id WHERE ( `doc_id` = '10' ) LIMIT 1   [ RunTime:0.000477s ]
INFO: [ app_end ] --START--
INFO: Run Behavior\ShowPageTrace [ RunTime:0.000037s ]
INFO: [ app_end ] --END-- [ RunTime:0.000085s ]

[ 2017-07-30T15:40:46+08:00 ] 223.74.225.245 /health/management/Application/index.php/Connector/User/get_pingjia
INFO: [ app_init ] --START--
INFO: [ app_init ] --END-- [ RunTime:0.000349s ]
INFO: [ path_info ] --START--
INFO: [ path_info ] --END-- [ RunTime:0.000028s ]
INFO: [ app_begin ] --START--
INFO: Run Behavior\ReadHtmlCache [ RunTime:0.000039s ]
INFO: [ app_begin ] --END-- [ RunTime:0.000087s ]
INFO: [ action_begin ] --START--
INFO: [ action_begin ] --END-- [ RunTime:0.000029s ]
SQL: SHOW COLUMNS FROM `pingjia` [ RunTime:0.001601s ]
SQL: SELECT a.*,b.user_name FROM pingjia a LEFT JOIN user_info b on b.user_phone=a.user_phone WHERE ( `doc_phone` = '15768651578' )  [ RunTime:0.000309s ]
INFO: [ app_end ] --START--
INFO: Run Behavior\ShowPageTrace [ RunTime:0.000037s ]
INFO: [ app_end ] --END-- [ RunTime:0.000083s ]

