[ 2017-08-28T10:03:24+08:00 ] 223.104.63.194 /health/management/Application/index.php/Connector/User/login
INFO: [ app_init ] --START--
INFO: [ app_init ] --END-- [ RunTime:0.000442s ]
INFO: [ path_info ] --START--
INFO: [ path_info ] --END-- [ RunTime:0.000029s ]
INFO: [ app_begin ] --START--
INFO: Run Behavior\ReadHtmlCache [ RunTime:0.000042s ]
INFO: [ app_begin ] --END-- [ RunTime:0.000109s ]
INFO: [ action_begin ] --START--
INFO: [ action_begin ] --END-- [ RunTime:0.000046s ]
SQL: SHOW COLUMNS FROM `user_info` [ RunTime:0.001950s ]
SQL: SELECT * FROM `user_info` WHERE ( `user_phone` = '15768650568' ) AND ( `user_token` = '44661f5d0184447847f78d3d54301fee' ) LIMIT 1   [ RunTime:0.000399s ]
SQL: UPDATE `user_info` SET `user_token`='292cc47d35932ed77fc9eff6bd9c9857',`token_time`='2017-08-28 10:03:24',`login_time`='2017-08-28 10:03:24' WHERE ( `user_phone` = '15768650568' ) AND ( `user_token` = '44661f5d0184447847f78d3d54301fee' ) [ RunTime:0.004472s ]
INFO: [ app_end ] --START--
INFO: Run Behavior\ShowPageTrace [ RunTime:0.000039s ]
INFO: [ app_end ] --END-- [ RunTime:0.000092s ]

[ 2017-08-28T10:03:26+08:00 ] 223.104.63.194 /health/management/Application/index.php/Connector/Hos/getHotHos
INFO: [ app_init ] --START--
INFO: [ app_init ] --END-- [ RunTime:0.000376s ]
INFO: [ path_info ] --START--
INFO: [ path_info ] --END-- [ RunTime:0.000028s ]
INFO: [ app_begin ] --START--
INFO: Run Behavior\ReadHtmlCache [ RunTime:0.000046s ]
INFO: [ app_begin ] --END-- [ RunTime:0.000097s ]
INFO: [ action_begin ] --START--
INFO: [ action_begin ] --END-- [ RunTime:0.000030s ]
SQL: SHOW COLUMNS FROM `hospital_info` [ RunTime:0.002265s ]
SQL: SELECT * FROM `hospital_info` ORDER BY hos_attention desc LIMIT 4   [ RunTime:0.000468s ]
INFO: [ app_end ] --START--
INFO: Run Behavior\ShowPageTrace [ RunTime:0.000042s ]
INFO: [ app_end ] --END-- [ RunTime:0.000110s ]

[ 2017-08-28T10:03:26+08:00 ] 223.104.63.194 /health/management/Application/index.php/Connector/Doc/getHotDoc
INFO: [ app_init ] --START--
INFO: [ app_init ] --END-- [ RunTime:0.000355s ]
INFO: [ path_info ] --START--
INFO: [ path_info ] --END-- [ RunTime:0.000029s ]
INFO: [ app_begin ] --START--
INFO: Run Behavior\ReadHtmlCache [ RunTime:0.000042s ]
INFO: [ app_begin ] --END-- [ RunTime:0.000090s ]
INFO: [ action_begin ] --START--
INFO: [ action_begin ] --END-- [ RunTime:0.000030s ]
NOTIC: [2048] Declaration of Admin\Model\DoctorInfoModel::_after_insert() should be compatible with Think\Model::_after_insert($data, $options) C:\phpstudy\WWW\health\management\Application\Admin\Model\DoctorInfoModel.class.php 第 7 行.
SQL: SHOW COLUMNS FROM `doctor_info` [ RunTime:0.002264s ]
SQL: SELECT a.*,b.hos_name FROM doctor_info a LEFT JOIN hospital_info b on a.hos_id=b.hos_id ORDER BY doc_R desc LIMIT 8   [ RunTime:0.000720s ]
INFO: [ app_end ] --START--
INFO: Run Behavior\ShowPageTrace [ RunTime:0.000037s ]
INFO: [ app_end ] --END-- [ RunTime:0.000100s ]

[ 2017-08-28T10:03:27+08:00 ] 223.104.63.194 /health/management/Application/index.php/Connector/User/getuserInfo
INFO: [ app_init ] --START--
INFO: [ app_init ] --END-- [ RunTime:0.000368s ]
INFO: [ path_info ] --START--
INFO: [ path_info ] --END-- [ RunTime:0.000029s ]
INFO: [ app_begin ] --START--
INFO: Run Behavior\ReadHtmlCache [ RunTime:0.000039s ]
INFO: [ app_begin ] --END-- [ RunTime:0.000097s ]
INFO: [ action_begin ] --START--
INFO: [ action_begin ] --END-- [ RunTime:0.000031s ]
SQL: SHOW COLUMNS FROM `user_info` [ RunTime:0.001845s ]
SQL: SELECT * FROM `user_info` WHERE ( `user_phone` = '15768650568' ) LIMIT 1   [ RunTime:0.000390s ]
INFO: [ app_end ] --START--
INFO: Run Behavior\ShowPageTrace [ RunTime:0.000038s ]
INFO: [ app_end ] --END-- [ RunTime:0.000091s ]

[ 2017-08-28T10:03:39+08:00 ] 223.104.63.194 /health/management/Application/index.php/Connector/Hos/getNearbyHos?lat=22.52329&longt=114.048408
INFO: [ app_init ] --START--
INFO: [ app_init ] --END-- [ RunTime:0.000364s ]
INFO: [ path_info ] --START--
INFO: [ path_info ] --END-- [ RunTime:0.000030s ]
INFO: [ app_begin ] --START--
INFO: Run Behavior\ReadHtmlCache [ RunTime:0.000044s ]
INFO: [ app_begin ] --END-- [ RunTime:0.000094s ]
INFO: [ action_begin ] --START--
INFO: [ action_begin ] --END-- [ RunTime:0.000030s ]
SQL: SHOW COLUMNS FROM `hospital_info` [ RunTime:0.001670s ]
SQL: SELECT * FROM `hospital_info` WHERE (  (`hos_longitude` BETWEEN '113.56204840068' AND '114.53476759932' ) ) AND (  (`hos_latitude` BETWEEN '22.074028013896' AND '22.972551986104' ) )  [ RunTime:0.000347s ]
INFO: [ app_end ] --START--
INFO: Run Behavior\ShowPageTrace [ RunTime:0.000037s ]
INFO: [ app_end ] --END-- [ RunTime:0.000083s ]

[ 2017-08-28T10:03:42+08:00 ] 223.104.63.194 /health/management/Application/index.php/Connector/Hos/hosDoc
INFO: [ app_init ] --START--
INFO: [ app_init ] --END-- [ RunTime:0.000364s ]
INFO: [ path_info ] --START--
INFO: [ path_info ] --END-- [ RunTime:0.000029s ]
INFO: [ app_begin ] --START--
INFO: Run Behavior\ReadHtmlCache [ RunTime:0.000042s ]
INFO: [ app_begin ] --END-- [ RunTime:0.000095s ]
INFO: [ action_begin ] --START--
INFO: [ action_begin ] --END-- [ RunTime:0.000030s ]
SQL: SHOW COLUMNS FROM `hospital_info` [ RunTime:0.001832s ]
SQL: SELECT * FROM `hospital_info`  [ RunTime:0.000453s ]
INFO: [ app_end ] --START--
INFO: Run Behavior\ShowPageTrace [ RunTime:0.000040s ]
INFO: [ app_end ] --END-- [ RunTime:0.000104s ]

[ 2017-08-28T10:03:44+08:00 ] 223.104.63.194 /health/management/Application/index.php/Connector/Hos/getHosImg?hos_id=55
INFO: [ app_init ] --START--
INFO: [ app_init ] --END-- [ RunTime:0.000512s ]
INFO: [ path_info ] --START--
INFO: [ path_info ] --END-- [ RunTime:0.000044s ]
INFO: [ app_begin ] --START--
INFO: Run Behavior\ReadHtmlCache [ RunTime:0.000065s ]
INFO: [ app_begin ] --END-- [ RunTime:0.000140s ]
INFO: [ action_begin ] --START--
INFO: [ action_begin ] --END-- [ RunTime:0.000029s ]
SQL: SHOW COLUMNS FROM `hos_img` [ RunTime:0.001776s ]
SQL: SELECT * FROM `hos_img` WHERE ( `hos_id` = '55' )  [ RunTime:0.000323s ]
INFO: [ app_end ] --START--
INFO: Run Behavior\ShowPageTrace [ RunTime:0.000035s ]
INFO: [ app_end ] --END-- [ RunTime:0.000084s ]

[ 2017-08-28T10:03:44+08:00 ] 223.104.63.194 /health/management/Application/index.php/Connector/hos/getHosDetail?hos_id=55
INFO: [ app_init ] --START--
INFO: [ app_init ] --END-- [ RunTime:0.000503s ]
INFO: [ path_info ] --START--
INFO: [ path_info ] --END-- [ RunTime:0.000037s ]
INFO: [ app_begin ] --START--
INFO: Run Behavior\ReadHtmlCache [ RunTime:0.000065s ]
INFO: [ app_begin ] --END-- [ RunTime:0.000146s ]
INFO: [ action_begin ] --START--
INFO: [ action_begin ] --END-- [ RunTime:0.000031s ]
NOTIC: [2048] Declaration of Admin\Model\HospitalInfoModel::_after_insert() should be compatible with Think\Model::_after_insert($data, $options) C:\phpstudy\WWW\health\management\Application\Admin\Model\HospitalInfoModel.class.php 第 7 行.
SQL: SHOW COLUMNS FROM `hospital_info` [ RunTime:0.001370s ]
SQL: SELECT * FROM `hospital_info` WHERE ( `hos_id` = 55 ) LIMIT 1   [ RunTime:0.000268s ]
INFO: [ app_end ] --START--
INFO: Run Behavior\ShowPageTrace [ RunTime:0.000040s ]
INFO: [ app_end ] --END-- [ RunTime:0.000088s ]

[ 2017-08-28T10:03:45+08:00 ] 223.104.63.194 /health/management/Application/index.php/Connector/User/isAttentionHos
INFO: [ app_init ] --START--
INFO: [ app_init ] --END-- [ RunTime:0.000362s ]
INFO: [ path_info ] --START--
INFO: [ path_info ] --END-- [ RunTime:0.000029s ]
INFO: [ app_begin ] --START--
INFO: Run Behavior\ReadHtmlCache [ RunTime:0.000039s ]
INFO: [ app_begin ] --END-- [ RunTime:0.000089s ]
INFO: [ action_begin ] --START--
INFO: [ action_begin ] --END-- [ RunTime:0.000031s ]
SQL: SHOW COLUMNS FROM `attention_hos` [ RunTime:0.001774s ]
SQL: SELECT * FROM `attention_hos` WHERE ( `hos_id` = '55' ) AND ( `user_phone` = '15768650568' ) LIMIT 1   [ RunTime:0.000246s ]
INFO: [ app_end ] --START--
INFO: Run Behavior\ShowPageTrace [ RunTime:0.000038s ]
INFO: [ app_end ] --END-- [ RunTime:0.000083s ]

[ 2017-08-28T10:03:47+08:00 ] 223.104.63.194 /health/management/application/index.php/Connector/Depa/gethosdoc
INFO: [ app_init ] --START--
INFO: [ app_init ] --END-- [ RunTime:0.000398s ]
INFO: [ path_info ] --START--
INFO: [ path_info ] --END-- [ RunTime:0.000029s ]
INFO: [ app_begin ] --START--
INFO: Run Behavior\ReadHtmlCache [ RunTime:0.000040s ]
INFO: [ app_begin ] --END-- [ RunTime:0.000090s ]
INFO: [ action_begin ] --START--
INFO: [ action_begin ] --END-- [ RunTime:0.000029s ]
SQL: SHOW COLUMNS FROM `department_info` [ RunTime:0.001589s ]
SQL: SELECT * FROM `department_info` LIMIT 1   [ RunTime:0.000221s ]
SQL: SHOW COLUMNS FROM `doctor_info` [ RunTime:0.001450s ]
SQL: SELECT a.*,b.hos_name,c.dep_name FROM doctor_info a LEFT JOIN hospital_info b on a.hos_id=b.hos_id LEFT JOIN department_info c on a.depa_id=c.dep_id WHERE ( a.hos_id = '55' ) AND ( c.parent_id = '5' )  [ RunTime:0.000550s ]
SQL: SELECT a.*,b.hos_name,c.dep_name FROM doctor_info a LEFT JOIN hospital_info b on a.hos_id=b.hos_id LEFT JOIN department_info c on a.depa_id=c.dep_id WHERE ( a.hos_id = '55' ) AND ( a.depa_id = '5' )  [ RunTime:0.000442s ]
INFO: [ app_end ] --START--
INFO: Run Behavior\ShowPageTrace [ RunTime:0.000036s ]
INFO: [ app_end ] --END-- [ RunTime:0.000083s ]

[ 2017-08-28T10:03:47+08:00 ] 223.104.63.194 /health/management/application/index.php/Connector/Depa/gethosdep
INFO: [ app_init ] --START--
INFO: [ app_init ] --END-- [ RunTime:0.000396s ]
INFO: [ path_info ] --START--
INFO: [ path_info ] --END-- [ RunTime:0.000031s ]
INFO: [ app_begin ] --START--
INFO: Run Behavior\ReadHtmlCache [ RunTime:0.000047s ]
INFO: [ app_begin ] --END-- [ RunTime:0.000100s ]
INFO: [ action_begin ] --START--
INFO: [ action_begin ] --END-- [ RunTime:0.000045s ]
SQL: SHOW COLUMNS FROM `hos_dep` [ RunTime:0.001550s ]
SQL: SELECT b.dep_name,a.* FROM hos_dep a LEFT JOIN department_info b on a.dep_id=b.dep_id WHERE ( a.hos_id = '55' ) AND ( b.dep_id = '5' ) LIMIT 1   [ RunTime:0.000528s ]
INFO: [ app_end ] --START--
INFO: Run Behavior\ShowPageTrace [ RunTime:0.000036s ]
INFO: [ app_end ] --END-- [ RunTime:0.000084s ]

[ 2017-08-28T10:03:50+08:00 ] 223.104.63.194 /health/management/Application/index.php/Connector/hos/getHosDetail?hos_id=76
INFO: [ app_init ] --START--
INFO: [ app_init ] --END-- [ RunTime:0.000371s ]
INFO: [ path_info ] --START--
INFO: [ path_info ] --END-- [ RunTime:0.000030s ]
INFO: [ app_begin ] --START--
INFO: Run Behavior\ReadHtmlCache [ RunTime:0.000042s ]
INFO: [ app_begin ] --END-- [ RunTime:0.000093s ]
INFO: [ action_begin ] --START--
INFO: [ action_begin ] --END-- [ RunTime:0.000030s ]
NOTIC: [2048] Declaration of Admin\Model\HospitalInfoModel::_after_insert() should be compatible with Think\Model::_after_insert($data, $options) C:\phpstudy\WWW\health\management\Application\Admin\Model\HospitalInfoModel.class.php 第 7 行.
SQL: SHOW COLUMNS FROM `hospital_info` [ RunTime:0.001636s ]
SQL: SELECT * FROM `hospital_info` WHERE ( `hos_id` = 76 ) LIMIT 1   [ RunTime:0.000383s ]
INFO: [ app_end ] --START--
INFO: Run Behavior\ShowPageTrace [ RunTime:0.000037s ]
INFO: [ app_end ] --END-- [ RunTime:0.000090s ]

[ 2017-08-28T10:03:50+08:00 ] 223.104.63.194 /health/management/Application/index.php/Connector/Hos/getHosImg?hos_id=76
INFO: [ app_init ] --START--
INFO: [ app_init ] --END-- [ RunTime:0.000425s ]
INFO: [ path_info ] --START--
INFO: [ path_info ] --END-- [ RunTime:0.000029s ]
INFO: [ app_begin ] --START--
INFO: Run Behavior\ReadHtmlCache [ RunTime:0.000043s ]
INFO: [ app_begin ] --END-- [ RunTime:0.000097s ]
INFO: [ action_begin ] --START--
INFO: [ action_begin ] --END-- [ RunTime:0.000038s ]
SQL: SHOW COLUMNS FROM `hos_img` [ RunTime:0.001604s ]
SQL: SELECT * FROM `hos_img` WHERE ( `hos_id` = '76' )  [ RunTime:0.000298s ]
INFO: [ app_end ] --START--
INFO: Run Behavior\ShowPageTrace [ RunTime:0.000040s ]
INFO: [ app_end ] --END-- [ RunTime:0.000087s ]

[ 2017-08-28T10:03:50+08:00 ] 223.104.63.194 /health/management/Application/index.php/Connector/User/isAttentionHos
INFO: [ app_init ] --START--
INFO: [ app_init ] --END-- [ RunTime:0.000381s ]
INFO: [ path_info ] --START--
INFO: [ path_info ] --END-- [ RunTime:0.000028s ]
INFO: [ app_begin ] --START--
INFO: Run Behavior\ReadHtmlCache [ RunTime:0.000041s ]
INFO: [ app_begin ] --END-- [ RunTime:0.000090s ]
INFO: [ action_begin ] --START--
INFO: [ action_begin ] --END-- [ RunTime:0.000029s ]
SQL: SHOW COLUMNS FROM `attention_hos` [ RunTime:0.001753s ]
SQL: SELECT * FROM `attention_hos` WHERE ( `hos_id` = '76' ) AND ( `user_phone` = '15768650568' ) LIMIT 1   [ RunTime:0.000241s ]
INFO: [ app_end ] --START--
INFO: Run Behavior\ShowPageTrace [ RunTime:0.000037s ]
INFO: [ app_end ] --END-- [ RunTime:0.000084s ]

[ 2017-08-28T10:03:52+08:00 ] 223.104.63.194 /health/management/application/index.php/Connector/Depa/gethosdep
INFO: [ app_init ] --START--
INFO: [ app_init ] --END-- [ RunTime:0.000375s ]
INFO: [ path_info ] --START--
INFO: [ path_info ] --END-- [ RunTime:0.000029s ]
INFO: [ app_begin ] --START--
INFO: Run Behavior\ReadHtmlCache [ RunTime:0.000039s ]
INFO: [ app_begin ] --END-- [ RunTime:0.000088s ]
INFO: [ action_begin ] --START--
INFO: [ action_begin ] --END-- [ RunTime:0.000029s ]
SQL: SHOW COLUMNS FROM `hos_dep` [ RunTime:0.001573s ]
SQL: SELECT b.dep_name,a.* FROM hos_dep a LEFT JOIN department_info b on a.dep_id=b.dep_id WHERE ( a.hos_id = '76' ) AND ( b.dep_id = '3' ) LIMIT 1   [ RunTime:0.000564s ]
INFO: [ app_end ] --START--
INFO: Run Behavior\ShowPageTrace [ RunTime:0.000032s ]
INFO: [ app_end ] --END-- [ RunTime:0.000077s ]

[ 2017-08-28T10:03:52+08:00 ] 223.104.63.194 /health/management/application/index.php/Connector/Depa/gethosdoc
INFO: [ app_init ] --START--
INFO: [ app_init ] --END-- [ RunTime:0.000412s ]
INFO: [ path_info ] --START--
INFO: [ path_info ] --END-- [ RunTime:0.000039s ]
INFO: [ app_begin ] --START--
INFO: Run Behavior\ReadHtmlCache [ RunTime:0.000058s ]
INFO: [ app_begin ] --END-- [ RunTime:0.000153s ]
INFO: [ action_begin ] --START--
INFO: [ action_begin ] --END-- [ RunTime:0.000031s ]
SQL: SHOW COLUMNS FROM `department_info` [ RunTime:0.001622s ]
SQL: SELECT * FROM `department_info` LIMIT 1   [ RunTime:0.000219s ]
SQL: SHOW COLUMNS FROM `doctor_info` [ RunTime:0.001449s ]
SQL: SELECT a.*,b.hos_name,c.dep_name FROM doctor_info a LEFT JOIN hospital_info b on a.hos_id=b.hos_id LEFT JOIN department_info c on a.depa_id=c.dep_id WHERE ( a.hos_id = '76' ) AND ( c.parent_id = '3' )  [ RunTime:0.000546s ]
SQL: SELECT a.*,b.hos_name,c.dep_name FROM doctor_info a LEFT JOIN hospital_info b on a.hos_id=b.hos_id LEFT JOIN department_info c on a.depa_id=c.dep_id WHERE ( a.hos_id = '76' ) AND ( a.depa_id = '3' )  [ RunTime:0.000528s ]
INFO: [ app_end ] --START--
INFO: Run Behavior\ShowPageTrace [ RunTime:0.000034s ]
INFO: [ app_end ] --END-- [ RunTime:0.000083s ]

[ 2017-08-28T10:03:53+08:00 ] 223.104.63.194 /health/management/Application/index.php/Connector/Doc/getDocDetail?doc_id=82
INFO: [ app_init ] --START--
INFO: [ app_init ] --END-- [ RunTime:0.000563s ]
INFO: [ path_info ] --START--
INFO: [ path_info ] --END-- [ RunTime:0.000029s ]
INFO: [ app_begin ] --START--
INFO: Run Behavior\ReadHtmlCache [ RunTime:0.000048s ]
INFO: [ app_begin ] --END-- [ RunTime:0.000098s ]
INFO: [ action_begin ] --START--
INFO: [ action_begin ] --END-- [ RunTime:0.000030s ]
NOTIC: [2048] Declaration of Admin\Model\DoctorInfoModel::_after_insert() should be compatible with Think\Model::_after_insert($data, $options) C:\phpstudy\WWW\health\management\Application\Admin\Model\DoctorInfoModel.class.php 第 7 行.
SQL: SHOW COLUMNS FROM `doctor_info` [ RunTime:0.001871s ]
SQL: SELECT a.*,b.hos_name,c.dep_name FROM doctor_info a LEFT JOIN hospital_info b on a.hos_id=b.hos_id LEFT JOIN department_info c on a.depa_id=c.dep_id WHERE ( `doc_id` = '82' ) LIMIT 1   [ RunTime:0.000486s ]
INFO: [ app_end ] --START--
INFO: Run Behavior\ShowPageTrace [ RunTime:0.000036s ]
INFO: [ app_end ] --END-- [ RunTime:0.000086s ]

[ 2017-08-28T10:03:53+08:00 ] 223.104.63.194 /health/management/Application/index.php/Connector/User/isAttention
INFO: [ app_init ] --START--
INFO: [ app_init ] --END-- [ RunTime:0.000405s ]
INFO: [ path_info ] --START--
INFO: [ path_info ] --END-- [ RunTime:0.000030s ]
INFO: [ app_begin ] --START--
INFO: Run Behavior\ReadHtmlCache [ RunTime:0.000041s ]
INFO: [ app_begin ] --END-- [ RunTime:0.000096s ]
INFO: [ action_begin ] --START--
INFO: [ action_begin ] --END-- [ RunTime:0.000030s ]
SQL: SHOW COLUMNS FROM `attention_doc` [ RunTime:0.001650s ]
SQL: SELECT * FROM `attention_doc` WHERE ( `doc_phone` = '18756330056' ) AND ( `user_phone` = '15768650568' ) LIMIT 1   [ RunTime:0.000268s ]
INFO: [ app_end ] --START--
INFO: Run Behavior\ShowPageTrace [ RunTime:0.000039s ]
INFO: [ app_end ] --END-- [ RunTime:0.000086s ]

[ 2017-08-28T10:03:53+08:00 ] 223.104.63.194 /health/management/Application/index.php/Connector/User/get_pingjia
INFO: [ app_init ] --START--
INFO: [ app_init ] --END-- [ RunTime:0.000423s ]
INFO: [ path_info ] --START--
INFO: [ path_info ] --END-- [ RunTime:0.000029s ]
INFO: [ app_begin ] --START--
INFO: Run Behavior\ReadHtmlCache [ RunTime:0.000043s ]
INFO: [ app_begin ] --END-- [ RunTime:0.000096s ]
INFO: [ action_begin ] --START--
INFO: [ action_begin ] --END-- [ RunTime:0.000043s ]
SQL: SHOW COLUMNS FROM `pingjia` [ RunTime:0.001645s ]
SQL: SELECT a.*,b.user_name FROM pingjia a LEFT JOIN user_info b on b.user_phone=a.user_phone WHERE ( `doc_phone` = '18756330056' )  [ RunTime:0.000303s ]
INFO: [ app_end ] --START--
INFO: Run Behavior\ShowPageTrace [ RunTime:0.000038s ]
INFO: [ app_end ] --END-- [ RunTime:0.000084s ]

[ 2017-08-28T10:03:54+08:00 ] 223.104.63.194 /health/management/Application/index.php/Connector/User/attention_doc
INFO: [ app_init ] --START--
INFO: [ app_init ] --END-- [ RunTime:0.000395s ]
INFO: [ path_info ] --START--
INFO: [ path_info ] --END-- [ RunTime:0.000028s ]
INFO: [ app_begin ] --START--
INFO: Run Behavior\ReadHtmlCache [ RunTime:0.000040s ]
INFO: [ app_begin ] --END-- [ RunTime:0.000088s ]
INFO: [ action_begin ] --START--
INFO: [ action_begin ] --END-- [ RunTime:0.000034s ]
SQL: SHOW COLUMNS FROM `attention_doc` [ RunTime:0.002051s ]
SQL: SELECT * FROM `attention_doc` WHERE ( `doc_phone` = '18756330056' ) AND ( `user_phone` = '15768650568' ) LIMIT 1   [ RunTime:0.000349s ]
SQL: INSERT INTO `attention_doc` (`doc_phone`,`user_phone`,`atten_time`) VALUES ('18756330056','15768650568','2017-08-28 10:03:54') [ RunTime:0.002668s ]
SQL: SHOW COLUMNS FROM `doctor_info` [ RunTime:0.001702s ]
SQL: SELECT * FROM `doctor_info` WHERE ( `doc_phone` = '18756330056' ) LIMIT 1   [ RunTime:0.000433s ]
SQL: UPDATE `doctor_info` SET `doc_attention`=35,`doc_R`=16 WHERE ( `doc_phone` = '18756330056' ) [ RunTime:0.002852s ]
INFO: [ app_end ] --START--
INFO: Run Behavior\ShowPageTrace [ RunTime:0.000039s ]
INFO: [ app_end ] --END-- [ RunTime:0.000086s ]

[ 2017-08-28T10:03:57+08:00 ] 223.104.63.194 /health/management/Application/index.php/Connector/Doc/getDocDetail?doc_id=82
INFO: [ app_init ] --START--
INFO: [ app_init ] --END-- [ RunTime:0.000395s ]
INFO: [ path_info ] --START--
INFO: [ path_info ] --END-- [ RunTime:0.000028s ]
INFO: [ app_begin ] --START--
INFO: Run Behavior\ReadHtmlCache [ RunTime:0.000045s ]
INFO: [ app_begin ] --END-- [ RunTime:0.000094s ]
INFO: [ action_begin ] --START--
INFO: [ action_begin ] --END-- [ RunTime:0.000029s ]
NOTIC: [2048] Declaration of Admin\Model\DoctorInfoModel::_after_insert() should be compatible with Think\Model::_after_insert($data, $options) C:\phpstudy\WWW\health\management\Application\Admin\Model\DoctorInfoModel.class.php 第 7 行.
SQL: SHOW COLUMNS FROM `doctor_info` [ RunTime:0.001895s ]
SQL: SELECT a.*,b.hos_name,c.dep_name FROM doctor_info a LEFT JOIN hospital_info b on a.hos_id=b.hos_id LEFT JOIN department_info c on a.depa_id=c.dep_id WHERE ( `doc_id` = '82' ) LIMIT 1   [ RunTime:0.000566s ]
INFO: [ app_end ] --START--
INFO: Run Behavior\ShowPageTrace [ RunTime:0.000055s ]
INFO: [ app_end ] --END-- [ RunTime:0.000138s ]

[ 2017-08-28T10:04:02+08:00 ] 223.104.63.194 /health/management/Application/index.php/Connector/Doc/getDocDetail?doc_id=82
INFO: [ app_init ] --START--
INFO: [ app_init ] --END-- [ RunTime:0.000383s ]
INFO: [ path_info ] --START--
INFO: [ path_info ] --END-- [ RunTime:0.000029s ]
INFO: [ app_begin ] --START--
INFO: Run Behavior\ReadHtmlCache [ RunTime:0.000044s ]
INFO: [ app_begin ] --END-- [ RunTime:0.000095s ]
INFO: [ action_begin ] --START--
INFO: [ action_begin ] --END-- [ RunTime:0.000030s ]
NOTIC: [2048] Declaration of Admin\Model\DoctorInfoModel::_after_insert() should be compatible with Think\Model::_after_insert($data, $options) C:\phpstudy\WWW\health\management\Application\Admin\Model\DoctorInfoModel.class.php 第 7 行.
SQL: SHOW COLUMNS FROM `doctor_info` [ RunTime:0.001829s ]
SQL: SELECT a.*,b.hos_name,c.dep_name FROM doctor_info a LEFT JOIN hospital_info b on a.hos_id=b.hos_id LEFT JOIN department_info c on a.depa_id=c.dep_id WHERE ( `doc_id` = '82' ) LIMIT 1   [ RunTime:0.000474s ]
INFO: [ app_end ] --START--
INFO: Run Behavior\ShowPageTrace [ RunTime:0.000035s ]
INFO: [ app_end ] --END-- [ RunTime:0.000084s ]

[ 2017-08-28T10:04:15+08:00 ] 223.104.63.194 /health/management/application/index.php/Connector/Tuijian/tuijian_doc
INFO: [ app_init ] --START--
INFO: [ app_init ] --END-- [ RunTime:0.000378s ]
INFO: [ path_info ] --START--
INFO: [ path_info ] --END-- [ RunTime:0.000029s ]
INFO: [ app_begin ] --START--
INFO: Run Behavior\ReadHtmlCache [ RunTime:0.000037s ]
INFO: [ app_begin ] --END-- [ RunTime:0.000086s ]
INFO: [ action_begin ] --START--
INFO: [ action_begin ] --END-- [ RunTime:0.000030s ]
SQL: SHOW COLUMNS FROM `doctor_info` [ RunTime:0.001882s ]
SQL: SELECT `doc_id` FROM `doctor_info`  [ RunTime:0.000367s ]
SQL: SHOW COLUMNS FROM `user_doc` [ RunTime:0.001500s ]
SQL: SELECT * FROM `user_doc` WHERE ( `doc_id` = '1' )  [ RunTime:0.000246s ]
SQL: SELECT * FROM `user_doc`  [ RunTime:0.000189s ]
NOTIC: [2] Invalid argument supplied for foreach() C:\phpstudy\WWW\health\management\Application\Connector\Controller\TuijianController.class.php 第 238 行.
SQL: SELECT * FROM `user_doc` WHERE ( `doc_id` = '10' )  [ RunTime:0.000174s ]
SQL: SELECT * FROM `user_doc`  [ RunTime:0.000171s ]
NOTIC: [2] Invalid argument supplied for foreach() C:\phpstudy\WWW\health\management\Application\Connector\Controller\TuijianController.class.php 第 238 行.
SQL: SELECT * FROM `user_doc` WHERE ( `doc_id` = '20' )  [ RunTime:0.000175s ]
SQL: SELECT * FROM `user_doc`  [ RunTime:0.000174s ]
NOTIC: [2] Invalid argument supplied for foreach() C:\phpstudy\WWW\health\management\Application\Connector\Controller\TuijianController.class.php 第 238 行.
SQL: SELECT * FROM `user_doc` WHERE ( `doc_id` = '31' )  [ RunTime:0.000164s ]
SQL: SELECT * FROM `user_doc`  [ RunTime:0.000201s ]
NOTIC: [2] Invalid argument supplied for foreach() C:\phpstudy\WWW\health\management\Application\Connector\Controller\TuijianController.class.php 第 238 行.
SQL: SELECT * FROM `user_doc` WHERE ( `doc_id` = '32' )  [ RunTime:0.000179s ]
SQL: SELECT * FROM `user_doc`  [ RunTime:0.000169s ]
NOTIC: [2] Invalid argument supplied for foreach() C:\phpstudy\WWW\health\management\Application\Connector\Controller\TuijianController.class.php 第 238 行.
SQL: SELECT * FROM `user_doc` WHERE ( `doc_id` = '34' )  [ RunTime:0.000167s ]
SQL: SELECT * FROM `user_doc`  [ RunTime:0.000168s ]
NOTIC: [2] Invalid argument supplied for foreach() C:\phpstudy\WWW\health\management\Application\Connector\Controller\TuijianController.class.php 第 238 行.
SQL: SELECT * FROM `user_doc` WHERE ( `doc_id` = '35' )  [ RunTime:0.000165s ]
SQL: SELECT * FROM `user_doc`  [ RunTime:0.000173s ]
NOTIC: [2] Invalid argument supplied for foreach() C:\phpstudy\WWW\health\management\Application\Connector\Controller\TuijianController.class.php 第 238 行.
SQL: SELECT * FROM `user_doc` WHERE ( `doc_id` = '36' )  [ RunTime:0.000165s ]
SQL: SELECT * FROM `user_doc`  [ RunTime:0.000177s ]
NOTIC: [2] Invalid argument supplied for foreach() C:\phpstudy\WWW\health\management\Application\Connector\Controller\TuijianController.class.php 第 238 行.
SQL: SELECT * FROM `user_doc` WHERE ( `doc_id` = '37' )  [ RunTime:0.000166s ]
SQL: SELECT * FROM `user_doc`  [ RunTime:0.000167s ]
NOTIC: [2] Invalid argument supplied for foreach() C:\phpstudy\WWW\health\management\Application\Connector\Controller\TuijianController.class.php 第 238 行.
SQL: SELECT * FROM `user_doc` WHERE ( `doc_id` = '38' )  [ RunTime:0.000162s ]
SQL: SELECT * FROM `user_doc`  [ RunTime:0.000165s ]
NOTIC: [2] Invalid argument supplied for foreach() C:\phpstudy\WWW\health\management\Application\Connector\Controller\TuijianController.class.php 第 238 行.
SQL: SELECT * FROM `user_doc` WHERE ( `doc_id` = '39' )  [ RunTime:0.000163s ]
SQL: SELECT * FROM `user_doc`  [ RunTime:0.000165s ]
NOTIC: [2] Invalid argument supplied for foreach() C:\phpstudy\WWW\health\management\Application\Connector\Controller\TuijianController.class.php 第 238 行.
SQL: SELECT * FROM `user_doc` WHERE ( `doc_id` = '42' )  [ RunTime:0.000163s ]
SQL: SELECT * FROM `user_doc`  [ RunTime:0.000167s ]
NOTIC: [2] Invalid argument supplied for foreach() C:\phpstudy\WWW\health\management\Application\Connector\Controller\TuijianController.class.php 第 238 行.
SQL: SELECT * FROM `user_doc` WHERE ( `doc_id` = '43' )  [ RunTime:0.000191s ]
SQL: SELECT * FROM `user_doc`  [ RunTime:0.000200s ]
NOTIC: [2] Invalid argument supplied for foreach() C:\phpstudy\WWW\health\management\Application\Connector\Controller\TuijianController.class.php 第 238 行.
SQL: SELECT * FROM `user_doc` WHERE ( `doc_id` = '44' )  [ RunTime:0.000174s ]
SQL: SELECT * FROM `user_doc`  [ RunTime:0.000168s ]
NOTIC: [2] Invalid argument supplied for foreach() C:\phpstudy\WWW\health\management\Application\Connector\Controller\TuijianController.class.php 第 238 行.
SQL: SELECT * FROM `user_doc` WHERE ( `doc_id` = '45' )  [ RunTime:0.000162s ]
SQL: SELECT * FROM `user_doc`  [ RunTime:0.000165s ]
NOTIC: [2] Invalid argument supplied for foreach() C:\phpstudy\WWW\health\management\Application\Connector\Controller\TuijianController.class.php 第 238 行.
SQL: SELECT * FROM `user_doc` WHERE ( `doc_id` = '46' )  [ RunTime:0.000162s ]
SQL: SELECT * FROM `user_doc`  [ RunTime:0.000164s ]
NOTIC: [2] Invalid argument supplied for foreach() C:\phpstudy\WWW\health\management\Application\Connector\Controller\TuijianController.class.php 第 238 行.
SQL: SELECT * FROM `user_doc` WHERE ( `doc_id` = '47' )  [ RunTime:0.000164s ]
SQL: SELECT * FROM `user_doc`  [ RunTime:0.000164s ]
NOTIC: [2] Invalid argument supplied for foreach() C:\phpstudy\WWW\health\management\Application\Connector\Controller\TuijianController.class.php 第 238 行.
SQL: SELECT * FROM `user_doc` WHERE ( `doc_id` = '48' )  [ RunTime:0.000163s ]
SQL: SELECT * FROM `user_doc`  [ RunTime:0.000164s ]
NOTIC: [2] Invalid argument supplied for foreach() C:\phpstudy\WWW\health\management\Application\Connector\Controller\TuijianController.class.php 第 238 行.
SQL: SELECT * FROM `user_doc` WHERE ( `doc_id` = '49' )  [ RunTime:0.000164s ]
SQL: SELECT * FROM `user_doc`  [ RunTime:0.000164s ]
NOTIC: [2] Invalid argument supplied for foreach() C:\phpstudy\WWW\health\management\Application\Connector\Controller\TuijianController.class.php 第 238 行.
SQL: SELECT * FROM `user_doc` WHERE ( `doc_id` = '50' )  [ RunTime:0.000174s ]
SQL: SELECT * FROM `user_doc`  [ RunTime:0.000165s ]
NOTIC: [2] Invalid argument supplied for foreach() C:\phpstudy\WWW\health\management\Application\Connector\Controller\TuijianController.class.php 第 238 行.
SQL: SELECT * FROM `user_doc` WHERE ( `doc_id` = '51' )  [ RunTime:0.000169s ]
SQL: SELECT * FROM `user_doc`  [ RunTime:0.000177s ]
NOTIC: [2] Invalid argument supplied for foreach() C:\phpstudy\WWW\health\management\Application\Connector\Controller\TuijianController.class.php 第 238 行.
SQL: SELECT * FROM `user_doc` WHERE ( `doc_id` = '52' )  [ RunTime:0.000164s ]
SQL: SELECT * FROM `user_doc`  [ RunTime:0.000198s ]
NOTIC: [2] Invalid argument supplied for foreach() C:\phpstudy\WWW\health\management\Application\Connector\Controller\TuijianController.class.php 第 238 行.
SQL: SELECT * FROM `user_doc` WHERE ( `doc_id` = '53' )  [ RunTime:0.000175s ]
SQL: SELECT * FROM `user_doc`  [ RunTime:0.000166s ]
NOTIC: [2] Invalid argument supplied for foreach() C:\phpstudy\WWW\health\management\Application\Connector\Controller\TuijianController.class.php 第 238 行.
SQL: SELECT * FROM `user_doc` WHERE ( `doc_id` = '54' )  [ RunTime:0.000163s ]
SQL: SELECT * FROM `user_doc`  [ RunTime:0.000164s ]
NOTIC: [2] Invalid argument supplied for foreach() C:\phpstudy\WWW\health\management\Application\Connector\Controller\TuijianController.class.php 第 238 行.
SQL: SELECT * FROM `user_doc` WHERE ( `doc_id` = '55' )  [ RunTime:0.000162s ]
SQL: SELECT * FROM `user_doc`  [ RunTime:0.000165s ]
NOTIC: [2] Invalid argument supplied for foreach() C:\phpstudy\WWW\health\management\Application\Connector\Controller\TuijianController.class.php 第 238 行.
SQL: SELECT * FROM `user_doc` WHERE ( `doc_id` = '66' )  [ RunTime:0.000162s ]
SQL: SELECT * FROM `user_doc`  [ RunTime:0.000175s ]
NOTIC: [2] Invalid argument supplied for foreach() C:\phpstudy\WWW\health\management\Application\Connector\Controller\TuijianController.class.php 第 238 行.
SQL: SELECT * FROM `user_doc` WHERE ( `doc_id` = '67' )  [ RunTime:0.000172s ]
SQL: SELECT * FROM `user_doc`  [ RunTime:0.000166s ]
NOTIC: [2] Invalid argument supplied for foreach() C:\phpstudy\WWW\health\management\Application\Connector\Controller\TuijianController.class.php 第 238 行.
SQL: SELECT * FROM `user_doc` WHERE ( `doc_id` = '68' )  [ RunTime:0.000163s ]
SQL: SELECT * FROM `user_doc`  [ RunTime:0.000163s ]
NOTIC: [2] Invalid argument supplied for foreach() C:\phpstudy\WWW\health\management\Application\Connector\Controller\TuijianController.class.php 第 238 行.
SQL: SELECT * FROM `user_doc` WHERE ( `doc_id` = '69' )  [ RunTime:0.000164s ]
SQL: SELECT * FROM `user_doc`  [ RunTime:0.000165s ]
NOTIC: [2] Invalid argument supplied for foreach() C:\phpstudy\WWW\health\management\Application\Connector\Controller\TuijianController.class.php 第 238 行.
SQL: SELECT * FROM `user_doc` WHERE ( `doc_id` = '70' )  [ RunTime:0.000163s ]
SQL: SELECT * FROM `user_doc`  [ RunTime:0.000164s ]
NOTIC: [2] Invalid argument supplied for foreach() C:\phpstudy\WWW\health\management\Application\Connector\Controller\TuijianController.class.php 第 238 行.
SQL: SELECT * FROM `user_doc` WHERE ( `doc_id` = '71' )  [ RunTime:0.000163s ]
SQL: SELECT * FROM `user_doc`  [ RunTime:0.000168s ]
NOTIC: [2] Invalid argument supplied for foreach() C:\phpstudy\WWW\health\management\Application\Connector\Controller\TuijianController.class.php 第 238 行.
SQL: SELECT * FROM `user_doc` WHERE ( `doc_id` = '72' )  [ RunTime:0.000161s ]
SQL: SELECT * FROM `user_doc`  [ RunTime:0.000164s ]
NOTIC: [2] Invalid argument supplied for foreach() C:\phpstudy\WWW\health\management\Application\Connector\Controller\TuijianController.class.php 第 238 行.
SQL: SELECT * FROM `user_doc` WHERE ( `doc_id` = '73' )  [ RunTime:0.000172s ]
SQL: SELECT * FROM `user_doc`  [ RunTime:0.000165s ]
NOTIC: [2] Invalid argument supplied for foreach() C:\phpstudy\WWW\health\management\Application\Connector\Controller\TuijianController.class.php 第 238 行.
SQL: SELECT * FROM `user_doc` WHERE ( `doc_id` = '74' )  [ RunTime:0.000162s ]
SQL: SELECT * FROM `user_doc`  [ RunTime:0.000163s ]
NOTIC: [2] Invalid argument supplied for foreach() C:\phpstudy\WWW\health\management\Application\Connector\Controller\TuijianController.class.php 第 238 行.
SQL: SELECT * FROM `user_doc` WHERE ( `doc_id` = '75' )  [ RunTime:0.000162s ]
SQL: SELECT * FROM `user_doc`  [ RunTime:0.000164s ]
NOTIC: [2] Invalid argument supplied for foreach() C:\phpstudy\WWW\health\management\Application\Connector\Controller\TuijianController.class.php 第 238 行.
SQL: SELECT * FROM `user_doc` WHERE ( `doc_id` = '76' )  [ RunTime:0.000170s ]
SQL: SELECT * FROM `user_doc`  [ RunTime:0.000165s ]
SQL: SELECT * FROM `user_doc` WHERE ( `doc_id` = '77' )  [ RunTime:0.000169s ]
SQL: SELECT * FROM `user_doc`  [ RunTime:0.000164s ]
SQL: SELECT * FROM `user_doc` WHERE ( `doc_id` = '78' )  [ RunTime:0.000162s ]
SQL: SELECT * FROM `user_doc`  [ RunTime:0.000165s ]
NOTIC: [2] Invalid argument supplied for foreach() C:\phpstudy\WWW\health\management\Application\Connector\Controller\TuijianController.class.php 第 238 行.
SQL: SELECT * FROM `user_doc` WHERE ( `doc_id` = '79' )  [ RunTime:0.000167s ]
SQL: SELECT * FROM `user_doc`  [ RunTime:0.000164s ]
NOTIC: [2] Invalid argument supplied for foreach() C:\phpstudy\WWW\health\management\Application\Connector\Controller\TuijianController.class.php 第 238 行.
SQL: SELECT * FROM `user_doc` WHERE ( `doc_id` = '80' )  [ RunTime:0.000163s ]
SQL: SELECT * FROM `user_doc`  [ RunTime:0.000166s ]
NOTIC: [2] Invalid argument supplied for foreach() C:\phpstudy\WWW\health\management\Application\Connector\Controller\TuijianController.class.php 第 238 行.
SQL: SELECT * FROM `user_doc` WHERE ( `doc_id` = '81' )  [ RunTime:0.000163s ]
SQL: SELECT * FROM `user_doc`  [ RunTime:0.000195s ]
NOTIC: [2] Invalid argument supplied for foreach() C:\phpstudy\WWW\health\management\Application\Connector\Controller\TuijianController.class.php 第 238 行.
SQL: SELECT * FROM `user_doc` WHERE ( `doc_id` = '82' )  [ RunTime:0.000195s ]
SQL: SELECT * FROM `user_doc`  [ RunTime:0.000178s ]
NOTIC: [2] Invalid argument supplied for foreach() C:\phpstudy\WWW\health\management\Application\Connector\Controller\TuijianController.class.php 第 238 行.
SQL: SELECT * FROM `user_doc` WHERE ( `doc_id` = '83' )  [ RunTime:0.000165s ]
SQL: SELECT * FROM `user_doc`  [ RunTime:0.000167s ]
NOTIC: [2] Invalid argument supplied for foreach() C:\phpstudy\WWW\health\management\Application\Connector\Controller\TuijianController.class.php 第 238 行.
SQL: SELECT * FROM `user_doc` WHERE ( `doc_id` = '84' )  [ RunTime:0.000164s ]
SQL: SELECT * FROM `user_doc`  [ RunTime:0.000165s ]
NOTIC: [2] Invalid argument supplied for foreach() C:\phpstudy\WWW\health\management\Application\Connector\Controller\TuijianController.class.php 第 238 行.
SQL: SELECT * FROM `user_doc` WHERE ( `doc_id` = '85' )  [ RunTime:0.000162s ]
SQL: SELECT * FROM `user_doc`  [ RunTime:0.000164s ]
NOTIC: [2] Invalid argument supplied for foreach() C:\phpstudy\WWW\health\management\Application\Connector\Controller\TuijianController.class.php 第 238 行.
SQL: SELECT * FROM `user_doc` WHERE ( `doc_id` = '86' )  [ RunTime:0.000161s ]
SQL: SELECT * FROM `user_doc`  [ RunTime:0.000164s ]
NOTIC: [2] Invalid argument supplied for foreach() C:\phpstudy\WWW\health\management\Application\Connector\Controller\TuijianController.class.php 第 238 行.
SQL: SELECT * FROM `user_doc` WHERE ( `doc_id` = '87' )  [ RunTime:0.000162s ]
SQL: SELECT * FROM `user_doc`  [ RunTime:0.000177s ]
NOTIC: [2] Invalid argument supplied for foreach() C:\phpstudy\WWW\health\management\Application\Connector\Controller\TuijianController.class.php 第 238 行.
SQL: SELECT * FROM `user_doc` WHERE ( `doc_id` = '88' )  [ RunTime:0.000167s ]
SQL: SELECT * FROM `user_doc`  [ RunTime:0.000166s ]
NOTIC: [2] Invalid argument supplied for foreach() C:\phpstudy\WWW\health\management\Application\Connector\Controller\TuijianController.class.php 第 238 行.
SQL: SELECT * FROM `user_doc` WHERE ( `doc_id` = '89' )  [ RunTime:0.000162s ]
SQL: SELECT * FROM `user_doc`  [ RunTime:0.000169s ]
NOTIC: [2] Invalid argument supplied for foreach() C:\phpstudy\WWW\health\management\Application\Connector\Controller\TuijianController.class.php 第 238 行.
SQL: SELECT * FROM `user_doc` WHERE ( `doc_id` = '90' )  [ RunTime:0.000169s ]
SQL: SELECT * FROM `user_doc`  [ RunTime:0.000166s ]
SQL: SELECT * FROM `user_doc` WHERE ( `doc_id` = '91' )  [ RunTime:0.000162s ]
SQL: SELECT * FROM `user_doc`  [ RunTime:0.000185s ]
NOTIC: [2] Invalid argument supplied for foreach() C:\phpstudy\WWW\health\management\Application\Connector\Controller\TuijianController.class.php 第 238 行.
SQL: SELECT * FROM `user_doc` WHERE ( `doc_id` = '92' )  [ RunTime:0.000182s ]
SQL: SELECT * FROM `user_doc`  [ RunTime:0.000168s ]
NOTIC: [2] Invalid argument supplied for foreach() C:\phpstudy\WWW\health\management\Application\Connector\Controller\TuijianController.class.php 第 238 行.
SQL: SELECT * FROM `user_doc` WHERE ( `doc_id` = '93' )  [ RunTime:0.000164s ]
SQL: SELECT * FROM `user_doc`  [ RunTime:0.000165s ]
NOTIC: [2] Invalid argument supplied for foreach() C:\phpstudy\WWW\health\management\Application\Connector\Controller\TuijianController.class.php 第 238 行.
SQL: SELECT * FROM `user_doc` WHERE ( `doc_id` = '94' )  [ RunTime:0.000162s ]
SQL: SELECT * FROM `user_doc`  [ RunTime:0.000164s ]
NOTIC: [2] Invalid argument supplied for foreach() C:\phpstudy\WWW\health\management\Application\Connector\Controller\TuijianController.class.php 第 238 行.
SQL: SELECT * FROM `user_doc` WHERE ( `doc_id` = '95' )  [ RunTime:0.000161s ]
SQL: SELECT * FROM `user_doc`  [ RunTime:0.000171s ]
NOTIC: [2] Invalid argument supplied for foreach() C:\phpstudy\WWW\health\management\Application\Connector\Controller\TuijianController.class.php 第 238 行.
SQL: SELECT * FROM `user_doc` WHERE ( `doc_id` = '96' )  [ RunTime:0.000162s ]
SQL: SELECT * FROM `user_doc`  [ RunTime:0.000168s ]
NOTIC: [2] Invalid argument supplied for foreach() C:\phpstudy\WWW\health\management\Application\Connector\Controller\TuijianController.class.php 第 238 行.
SQL: SELECT * FROM `user_doc` WHERE ( `doc_id` = '97' )  [ RunTime:0.000163s ]
SQL: SELECT * FROM `user_doc`  [ RunTime:0.000167s ]
NOTIC: [2] Invalid argument supplied for foreach() C:\phpstudy\WWW\health\management\Application\Connector\Controller\TuijianController.class.php 第 238 行.
SQL: SELECT * FROM `user_doc` WHERE ( `doc_id` = '98' )  [ RunTime:0.000169s ]
SQL: SELECT * FROM `user_doc`  [ RunTime:0.000166s ]
NOTIC: [2] Invalid argument supplied for foreach() C:\phpstudy\WWW\health\management\Application\Connector\Controller\TuijianController.class.php 第 238 行.
SQL: SELECT * FROM `user_doc` WHERE ( `doc_id` = '99' )  [ RunTime:0.000163s ]
SQL: SELECT * FROM `user_doc`  [ RunTime:0.000164s ]
NOTIC: [2] Invalid argument supplied for foreach() C:\phpstudy\WWW\health\management\Application\Connector\Controller\TuijianController.class.php 第 238 行.
SQL: SELECT * FROM `user_doc` WHERE ( `doc_id` = '100' )  [ RunTime:0.000162s ]
SQL: SELECT * FROM `user_doc`  [ RunTime:0.000163s ]
NOTIC: [2] Invalid argument supplied for foreach() C:\phpstudy\WWW\health\management\Application\Connector\Controller\TuijianController.class.php 第 238 行.
SQL: SELECT * FROM `user_doc` WHERE ( `doc_id` = '101' )  [ RunTime:0.000162s ]
SQL: SELECT * FROM `user_doc`  [ RunTime:0.000181s ]
NOTIC: [2] Invalid argument supplied for foreach() C:\phpstudy\WWW\health\management\Application\Connector\Controller\TuijianController.class.php 第 238 行.
SQL: SELECT * FROM `user_doc` WHERE ( `doc_id` = '102' )  [ RunTime:0.000177s ]
SQL: SELECT * FROM `user_doc`  [ RunTime:0.000166s ]
NOTIC: [2] Invalid argument supplied for foreach() C:\phpstudy\WWW\health\management\Application\Connector\Controller\TuijianController.class.php 第 238 行.
SQL: SELECT * FROM `user_doc` WHERE ( `doc_id` = '103' )  [ RunTime:0.000164s ]
SQL: SELECT * FROM `user_doc`  [ RunTime:0.000166s ]
NOTIC: [2] Invalid argument supplied for foreach() C:\phpstudy\WWW\health\management\Application\Connector\Controller\TuijianController.class.php 第 238 行.
SQL: SELECT * FROM `user_doc` WHERE ( `doc_id` = '104' )  [ RunTime:0.000165s ]
SQL: SELECT * FROM `user_doc`  [ RunTime:0.000166s ]
NOTIC: [2] Invalid argument supplied for foreach() C:\phpstudy\WWW\health\management\Application\Connector\Controller\TuijianController.class.php 第 238 行.
SQL: SELECT * FROM `user_doc` WHERE ( `doc_id` = '105' )  [ RunTime:0.000163s ]
SQL: SELECT * FROM `user_doc`  [ RunTime:0.000169s ]
NOTIC: [2] Invalid argument supplied for foreach() C:\phpstudy\WWW\health\management\Application\Connector\Controller\TuijianController.class.php 第 238 行.
SQL: SELECT * FROM `user_doc` WHERE ( `doc_id` = '106' )  [ RunTime:0.000183s ]
SQL: SELECT * FROM `user_doc`  [ RunTime:0.000168s ]
SQL: SELECT * FROM `user_doc` WHERE ( `doc_id` = '107' )  [ RunTime:0.000165s ]
SQL: SELECT * FROM `user_doc`  [ RunTime:0.000166s ]
NOTIC: [2] Invalid argument supplied for foreach() C:\phpstudy\WWW\health\management\Application\Connector\Controller\TuijianController.class.php 第 238 行.
SQL: SELECT * FROM `user_doc` WHERE ( `doc_id` = '108' )  [ RunTime:0.000170s ]
SQL: SELECT * FROM `user_doc`  [ RunTime:0.000168s ]
NOTIC: [2] Invalid argument supplied for foreach() C:\phpstudy\WWW\health\management\Application\Connector\Controller\TuijianController.class.php 第 238 行.
SQL: SELECT * FROM doctor_info a LEFT JOIN hospital_info b on a.hos_id=b.hos_id LEFT JOIN department_info c on a.depa_id=c.dep_id WHERE ( `doc_id` = 87 ) LIMIT 1   [ RunTime:0.000534s ]
SQL: SELECT * FROM doctor_info a LEFT JOIN hospital_info b on a.hos_id=b.hos_id LEFT JOIN department_info c on a.depa_id=c.dep_id WHERE ( `doc_id` = 86 ) LIMIT 1   [ RunTime:0.000342s ]
SQL: SELECT * FROM doctor_info a LEFT JOIN hospital_info b on a.hos_id=b.hos_id LEFT JOIN department_info c on a.depa_id=c.dep_id WHERE ( `doc_id` = 85 ) LIMIT 1   [ RunTime:0.000318s ]
SQL: SELECT * FROM doctor_info a LEFT JOIN hospital_info b on a.hos_id=b.hos_id LEFT JOIN department_info c on a.depa_id=c.dep_id WHERE ( `doc_id` = 88 ) LIMIT 1   [ RunTime:0.000300s ]
SQL: SELECT * FROM doctor_info a LEFT JOIN hospital_info b on a.hos_id=b.hos_id LEFT JOIN department_info c on a.depa_id=c.dep_id WHERE ( `doc_id` = 89 ) LIMIT 1   [ RunTime:0.000277s ]
SQL: SELECT * FROM doctor_info a LEFT JOIN hospital_info b on a.hos_id=b.hos_id LEFT JOIN department_info c on a.depa_id=c.dep_id WHERE ( `doc_id` = 91 ) LIMIT 1   [ RunTime:0.000278s ]
SQL: SELECT * FROM doctor_info a LEFT JOIN hospital_info b on a.hos_id=b.hos_id LEFT JOIN department_info c on a.depa_id=c.dep_id WHERE ( `doc_id` = 90 ) LIMIT 1   [ RunTime:0.000272s ]
SQL: SELECT * FROM doctor_info a LEFT JOIN hospital_info b on a.hos_id=b.hos_id LEFT JOIN department_info c on a.depa_id=c.dep_id WHERE ( `doc_id` = 84 ) LIMIT 1   [ RunTime:0.000276s ]
INFO: [ app_end ] --START--
INFO: Run Behavior\ShowPageTrace [ RunTime:0.000038s ]
INFO: [ app_end ] --END-- [ RunTime:0.000093s ]

[ 2017-08-28T10:04:18+08:00 ] 223.104.63.194 /health/management/Application/index.php/Connector/Doc/getDocDetail?doc_id=87
INFO: [ app_init ] --START--
INFO: [ app_init ] --END-- [ RunTime:0.000371s ]
INFO: [ path_info ] --START--
INFO: [ path_info ] --END-- [ RunTime:0.000029s ]
INFO: [ app_begin ] --START--
INFO: Run Behavior\ReadHtmlCache [ RunTime:0.000042s ]
INFO: [ app_begin ] --END-- [ RunTime:0.000094s ]
INFO: [ action_begin ] --START--
INFO: [ action_begin ] --END-- [ RunTime:0.000039s ]
NOTIC: [2048] Declaration of Admin\Model\DoctorInfoModel::_after_insert() should be compatible with Think\Model::_after_insert($data, $options) C:\phpstudy\WWW\health\management\Application\Admin\Model\DoctorInfoModel.class.php 第 7 行.
SQL: SHOW COLUMNS FROM `doctor_info` [ RunTime:0.001866s ]
SQL: SELECT a.*,b.hos_name,c.dep_name FROM doctor_info a LEFT JOIN hospital_info b on a.hos_id=b.hos_id LEFT JOIN department_info c on a.depa_id=c.dep_id WHERE ( `doc_id` = '87' ) LIMIT 1   [ RunTime:0.000464s ]
INFO: [ app_end ] --START--
INFO: Run Behavior\ShowPageTrace [ RunTime:0.000031s ]
INFO: [ app_end ] --END-- [ RunTime:0.000074s ]

[ 2017-08-28T10:04:18+08:00 ] 223.104.63.194 /health/management/Application/index.php/Connector/User/isAttention
INFO: [ app_init ] --START--
INFO: [ app_init ] --END-- [ RunTime:0.000444s ]
INFO: [ path_info ] --START--
INFO: [ path_info ] --END-- [ RunTime:0.000030s ]
INFO: [ app_begin ] --START--
INFO: Run Behavior\ReadHtmlCache [ RunTime:0.000038s ]
INFO: [ app_begin ] --END-- [ RunTime:0.000087s ]
INFO: [ action_begin ] --START--
INFO: [ action_begin ] --END-- [ RunTime:0.000031s ]
SQL: SHOW COLUMNS FROM `attention_doc` [ RunTime:0.001536s ]
SQL: SELECT * FROM `attention_doc` WHERE ( `doc_phone` = '15562653569' ) AND ( `user_phone` = '15768650568' ) LIMIT 1   [ RunTime:0.000272s ]
INFO: [ app_end ] --START--
INFO: Run Behavior\ShowPageTrace [ RunTime:0.000030s ]
INFO: [ app_end ] --END-- [ RunTime:0.000073s ]

[ 2017-08-28T10:04:18+08:00 ] 223.104.63.194 /health/management/Application/index.php/Connector/User/get_pingjia
INFO: [ app_init ] --START--
INFO: [ app_init ] --END-- [ RunTime:0.000348s ]
INFO: [ path_info ] --START--
INFO: [ path_info ] --END-- [ RunTime:0.000029s ]
INFO: [ app_begin ] --START--
INFO: Run Behavior\ReadHtmlCache [ RunTime:0.000037s ]
INFO: [ app_begin ] --END-- [ RunTime:0.000085s ]
INFO: [ action_begin ] --START--
INFO: [ action_begin ] --END-- [ RunTime:0.000031s ]
SQL: SHOW COLUMNS FROM `pingjia` [ RunTime:0.001451s ]
SQL: SELECT a.*,b.user_name FROM pingjia a LEFT JOIN user_info b on b.user_phone=a.user_phone WHERE ( `doc_phone` = '15562653569' )  [ RunTime:0.000297s ]
INFO: [ app_end ] --START--
INFO: Run Behavior\ShowPageTrace [ RunTime:0.000030s ]
INFO: [ app_end ] --END-- [ RunTime:0.000072s ]

[ 2017-08-28T10:04:35+08:00 ] 223.104.63.194 /health/management/Application/index.php/Connector/hos/getHosDetail?hos_id=56
INFO: [ app_init ] --START--
INFO: [ app_init ] --END-- [ RunTime:0.000417s ]
INFO: [ path_info ] --START--
INFO: [ path_info ] --END-- [ RunTime:0.000029s ]
INFO: [ app_begin ] --START--
INFO: Run Behavior\ReadHtmlCache [ RunTime:0.000043s ]
INFO: [ app_begin ] --END-- [ RunTime:0.000094s ]
INFO: [ action_begin ] --START--
INFO: [ action_begin ] --END-- [ RunTime:0.000030s ]
NOTIC: [2048] Declaration of Admin\Model\HospitalInfoModel::_after_insert() should be compatible with Think\Model::_after_insert($data, $options) C:\phpstudy\WWW\health\management\Application\Admin\Model\HospitalInfoModel.class.php 第 7 行.
SQL: SHOW COLUMNS FROM `hospital_info` [ RunTime:0.001690s ]
SQL: SELECT * FROM `hospital_info` WHERE ( `hos_id` = 56 ) LIMIT 1   [ RunTime:0.000371s ]
INFO: [ app_end ] --START--
INFO: Run Behavior\ShowPageTrace [ RunTime:0.000046s ]
INFO: [ app_end ] --END-- [ RunTime:0.000101s ]

[ 2017-08-28T10:04:35+08:00 ] 223.104.63.194 /health/management/Application/index.php/Connector/Hos/getHosImg?hos_id=56
INFO: [ app_init ] --START--
INFO: [ app_init ] --END-- [ RunTime:0.000376s ]
INFO: [ path_info ] --START--
INFO: [ path_info ] --END-- [ RunTime:0.000030s ]
INFO: [ app_begin ] --START--
INFO: Run Behavior\ReadHtmlCache [ RunTime:0.000042s ]
INFO: [ app_begin ] --END-- [ RunTime:0.000095s ]
INFO: [ action_begin ] --START--
INFO: [ action_begin ] --END-- [ RunTime:0.000059s ]
SQL: SHOW COLUMNS FROM `hos_img` [ RunTime:0.001479s ]
SQL: SELECT * FROM `hos_img` WHERE ( `hos_id` = '56' )  [ RunTime:0.000337s ]
INFO: [ app_end ] --START--
INFO: Run Behavior\ShowPageTrace [ RunTime:0.000057s ]
INFO: [ app_end ] --END-- [ RunTime:0.000138s ]

[ 2017-08-28T10:04:35+08:00 ] 223.104.63.194 /health/management/Application/index.php/Connector/User/isAttentionHos
INFO: [ app_init ] --START--
INFO: [ app_init ] --END-- [ RunTime:0.000394s ]
INFO: [ path_info ] --START--
INFO: [ path_info ] --END-- [ RunTime:0.000030s ]
INFO: [ app_begin ] --START--
INFO: Run Behavior\ReadHtmlCache [ RunTime:0.000040s ]
INFO: [ app_begin ] --END-- [ RunTime:0.000088s ]
INFO: [ action_begin ] --START--
INFO: [ action_begin ] --END-- [ RunTime:0.000031s ]
SQL: SHOW COLUMNS FROM `attention_hos` [ RunTime:0.001647s ]
SQL: SELECT * FROM `attention_hos` WHERE ( `hos_id` = '56' ) AND ( `user_phone` = '15768650568' ) LIMIT 1   [ RunTime:0.000236s ]
INFO: [ app_end ] --START--
INFO: Run Behavior\ShowPageTrace [ RunTime:0.000035s ]
INFO: [ app_end ] --END-- [ RunTime:0.000091s ]

[ 2017-08-28T10:05:03+08:00 ] 223.104.63.194 /health/management/application/index.php/Connector/Depa/gethosdoc
INFO: [ app_init ] --START--
INFO: [ app_init ] --END-- [ RunTime:0.000518s ]
INFO: [ path_info ] --START--
INFO: [ path_info ] --END-- [ RunTime:0.000030s ]
INFO: [ app_begin ] --START--
INFO: Run Behavior\ReadHtmlCache [ RunTime:0.000043s ]
INFO: [ app_begin ] --END-- [ RunTime:0.000092s ]
INFO: [ action_begin ] --START--
INFO: [ action_begin ] --END-- [ RunTime:0.000029s ]
SQL: SHOW COLUMNS FROM `department_info` [ RunTime:0.001745s ]
SQL: SELECT * FROM `department_info` LIMIT 1   [ RunTime:0.000241s ]
SQL: SHOW COLUMNS FROM `doctor_info` [ RunTime:0.001478s ]
SQL: SELECT a.*,b.hos_name,c.dep_name FROM doctor_info a LEFT JOIN hospital_info b on a.hos_id=b.hos_id LEFT JOIN department_info c on a.depa_id=c.dep_id WHERE ( a.hos_id = '56' ) AND ( c.parent_id = '2' )  [ RunTime:0.000546s ]
SQL: SELECT a.*,b.hos_name,c.dep_name FROM doctor_info a LEFT JOIN hospital_info b on a.hos_id=b.hos_id LEFT JOIN department_info c on a.depa_id=c.dep_id WHERE ( a.hos_id = '56' ) AND ( a.depa_id = '2' )  [ RunTime:0.000443s ]
INFO: [ app_end ] --START--
INFO: Run Behavior\ShowPageTrace [ RunTime:0.000037s ]
INFO: [ app_end ] --END-- [ RunTime:0.000083s ]

[ 2017-08-28T10:05:03+08:00 ] 223.104.63.194 /health/management/application/index.php/Connector/Depa/gethosdep
INFO: [ app_init ] --START--
INFO: [ app_init ] --END-- [ RunTime:0.000383s ]
INFO: [ path_info ] --START--
INFO: [ path_info ] --END-- [ RunTime:0.000042s ]
INFO: [ app_begin ] --START--
INFO: Run Behavior\ReadHtmlCache [ RunTime:0.000042s ]
INFO: [ app_begin ] --END-- [ RunTime:0.000093s ]
INFO: [ action_begin ] --START--
INFO: [ action_begin ] --END-- [ RunTime:0.000043s ]
SQL: SHOW COLUMNS FROM `hos_dep` [ RunTime:0.001655s ]
SQL: SELECT b.dep_name,a.* FROM hos_dep a LEFT JOIN department_info b on a.dep_id=b.dep_id WHERE ( a.hos_id = '56' ) AND ( b.dep_id = '2' ) LIMIT 1   [ RunTime:0.000636s ]
INFO: [ app_end ] --START--
INFO: Run Behavior\ShowPageTrace [ RunTime:0.000039s ]
INFO: [ app_end ] --END-- [ RunTime:0.000090s ]

[ 2017-08-28T10:05:07+08:00 ] 223.104.63.194 /health/management/Application/index.php/Connector/Depa/gethosdep
INFO: [ app_init ] --START--
INFO: [ app_init ] --END-- [ RunTime:0.000383s ]
INFO: [ path_info ] --START--
INFO: [ path_info ] --END-- [ RunTime:0.000030s ]
INFO: [ app_begin ] --START--
INFO: Run Behavior\ReadHtmlCache [ RunTime:0.000042s ]
INFO: [ app_begin ] --END-- [ RunTime:0.000094s ]
INFO: [ action_begin ] --START--
INFO: [ action_begin ] --END-- [ RunTime:0.000031s ]
SQL: SHOW COLUMNS FROM `hos_dep` [ RunTime:0.001643s ]
SQL: SELECT b.dep_name,a.* FROM hos_dep a LEFT JOIN department_info b on a.dep_id=b.dep_id WHERE ( a.hos_id = '56' ) AND ( b.dep_id = '2' ) LIMIT 1   [ RunTime:0.000593s ]
INFO: [ app_end ] --START--
INFO: Run Behavior\ShowPageTrace [ RunTime:0.000038s ]
INFO: [ app_end ] --END-- [ RunTime:0.000085s ]

[ 2017-08-28T10:05:14+08:00 ] 223.104.63.194 /health/management/application/index.php/Connector/Depa/getdepname
INFO: [ app_init ] --START--
INFO: [ app_init ] --END-- [ RunTime:0.000439s ]
INFO: [ path_info ] --START--
INFO: [ path_info ] --END-- [ RunTime:0.000028s ]
INFO: [ app_begin ] --START--
INFO: Run Behavior\ReadHtmlCache [ RunTime:0.000054s ]
INFO: [ app_begin ] --END-- [ RunTime:0.000115s ]
INFO: [ action_begin ] --START--
INFO: [ action_begin ] --END-- [ RunTime:0.000031s ]
SQL: SHOW COLUMNS FROM `department_info` [ RunTime:0.001504s ]
SQL: SELECT * FROM `department_info` WHERE ( `dep_id` = '2' ) LIMIT 1   [ RunTime:0.000273s ]
INFO: [ app_end ] --START--
INFO: Run Behavior\ShowPageTrace [ RunTime:0.000036s ]
INFO: [ app_end ] --END-- [ RunTime:0.000084s ]

[ 2017-08-28T10:05:14+08:00 ] 223.104.63.194 /health/management/application/index.php/Connector/Tuijian/get_dep_doc
INFO: [ app_init ] --START--
INFO: [ app_init ] --END-- [ RunTime:0.000412s ]
INFO: [ path_info ] --START--
INFO: [ path_info ] --END-- [ RunTime:0.000047s ]
INFO: [ app_begin ] --START--
INFO: Run Behavior\ReadHtmlCache [ RunTime:0.000056s ]
INFO: [ app_begin ] --END-- [ RunTime:0.000128s ]
INFO: [ action_begin ] --START--
INFO: [ action_begin ] --END-- [ RunTime:0.000042s ]
SQL: SHOW COLUMNS FROM `department_info` [ RunTime:0.002167s ]
SQL: SELECT * FROM `department_info` LIMIT 1   [ RunTime:0.000224s ]
SQL: SHOW COLUMNS FROM `doctor_info` [ RunTime:0.001853s ]
SQL: SELECT a.*,b.hos_name,c.dep_name FROM doctor_info a LEFT JOIN hospital_info b on a.hos_id=b.hos_id LEFT JOIN department_info c on a.depa_id=c.dep_id WHERE ( c.parent_id = '2' ) AND ( b.hos_address LIKE '%深圳%' ) ORDER BY a.doc_R desc  [ RunTime:0.001072s ]
SQL: SELECT a.*,b.hos_name,c.dep_name FROM doctor_info a LEFT JOIN hospital_info b on a.hos_id=b.hos_id LEFT JOIN department_info c on a.depa_id=c.dep_id WHERE ( a.depa_id = '2' ) AND ( b.hos_address LIKE '%深圳%' ) ORDER BY a.doc_R desc  [ RunTime:0.000477s ]
INFO: [ app_end ] --START--
INFO: Run Behavior\ShowPageTrace [ RunTime:0.000051s ]
INFO: [ app_end ] --END-- [ RunTime:0.000114s ]

[ 2017-08-28T10:05:23+08:00 ] 223.104.63.194 /health/management/application/index.php/Connector/Depa/getdepname
INFO: [ app_init ] --START--
INFO: [ app_init ] --END-- [ RunTime:0.000403s ]
INFO: [ path_info ] --START--
INFO: [ path_info ] --END-- [ RunTime:0.000043s ]
INFO: [ app_begin ] --START--
INFO: Run Behavior\ReadHtmlCache [ RunTime:0.000041s ]
INFO: [ app_begin ] --END-- [ RunTime:0.000093s ]
INFO: [ action_begin ] --START--
INFO: [ action_begin ] --END-- [ RunTime:0.000030s ]
SQL: SHOW COLUMNS FROM `department_info` [ RunTime:0.001466s ]
SQL: SELECT * FROM `department_info` WHERE ( `dep_id` = '2' ) LIMIT 1   [ RunTime:0.000259s ]
INFO: [ app_end ] --START--
INFO: Run Behavior\ShowPageTrace [ RunTime:0.000037s ]
INFO: [ app_end ] --END-- [ RunTime:0.000084s ]

[ 2017-08-28T10:05:23+08:00 ] 223.104.63.194 /health/management/application/index.php/Connector/Tuijian/get_dep_doc
INFO: [ app_init ] --START--
INFO: [ app_init ] --END-- [ RunTime:0.000358s ]
INFO: [ path_info ] --START--
INFO: [ path_info ] --END-- [ RunTime:0.000030s ]
INFO: [ app_begin ] --START--
INFO: Run Behavior\ReadHtmlCache [ RunTime:0.000039s ]
INFO: [ app_begin ] --END-- [ RunTime:0.000089s ]
INFO: [ action_begin ] --START--
INFO: [ action_begin ] --END-- [ RunTime:0.000034s ]
SQL: SHOW COLUMNS FROM `department_info` [ RunTime:0.001497s ]
SQL: SELECT * FROM `department_info` LIMIT 1   [ RunTime:0.000274s ]
SQL: SHOW COLUMNS FROM `doctor_info` [ RunTime:0.001560s ]
SQL: SELECT a.*,b.hos_name,c.dep_name FROM doctor_info a LEFT JOIN hospital_info b on a.hos_id=b.hos_id LEFT JOIN department_info c on a.depa_id=c.dep_id WHERE ( c.parent_id = '2' ) AND ( b.hos_address LIKE '%全部%' ) ORDER BY a.doc_R desc  [ RunTime:0.001109s ]
SQL: SELECT a.*,b.hos_name,c.dep_name FROM doctor_info a LEFT JOIN hospital_info b on a.hos_id=b.hos_id LEFT JOIN department_info c on a.depa_id=c.dep_id WHERE ( a.depa_id = '2' ) AND ( b.hos_address LIKE '%全部%' ) ORDER BY a.doc_R desc  [ RunTime:0.000423s ]
INFO: [ app_end ] --START--
INFO: Run Behavior\ShowPageTrace [ RunTime:0.000037s ]
INFO: [ app_end ] --END-- [ RunTime:0.000084s ]

[ 2017-08-28T10:05:33+08:00 ] 223.104.63.194 /health/management/application/index.php/Connector/Depa/getdepname
INFO: [ app_init ] --START--
INFO: [ app_init ] --END-- [ RunTime:0.000388s ]
INFO: [ path_info ] --START--
INFO: [ path_info ] --END-- [ RunTime:0.000030s ]
INFO: [ app_begin ] --START--
INFO: Run Behavior\ReadHtmlCache [ RunTime:0.000046s ]
INFO: [ app_begin ] --END-- [ RunTime:0.000107s ]
INFO: [ action_begin ] --START--
INFO: [ action_begin ] --END-- [ RunTime:0.000030s ]
SQL: SHOW COLUMNS FROM `department_info` [ RunTime:0.001463s ]
SQL: SELECT * FROM `department_info` WHERE ( `dep_id` = '2' ) LIMIT 1   [ RunTime:0.000276s ]
INFO: [ app_end ] --START--
INFO: Run Behavior\ShowPageTrace [ RunTime:0.000035s ]
INFO: [ app_end ] --END-- [ RunTime:0.000079s ]

[ 2017-08-28T10:05:33+08:00 ] 223.104.63.194 /health/management/application/index.php/Connector/Tuijian/get_dep_doc
INFO: [ app_init ] --START--
INFO: [ app_init ] --END-- [ RunTime:0.000379s ]
INFO: [ path_info ] --START--
INFO: [ path_info ] --END-- [ RunTime:0.000028s ]
INFO: [ app_begin ] --START--
INFO: Run Behavior\ReadHtmlCache [ RunTime:0.000039s ]
INFO: [ app_begin ] --END-- [ RunTime:0.000089s ]
INFO: [ action_begin ] --START--
INFO: [ action_begin ] --END-- [ RunTime:0.000052s ]
SQL: SHOW COLUMNS FROM `department_info` [ RunTime:0.001380s ]
SQL: SELECT * FROM `department_info` LIMIT 1   [ RunTime:0.000251s ]
SQL: SHOW COLUMNS FROM `doctor_info` [ RunTime:0.001476s ]
SQL: SELECT a.*,b.hos_name,c.dep_name FROM doctor_info a LEFT JOIN hospital_info b on a.hos_id=b.hos_id LEFT JOIN department_info c on a.depa_id=c.dep_id WHERE ( c.parent_id = '2' ) AND ( b.hos_address LIKE '%广东%' ) ORDER BY a.doc_R desc  [ RunTime:0.001164s ]
SQL: SELECT a.*,b.hos_name,c.dep_name FROM doctor_info a LEFT JOIN hospital_info b on a.hos_id=b.hos_id LEFT JOIN department_info c on a.depa_id=c.dep_id WHERE ( a.depa_id = '2' ) AND ( b.hos_address LIKE '%广东%' ) ORDER BY a.doc_R desc  [ RunTime:0.000459s ]
INFO: [ app_end ] --START--
INFO: Run Behavior\ShowPageTrace [ RunTime:0.000073s ]
INFO: [ app_end ] --END-- [ RunTime:0.000158s ]

[ 2017-08-28T10:05:35+08:00 ] 223.104.63.194 /health/management/Application/index.php/Connector/Doc/getDocDetail?doc_id=50
INFO: [ app_init ] --START--
INFO: [ app_init ] --END-- [ RunTime:0.000378s ]
INFO: [ path_info ] --START--
INFO: [ path_info ] --END-- [ RunTime:0.000028s ]
INFO: [ app_begin ] --START--
INFO: Run Behavior\ReadHtmlCache [ RunTime:0.000042s ]
INFO: [ app_begin ] --END-- [ RunTime:0.000093s ]
INFO: [ action_begin ] --START--
INFO: [ action_begin ] --END-- [ RunTime:0.000030s ]
NOTIC: [2048] Declaration of Admin\Model\DoctorInfoModel::_after_insert() should be compatible with Think\Model::_after_insert($data, $options) C:\phpstudy\WWW\health\management\Application\Admin\Model\DoctorInfoModel.class.php 第 7 行.
SQL: SHOW COLUMNS FROM `doctor_info` [ RunTime:0.001727s ]
SQL: SELECT a.*,b.hos_name,c.dep_name FROM doctor_info a LEFT JOIN hospital_info b on a.hos_id=b.hos_id LEFT JOIN department_info c on a.depa_id=c.dep_id WHERE ( `doc_id` = '50' ) LIMIT 1   [ RunTime:0.000458s ]
INFO: [ app_end ] --START--
INFO: Run Behavior\ShowPageTrace [ RunTime:0.000032s ]
INFO: [ app_end ] --END-- [ RunTime:0.000077s ]

[ 2017-08-28T10:05:35+08:00 ] 223.104.63.194 /health/management/Application/index.php/Connector/Tuijian/user_doc
INFO: [ app_init ] --START--
INFO: [ app_init ] --END-- [ RunTime:0.000361s ]
INFO: [ path_info ] --START--
INFO: [ path_info ] --END-- [ RunTime:0.000028s ]
INFO: [ app_begin ] --START--
INFO: Run Behavior\ReadHtmlCache [ RunTime:0.000039s ]
INFO: [ app_begin ] --END-- [ RunTime:0.000088s ]
INFO: [ action_begin ] --START--
INFO: [ action_begin ] --END-- [ RunTime:0.000032s ]
SQL: SHOW COLUMNS FROM `user_doc` [ RunTime:0.001709s ]
SQL: SELECT * FROM `user_doc` WHERE ( `doc_id` = '50' ) AND ( `user_phone` = '15768650568' ) LIMIT 1   [ RunTime:0.000258s ]
SQL: INSERT INTO `user_doc` (`doc_id`,`user_phone`) VALUES ('50','15768650568') [ RunTime:0.000227s ]
INFO: [ app_end ] --START--
INFO: Run Behavior\ShowPageTrace [ RunTime:0.000052s ]
INFO: [ app_end ] --END-- [ RunTime:0.000123s ]

[ 2017-08-28T10:05:35+08:00 ] 223.104.63.194 /health/management/Application/index.php/Connector/User/isAttention
INFO: [ app_init ] --START--
INFO: [ app_init ] --END-- [ RunTime:0.000388s ]
INFO: [ path_info ] --START--
INFO: [ path_info ] --END-- [ RunTime:0.000029s ]
INFO: [ app_begin ] --START--
INFO: Run Behavior\ReadHtmlCache [ RunTime:0.000039s ]
INFO: [ app_begin ] --END-- [ RunTime:0.000089s ]
INFO: [ action_begin ] --START--
INFO: [ action_begin ] --END-- [ RunTime:0.000029s ]
SQL: SHOW COLUMNS FROM `attention_doc` [ RunTime:0.001558s ]
SQL: SELECT * FROM `attention_doc` WHERE ( `doc_phone` = '0e28da76aa66fd6bd07701dc4bb1653c' ) AND ( `user_phone` = '15768650568' ) LIMIT 1   [ RunTime:0.000310s ]
INFO: [ app_end ] --START--
INFO: Run Behavior\ShowPageTrace [ RunTime:0.000037s ]
INFO: [ app_end ] --END-- [ RunTime:0.000081s ]

[ 2017-08-28T10:05:35+08:00 ] 223.104.63.194 /health/management/Application/index.php/Connector/User/get_pingjia
INFO: [ app_init ] --START--
INFO: [ app_init ] --END-- [ RunTime:0.000367s ]
INFO: [ path_info ] --START--
INFO: [ path_info ] --END-- [ RunTime:0.000028s ]
INFO: [ app_begin ] --START--
INFO: Run Behavior\ReadHtmlCache [ RunTime:0.000041s ]
INFO: [ app_begin ] --END-- [ RunTime:0.000092s ]
INFO: [ action_begin ] --START--
INFO: [ action_begin ] --END-- [ RunTime:0.000051s ]
SQL: SHOW COLUMNS FROM `pingjia` [ RunTime:0.001688s ]
SQL: SELECT a.*,b.user_name FROM pingjia a LEFT JOIN user_info b on b.user_phone=a.user_phone WHERE ( `doc_phone` = '0e28da76aa66fd6bd07701dc4bb1653c' )  [ RunTime:0.000293s ]
INFO: [ app_end ] --START--
INFO: Run Behavior\ShowPageTrace [ RunTime:0.000038s ]
INFO: [ app_end ] --END-- [ RunTime:0.000086s ]

[ 2017-08-28T10:05:38+08:00 ] 223.104.63.194 /health/management/application/index.php/Connector/Tuijian/get_dep_doc
INFO: [ app_init ] --START--
INFO: [ app_init ] --END-- [ RunTime:0.000388s ]
INFO: [ path_info ] --START--
INFO: [ path_info ] --END-- [ RunTime:0.000032s ]
INFO: [ app_begin ] --START--
INFO: Run Behavior\ReadHtmlCache [ RunTime:0.000037s ]
INFO: [ app_begin ] --END-- [ RunTime:0.000089s ]
INFO: [ action_begin ] --START--
INFO: [ action_begin ] --END-- [ RunTime:0.000033s ]
SQL: SHOW COLUMNS FROM `department_info` [ RunTime:0.001449s ]
SQL: SELECT * FROM `department_info` LIMIT 1   [ RunTime:0.000240s ]
SQL: SHOW COLUMNS FROM `doctor_info` [ RunTime:0.001481s ]
SQL: SELECT a.*,b.hos_name,c.dep_name FROM doctor_info a LEFT JOIN hospital_info b on a.hos_id=b.hos_id LEFT JOIN department_info c on a.depa_id=c.dep_id WHERE ( c.parent_id = '2' ) AND ( b.hos_address LIKE '%广东%' ) ORDER BY a.doc_R desc  [ RunTime:0.001124s ]
SQL: SELECT a.*,b.hos_name,c.dep_name FROM doctor_info a LEFT JOIN hospital_info b on a.hos_id=b.hos_id LEFT JOIN department_info c on a.depa_id=c.dep_id WHERE ( a.depa_id = '2' ) AND ( b.hos_address LIKE '%广东%' ) ORDER BY a.doc_R desc  [ RunTime:0.000409s ]
INFO: [ app_end ] --START--
INFO: Run Behavior\ShowPageTrace [ RunTime:0.000033s ]
INFO: [ app_end ] --END-- [ RunTime:0.000087s ]

[ 2017-08-28T10:05:38+08:00 ] 223.104.63.194 /health/management/application/index.php/Connector/Depa/getdepname
INFO: [ app_init ] --START--
INFO: [ app_init ] --END-- [ RunTime:0.000392s ]
INFO: [ path_info ] --START--
INFO: [ path_info ] --END-- [ RunTime:0.000029s ]
INFO: [ app_begin ] --START--
INFO: Run Behavior\ReadHtmlCache [ RunTime:0.000038s ]
INFO: [ app_begin ] --END-- [ RunTime:0.000087s ]
INFO: [ action_begin ] --START--
INFO: [ action_begin ] --END-- [ RunTime:0.000041s ]
SQL: SHOW COLUMNS FROM `department_info` [ RunTime:0.001237s ]
SQL: SELECT * FROM `department_info` WHERE ( `dep_id` = '2' ) LIMIT 1   [ RunTime:0.000193s ]
INFO: [ app_end ] --START--
INFO: Run Behavior\ShowPageTrace [ RunTime:0.000032s ]
INFO: [ app_end ] --END-- [ RunTime:0.000074s ]

[ 2017-08-28T10:05:39+08:00 ] 223.104.63.194 /health/management/application/index.php/Connector/Depa/getdepname
INFO: [ app_init ] --START--
INFO: [ app_init ] --END-- [ RunTime:0.000397s ]
INFO: [ path_info ] --START--
INFO: [ path_info ] --END-- [ RunTime:0.000032s ]
INFO: [ app_begin ] --START--
INFO: Run Behavior\ReadHtmlCache [ RunTime:0.000039s ]
INFO: [ app_begin ] --END-- [ RunTime:0.000088s ]
INFO: [ action_begin ] --START--
INFO: [ action_begin ] --END-- [ RunTime:0.000030s ]
SQL: SHOW COLUMNS FROM `department_info` [ RunTime:0.001538s ]
SQL: SELECT * FROM `department_info` WHERE ( `dep_id` = '2' ) LIMIT 1   [ RunTime:0.000265s ]
INFO: [ app_end ] --START--
INFO: Run Behavior\ShowPageTrace [ RunTime:0.000035s ]
INFO: [ app_end ] --END-- [ RunTime:0.000085s ]

[ 2017-08-28T10:05:39+08:00 ] 223.104.63.194 /health/management/application/index.php/Connector/Tuijian/get_dep_doc
INFO: [ app_init ] --START--
INFO: [ app_init ] --END-- [ RunTime:0.000371s ]
INFO: [ path_info ] --START--
INFO: [ path_info ] --END-- [ RunTime:0.000030s ]
INFO: [ app_begin ] --START--
INFO: Run Behavior\ReadHtmlCache [ RunTime:0.000041s ]
INFO: [ app_begin ] --END-- [ RunTime:0.000091s ]
INFO: [ action_begin ] --START--
INFO: [ action_begin ] --END-- [ RunTime:0.000030s ]
SQL: SHOW COLUMNS FROM `department_info` [ RunTime:0.001537s ]
SQL: SELECT * FROM `department_info` LIMIT 1   [ RunTime:0.000231s ]
SQL: SHOW COLUMNS FROM `doctor_info` [ RunTime:0.001547s ]
SQL: SELECT a.*,b.hos_name,c.dep_name FROM doctor_info a LEFT JOIN hospital_info b on a.hos_id=b.hos_id LEFT JOIN department_info c on a.depa_id=c.dep_id WHERE ( c.parent_id = '2' ) AND ( b.hos_address LIKE '%广东%' ) ORDER BY a.doc_R desc  [ RunTime:0.001163s ]
SQL: SELECT a.*,b.hos_name,c.dep_name FROM doctor_info a LEFT JOIN hospital_info b on a.hos_id=b.hos_id LEFT JOIN department_info c on a.depa_id=c.dep_id WHERE ( a.depa_id = '2' ) AND ( b.hos_address LIKE '%广东%' ) ORDER BY a.doc_R desc  [ RunTime:0.000439s ]
INFO: [ app_end ] --START--
INFO: Run Behavior\ShowPageTrace [ RunTime:0.000037s ]
INFO: [ app_end ] --END-- [ RunTime:0.000094s ]

[ 2017-08-28T10:05:41+08:00 ] 223.104.63.194 /health/management/Application/index.php/Connector/Tuijian/user_doc
INFO: [ app_init ] --START--
INFO: [ app_init ] --END-- [ RunTime:0.000381s ]
INFO: [ path_info ] --START--
INFO: [ path_info ] --END-- [ RunTime:0.000029s ]
INFO: [ app_begin ] --START--
INFO: Run Behavior\ReadHtmlCache [ RunTime:0.000041s ]
INFO: [ app_begin ] --END-- [ RunTime:0.000091s ]
INFO: [ action_begin ] --START--
INFO: [ action_begin ] --END-- [ RunTime:0.000029s ]
SQL: SHOW COLUMNS FROM `user_doc` [ RunTime:0.001468s ]
SQL: SELECT * FROM `user_doc` WHERE ( `doc_id` = '47' ) AND ( `user_phone` = '15768650568' ) LIMIT 1   [ RunTime:0.000230s ]
SQL: INSERT INTO `user_doc` (`doc_id`,`user_phone`) VALUES ('47','15768650568') [ RunTime:0.000281s ]
INFO: [ app_end ] --START--
INFO: Run Behavior\ShowPageTrace [ RunTime:0.000040s ]
INFO: [ app_end ] --END-- [ RunTime:0.000090s ]

[ 2017-08-28T10:05:41+08:00 ] 223.104.63.194 /health/management/Application/index.php/Connector/Doc/getDocDetail?doc_id=47
INFO: [ app_init ] --START--
INFO: [ app_init ] --END-- [ RunTime:0.000406s ]
INFO: [ path_info ] --START--
INFO: [ path_info ] --END-- [ RunTime:0.000029s ]
INFO: [ app_begin ] --START--
INFO: Run Behavior\ReadHtmlCache [ RunTime:0.000045s ]
INFO: [ app_begin ] --END-- [ RunTime:0.000096s ]
INFO: [ action_begin ] --START--
INFO: [ action_begin ] --END-- [ RunTime:0.000041s ]
NOTIC: [2048] Declaration of Admin\Model\DoctorInfoModel::_after_insert() should be compatible with Think\Model::_after_insert($data, $options) C:\phpstudy\WWW\health\management\Application\Admin\Model\DoctorInfoModel.class.php 第 7 行.
SQL: SHOW COLUMNS FROM `doctor_info` [ RunTime:0.001728s ]
SQL: SELECT a.*,b.hos_name,c.dep_name FROM doctor_info a LEFT JOIN hospital_info b on a.hos_id=b.hos_id LEFT JOIN department_info c on a.depa_id=c.dep_id WHERE ( `doc_id` = '47' ) LIMIT 1   [ RunTime:0.000464s ]
INFO: [ app_end ] --START--
INFO: Run Behavior\ShowPageTrace [ RunTime:0.000036s ]
INFO: [ app_end ] --END-- [ RunTime:0.000083s ]

[ 2017-08-28T10:05:41+08:00 ] 223.104.63.194 /health/management/Application/index.php/Connector/User/get_pingjia
INFO: [ app_init ] --START--
INFO: [ app_init ] --END-- [ RunTime:0.000421s ]
INFO: [ path_info ] --START--
INFO: [ path_info ] --END-- [ RunTime:0.000030s ]
INFO: [ app_begin ] --START--
INFO: Run Behavior\ReadHtmlCache [ RunTime:0.000041s ]
INFO: [ app_begin ] --END-- [ RunTime:0.000092s ]
INFO: [ action_begin ] --START--
INFO: [ action_begin ] --END-- [ RunTime:0.000032s ]
SQL: SHOW COLUMNS FROM `pingjia` [ RunTime:0.001669s ]
SQL: SELECT a.*,b.user_name FROM pingjia a LEFT JOIN user_info b on b.user_phone=a.user_phone WHERE ( `doc_phone` = '15768651555' )  [ RunTime:0.000423s ]
INFO: [ app_end ] --START--
INFO: Run Behavior\ShowPageTrace [ RunTime:0.000049s ]
INFO: [ app_end ] --END-- [ RunTime:0.000118s ]

[ 2017-08-28T10:05:41+08:00 ] 223.104.63.194 /health/management/Application/index.php/Connector/User/isAttention
INFO: [ app_init ] --START--
INFO: [ app_init ] --END-- [ RunTime:0.000477s ]
INFO: [ path_info ] --START--
INFO: [ path_info ] --END-- [ RunTime:0.000030s ]
INFO: [ app_begin ] --START--
INFO: Run Behavior\ReadHtmlCache [ RunTime:0.000064s ]
INFO: [ app_begin ] --END-- [ RunTime:0.000149s ]
INFO: [ action_begin ] --START--
INFO: [ action_begin ] --END-- [ RunTime:0.000063s ]
SQL: SHOW COLUMNS FROM `attention_doc` [ RunTime:0.001702s ]
SQL: SELECT * FROM `attention_doc` WHERE ( `doc_phone` = '15768651555' ) AND ( `user_phone` = '15768650568' ) LIMIT 1   [ RunTime:0.000265s ]
INFO: [ app_end ] --START--
INFO: Run Behavior\ShowPageTrace [ RunTime:0.000037s ]
INFO: [ app_end ] --END-- [ RunTime:0.000086s ]

[ 2017-08-28T10:05:43+08:00 ] 223.104.63.194 /health/management/Application/index.php/Connector/Tuijian/user_doc
INFO: [ app_init ] --START--
INFO: [ app_init ] --END-- [ RunTime:0.000367s ]
INFO: [ path_info ] --START--
INFO: [ path_info ] --END-- [ RunTime:0.000029s ]
INFO: [ app_begin ] --START--
INFO: Run Behavior\ReadHtmlCache [ RunTime:0.000041s ]
INFO: [ app_begin ] --END-- [ RunTime:0.000090s ]
INFO: [ action_begin ] --START--
INFO: [ action_begin ] --END-- [ RunTime:0.000034s ]
SQL: SHOW COLUMNS FROM `user_doc` [ RunTime:0.001435s ]
SQL: SELECT * FROM `user_doc` WHERE ( `doc_id` = '38' ) AND ( `user_phone` = '15768650568' ) LIMIT 1   [ RunTime:0.000256s ]
SQL: INSERT INTO `user_doc` (`doc_id`,`user_phone`) VALUES ('38','15768650568') [ RunTime:0.000169s ]
INFO: [ app_end ] --START--
INFO: Run Behavior\ShowPageTrace [ RunTime:0.000037s ]
INFO: [ app_end ] --END-- [ RunTime:0.000083s ]

[ 2017-08-28T10:05:43+08:00 ] 223.104.63.194 /health/management/Application/index.php/Connector/Doc/getDocDetail?doc_id=38
INFO: [ app_init ] --START--
INFO: [ app_init ] --END-- [ RunTime:0.000418s ]
INFO: [ path_info ] --START--
INFO: [ path_info ] --END-- [ RunTime:0.000028s ]
INFO: [ app_begin ] --START--
INFO: Run Behavior\ReadHtmlCache [ RunTime:0.000050s ]
INFO: [ app_begin ] --END-- [ RunTime:0.000150s ]
INFO: [ action_begin ] --START--
INFO: [ action_begin ] --END-- [ RunTime:0.000032s ]
NOTIC: [2048] Declaration of Admin\Model\DoctorInfoModel::_after_insert() should be compatible with Think\Model::_after_insert($data, $options) C:\phpstudy\WWW\health\management\Application\Admin\Model\DoctorInfoModel.class.php 第 7 行.
SQL: SHOW COLUMNS FROM `doctor_info` [ RunTime:0.001505s ]
SQL: SELECT a.*,b.hos_name,c.dep_name FROM doctor_info a LEFT JOIN hospital_info b on a.hos_id=b.hos_id LEFT JOIN department_info c on a.depa_id=c.dep_id WHERE ( `doc_id` = '38' ) LIMIT 1   [ RunTime:0.000425s ]
INFO: [ app_end ] --START--
INFO: Run Behavior\ShowPageTrace [ RunTime:0.000033s ]
INFO: [ app_end ] --END-- [ RunTime:0.000077s ]

[ 2017-08-28T10:05:44+08:00 ] 223.104.63.194 /health/management/Application/index.php/Connector/User/get_pingjia
INFO: [ app_init ] --START--
INFO: [ app_init ] --END-- [ RunTime:0.000394s ]
INFO: [ path_info ] --START--
INFO: [ path_info ] --END-- [ RunTime:0.000029s ]
INFO: [ app_begin ] --START--
INFO: Run Behavior\ReadHtmlCache [ RunTime:0.000040s ]
INFO: [ app_begin ] --END-- [ RunTime:0.000089s ]
INFO: [ action_begin ] --START--
INFO: [ action_begin ] --END-- [ RunTime:0.000029s ]
SQL: SHOW COLUMNS FROM `pingjia` [ RunTime:0.001593s ]
SQL: SELECT a.*,b.user_name FROM pingjia a LEFT JOIN user_info b on b.user_phone=a.user_phone WHERE ( `doc_phone` = 'e10adc3949ba59abbe56e057f20f883e' )  [ RunTime:0.000326s ]
INFO: [ app_end ] --START--
INFO: Run Behavior\ShowPageTrace [ RunTime:0.000035s ]
INFO: [ app_end ] --END-- [ RunTime:0.000081s ]

[ 2017-08-28T10:05:44+08:00 ] 223.104.63.194 /health/management/Application/index.php/Connector/User/isAttention
INFO: [ app_init ] --START--
INFO: [ app_init ] --END-- [ RunTime:0.000378s ]
INFO: [ path_info ] --START--
INFO: [ path_info ] --END-- [ RunTime:0.000029s ]
INFO: [ app_begin ] --START--
INFO: Run Behavior\ReadHtmlCache [ RunTime:0.000041s ]
INFO: [ app_begin ] --END-- [ RunTime:0.000090s ]
INFO: [ action_begin ] --START--
INFO: [ action_begin ] --END-- [ RunTime:0.000032s ]
SQL: SHOW COLUMNS FROM `attention_doc` [ RunTime:0.001392s ]
SQL: SELECT * FROM `attention_doc` WHERE ( `doc_phone` = 'e10adc3949ba59abbe56e057f20f883e' ) AND ( `user_phone` = '15768650568' ) LIMIT 1   [ RunTime:0.000262s ]
INFO: [ app_end ] --START--
INFO: Run Behavior\ShowPageTrace [ RunTime:0.000036s ]
INFO: [ app_end ] --END-- [ RunTime:0.000079s ]

[ 2017-08-28T10:05:51+08:00 ] 223.104.63.194 /health/management/Application/index.php/Connector/Doc/getDocDetail?doc_id=38
INFO: [ app_init ] --START--
INFO: [ app_init ] --END-- [ RunTime:0.000356s ]
INFO: [ path_info ] --START--
INFO: [ path_info ] --END-- [ RunTime:0.000030s ]
INFO: [ app_begin ] --START--
INFO: Run Behavior\ReadHtmlCache [ RunTime:0.000043s ]
INFO: [ app_begin ] --END-- [ RunTime:0.000097s ]
INFO: [ action_begin ] --START--
INFO: [ action_begin ] --END-- [ RunTime:0.000031s ]
NOTIC: [2048] Declaration of Admin\Model\DoctorInfoModel::_after_insert() should be compatible with Think\Model::_after_insert($data, $options) C:\phpstudy\WWW\health\management\Application\Admin\Model\DoctorInfoModel.class.php 第 7 行.
SQL: SHOW COLUMNS FROM `doctor_info` [ RunTime:0.001804s ]
SQL: SELECT a.*,b.hos_name,c.dep_name FROM doctor_info a LEFT JOIN hospital_info b on a.hos_id=b.hos_id LEFT JOIN department_info c on a.depa_id=c.dep_id WHERE ( `doc_id` = '38' ) LIMIT 1   [ RunTime:0.000477s ]
INFO: [ app_end ] --START--
INFO: Run Behavior\ShowPageTrace [ RunTime:0.000032s ]
INFO: [ app_end ] --END-- [ RunTime:0.000077s ]

[ 2017-08-28T10:05:57+08:00 ] 223.104.63.194 /health/management/Application/index.php/Connector/Tuijian/user_doc
INFO: [ app_init ] --START--
INFO: [ app_init ] --END-- [ RunTime:0.000507s ]
INFO: [ path_info ] --START--
INFO: [ path_info ] --END-- [ RunTime:0.000038s ]
INFO: [ app_begin ] --START--
INFO: Run Behavior\ReadHtmlCache [ RunTime:0.000066s ]
INFO: [ app_begin ] --END-- [ RunTime:0.000145s ]
INFO: [ action_begin ] --START--
INFO: [ action_begin ] --END-- [ RunTime:0.000030s ]
SQL: SHOW COLUMNS FROM `user_doc` [ RunTime:0.001515s ]
SQL: SELECT * FROM `user_doc` WHERE ( `doc_id` = '50' ) AND ( `user_phone` = '15768650568' ) LIMIT 1   [ RunTime:0.000235s ]
INFO: [ app_end ] --START--
INFO: Run Behavior\ShowPageTrace [ RunTime:0.000037s ]
INFO: [ app_end ] --END-- [ RunTime:0.000083s ]

[ 2017-08-28T10:05:57+08:00 ] 223.104.63.194 /health/management/Application/index.php/Connector/Doc/getDocDetail?doc_id=50
INFO: [ app_init ] --START--
INFO: [ app_init ] --END-- [ RunTime:0.000358s ]
INFO: [ path_info ] --START--
INFO: [ path_info ] --END-- [ RunTime:0.000029s ]
INFO: [ app_begin ] --START--
INFO: Run Behavior\ReadHtmlCache [ RunTime:0.000042s ]
INFO: [ app_begin ] --END-- [ RunTime:0.000095s ]
INFO: [ action_begin ] --START--
INFO: [ action_begin ] --END-- [ RunTime:0.000036s ]
NOTIC: [2048] Declaration of Admin\Model\DoctorInfoModel::_after_insert() should be compatible with Think\Model::_after_insert($data, $options) C:\phpstudy\WWW\health\management\Application\Admin\Model\DoctorInfoModel.class.php 第 7 行.
SQL: SHOW COLUMNS FROM `doctor_info` [ RunTime:0.001917s ]
SQL: SELECT a.*,b.hos_name,c.dep_name FROM doctor_info a LEFT JOIN hospital_info b on a.hos_id=b.hos_id LEFT JOIN department_info c on a.depa_id=c.dep_id WHERE ( `doc_id` = '50' ) LIMIT 1   [ RunTime:0.000494s ]
INFO: [ app_end ] --START--
INFO: Run Behavior\ShowPageTrace [ RunTime:0.000032s ]
INFO: [ app_end ] --END-- [ RunTime:0.000076s ]

[ 2017-08-28T10:05:57+08:00 ] 223.104.63.194 /health/management/Application/index.php/Connector/User/get_pingjia
INFO: [ app_init ] --START--
INFO: [ app_init ] --END-- [ RunTime:0.000363s ]
INFO: [ path_info ] --START--
INFO: [ path_info ] --END-- [ RunTime:0.000030s ]
INFO: [ app_begin ] --START--
INFO: Run Behavior\ReadHtmlCache [ RunTime:0.000038s ]
INFO: [ app_begin ] --END-- [ RunTime:0.000085s ]
INFO: [ action_begin ] --START--
INFO: [ action_begin ] --END-- [ RunTime:0.000030s ]
SQL: SHOW COLUMNS FROM `pingjia` [ RunTime:0.001717s ]
SQL: SELECT a.*,b.user_name FROM pingjia a LEFT JOIN user_info b on b.user_phone=a.user_phone WHERE ( `doc_phone` = '0e28da76aa66fd6bd07701dc4bb1653c' )  [ RunTime:0.000299s ]
INFO: [ app_end ] --START--
INFO: Run Behavior\ShowPageTrace [ RunTime:0.000033s ]
INFO: [ app_end ] --END-- [ RunTime:0.000081s ]

[ 2017-08-28T10:05:57+08:00 ] 223.104.63.194 /health/management/Application/index.php/Connector/User/isAttention
INFO: [ app_init ] --START--
INFO: [ app_init ] --END-- [ RunTime:0.000381s ]
INFO: [ path_info ] --START--
INFO: [ path_info ] --END-- [ RunTime:0.000029s ]
INFO: [ app_begin ] --START--
INFO: Run Behavior\ReadHtmlCache [ RunTime:0.000037s ]
INFO: [ app_begin ] --END-- [ RunTime:0.000085s ]
INFO: [ action_begin ] --START--
INFO: [ action_begin ] --END-- [ RunTime:0.000037s ]
SQL: SHOW COLUMNS FROM `attention_doc` [ RunTime:0.001371s ]
SQL: SELECT * FROM `attention_doc` WHERE ( `doc_phone` = '0e28da76aa66fd6bd07701dc4bb1653c' ) AND ( `user_phone` = '15768650568' ) LIMIT 1   [ RunTime:0.000276s ]
INFO: [ app_end ] --START--
INFO: Run Behavior\ShowPageTrace [ RunTime:0.000034s ]
INFO: [ app_end ] --END-- [ RunTime:0.000084s ]

[ 2017-08-28T10:06:00+08:00 ] 223.104.63.194 /health/management/Application/index.php/Connector/Doc/getDocDetail?doc_id=50
INFO: [ app_init ] --START--
INFO: [ app_init ] --END-- [ RunTime:0.000378s ]
INFO: [ path_info ] --START--
INFO: [ path_info ] --END-- [ RunTime:0.000028s ]
INFO: [ app_begin ] --START--
INFO: Run Behavior\ReadHtmlCache [ RunTime:0.000044s ]
INFO: [ app_begin ] --END-- [ RunTime:0.000094s ]
INFO: [ action_begin ] --START--
INFO: [ action_begin ] --END-- [ RunTime:0.000029s ]
NOTIC: [2048] Declaration of Admin\Model\DoctorInfoModel::_after_insert() should be compatible with Think\Model::_after_insert($data, $options) C:\phpstudy\WWW\health\management\Application\Admin\Model\DoctorInfoModel.class.php 第 7 行.
SQL: SHOW COLUMNS FROM `doctor_info` [ RunTime:0.001761s ]
SQL: SELECT a.*,b.hos_name,c.dep_name FROM doctor_info a LEFT JOIN hospital_info b on a.hos_id=b.hos_id LEFT JOIN department_info c on a.depa_id=c.dep_id WHERE ( `doc_id` = '50' ) LIMIT 1   [ RunTime:0.000477s ]
INFO: [ app_end ] --START--
INFO: Run Behavior\ShowPageTrace [ RunTime:0.000034s ]
INFO: [ app_end ] --END-- [ RunTime:0.000084s ]

[ 2017-08-28T23:39:07+08:00 ] 117.136.40.202 /health/management/Application/index.php/Connector/User/login
INFO: [ app_init ] --START--
INFO: [ app_init ] --END-- [ RunTime:0.000417s ]
INFO: [ path_info ] --START--
INFO: [ path_info ] --END-- [ RunTime:0.000029s ]
INFO: [ app_begin ] --START--
INFO: Run Behavior\ReadHtmlCache [ RunTime:0.000038s ]
INFO: [ app_begin ] --END-- [ RunTime:0.000086s ]
INFO: [ action_begin ] --START--
INFO: [ action_begin ] --END-- [ RunTime:0.000030s ]
SQL: SHOW COLUMNS FROM `user_info` [ RunTime:0.001729s ]
SQL: SELECT * FROM `user_info` WHERE ( `user_phone` = '15768653949' ) AND ( `user_token` = '6e4b384b2d02966b6671985d64d0852a' ) LIMIT 1   [ RunTime:0.000457s ]
SQL: UPDATE `user_info` SET `user_token`='784de276c7e4d53557dbae198ee084bf',`token_time`='2017-08-28 23:39:07',`login_time`='2017-08-28 23:39:07' WHERE ( `user_phone` = '15768653949' ) AND ( `user_token` = '6e4b384b2d02966b6671985d64d0852a' ) [ RunTime:0.002389s ]
INFO: [ app_end ] --START--
INFO: Run Behavior\ShowPageTrace [ RunTime:0.000035s ]
INFO: [ app_end ] --END-- [ RunTime:0.000078s ]

[ 2017-08-28T23:39:08+08:00 ] 117.136.40.202 /health/management/Application/index.php/Connector/Hos/getHotHos
INFO: [ app_init ] --START--
INFO: [ app_init ] --END-- [ RunTime:0.000382s ]
INFO: [ path_info ] --START--
INFO: [ path_info ] --END-- [ RunTime:0.000029s ]
INFO: [ app_begin ] --START--
INFO: Run Behavior\ReadHtmlCache [ RunTime:0.000041s ]
INFO: [ app_begin ] --END-- [ RunTime:0.000089s ]
INFO: [ action_begin ] --START--
INFO: [ action_begin ] --END-- [ RunTime:0.000029s ]
SQL: SHOW COLUMNS FROM `hospital_info` [ RunTime:0.001680s ]
SQL: SELECT * FROM `hospital_info` ORDER BY hos_attention desc LIMIT 4   [ RunTime:0.000376s ]
INFO: [ app_end ] --START--
INFO: Run Behavior\ShowPageTrace [ RunTime:0.000035s ]
INFO: [ app_end ] --END-- [ RunTime:0.000083s ]

[ 2017-08-28T23:39:08+08:00 ] 117.136.40.202 /health/management/Application/index.php/Connector/Doc/getHotDoc
INFO: [ app_init ] --START--
INFO: [ app_init ] --END-- [ RunTime:0.000388s ]
INFO: [ path_info ] --START--
INFO: [ path_info ] --END-- [ RunTime:0.000030s ]
INFO: [ app_begin ] --START--
INFO: Run Behavior\ReadHtmlCache [ RunTime:0.000046s ]
INFO: [ app_begin ] --END-- [ RunTime:0.000096s ]
INFO: [ action_begin ] --START--
INFO: [ action_begin ] --END-- [ RunTime:0.000031s ]
NOTIC: [2048] Declaration of Admin\Model\DoctorInfoModel::_after_insert() should be compatible with Think\Model::_after_insert($data, $options) C:\phpstudy\WWW\health\management\Application\Admin\Model\DoctorInfoModel.class.php 第 7 行.
SQL: SHOW COLUMNS FROM `doctor_info` [ RunTime:0.001850s ]
SQL: SELECT a.*,b.hos_name FROM doctor_info a LEFT JOIN hospital_info b on a.hos_id=b.hos_id ORDER BY doc_R desc LIMIT 8   [ RunTime:0.000649s ]
INFO: [ app_end ] --START--
INFO: Run Behavior\ShowPageTrace [ RunTime:0.000036s ]
INFO: [ app_end ] --END-- [ RunTime:0.000090s ]

[ 2017-08-28T23:39:09+08:00 ] 117.136.40.202 /health/management/Application/index.php/Connector/User/getuserInfo
INFO: [ app_init ] --START--
INFO: [ app_init ] --END-- [ RunTime:0.000395s ]
INFO: [ path_info ] --START--
INFO: [ path_info ] --END-- [ RunTime:0.000030s ]
INFO: [ app_begin ] --START--
INFO: Run Behavior\ReadHtmlCache [ RunTime:0.000041s ]
INFO: [ app_begin ] --END-- [ RunTime:0.000089s ]
INFO: [ action_begin ] --START--
INFO: [ action_begin ] --END-- [ RunTime:0.000036s ]
SQL: SHOW COLUMNS FROM `user_info` [ RunTime:0.001739s ]
SQL: SELECT * FROM `user_info` WHERE ( `user_phone` = '15768653949' ) LIMIT 1   [ RunTime:0.000480s ]
INFO: [ app_end ] --START--
INFO: Run Behavior\ShowPageTrace [ RunTime:0.000047s ]
INFO: [ app_end ] --END-- [ RunTime:0.000112s ]

[ 2017-08-28T23:56:52+08:00 ] 116.25.124.195 /health/management/Application/index.php
INFO: [ app_init ] --START--
INFO: [ app_init ] --END-- [ RunTime:0.000381s ]
INFO: [ app_begin ] --START--
INFO: Run Behavior\ReadHtmlCache [ RunTime:0.000043s ]
INFO: [ app_begin ] --END-- [ RunTime:0.000103s ]
INFO: [ action_begin ] --START--
INFO: [ action_begin ] --END-- [ RunTime:0.000042s ]
INFO: [ view_begin ] --START--
INFO: [ view_begin ] --END-- [ RunTime:0.000048s ]
INFO: [ view_parse ] --START--
INFO: [ template_filter ] --START--
INFO: Run Behavior\ContentReplace [ RunTime:0.000053s ]
INFO: [ template_filter ] --END-- [ RunTime:0.000126s ]
INFO: Run Behavior\ParseTemplate [ RunTime:0.006820s ]
INFO: [ view_parse ] --END-- [ RunTime:0.006896s ]
INFO: [ view_filter ] --START--
INFO: Run Behavior\WriteHtmlCache [ RunTime:0.000016s ]
INFO: [ view_filter ] --END-- [ RunTime:0.000058s ]
INFO: [ view_end ] --START--
INFO: [ view_end ] --END-- [ RunTime:0.000028s ]

[ 2017-08-28T23:56:56+08:00 ] 116.25.124.195 /health/management/Application/index.php/Admin/Login/login.html
INFO: [ app_init ] --START--
INFO: [ app_init ] --END-- [ RunTime:0.000399s ]
INFO: [ path_info ] --START--
INFO: [ path_info ] --END-- [ RunTime:0.000031s ]
INFO: [ app_begin ] --START--
INFO: Run Behavior\ReadHtmlCache [ RunTime:0.000046s ]
INFO: [ app_begin ] --END-- [ RunTime:0.000112s ]
INFO: [ action_begin ] --START--
INFO: [ action_begin ] --END-- [ RunTime:0.000033s ]
INFO: [ view_begin ] --START--
INFO: [ view_begin ] --END-- [ RunTime:0.000021s ]
INFO: [ view_parse ] --START--
INFO: [ template_filter ] --START--
INFO: Run Behavior\ContentReplace [ RunTime:0.000067s ]
INFO: [ template_filter ] --END-- [ RunTime:0.000134s ]
INFO: Run Behavior\ParseTemplate [ RunTime:0.006786s ]
INFO: [ view_parse ] --END-- [ RunTime:0.006850s ]
INFO: [ view_filter ] --START--
INFO: Run Behavior\WriteHtmlCache [ RunTime:0.000017s ]
INFO: [ view_filter ] --END-- [ RunTime:0.000057s ]
INFO: [ view_end ] --START--
INFO: [ view_end ] --END-- [ RunTime:0.000017s ]
INFO: [ app_end ] --START--
INFO: Run Behavior\ShowPageTrace [ RunTime:0.000040s ]
INFO: [ app_end ] --END-- [ RunTime:0.000078s ]

