[ 2017-04-08T00:02:01+08:00 ] 10.77.118.187 /healthSystem/Application/index.php/Home/index/getHotHos?category=news
INFO: [ app_init ] --START--
INFO: [ app_init ] --END-- [ RunTime:0.000333s ]
INFO: [ path_info ] --START--
INFO: [ path_info ] --END-- [ RunTime:0.000021s ]
INFO: [ app_begin ] --START--
INFO: Run Behavior\ReadHtmlCache [ RunTime:0.000036s ]
INFO: [ app_begin ] --END-- [ RunTime:0.000074s ]
INFO: [ action_begin ] --START--
INFO: [ action_begin ] --END-- [ RunTime:0.000024s ]
NOTIC: [8192] mysql_connect(): The mysql extension is deprecated and will be removed in the future: use mysqli or PDO instead D:\xampp\htdocs\healthSystem\ThinkPHP\Library\Think\Db\Driver\Mysql.class.php 第 52 行.
SQL: SHOW COLUMNS FROM `hospital_info` [ RunTime:0.001705s ]
SQL: SELECT * FROM `hospital_info`  [ RunTime:0.000579s ]
INFO: [ app_end ] --START--
INFO: Run Behavior\ShowPageTrace [ RunTime:0.000025s ]
INFO: [ app_end ] --END-- [ RunTime:0.000058s ]

[ 2017-04-08T00:02:01+08:00 ] 10.77.118.187 /healthSystem/Application/index.php/Home/index/getHotDoc
INFO: [ app_init ] --START--
INFO: [ app_init ] --END-- [ RunTime:0.000319s ]
INFO: [ path_info ] --START--
INFO: [ path_info ] --END-- [ RunTime:0.000021s ]
INFO: [ app_begin ] --START--
INFO: Run Behavior\ReadHtmlCache [ RunTime:0.000034s ]
INFO: [ app_begin ] --END-- [ RunTime:0.000075s ]
INFO: [ action_begin ] --START--
INFO: [ action_begin ] --END-- [ RunTime:0.000058s ]
NOTIC: [2048] Declaration of Admin\Model\DoctorInfoModel::_after_insert() should be compatible with Think\Model::_after_insert($data, $options) D:\xampp\htdocs\healthSystem\Application\Admin\Model\DoctorInfoModel.class.php 第 7 行.
NOTIC: [8192] mysql_connect(): The mysql extension is deprecated and will be removed in the future: use mysqli or PDO instead D:\xampp\htdocs\healthSystem\ThinkPHP\Library\Think\Db\Driver\Mysql.class.php 第 52 行.
SQL: SHOW COLUMNS FROM `doctor_info` [ RunTime:0.001666s ]
SQL: SELECT a.*,b.hos_name,c.dep_name FROM doctor_info a LEFT JOIN hospital_info b on a.hos_id=b.hos_id LEFT JOIN department_info c on a.depa_id=c.dep_id  [ RunTime:0.000501s ]
INFO: [ app_end ] --START--
INFO: Run Behavior\ShowPageTrace [ RunTime:0.000042s ]
INFO: [ app_end ] --END-- [ RunTime:0.000110s ]

[ 2017-04-08T00:02:11+08:00 ] 10.77.118.187 /healthSystem/Application/index.php/Home/index/getDocName
INFO: [ app_init ] --START--
INFO: [ app_init ] --END-- [ RunTime:0.000251s ]
INFO: [ path_info ] --START--
INFO: [ path_info ] --END-- [ RunTime:0.000028s ]
INFO: [ app_begin ] --START--
INFO: Run Behavior\ReadHtmlCache [ RunTime:0.000034s ]
INFO: [ app_begin ] --END-- [ RunTime:0.000074s ]
INFO: [ action_begin ] --START--
INFO: [ action_begin ] --END-- [ RunTime:0.000022s ]
NOTIC: [2048] Declaration of Admin\Model\DoctorInfoModel::_after_insert() should be compatible with Think\Model::_after_insert($data, $options) D:\xampp\htdocs\healthSystem\Application\Admin\Model\DoctorInfoModel.class.php 第 7 行.
NOTIC: [8192] mysql_connect(): The mysql extension is deprecated and will be removed in the future: use mysqli or PDO instead D:\xampp\htdocs\healthSystem\ThinkPHP\Library\Think\Db\Driver\Mysql.class.php 第 52 行.
SQL: SHOW COLUMNS FROM `doctor_info` [ RunTime:0.001385s ]
SQL: SELECT `doc_id`,`doc_name` FROM `doctor_info`  [ RunTime:0.000256s ]
NOTIC: [8] Undefined variable: info D:\xampp\htdocs\healthSystem\Application\Home\Controller\IndexController.class.php 第 133 行.
NOTIC: [2] in_array() expects parameter 2 to be array, null given D:\xampp\htdocs\healthSystem\Application\Home\Controller\IndexController.class.php 第 133 行.
INFO: [ app_end ] --START--
INFO: Run Behavior\ShowPageTrace [ RunTime:0.000025s ]
INFO: [ app_end ] --END-- [ RunTime:0.000058s ]

[ 2017-04-08T00:02:16+08:00 ] 10.77.118.187 /healthSystem/Application/index.php/Home/index/getSick
INFO: [ app_init ] --START--
INFO: [ app_init ] --END-- [ RunTime:0.000244s ]
INFO: [ path_info ] --START--
INFO: [ path_info ] --END-- [ RunTime:0.000018s ]
INFO: [ app_begin ] --START--
INFO: Run Behavior\ReadHtmlCache [ RunTime:0.000044s ]
INFO: [ app_begin ] --END-- [ RunTime:0.000079s ]
INFO: [ action_begin ] --START--
INFO: [ action_begin ] --END-- [ RunTime:0.000020s ]
NOTIC: [8192] mysql_connect(): The mysql extension is deprecated and will be removed in the future: use mysqli or PDO instead D:\xampp\htdocs\healthSystem\ThinkPHP\Library\Think\Db\Driver\Mysql.class.php 第 52 行.
SQL: SHOW COLUMNS FROM `department_info` [ RunTime:0.001166s ]
SQL: SHOW COLUMNS FROM `illness` [ RunTime:0.001065s ]
SQL: SELECT * FROM `department_info` WHERE ( `parent_id` = 0 )  [ RunTime:0.000249s ]
SQL: SELECT * FROM `department_info`  [ RunTime:0.000279s ]
SQL: SELECT * FROM `department_info`  [ RunTime:0.000324s ]
SQL: SELECT * FROM `department_info`  [ RunTime:0.000309s ]
SQL: SELECT * FROM `department_info`  [ RunTime:0.000256s ]
SQL: SELECT * FROM `department_info`  [ RunTime:0.000237s ]
SQL: SELECT * FROM `illness` WHERE ( `two_depa_id` = '6' )  [ RunTime:0.000256s ]
SQL: SELECT * FROM `illness` WHERE ( `two_depa_id` = '7' )  [ RunTime:0.000239s ]
SQL: SELECT * FROM `illness` WHERE ( `two_depa_id` = '8' )  [ RunTime:0.000227s ]
SQL: SELECT * FROM `illness` WHERE ( `two_depa_id` = '9' )  [ RunTime:0.000234s ]
SQL: SELECT * FROM `illness` WHERE ( `two_depa_id` = '11' )  [ RunTime:0.000226s ]
SQL: SELECT * FROM `illness` WHERE ( `two_depa_id` = '13' )  [ RunTime:0.000229s ]
SQL: SELECT * FROM `illness` WHERE ( `two_depa_id` = '12' )  [ RunTime:0.000227s ]
SQL: SELECT * FROM `illness` WHERE ( `two_depa_id` = '14' )  [ RunTime:0.000228s ]
SQL: SELECT * FROM `illness` WHERE ( `two_depa_id` = '10' )  [ RunTime:0.000226s ]
SQL: SELECT * FROM `illness` WHERE ( `two_depa_id` = '15' )  [ RunTime:0.000232s ]
INFO: [ app_end ] --START--
INFO: Run Behavior\ShowPageTrace [ RunTime:0.000025s ]
INFO: [ app_end ] --END-- [ RunTime:0.000058s ]

[ 2017-04-08T00:02:27+08:00 ] 10.77.118.187 /healthSystem/Application/index.php/Home/index/getHos
INFO: [ app_init ] --START--
INFO: [ app_init ] --END-- [ RunTime:0.000256s ]
INFO: [ path_info ] --START--
INFO: [ path_info ] --END-- [ RunTime:0.000020s ]
INFO: [ app_begin ] --START--
INFO: Run Behavior\ReadHtmlCache [ RunTime:0.000035s ]
INFO: [ app_begin ] --END-- [ RunTime:0.000073s ]
INFO: [ action_begin ] --START--
INFO: [ action_begin ] --END-- [ RunTime:0.000040s ]
NOTIC: [8192] mysql_connect(): The mysql extension is deprecated and will be removed in the future: use mysqli or PDO instead D:\xampp\htdocs\healthSystem\ThinkPHP\Library\Think\Db\Driver\Mysql.class.php 第 52 行.
SQL: SHOW COLUMNS FROM `hospital_info` [ RunTime:0.001452s ]
SQL: SELECT * FROM `hospital_info`  [ RunTime:0.000308s ]
INFO: [ app_end ] --START--
INFO: Run Behavior\ShowPageTrace [ RunTime:0.000026s ]
INFO: [ app_end ] --END-- [ RunTime:0.000062s ]

[ 2017-04-08T00:03:47+08:00 ] 10.77.118.187 /healthSystem/Application/index.php/Home/index/getHotDoc
INFO: [ app_init ] --START--
INFO: [ app_init ] --END-- [ RunTime:0.000253s ]
INFO: [ path_info ] --START--
INFO: [ path_info ] --END-- [ RunTime:0.000021s ]
INFO: [ app_begin ] --START--
INFO: Run Behavior\ReadHtmlCache [ RunTime:0.000055s ]
INFO: [ app_begin ] --END-- [ RunTime:0.000117s ]
INFO: [ action_begin ] --START--
INFO: [ action_begin ] --END-- [ RunTime:0.000027s ]
NOTIC: [2048] Declaration of Admin\Model\DoctorInfoModel::_after_insert() should be compatible with Think\Model::_after_insert($data, $options) D:\xampp\htdocs\healthSystem\Application\Admin\Model\DoctorInfoModel.class.php 第 7 行.
NOTIC: [8192] mysql_connect(): The mysql extension is deprecated and will be removed in the future: use mysqli or PDO instead D:\xampp\htdocs\healthSystem\ThinkPHP\Library\Think\Db\Driver\Mysql.class.php 第 52 行.
SQL: SHOW COLUMNS FROM `doctor_info` [ RunTime:0.001424s ]
SQL: SELECT a.*,b.hos_name,c.dep_name FROM doctor_info a LEFT JOIN hospital_info b on a.hos_id=b.hos_id LEFT JOIN department_info c on a.depa_id=c.dep_id  [ RunTime:0.000567s ]
INFO: [ app_end ] --START--
INFO: Run Behavior\ShowPageTrace [ RunTime:0.000098s ]
INFO: [ app_end ] --END-- [ RunTime:0.000146s ]

[ 2017-04-08T00:03:47+08:00 ] 10.77.118.187 /healthSystem/Application/index.php/Home/index/getHotHos?category=news
INFO: [ app_init ] --START--
INFO: [ app_init ] --END-- [ RunTime:0.000308s ]
INFO: [ path_info ] --START--
INFO: [ path_info ] --END-- [ RunTime:0.000020s ]
INFO: [ app_begin ] --START--
INFO: Run Behavior\ReadHtmlCache [ RunTime:0.000034s ]
INFO: [ app_begin ] --END-- [ RunTime:0.000075s ]
INFO: [ action_begin ] --START--
INFO: [ action_begin ] --END-- [ RunTime:0.000065s ]
NOTIC: [8192] mysql_connect(): The mysql extension is deprecated and will be removed in the future: use mysqli or PDO instead D:\xampp\htdocs\healthSystem\ThinkPHP\Library\Think\Db\Driver\Mysql.class.php 第 52 行.
SQL: SHOW COLUMNS FROM `hospital_info` [ RunTime:0.001280s ]
SQL: SELECT * FROM `hospital_info`  [ RunTime:0.000290s ]
INFO: [ app_end ] --START--
INFO: Run Behavior\ShowPageTrace [ RunTime:0.000025s ]
INFO: [ app_end ] --END-- [ RunTime:0.000058s ]

[ 2017-04-08T00:03:52+08:00 ] 10.77.118.187 /healthSystem/Application/index.php/Home/index/getSick
INFO: [ app_init ] --START--
INFO: [ app_init ] --END-- [ RunTime:0.000269s ]
INFO: [ path_info ] --START--
INFO: [ path_info ] --END-- [ RunTime:0.000018s ]
INFO: [ app_begin ] --START--
INFO: Run Behavior\ReadHtmlCache [ RunTime:0.000030s ]
INFO: [ app_begin ] --END-- [ RunTime:0.000067s ]
INFO: [ action_begin ] --START--
INFO: [ action_begin ] --END-- [ RunTime:0.000020s ]
NOTIC: [8192] mysql_connect(): The mysql extension is deprecated and will be removed in the future: use mysqli or PDO instead D:\xampp\htdocs\healthSystem\ThinkPHP\Library\Think\Db\Driver\Mysql.class.php 第 52 行.
SQL: SHOW COLUMNS FROM `department_info` [ RunTime:0.001198s ]
SQL: SHOW COLUMNS FROM `illness` [ RunTime:0.001097s ]
SQL: SELECT * FROM `department_info` WHERE ( `parent_id` = 0 )  [ RunTime:0.000269s ]
SQL: SELECT * FROM `department_info`  [ RunTime:0.000236s ]
SQL: SELECT * FROM `department_info`  [ RunTime:0.000231s ]
SQL: SELECT * FROM `department_info`  [ RunTime:0.000233s ]
SQL: SELECT * FROM `department_info`  [ RunTime:0.000269s ]
SQL: SELECT * FROM `department_info`  [ RunTime:0.000200s ]
SQL: SELECT * FROM `illness` WHERE ( `two_depa_id` = '6' )  [ RunTime:0.000222s ]
SQL: SELECT * FROM `illness` WHERE ( `two_depa_id` = '7' )  [ RunTime:0.000220s ]
SQL: SELECT * FROM `illness` WHERE ( `two_depa_id` = '8' )  [ RunTime:0.000230s ]
SQL: SELECT * FROM `illness` WHERE ( `two_depa_id` = '9' )  [ RunTime:0.000240s ]
SQL: SELECT * FROM `illness` WHERE ( `two_depa_id` = '11' )  [ RunTime:0.000183s ]
SQL: SELECT * FROM `illness` WHERE ( `two_depa_id` = '13' )  [ RunTime:0.000230s ]
SQL: SELECT * FROM `illness` WHERE ( `two_depa_id` = '12' )  [ RunTime:0.000231s ]
SQL: SELECT * FROM `illness` WHERE ( `two_depa_id` = '14' )  [ RunTime:0.000229s ]
SQL: SELECT * FROM `illness` WHERE ( `two_depa_id` = '10' )  [ RunTime:0.000227s ]
SQL: SELECT * FROM `illness` WHERE ( `two_depa_id` = '15' )  [ RunTime:0.000277s ]
INFO: [ app_end ] --START--
INFO: Run Behavior\ShowPageTrace [ RunTime:0.000026s ]
INFO: [ app_end ] --END-- [ RunTime:0.000059s ]

[ 2017-04-08T00:03:55+08:00 ] 10.77.118.187 /healthSystem/Application/index.php/Home/index/getDocName
INFO: [ app_init ] --START--
INFO: [ app_init ] --END-- [ RunTime:0.000297s ]
INFO: [ path_info ] --START--
INFO: [ path_info ] --END-- [ RunTime:0.000019s ]
INFO: [ app_begin ] --START--
INFO: Run Behavior\ReadHtmlCache [ RunTime:0.000030s ]
INFO: [ app_begin ] --END-- [ RunTime:0.000066s ]
INFO: [ action_begin ] --START--
INFO: [ action_begin ] --END-- [ RunTime:0.000020s ]
NOTIC: [2048] Declaration of Admin\Model\DoctorInfoModel::_after_insert() should be compatible with Think\Model::_after_insert($data, $options) D:\xampp\htdocs\healthSystem\Application\Admin\Model\DoctorInfoModel.class.php 第 7 行.
NOTIC: [8192] mysql_connect(): The mysql extension is deprecated and will be removed in the future: use mysqli or PDO instead D:\xampp\htdocs\healthSystem\ThinkPHP\Library\Think\Db\Driver\Mysql.class.php 第 52 行.
SQL: SHOW COLUMNS FROM `doctor_info` [ RunTime:0.001360s ]
SQL: SELECT `doc_id`,`doc_name` FROM `doctor_info`  [ RunTime:0.000260s ]
NOTIC: [8] Undefined variable: info D:\xampp\htdocs\healthSystem\Application\Home\Controller\IndexController.class.php 第 133 行.
NOTIC: [2] in_array() expects parameter 2 to be array, null given D:\xampp\htdocs\healthSystem\Application\Home\Controller\IndexController.class.php 第 133 行.
INFO: [ app_end ] --START--
INFO: Run Behavior\ShowPageTrace [ RunTime:0.000025s ]
INFO: [ app_end ] --END-- [ RunTime:0.000059s ]

[ 2017-04-08T00:04:21+08:00 ] 10.77.118.187 /healthSystem/Application/index.php/Home/index/getHos
INFO: [ app_init ] --START--
INFO: [ app_init ] --END-- [ RunTime:0.000274s ]
INFO: [ path_info ] --START--
INFO: [ path_info ] --END-- [ RunTime:0.000018s ]
INFO: [ app_begin ] --START--
INFO: Run Behavior\ReadHtmlCache [ RunTime:0.000031s ]
INFO: [ app_begin ] --END-- [ RunTime:0.000069s ]
INFO: [ action_begin ] --START--
INFO: [ action_begin ] --END-- [ RunTime:0.000021s ]
NOTIC: [8192] mysql_connect(): The mysql extension is deprecated and will be removed in the future: use mysqli or PDO instead D:\xampp\htdocs\healthSystem\ThinkPHP\Library\Think\Db\Driver\Mysql.class.php 第 52 行.
SQL: SHOW COLUMNS FROM `hospital_info` [ RunTime:0.001376s ]
SQL: SELECT * FROM `hospital_info`  [ RunTime:0.000305s ]
INFO: [ app_end ] --START--
INFO: Run Behavior\ShowPageTrace [ RunTime:0.000024s ]
INFO: [ app_end ] --END-- [ RunTime:0.000059s ]

[ 2017-04-08T00:04:31+08:00 ] 10.77.118.187 /healthSystem/Application/index.php/Home/index/getDocName
INFO: [ app_init ] --START--
INFO: [ app_init ] --END-- [ RunTime:0.000430s ]
INFO: [ path_info ] --START--
INFO: [ path_info ] --END-- [ RunTime:0.000024s ]
INFO: [ app_begin ] --START--
INFO: Run Behavior\ReadHtmlCache [ RunTime:0.000037s ]
INFO: [ app_begin ] --END-- [ RunTime:0.000081s ]
INFO: [ action_begin ] --START--
INFO: [ action_begin ] --END-- [ RunTime:0.000022s ]
NOTIC: [2048] Declaration of Admin\Model\DoctorInfoModel::_after_insert() should be compatible with Think\Model::_after_insert($data, $options) D:\xampp\htdocs\healthSystem\Application\Admin\Model\DoctorInfoModel.class.php 第 7 行.
NOTIC: [8192] mysql_connect(): The mysql extension is deprecated and will be removed in the future: use mysqli or PDO instead D:\xampp\htdocs\healthSystem\ThinkPHP\Library\Think\Db\Driver\Mysql.class.php 第 52 行.
SQL: SHOW COLUMNS FROM `doctor_info` [ RunTime:0.001308s ]
SQL: SELECT `doc_id`,`doc_name` FROM `doctor_info`  [ RunTime:0.000252s ]
NOTIC: [8] Undefined variable: info D:\xampp\htdocs\healthSystem\Application\Home\Controller\IndexController.class.php 第 133 行.
NOTIC: [2] in_array() expects parameter 2 to be array, null given D:\xampp\htdocs\healthSystem\Application\Home\Controller\IndexController.class.php 第 133 行.
INFO: [ app_end ] --START--
INFO: Run Behavior\ShowPageTrace [ RunTime:0.000024s ]
INFO: [ app_end ] --END-- [ RunTime:0.000056s ]

[ 2017-04-08T00:04:33+08:00 ] 10.77.118.187 /healthSystem/Application/index.php/Home/index/getSick
INFO: [ app_init ] --START--
INFO: [ app_init ] --END-- [ RunTime:0.000266s ]
INFO: [ path_info ] --START--
INFO: [ path_info ] --END-- [ RunTime:0.000018s ]
INFO: [ app_begin ] --START--
INFO: Run Behavior\ReadHtmlCache [ RunTime:0.000030s ]
INFO: [ app_begin ] --END-- [ RunTime:0.000066s ]
INFO: [ action_begin ] --START--
INFO: [ action_begin ] --END-- [ RunTime:0.000022s ]
NOTIC: [8192] mysql_connect(): The mysql extension is deprecated and will be removed in the future: use mysqli or PDO instead D:\xampp\htdocs\healthSystem\ThinkPHP\Library\Think\Db\Driver\Mysql.class.php 第 52 行.
SQL: SHOW COLUMNS FROM `department_info` [ RunTime:0.001110s ]
SQL: SHOW COLUMNS FROM `illness` [ RunTime:0.001047s ]
SQL: SELECT * FROM `department_info` WHERE ( `parent_id` = 0 )  [ RunTime:0.000292s ]
SQL: SELECT * FROM `department_info`  [ RunTime:0.000233s ]
SQL: SELECT * FROM `department_info`  [ RunTime:0.000231s ]
SQL: SELECT * FROM `department_info`  [ RunTime:0.000236s ]
SQL: SELECT * FROM `department_info`  [ RunTime:0.000230s ]
SQL: SELECT * FROM `department_info`  [ RunTime:0.000233s ]
SQL: SELECT * FROM `illness` WHERE ( `two_depa_id` = '6' )  [ RunTime:0.000245s ]
SQL: SELECT * FROM `illness` WHERE ( `two_depa_id` = '7' )  [ RunTime:0.000237s ]
SQL: SELECT * FROM `illness` WHERE ( `two_depa_id` = '8' )  [ RunTime:0.000219s ]
SQL: SELECT * FROM `illness` WHERE ( `two_depa_id` = '9' )  [ RunTime:0.000230s ]
SQL: SELECT * FROM `illness` WHERE ( `two_depa_id` = '11' )  [ RunTime:0.000224s ]
SQL: SELECT * FROM `illness` WHERE ( `two_depa_id` = '13' )  [ RunTime:0.000237s ]
SQL: SELECT * FROM `illness` WHERE ( `two_depa_id` = '12' )  [ RunTime:0.000226s ]
SQL: SELECT * FROM `illness` WHERE ( `two_depa_id` = '14' )  [ RunTime:0.000227s ]
SQL: SELECT * FROM `illness` WHERE ( `two_depa_id` = '10' )  [ RunTime:0.000251s ]
SQL: SELECT * FROM `illness` WHERE ( `two_depa_id` = '15' )  [ RunTime:0.000210s ]
INFO: [ app_end ] --START--
INFO: Run Behavior\ShowPageTrace [ RunTime:0.000026s ]
INFO: [ app_end ] --END-- [ RunTime:0.000062s ]

[ 2017-04-08T00:06:35+08:00 ] 10.77.118.187 /healthSystem/Application/index.php/Home/index/getHotDoc
INFO: [ app_init ] --START--
INFO: [ app_init ] --END-- [ RunTime:0.000300s ]
INFO: [ path_info ] --START--
INFO: [ path_info ] --END-- [ RunTime:0.000022s ]
INFO: [ app_begin ] --START--
INFO: Run Behavior\ReadHtmlCache [ RunTime:0.000036s ]
INFO: [ app_begin ] --END-- [ RunTime:0.000078s ]
INFO: [ action_begin ] --START--
INFO: [ action_begin ] --END-- [ RunTime:0.000024s ]
NOTIC: [2048] Declaration of Admin\Model\DoctorInfoModel::_after_insert() should be compatible with Think\Model::_after_insert($data, $options) D:\xampp\htdocs\healthSystem\Application\Admin\Model\DoctorInfoModel.class.php 第 7 行.
NOTIC: [8192] mysql_connect(): The mysql extension is deprecated and will be removed in the future: use mysqli or PDO instead D:\xampp\htdocs\healthSystem\ThinkPHP\Library\Think\Db\Driver\Mysql.class.php 第 52 行.
SQL: SHOW COLUMNS FROM `doctor_info` [ RunTime:0.001408s ]
SQL: SELECT a.*,b.hos_name,c.dep_name FROM doctor_info a LEFT JOIN hospital_info b on a.hos_id=b.hos_id LEFT JOIN department_info c on a.depa_id=c.dep_id  [ RunTime:0.000559s ]
INFO: [ app_end ] --START--
INFO: Run Behavior\ShowPageTrace [ RunTime:0.000026s ]
INFO: [ app_end ] --END-- [ RunTime:0.000065s ]

[ 2017-04-08T00:06:35+08:00 ] 10.77.118.187 /healthSystem/Application/index.php/Home/index/getHotHos?category=news
INFO: [ app_init ] --START--
INFO: [ app_init ] --END-- [ RunTime:0.000306s ]
INFO: [ path_info ] --START--
INFO: [ path_info ] --END-- [ RunTime:0.000022s ]
INFO: [ app_begin ] --START--
INFO: Run Behavior\ReadHtmlCache [ RunTime:0.000034s ]
INFO: [ app_begin ] --END-- [ RunTime:0.000076s ]
INFO: [ action_begin ] --START--
INFO: [ action_begin ] --END-- [ RunTime:0.000049s ]
NOTIC: [8192] mysql_connect(): The mysql extension is deprecated and will be removed in the future: use mysqli or PDO instead D:\xampp\htdocs\healthSystem\ThinkPHP\Library\Think\Db\Driver\Mysql.class.php 第 52 行.
SQL: SHOW COLUMNS FROM `hospital_info` [ RunTime:0.001499s ]
SQL: SELECT * FROM `hospital_info`  [ RunTime:0.000329s ]
INFO: [ app_end ] --START--
INFO: Run Behavior\ShowPageTrace [ RunTime:0.000025s ]
INFO: [ app_end ] --END-- [ RunTime:0.000058s ]

[ 2017-04-08T00:06:57+08:00 ] 10.77.118.187 /healthSystem/Application/index.php/Home/index/getSick
INFO: [ app_init ] --START--
INFO: [ app_init ] --END-- [ RunTime:0.000268s ]
INFO: [ path_info ] --START--
INFO: [ path_info ] --END-- [ RunTime:0.000019s ]
INFO: [ app_begin ] --START--
INFO: Run Behavior\ReadHtmlCache [ RunTime:0.000031s ]
INFO: [ app_begin ] --END-- [ RunTime:0.000066s ]
INFO: [ action_begin ] --START--
INFO: [ action_begin ] --END-- [ RunTime:0.000022s ]
NOTIC: [8192] mysql_connect(): The mysql extension is deprecated and will be removed in the future: use mysqli or PDO instead D:\xampp\htdocs\healthSystem\ThinkPHP\Library\Think\Db\Driver\Mysql.class.php 第 52 行.
SQL: SHOW COLUMNS FROM `department_info` [ RunTime:0.001220s ]
SQL: SHOW COLUMNS FROM `illness` [ RunTime:0.001045s ]
SQL: SELECT * FROM `department_info` WHERE ( `parent_id` = 0 )  [ RunTime:0.000269s ]
SQL: SELECT * FROM `department_info`  [ RunTime:0.000231s ]
SQL: SELECT * FROM `department_info`  [ RunTime:0.000249s ]
SQL: SELECT * FROM `department_info`  [ RunTime:0.000233s ]
SQL: SELECT * FROM `department_info`  [ RunTime:0.000230s ]
SQL: SELECT * FROM `department_info`  [ RunTime:0.000225s ]
SQL: SELECT * FROM `illness` WHERE ( `two_depa_id` = '6' )  [ RunTime:0.000249s ]
SQL: SELECT * FROM `illness` WHERE ( `two_depa_id` = '7' )  [ RunTime:0.000260s ]
SQL: SELECT * FROM `illness` WHERE ( `two_depa_id` = '8' )  [ RunTime:0.000225s ]
SQL: SELECT * FROM `illness` WHERE ( `two_depa_id` = '9' )  [ RunTime:0.000228s ]
SQL: SELECT * FROM `illness` WHERE ( `two_depa_id` = '11' )  [ RunTime:0.000226s ]
SQL: SELECT * FROM `illness` WHERE ( `two_depa_id` = '13' )  [ RunTime:0.000229s ]
SQL: SELECT * FROM `illness` WHERE ( `two_depa_id` = '12' )  [ RunTime:0.000225s ]
SQL: SELECT * FROM `illness` WHERE ( `two_depa_id` = '14' )  [ RunTime:0.000290s ]
SQL: SELECT * FROM `illness` WHERE ( `two_depa_id` = '10' )  [ RunTime:0.000225s ]
SQL: SELECT * FROM `illness` WHERE ( `two_depa_id` = '15' )  [ RunTime:0.000190s ]
INFO: [ app_end ] --START--
INFO: Run Behavior\ShowPageTrace [ RunTime:0.000027s ]
INFO: [ app_end ] --END-- [ RunTime:0.000062s ]

[ 2017-04-08T00:07:00+08:00 ] 10.77.118.187 /healthSystem/Application/index.php/Home/index/getHos
INFO: [ app_init ] --START--
INFO: [ app_init ] --END-- [ RunTime:0.000309s ]
INFO: [ path_info ] --START--
INFO: [ path_info ] --END-- [ RunTime:0.000018s ]
INFO: [ app_begin ] --START--
INFO: Run Behavior\ReadHtmlCache [ RunTime:0.000033s ]
INFO: [ app_begin ] --END-- [ RunTime:0.000069s ]
INFO: [ action_begin ] --START--
INFO: [ action_begin ] --END-- [ RunTime:0.000021s ]
NOTIC: [8192] mysql_connect(): The mysql extension is deprecated and will be removed in the future: use mysqli or PDO instead D:\xampp\htdocs\healthSystem\ThinkPHP\Library\Think\Db\Driver\Mysql.class.php 第 52 行.
SQL: SHOW COLUMNS FROM `hospital_info` [ RunTime:0.001229s ]
SQL: SELECT * FROM `hospital_info`  [ RunTime:0.000293s ]
INFO: [ app_end ] --START--
INFO: Run Behavior\ShowPageTrace [ RunTime:0.000025s ]
INFO: [ app_end ] --END-- [ RunTime:0.000060s ]

[ 2017-04-08T00:07:03+08:00 ] 10.77.118.187 /healthSystem/Application/index.php/Home/index/getHos
INFO: [ app_init ] --START--
INFO: [ app_init ] --END-- [ RunTime:0.000269s ]
INFO: [ path_info ] --START--
INFO: [ path_info ] --END-- [ RunTime:0.000018s ]
INFO: [ app_begin ] --START--
INFO: Run Behavior\ReadHtmlCache [ RunTime:0.000030s ]
INFO: [ app_begin ] --END-- [ RunTime:0.000066s ]
INFO: [ action_begin ] --START--
INFO: [ action_begin ] --END-- [ RunTime:0.000022s ]
NOTIC: [8192] mysql_connect(): The mysql extension is deprecated and will be removed in the future: use mysqli or PDO instead D:\xampp\htdocs\healthSystem\ThinkPHP\Library\Think\Db\Driver\Mysql.class.php 第 52 行.
SQL: SHOW COLUMNS FROM `hospital_info` [ RunTime:0.001206s ]
SQL: SELECT * FROM `hospital_info`  [ RunTime:0.000303s ]
INFO: [ app_end ] --START--
INFO: Run Behavior\ShowPageTrace [ RunTime:0.000026s ]
INFO: [ app_end ] --END-- [ RunTime:0.000060s ]

[ 2017-04-08T00:07:58+08:00 ] 10.77.118.187 /healthSystem/Application/index.php/Home/index/getHos
INFO: [ app_init ] --START--
INFO: [ app_init ] --END-- [ RunTime:0.000271s ]
INFO: [ path_info ] --START--
INFO: [ path_info ] --END-- [ RunTime:0.000019s ]
INFO: [ app_begin ] --START--
INFO: Run Behavior\ReadHtmlCache [ RunTime:0.000032s ]
INFO: [ app_begin ] --END-- [ RunTime:0.000069s ]
INFO: [ action_begin ] --START--
INFO: [ action_begin ] --END-- [ RunTime:0.000031s ]
NOTIC: [8192] mysql_connect(): The mysql extension is deprecated and will be removed in the future: use mysqli or PDO instead D:\xampp\htdocs\healthSystem\ThinkPHP\Library\Think\Db\Driver\Mysql.class.php 第 52 行.
SQL: SHOW COLUMNS FROM `hospital_info` [ RunTime:0.005192s ]
SQL: SELECT * FROM `hospital_info`  [ RunTime:0.000311s ]
INFO: [ app_end ] --START--
INFO: Run Behavior\ShowPageTrace [ RunTime:0.000026s ]
INFO: [ app_end ] --END-- [ RunTime:0.000064s ]

[ 2017-04-08T00:08:06+08:00 ] 10.77.118.187 /healthSystem/Application/index.php/Home/index/getDocName
INFO: [ app_init ] --START--
INFO: [ app_init ] --END-- [ RunTime:0.000266s ]
INFO: [ path_info ] --START--
INFO: [ path_info ] --END-- [ RunTime:0.000018s ]
INFO: [ app_begin ] --START--
INFO: Run Behavior\ReadHtmlCache [ RunTime:0.000031s ]
INFO: [ app_begin ] --END-- [ RunTime:0.000066s ]
INFO: [ action_begin ] --START--
INFO: [ action_begin ] --END-- [ RunTime:0.000021s ]
NOTIC: [2048] Declaration of Admin\Model\DoctorInfoModel::_after_insert() should be compatible with Think\Model::_after_insert($data, $options) D:\xampp\htdocs\healthSystem\Application\Admin\Model\DoctorInfoModel.class.php 第 7 行.
NOTIC: [8192] mysql_connect(): The mysql extension is deprecated and will be removed in the future: use mysqli or PDO instead D:\xampp\htdocs\healthSystem\ThinkPHP\Library\Think\Db\Driver\Mysql.class.php 第 52 行.
SQL: SHOW COLUMNS FROM `doctor_info` [ RunTime:0.001273s ]
SQL: SELECT `doc_id`,`doc_name` FROM `doctor_info`  [ RunTime:0.000258s ]
NOTIC: [8] Undefined variable: info D:\xampp\htdocs\healthSystem\Application\Home\Controller\IndexController.class.php 第 133 行.
NOTIC: [2] in_array() expects parameter 2 to be array, null given D:\xampp\htdocs\healthSystem\Application\Home\Controller\IndexController.class.php 第 133 行.
INFO: [ app_end ] --START--
INFO: Run Behavior\ShowPageTrace [ RunTime:0.000025s ]
INFO: [ app_end ] --END-- [ RunTime:0.000058s ]

[ 2017-04-08T00:08:15+08:00 ] 10.77.118.187 /healthSystem/Application/index.php/Home/index/getHosDetail?hos_id=55
INFO: [ app_init ] --START--
INFO: [ app_init ] --END-- [ RunTime:0.000253s ]
INFO: [ path_info ] --START--
INFO: [ path_info ] --END-- [ RunTime:0.000020s ]
INFO: [ app_begin ] --START--
INFO: Run Behavior\ReadHtmlCache [ RunTime:0.000035s ]
INFO: [ app_begin ] --END-- [ RunTime:0.000075s ]
INFO: [ action_begin ] --START--
INFO: [ action_begin ] --END-- [ RunTime:0.000024s ]
NOTIC: [2048] Declaration of Admin\Model\HospitalInfoModel::_after_insert() should be compatible with Think\Model::_after_insert($data, $options) D:\xampp\htdocs\healthSystem\Application\Admin\Model\HospitalInfoModel.class.php 第 7 行.
NOTIC: [8192] mysql_connect(): The mysql extension is deprecated and will be removed in the future: use mysqli or PDO instead D:\xampp\htdocs\healthSystem\ThinkPHP\Library\Think\Db\Driver\Mysql.class.php 第 52 行.
SQL: SHOW COLUMNS FROM `hospital_info` [ RunTime:0.001673s ]
SQL: SELECT * FROM `hospital_info` WHERE ( `hos_id` = 55 ) LIMIT 1   [ RunTime:0.000320s ]
INFO: [ app_end ] --START--
INFO: Run Behavior\ShowPageTrace [ RunTime:0.000025s ]
INFO: [ app_end ] --END-- [ RunTime:0.000058s ]

[ 2017-04-08T00:08:15+08:00 ] 10.77.118.187 /healthSystem/Application/index.php/Home/index/getHosImg?hos_id=55
INFO: [ app_init ] --START--
INFO: [ app_init ] --END-- [ RunTime:0.000293s ]
INFO: [ path_info ] --START--
INFO: [ path_info ] --END-- [ RunTime:0.000018s ]
INFO: [ app_begin ] --START--
INFO: Run Behavior\ReadHtmlCache [ RunTime:0.000030s ]
INFO: [ app_begin ] --END-- [ RunTime:0.000067s ]
INFO: [ action_begin ] --START--
INFO: [ action_begin ] --END-- [ RunTime:0.000057s ]
NOTIC: [8192] mysql_connect(): The mysql extension is deprecated and will be removed in the future: use mysqli or PDO instead D:\xampp\htdocs\healthSystem\ThinkPHP\Library\Think\Db\Driver\Mysql.class.php 第 52 行.
SQL: SHOW COLUMNS FROM `hos_img` [ RunTime:0.001221s ]
SQL: SELECT * FROM `hos_img` WHERE ( `hos_id` = '55' )  [ RunTime:0.000389s ]
INFO: [ app_end ] --START--
INFO: Run Behavior\ShowPageTrace [ RunTime:0.000026s ]
INFO: [ app_end ] --END-- [ RunTime:0.000060s ]

[ 2017-04-08T00:08:18+08:00 ] 10.77.118.187 /healthSystem/Application/index.php/Home/index/getHosDetail?hos_id=56
INFO: [ app_init ] --START--
INFO: [ app_init ] --END-- [ RunTime:0.000253s ]
INFO: [ path_info ] --START--
INFO: [ path_info ] --END-- [ RunTime:0.000021s ]
INFO: [ app_begin ] --START--
INFO: Run Behavior\ReadHtmlCache [ RunTime:0.000034s ]
INFO: [ app_begin ] --END-- [ RunTime:0.000073s ]
INFO: [ action_begin ] --START--
INFO: [ action_begin ] --END-- [ RunTime:0.000023s ]
NOTIC: [2048] Declaration of Admin\Model\HospitalInfoModel::_after_insert() should be compatible with Think\Model::_after_insert($data, $options) D:\xampp\htdocs\healthSystem\Application\Admin\Model\HospitalInfoModel.class.php 第 7 行.
NOTIC: [8192] mysql_connect(): The mysql extension is deprecated and will be removed in the future: use mysqli or PDO instead D:\xampp\htdocs\healthSystem\ThinkPHP\Library\Think\Db\Driver\Mysql.class.php 第 52 行.
SQL: SHOW COLUMNS FROM `hospital_info` [ RunTime:0.001220s ]
SQL: SELECT * FROM `hospital_info` WHERE ( `hos_id` = 56 ) LIMIT 1   [ RunTime:0.000284s ]
INFO: [ app_end ] --START--
INFO: Run Behavior\ShowPageTrace [ RunTime:0.000026s ]
INFO: [ app_end ] --END-- [ RunTime:0.000057s ]

[ 2017-04-08T00:08:18+08:00 ] 10.77.118.187 /healthSystem/Application/index.php/Home/index/getHosImg?hos_id=56
INFO: [ app_init ] --START--
INFO: [ app_init ] --END-- [ RunTime:0.000310s ]
INFO: [ path_info ] --START--
INFO: [ path_info ] --END-- [ RunTime:0.000022s ]
INFO: [ app_begin ] --START--
INFO: Run Behavior\ReadHtmlCache [ RunTime:0.000034s ]
INFO: [ app_begin ] --END-- [ RunTime:0.000075s ]
INFO: [ action_begin ] --START--
INFO: [ action_begin ] --END-- [ RunTime:0.000035s ]
NOTIC: [8192] mysql_connect(): The mysql extension is deprecated and will be removed in the future: use mysqli or PDO instead D:\xampp\htdocs\healthSystem\ThinkPHP\Library\Think\Db\Driver\Mysql.class.php 第 52 行.
SQL: SHOW COLUMNS FROM `hos_img` [ RunTime:0.001118s ]
SQL: SELECT * FROM `hos_img` WHERE ( `hos_id` = '56' )  [ RunTime:0.000267s ]
INFO: [ app_end ] --START--
INFO: Run Behavior\ShowPageTrace [ RunTime:0.000025s ]
INFO: [ app_end ] --END-- [ RunTime:0.000062s ]

[ 2017-04-08T00:08:21+08:00 ] 10.77.118.187 /healthSystem/Application/index.php/Home/index/getHosDetail?hos_id=56
INFO: [ app_init ] --START--
INFO: [ app_init ] --END-- [ RunTime:0.000351s ]
INFO: [ path_info ] --START--
INFO: [ path_info ] --END-- [ RunTime:0.000021s ]
INFO: [ app_begin ] --START--
INFO: Run Behavior\ReadHtmlCache [ RunTime:0.000035s ]
INFO: [ app_begin ] --END-- [ RunTime:0.000074s ]
INFO: [ action_begin ] --START--
INFO: [ action_begin ] --END-- [ RunTime:0.000023s ]
NOTIC: [2048] Declaration of Admin\Model\HospitalInfoModel::_after_insert() should be compatible with Think\Model::_after_insert($data, $options) D:\xampp\htdocs\healthSystem\Application\Admin\Model\HospitalInfoModel.class.php 第 7 行.
NOTIC: [8192] mysql_connect(): The mysql extension is deprecated and will be removed in the future: use mysqli or PDO instead D:\xampp\htdocs\healthSystem\ThinkPHP\Library\Think\Db\Driver\Mysql.class.php 第 52 行.
SQL: SHOW COLUMNS FROM `hospital_info` [ RunTime:0.001247s ]
SQL: SELECT * FROM `hospital_info` WHERE ( `hos_id` = 56 ) LIMIT 1   [ RunTime:0.000291s ]
INFO: [ app_end ] --START--
INFO: Run Behavior\ShowPageTrace [ RunTime:0.000025s ]
INFO: [ app_end ] --END-- [ RunTime:0.000057s ]

[ 2017-04-08T00:08:21+08:00 ] 10.77.118.187 /healthSystem/Application/index.php/Home/index/getHosImg?hos_id=56
INFO: [ app_init ] --START--
INFO: [ app_init ] --END-- [ RunTime:0.000301s ]
INFO: [ path_info ] --START--
INFO: [ path_info ] --END-- [ RunTime:0.000021s ]
INFO: [ app_begin ] --START--
INFO: Run Behavior\ReadHtmlCache [ RunTime:0.000036s ]
INFO: [ app_begin ] --END-- [ RunTime:0.000077s ]
INFO: [ action_begin ] --START--
INFO: [ action_begin ] --END-- [ RunTime:0.000038s ]
NOTIC: [8192] mysql_connect(): The mysql extension is deprecated and will be removed in the future: use mysqli or PDO instead D:\xampp\htdocs\healthSystem\ThinkPHP\Library\Think\Db\Driver\Mysql.class.php 第 52 行.
SQL: SHOW COLUMNS FROM `hos_img` [ RunTime:0.001139s ]
SQL: SELECT * FROM `hos_img` WHERE ( `hos_id` = '56' )  [ RunTime:0.000270s ]
INFO: [ app_end ] --START--
INFO: Run Behavior\ShowPageTrace [ RunTime:0.000026s ]
INFO: [ app_end ] --END-- [ RunTime:0.000062s ]

[ 2017-04-08T00:08:24+08:00 ] 10.77.118.187 /healthSystem/Application/index.php/Home/index/getHosDetail?hos_id=57
INFO: [ app_init ] --START--
INFO: [ app_init ] --END-- [ RunTime:0.000273s ]
INFO: [ path_info ] --START--
INFO: [ path_info ] --END-- [ RunTime:0.000021s ]
INFO: [ app_begin ] --START--
INFO: Run Behavior\ReadHtmlCache [ RunTime:0.000036s ]
INFO: [ app_begin ] --END-- [ RunTime:0.000075s ]
INFO: [ action_begin ] --START--
INFO: [ action_begin ] --END-- [ RunTime:0.000023s ]
NOTIC: [2048] Declaration of Admin\Model\HospitalInfoModel::_after_insert() should be compatible with Think\Model::_after_insert($data, $options) D:\xampp\htdocs\healthSystem\Application\Admin\Model\HospitalInfoModel.class.php 第 7 行.
NOTIC: [8192] mysql_connect(): The mysql extension is deprecated and will be removed in the future: use mysqli or PDO instead D:\xampp\htdocs\healthSystem\ThinkPHP\Library\Think\Db\Driver\Mysql.class.php 第 52 行.
SQL: SHOW COLUMNS FROM `hospital_info` [ RunTime:0.001221s ]
SQL: SELECT * FROM `hospital_info` WHERE ( `hos_id` = 57 ) LIMIT 1   [ RunTime:0.000312s ]
INFO: [ app_end ] --START--
INFO: Run Behavior\ShowPageTrace [ RunTime:0.000025s ]
INFO: [ app_end ] --END-- [ RunTime:0.000055s ]

[ 2017-04-08T00:08:24+08:00 ] 10.77.118.187 /healthSystem/Application/index.php/Home/index/getHosImg?hos_id=57
INFO: [ app_init ] --START--
INFO: [ app_init ] --END-- [ RunTime:0.000310s ]
INFO: [ path_info ] --START--
INFO: [ path_info ] --END-- [ RunTime:0.000020s ]
INFO: [ app_begin ] --START--
INFO: Run Behavior\ReadHtmlCache [ RunTime:0.000034s ]
INFO: [ app_begin ] --END-- [ RunTime:0.000075s ]
INFO: [ action_begin ] --START--
INFO: [ action_begin ] --END-- [ RunTime:0.000056s ]
NOTIC: [8192] mysql_connect(): The mysql extension is deprecated and will be removed in the future: use mysqli or PDO instead D:\xampp\htdocs\healthSystem\ThinkPHP\Library\Think\Db\Driver\Mysql.class.php 第 52 行.
SQL: SHOW COLUMNS FROM `hos_img` [ RunTime:0.001154s ]
SQL: SELECT * FROM `hos_img` WHERE ( `hos_id` = '57' )  [ RunTime:0.000354s ]
INFO: [ app_end ] --START--
INFO: Run Behavior\ShowPageTrace [ RunTime:0.000025s ]
INFO: [ app_end ] --END-- [ RunTime:0.000065s ]

[ 2017-04-08T11:48:02+08:00 ] ::1 /healthSystem/Application/index.php/Admin/index/index
INFO: [ app_init ] --START--
INFO: [ app_init ] --END-- [ RunTime:0.001387s ]
INFO: [ path_info ] --START--
INFO: [ path_info ] --END-- [ RunTime:0.000028s ]
INFO: [ app_begin ] --START--
INFO: Run Behavior\ReadHtmlCache [ RunTime:0.000453s ]
INFO: [ app_begin ] --END-- [ RunTime:0.000522s ]
INFO: [ action_begin ] --START--
INFO: [ action_begin ] --END-- [ RunTime:0.000035s ]
INFO: [ view_begin ] --START--
INFO: [ view_begin ] --END-- [ RunTime:0.000016s ]
INFO: [ view_parse ] --START--
INFO: [ template_filter ] --START--
INFO: Run Behavior\ContentReplace [ RunTime:0.000058s ]
INFO: [ template_filter ] --END-- [ RunTime:0.000113s ]
INFO: Run Behavior\ParseTemplate [ RunTime:0.050697s ]
INFO: [ view_parse ] --END-- [ RunTime:0.050753s ]
INFO: [ view_filter ] --START--
INFO: Run Behavior\WriteHtmlCache [ RunTime:0.000012s ]
INFO: [ view_filter ] --END-- [ RunTime:0.000043s ]
INFO: [ view_end ] --START--
INFO: [ view_end ] --END-- [ RunTime:0.000013s ]
INFO: [ app_end ] --START--
INFO: Run Behavior\ShowPageTrace [ RunTime:0.000028s ]
INFO: [ app_end ] --END-- [ RunTime:0.000066s ]

[ 2017-04-08T11:48:02+08:00 ] ::1 /healthSystem/Application/index.php/Admin/index/main.html
INFO: [ app_init ] --START--
INFO: [ app_init ] --END-- [ RunTime:0.000466s ]
INFO: [ path_info ] --START--
INFO: [ path_info ] --END-- [ RunTime:0.000048s ]
INFO: [ app_begin ] --START--
INFO: Run Behavior\ReadHtmlCache [ RunTime:0.000054s ]
INFO: [ app_begin ] --END-- [ RunTime:0.000125s ]
INFO: [ action_begin ] --START--
INFO: [ action_begin ] --END-- [ RunTime:0.000028s ]
INFO: [ view_begin ] --START--
INFO: [ view_begin ] --END-- [ RunTime:0.000017s ]
INFO: [ view_parse ] --START--
INFO: [ template_filter ] --START--
INFO: Run Behavior\ContentReplace [ RunTime:0.000050s ]
INFO: [ template_filter ] --END-- [ RunTime:0.000117s ]
INFO: Run Behavior\ParseTemplate [ RunTime:0.019404s ]
INFO: [ view_parse ] --END-- [ RunTime:0.019471s ]
INFO: [ view_filter ] --START--
INFO: Run Behavior\WriteHtmlCache [ RunTime:0.000012s ]
INFO: [ view_filter ] --END-- [ RunTime:0.000045s ]
INFO: [ view_end ] --START--
INFO: [ view_end ] --END-- [ RunTime:0.000014s ]
INFO: [ app_end ] --START--
INFO: Run Behavior\ShowPageTrace [ RunTime:0.000028s ]
INFO: [ app_end ] --END-- [ RunTime:0.000059s ]

[ 2017-04-08T11:48:14+08:00 ] ::1 /healthSystem/Application/index.php/Admin/index/index
INFO: [ app_init ] --START--
INFO: [ app_init ] --END-- [ RunTime:0.000385s ]
INFO: [ path_info ] --START--
INFO: [ path_info ] --END-- [ RunTime:0.000027s ]
INFO: [ app_begin ] --START--
INFO: Run Behavior\ReadHtmlCache [ RunTime:0.000060s ]
INFO: [ app_begin ] --END-- [ RunTime:0.000140s ]
INFO: [ action_begin ] --START--
INFO: [ action_begin ] --END-- [ RunTime:0.000031s ]
INFO: [ view_begin ] --START--
INFO: [ view_begin ] --END-- [ RunTime:0.000018s ]
INFO: [ view_parse ] --START--
INFO: [ template_filter ] --START--
INFO: Run Behavior\ContentReplace [ RunTime:0.000055s ]
INFO: [ template_filter ] --END-- [ RunTime:0.000110s ]
INFO: Run Behavior\ParseTemplate [ RunTime:0.006398s ]
INFO: [ view_parse ] --END-- [ RunTime:0.006448s ]
INFO: [ view_filter ] --START--
INFO: Run Behavior\WriteHtmlCache [ RunTime:0.000011s ]
INFO: [ view_filter ] --END-- [ RunTime:0.000039s ]
INFO: [ view_end ] --START--
INFO: [ view_end ] --END-- [ RunTime:0.000011s ]
INFO: [ app_end ] --START--
INFO: Run Behavior\ShowPageTrace [ RunTime:0.000027s ]
INFO: [ app_end ] --END-- [ RunTime:0.000054s ]

[ 2017-04-08T11:48:14+08:00 ] ::1 /healthSystem/Application/index.php/Admin/index/main.html
INFO: [ app_init ] --START--
INFO: [ app_init ] --END-- [ RunTime:0.000457s ]
INFO: [ path_info ] --START--
INFO: [ path_info ] --END-- [ RunTime:0.000037s ]
INFO: [ app_begin ] --START--
INFO: Run Behavior\ReadHtmlCache [ RunTime:0.000059s ]
INFO: [ app_begin ] --END-- [ RunTime:0.000147s ]
INFO: [ action_begin ] --START--
INFO: [ action_begin ] --END-- [ RunTime:0.000063s ]
INFO: [ view_begin ] --START--
INFO: [ view_begin ] --END-- [ RunTime:0.000033s ]
INFO: [ view_parse ] --START--
INFO: [ template_filter ] --START--
INFO: Run Behavior\ContentReplace [ RunTime:0.000049s ]
INFO: [ template_filter ] --END-- [ RunTime:0.000122s ]
INFO: Run Behavior\ParseTemplate [ RunTime:0.006954s ]
INFO: [ view_parse ] --END-- [ RunTime:0.007136s ]
INFO: [ view_filter ] --START--
INFO: Run Behavior\WriteHtmlCache [ RunTime:0.000019s ]
INFO: [ view_filter ] --END-- [ RunTime:0.000079s ]
INFO: [ view_end ] --START--
INFO: [ view_end ] --END-- [ RunTime:0.000020s ]
INFO: [ app_end ] --START--
INFO: Run Behavior\ShowPageTrace [ RunTime:0.000030s ]
INFO: [ app_end ] --END-- [ RunTime:0.000061s ]

[ 2017-04-08T11:48:15+08:00 ] ::1 /healthSystem/Application/index.php/Admin/Hospital/listHos
INFO: [ app_init ] --START--
INFO: [ app_init ] --END-- [ RunTime:0.000217s ]
INFO: [ path_info ] --START--
INFO: [ path_info ] --END-- [ RunTime:0.000017s ]
INFO: [ app_begin ] --START--
INFO: Run Behavior\ReadHtmlCache [ RunTime:0.000028s ]
INFO: [ app_begin ] --END-- [ RunTime:0.000063s ]
INFO: [ action_begin ] --START--
INFO: [ action_begin ] --END-- [ RunTime:0.000035s ]
NOTIC: [2048] Declaration of Admin\Model\HospitalInfoModel::_after_insert() should be compatible with Think\Model::_after_insert($data, $options) D:\xampp\htdocs\healthSystem\Application\Admin\Model\HospitalInfoModel.class.php 第 7 行.
NOTIC: [8192] mysql_connect(): The mysql extension is deprecated and will be removed in the future: use mysqli or PDO instead D:\xampp\htdocs\healthSystem\ThinkPHP\Library\Think\Db\Driver\Mysql.class.php 第 52 行.
SQL: SHOW COLUMNS FROM `hospital_info` [ RunTime:0.052668s ]
SQL: SELECT COUNT(*) AS tp_count FROM `hospital_info` LIMIT 1   [ RunTime:0.002318s ]
NOTIC: [8] Undefined variable: where D:\xampp\htdocs\healthSystem\Application\Admin\Model\HospitalInfoModel.class.php 第 29 行.
SQL: SELECT * FROM `hospital_info` ORDER BY hos_id desc LIMIT 0,3   [ RunTime:0.000421s ]
INFO: [ view_begin ] --START--
INFO: [ view_begin ] --END-- [ RunTime:0.000018s ]
INFO: [ view_parse ] --START--
INFO: [ template_filter ] --START--
INFO: Run Behavior\ContentReplace [ RunTime:0.000085s ]
INFO: [ template_filter ] --END-- [ RunTime:0.000159s ]
INFO: Run Behavior\ParseTemplate [ RunTime:0.021997s ]
INFO: [ view_parse ] --END-- [ RunTime:0.022047s ]
INFO: [ view_filter ] --START--
INFO: Run Behavior\WriteHtmlCache [ RunTime:0.000010s ]
INFO: [ view_filter ] --END-- [ RunTime:0.000037s ]
INFO: [ view_end ] --START--
INFO: [ view_end ] --END-- [ RunTime:0.000022s ]
INFO: [ app_end ] --START--
INFO: Run Behavior\ShowPageTrace [ RunTime:0.000030s ]
INFO: [ app_end ] --END-- [ RunTime:0.000070s ]

[ 2017-04-08T11:48:23+08:00 ] ::1 /healthSystem/Application/index.php/Admin/doctor/listDoc/hos_id/56
INFO: [ app_init ] --START--
INFO: [ app_init ] --END-- [ RunTime:0.000292s ]
INFO: [ path_info ] --START--
INFO: [ path_info ] --END-- [ RunTime:0.000019s ]
INFO: [ app_begin ] --START--
INFO: Run Behavior\ReadHtmlCache [ RunTime:0.000030s ]
INFO: [ app_begin ] --END-- [ RunTime:0.000067s ]
INFO: [ action_begin ] --START--
INFO: [ action_begin ] --END-- [ RunTime:0.000038s ]
NOTIC: [2048] Declaration of Admin\Model\DoctorInfoModel::_after_insert() should be compatible with Think\Model::_after_insert($data, $options) D:\xampp\htdocs\healthSystem\Application\Admin\Model\DoctorInfoModel.class.php 第 7 行.
NOTIC: [8192] mysql_connect(): The mysql extension is deprecated and will be removed in the future: use mysqli or PDO instead D:\xampp\htdocs\healthSystem\ThinkPHP\Library\Think\Db\Driver\Mysql.class.php 第 52 行.
SQL: SHOW COLUMNS FROM `doctor_info` [ RunTime:0.008264s ]
SQL: SELECT COUNT(*) AS tp_count FROM `doctor_info` LIMIT 1   [ RunTime:0.000382s ]
SQL: SELECT a.*,b.hos_name,c.dep_name FROM doctor_info a LEFT JOIN hospital_info b on a.hos_id=b.hos_id LEFT JOIN department_info c on a.depa_id=c.dep_id WHERE ( a.hos_id = '56' ) LIMIT 0,5   [ RunTime:0.037968s ]
INFO: [ view_begin ] --START--
INFO: [ view_begin ] --END-- [ RunTime:0.000022s ]
INFO: [ view_parse ] --START--
INFO: [ template_filter ] --START--
INFO: Run Behavior\ContentReplace [ RunTime:0.000083s ]
INFO: [ template_filter ] --END-- [ RunTime:0.000136s ]
INFO: Run Behavior\ParseTemplate [ RunTime:0.015836s ]
INFO: [ view_parse ] --END-- [ RunTime:0.015888s ]
INFO: [ view_filter ] --START--
INFO: Run Behavior\WriteHtmlCache [ RunTime:0.000011s ]
INFO: [ view_filter ] --END-- [ RunTime:0.000041s ]
INFO: [ view_end ] --START--
INFO: [ view_end ] --END-- [ RunTime:0.000020s ]
INFO: [ app_end ] --START--
INFO: Run Behavior\ShowPageTrace [ RunTime:0.000032s ]
INFO: [ app_end ] --END-- [ RunTime:0.000065s ]

[ 2017-04-08T11:48:26+08:00 ] ::1 /healthSystem/Application/index.php/Admin/Department/listDep
INFO: [ app_init ] --START--
INFO: [ app_init ] --END-- [ RunTime:0.000233s ]
INFO: [ path_info ] --START--
INFO: [ path_info ] --END-- [ RunTime:0.000018s ]
INFO: [ app_begin ] --START--
INFO: Run Behavior\ReadHtmlCache [ RunTime:0.000030s ]
INFO: [ app_begin ] --END-- [ RunTime:0.000064s ]
INFO: [ action_begin ] --START--
INFO: [ action_begin ] --END-- [ RunTime:0.000035s ]
NOTIC: [8192] mysql_connect(): The mysql extension is deprecated and will be removed in the future: use mysqli or PDO instead D:\xampp\htdocs\healthSystem\ThinkPHP\Library\Think\Db\Driver\Mysql.class.php 第 52 行.
SQL: SHOW COLUMNS FROM `department_info` [ RunTime:0.001106s ]
SQL: SELECT * FROM `department_info`  [ RunTime:0.000288s ]
INFO: [ view_begin ] --START--
INFO: [ view_begin ] --END-- [ RunTime:0.000017s ]
INFO: [ view_parse ] --START--
INFO: [ template_filter ] --START--
INFO: Run Behavior\ContentReplace [ RunTime:0.000063s ]
INFO: [ template_filter ] --END-- [ RunTime:0.000114s ]
NOTIC: [8] Undefined variable: page D:\xampp\htdocs\healthSystem\Application\Runtime\Cache\Admin\cee2948ba6be973206e8b2636827d41b.php 第 55 行.
INFO: Run Behavior\ParseTemplate [ RunTime:0.014462s ]
INFO: [ view_parse ] --END-- [ RunTime:0.014503s ]
INFO: [ view_filter ] --START--
INFO: Run Behavior\WriteHtmlCache [ RunTime:0.000010s ]
INFO: [ view_filter ] --END-- [ RunTime:0.000037s ]
INFO: [ view_end ] --START--
INFO: [ view_end ] --END-- [ RunTime:0.000020s ]
INFO: [ app_end ] --START--
INFO: Run Behavior\ShowPageTrace [ RunTime:0.000029s ]
INFO: [ app_end ] --END-- [ RunTime:0.000061s ]

[ 2017-04-08T11:48:29+08:00 ] ::1 /healthSystem/Application/index.php/Admin/Illness/listSick
INFO: [ app_init ] --START--
INFO: [ app_init ] --END-- [ RunTime:0.000249s ]
INFO: [ path_info ] --START--
INFO: [ path_info ] --END-- [ RunTime:0.000018s ]
INFO: [ app_begin ] --START--
INFO: Run Behavior\ReadHtmlCache [ RunTime:0.000028s ]
INFO: [ app_begin ] --END-- [ RunTime:0.000062s ]
INFO: [ action_begin ] --START--
INFO: [ action_begin ] --END-- [ RunTime:0.000039s ]
NOTIC: [8192] mysql_connect(): The mysql extension is deprecated and will be removed in the future: use mysqli or PDO instead D:\xampp\htdocs\healthSystem\ThinkPHP\Library\Think\Db\Driver\Mysql.class.php 第 52 行.
SQL: SHOW COLUMNS FROM `illness` [ RunTime:0.015998s ]
SQL: SELECT COUNT(*) AS tp_count FROM `illness` LIMIT 1   [ RunTime:0.000243s ]
SQL: SELECT a.*,c.dep_name FROM illness a LEFT JOIN department_info c on a.two_depa_id=c.dep_id LIMIT 0,5   [ RunTime:0.000308s ]
INFO: [ view_begin ] --START--
INFO: [ view_begin ] --END-- [ RunTime:0.000017s ]
INFO: [ view_parse ] --START--
INFO: [ template_filter ] --START--
INFO: Run Behavior\ContentReplace [ RunTime:0.000073s ]
INFO: [ template_filter ] --END-- [ RunTime:0.000132s ]
INFO: Run Behavior\ParseTemplate [ RunTime:0.018868s ]
INFO: [ view_parse ] --END-- [ RunTime:0.018921s ]
INFO: [ view_filter ] --START--
INFO: Run Behavior\WriteHtmlCache [ RunTime:0.000012s ]
INFO: [ view_filter ] --END-- [ RunTime:0.000043s ]
INFO: [ view_end ] --START--
INFO: [ view_end ] --END-- [ RunTime:0.000021s ]
INFO: [ app_end ] --START--
INFO: Run Behavior\ShowPageTrace [ RunTime:0.000030s ]
INFO: [ app_end ] --END-- [ RunTime:0.000061s ]

[ 2017-04-08T11:48:32+08:00 ] ::1 /healthSystem/Application/index.php/Admin/Illness/listSick/p/2.html
INFO: [ app_init ] --START--
INFO: [ app_init ] --END-- [ RunTime:0.000219s ]
INFO: [ path_info ] --START--
INFO: [ path_info ] --END-- [ RunTime:0.000018s ]
INFO: [ app_begin ] --START--
INFO: Run Behavior\ReadHtmlCache [ RunTime:0.000029s ]
INFO: [ app_begin ] --END-- [ RunTime:0.000064s ]
INFO: [ action_begin ] --START--
INFO: [ action_begin ] --END-- [ RunTime:0.000021s ]
NOTIC: [8192] mysql_connect(): The mysql extension is deprecated and will be removed in the future: use mysqli or PDO instead D:\xampp\htdocs\healthSystem\ThinkPHP\Library\Think\Db\Driver\Mysql.class.php 第 52 行.
SQL: SHOW COLUMNS FROM `illness` [ RunTime:0.001483s ]
SQL: SELECT COUNT(*) AS tp_count FROM `illness` LIMIT 1   [ RunTime:0.000289s ]
SQL: SELECT a.*,c.dep_name FROM illness a LEFT JOIN department_info c on a.two_depa_id=c.dep_id LIMIT 5,5   [ RunTime:0.000360s ]
INFO: [ view_begin ] --START--
INFO: [ view_begin ] --END-- [ RunTime:0.000016s ]
INFO: [ view_parse ] --START--
INFO: [ template_filter ] --START--
INFO: Run Behavior\ContentReplace [ RunTime:0.000075s ]
INFO: [ template_filter ] --END-- [ RunTime:0.000129s ]
INFO: Run Behavior\ParseTemplate [ RunTime:0.004555s ]
INFO: [ view_parse ] --END-- [ RunTime:0.004602s ]
INFO: [ view_filter ] --START--
INFO: Run Behavior\WriteHtmlCache [ RunTime:0.000010s ]
INFO: [ view_filter ] --END-- [ RunTime:0.000037s ]
INFO: [ view_end ] --START--
INFO: [ view_end ] --END-- [ RunTime:0.000026s ]
INFO: [ app_end ] --START--
INFO: Run Behavior\ShowPageTrace [ RunTime:0.000029s ]
INFO: [ app_end ] --END-- [ RunTime:0.000060s ]

[ 2017-04-08T11:48:34+08:00 ] ::1 /healthSystem/Application/index.php/Admin/Illness/listSick/p/3.html
INFO: [ app_init ] --START--
INFO: [ app_init ] --END-- [ RunTime:0.000244s ]
INFO: [ path_info ] --START--
INFO: [ path_info ] --END-- [ RunTime:0.000018s ]
INFO: [ app_begin ] --START--
INFO: Run Behavior\ReadHtmlCache [ RunTime:0.000029s ]
INFO: [ app_begin ] --END-- [ RunTime:0.000065s ]
INFO: [ action_begin ] --START--
INFO: [ action_begin ] --END-- [ RunTime:0.000021s ]
NOTIC: [8192] mysql_connect(): The mysql extension is deprecated and will be removed in the future: use mysqli or PDO instead D:\xampp\htdocs\healthSystem\ThinkPHP\Library\Think\Db\Driver\Mysql.class.php 第 52 行.
SQL: SHOW COLUMNS FROM `illness` [ RunTime:0.001166s ]
SQL: SELECT COUNT(*) AS tp_count FROM `illness` LIMIT 1   [ RunTime:0.000225s ]
SQL: SELECT a.*,c.dep_name FROM illness a LEFT JOIN department_info c on a.two_depa_id=c.dep_id LIMIT 10,5   [ RunTime:0.000345s ]
INFO: [ view_begin ] --START--
INFO: [ view_begin ] --END-- [ RunTime:0.000017s ]
INFO: [ view_parse ] --START--
INFO: [ template_filter ] --START--
INFO: Run Behavior\ContentReplace [ RunTime:0.000061s ]
INFO: [ template_filter ] --END-- [ RunTime:0.000106s ]
INFO: Run Behavior\ParseTemplate [ RunTime:0.004569s ]
INFO: [ view_parse ] --END-- [ RunTime:0.004614s ]
INFO: [ view_filter ] --START--
INFO: Run Behavior\WriteHtmlCache [ RunTime:0.000010s ]
INFO: [ view_filter ] --END-- [ RunTime:0.000037s ]
INFO: [ view_end ] --START--
INFO: [ view_end ] --END-- [ RunTime:0.000012s ]
INFO: [ app_end ] --START--
INFO: Run Behavior\ShowPageTrace [ RunTime:0.000024s ]
INFO: [ app_end ] --END-- [ RunTime:0.000051s ]

[ 2017-04-08T11:48:34+08:00 ] ::1 /healthSystem/Application/index.php/Admin/Illness/listSick/p/2.html
INFO: [ app_init ] --START--
INFO: [ app_init ] --END-- [ RunTime:0.000246s ]
INFO: [ path_info ] --START--
INFO: [ path_info ] --END-- [ RunTime:0.000017s ]
INFO: [ app_begin ] --START--
INFO: Run Behavior\ReadHtmlCache [ RunTime:0.000030s ]
INFO: [ app_begin ] --END-- [ RunTime:0.000064s ]
INFO: [ action_begin ] --START--
INFO: [ action_begin ] --END-- [ RunTime:0.000021s ]
NOTIC: [8192] mysql_connect(): The mysql extension is deprecated and will be removed in the future: use mysqli or PDO instead D:\xampp\htdocs\healthSystem\ThinkPHP\Library\Think\Db\Driver\Mysql.class.php 第 52 行.
SQL: SHOW COLUMNS FROM `illness` [ RunTime:0.001137s ]
SQL: SELECT COUNT(*) AS tp_count FROM `illness` LIMIT 1   [ RunTime:0.000225s ]
SQL: SELECT a.*,c.dep_name FROM illness a LEFT JOIN department_info c on a.two_depa_id=c.dep_id LIMIT 5,5   [ RunTime:0.000316s ]
INFO: [ view_begin ] --START--
INFO: [ view_begin ] --END-- [ RunTime:0.000016s ]
INFO: [ view_parse ] --START--
INFO: [ template_filter ] --START--
INFO: Run Behavior\ContentReplace [ RunTime:0.000061s ]
INFO: [ template_filter ] --END-- [ RunTime:0.000105s ]
INFO: Run Behavior\ParseTemplate [ RunTime:0.004543s ]
INFO: [ view_parse ] --END-- [ RunTime:0.004588s ]
INFO: [ view_filter ] --START--
INFO: Run Behavior\WriteHtmlCache [ RunTime:0.000010s ]
INFO: [ view_filter ] --END-- [ RunTime:0.000037s ]
INFO: [ view_end ] --START--
INFO: [ view_end ] --END-- [ RunTime:0.000020s ]
INFO: [ app_end ] --START--
INFO: Run Behavior\ShowPageTrace [ RunTime:0.000034s ]
INFO: [ app_end ] --END-- [ RunTime:0.000072s ]

[ 2017-04-08T11:48:36+08:00 ] ::1 /healthSystem/Application/index.php/Admin/Illness/listSick/p/1.html
INFO: [ app_init ] --START--
INFO: [ app_init ] --END-- [ RunTime:0.000288s ]
INFO: [ path_info ] --START--
INFO: [ path_info ] --END-- [ RunTime:0.000031s ]
INFO: [ app_begin ] --START--
INFO: Run Behavior\ReadHtmlCache [ RunTime:0.000054s ]
INFO: [ app_begin ] --END-- [ RunTime:0.000109s ]
INFO: [ action_begin ] --START--
INFO: [ action_begin ] --END-- [ RunTime:0.000042s ]
NOTIC: [8192] mysql_connect(): The mysql extension is deprecated and will be removed in the future: use mysqli or PDO instead D:\xampp\htdocs\healthSystem\ThinkPHP\Library\Think\Db\Driver\Mysql.class.php 第 52 行.
SQL: SHOW COLUMNS FROM `illness` [ RunTime:0.001165s ]
SQL: SELECT COUNT(*) AS tp_count FROM `illness` LIMIT 1   [ RunTime:0.000229s ]
SQL: SELECT a.*,c.dep_name FROM illness a LEFT JOIN department_info c on a.two_depa_id=c.dep_id LIMIT 0,5   [ RunTime:0.000312s ]
INFO: [ view_begin ] --START--
INFO: [ view_begin ] --END-- [ RunTime:0.000017s ]
INFO: [ view_parse ] --START--
INFO: [ template_filter ] --START--
INFO: Run Behavior\ContentReplace [ RunTime:0.000073s ]
INFO: [ template_filter ] --END-- [ RunTime:0.000143s ]
INFO: Run Behavior\ParseTemplate [ RunTime:0.005326s ]
INFO: [ view_parse ] --END-- [ RunTime:0.005389s ]
INFO: [ view_filter ] --START--
INFO: Run Behavior\WriteHtmlCache [ RunTime:0.000012s ]
INFO: [ view_filter ] --END-- [ RunTime:0.000043s ]
INFO: [ view_end ] --START--
INFO: [ view_end ] --END-- [ RunTime:0.000022s ]
INFO: [ app_end ] --START--
INFO: Run Behavior\ShowPageTrace [ RunTime:0.000033s ]
INFO: [ app_end ] --END-- [ RunTime:0.000067s ]

[ 2017-04-08T11:48:40+08:00 ] ::1 /healthSystem/Application/index.php/Admin/Illness/listSick/p/3.html
INFO: [ app_init ] --START--
INFO: [ app_init ] --END-- [ RunTime:0.000221s ]
INFO: [ path_info ] --START--
INFO: [ path_info ] --END-- [ RunTime:0.000018s ]
INFO: [ app_begin ] --START--
INFO: Run Behavior\ReadHtmlCache [ RunTime:0.000029s ]
INFO: [ app_begin ] --END-- [ RunTime:0.000064s ]
INFO: [ action_begin ] --START--
INFO: [ action_begin ] --END-- [ RunTime:0.000020s ]
NOTIC: [8192] mysql_connect(): The mysql extension is deprecated and will be removed in the future: use mysqli or PDO instead D:\xampp\htdocs\healthSystem\ThinkPHP\Library\Think\Db\Driver\Mysql.class.php 第 52 行.
SQL: SHOW COLUMNS FROM `illness` [ RunTime:0.001133s ]
SQL: SELECT COUNT(*) AS tp_count FROM `illness` LIMIT 1   [ RunTime:0.000232s ]
SQL: SELECT a.*,c.dep_name FROM illness a LEFT JOIN department_info c on a.two_depa_id=c.dep_id LIMIT 10,5   [ RunTime:0.000313s ]
INFO: [ view_begin ] --START--
INFO: [ view_begin ] --END-- [ RunTime:0.000016s ]
INFO: [ view_parse ] --START--
INFO: [ template_filter ] --START--
INFO: Run Behavior\ContentReplace [ RunTime:0.000061s ]
INFO: [ template_filter ] --END-- [ RunTime:0.000105s ]
INFO: Run Behavior\ParseTemplate [ RunTime:0.004512s ]
INFO: [ view_parse ] --END-- [ RunTime:0.004557s ]
INFO: [ view_filter ] --START--
INFO: Run Behavior\WriteHtmlCache [ RunTime:0.000009s ]
INFO: [ view_filter ] --END-- [ RunTime:0.000037s ]
INFO: [ view_end ] --START--
INFO: [ view_end ] --END-- [ RunTime:0.000012s ]
INFO: [ app_end ] --START--
INFO: Run Behavior\ShowPageTrace [ RunTime:0.000024s ]
INFO: [ app_end ] --END-- [ RunTime:0.000051s ]

[ 2017-04-08T11:48:41+08:00 ] ::1 /healthSystem/Application/index.php/Admin/Illness/listSick/p/1.html
INFO: [ app_init ] --START--
INFO: [ app_init ] --END-- [ RunTime:0.000216s ]
INFO: [ path_info ] --START--
INFO: [ path_info ] --END-- [ RunTime:0.000018s ]
INFO: [ app_begin ] --START--
INFO: Run Behavior\ReadHtmlCache [ RunTime:0.000028s ]
INFO: [ app_begin ] --END-- [ RunTime:0.000063s ]
INFO: [ action_begin ] --START--
INFO: [ action_begin ] --END-- [ RunTime:0.000021s ]
NOTIC: [8192] mysql_connect(): The mysql extension is deprecated and will be removed in the future: use mysqli or PDO instead D:\xampp\htdocs\healthSystem\ThinkPHP\Library\Think\Db\Driver\Mysql.class.php 第 52 行.
SQL: SHOW COLUMNS FROM `illness` [ RunTime:0.001727s ]
SQL: SELECT COUNT(*) AS tp_count FROM `illness` LIMIT 1   [ RunTime:0.000263s ]
SQL: SELECT a.*,c.dep_name FROM illness a LEFT JOIN department_info c on a.two_depa_id=c.dep_id LIMIT 0,5   [ RunTime:0.000310s ]
INFO: [ view_begin ] --START--
INFO: [ view_begin ] --END-- [ RunTime:0.000017s ]
INFO: [ view_parse ] --START--
INFO: [ template_filter ] --START--
INFO: Run Behavior\ContentReplace [ RunTime:0.000061s ]
INFO: [ template_filter ] --END-- [ RunTime:0.000106s ]
INFO: Run Behavior\ParseTemplate [ RunTime:0.004575s ]
INFO: [ view_parse ] --END-- [ RunTime:0.004622s ]
INFO: [ view_filter ] --START--
INFO: Run Behavior\WriteHtmlCache [ RunTime:0.000011s ]
INFO: [ view_filter ] --END-- [ RunTime:0.000038s ]
INFO: [ view_end ] --START--
INFO: [ view_end ] --END-- [ RunTime:0.000020s ]
INFO: [ app_end ] --START--
INFO: Run Behavior\ShowPageTrace [ RunTime:0.000029s ]
INFO: [ app_end ] --END-- [ RunTime:0.000059s ]

[ 2017-04-08T11:49:05+08:00 ] ::1 /healthSystem/Application/index.php/Admin/Illness/listSick
INFO: [ app_init ] --START--
INFO: [ app_init ] --END-- [ RunTime:0.000218s ]
INFO: [ path_info ] --START--
INFO: [ path_info ] --END-- [ RunTime:0.000017s ]
INFO: [ app_begin ] --START--
INFO: Run Behavior\ReadHtmlCache [ RunTime:0.000029s ]
INFO: [ app_begin ] --END-- [ RunTime:0.000062s ]
INFO: [ action_begin ] --START--
INFO: [ action_begin ] --END-- [ RunTime:0.000020s ]
NOTIC: [8192] mysql_connect(): The mysql extension is deprecated and will be removed in the future: use mysqli or PDO instead D:\xampp\htdocs\healthSystem\ThinkPHP\Library\Think\Db\Driver\Mysql.class.php 第 52 行.
SQL: SHOW COLUMNS FROM `illness` [ RunTime:0.005015s ]
SQL: SELECT COUNT(*) AS tp_count FROM `illness` LIMIT 1   [ RunTime:0.000239s ]
SQL: SELECT a.*,c.dep_name FROM illness a LEFT JOIN department_info c on a.two_depa_id=c.dep_id LIMIT 0,5   [ RunTime:0.000308s ]
INFO: [ view_begin ] --START--
INFO: [ view_begin ] --END-- [ RunTime:0.000017s ]
INFO: [ view_parse ] --START--
INFO: [ template_filter ] --START--
INFO: Run Behavior\ContentReplace [ RunTime:0.000062s ]
INFO: [ template_filter ] --END-- [ RunTime:0.000113s ]
INFO: Run Behavior\ParseTemplate [ RunTime:0.005238s ]
INFO: [ view_parse ] --END-- [ RunTime:0.005284s ]
INFO: [ view_filter ] --START--
INFO: Run Behavior\WriteHtmlCache [ RunTime:0.000015s ]
INFO: [ view_filter ] --END-- [ RunTime:0.000057s ]
INFO: [ view_end ] --START--
INFO: [ view_end ] --END-- [ RunTime:0.000019s ]
INFO: [ app_end ] --START--
INFO: Run Behavior\ShowPageTrace [ RunTime:0.000032s ]
INFO: [ app_end ] --END-- [ RunTime:0.000069s ]

[ 2017-04-08T11:49:20+08:00 ] ::1 /healthSystem/Application/index.php/Admin/Knowledge/listKnow
INFO: [ app_init ] --START--
INFO: [ app_init ] --END-- [ RunTime:0.000232s ]
INFO: [ path_info ] --START--
INFO: [ path_info ] --END-- [ RunTime:0.000016s ]
INFO: [ app_begin ] --START--
INFO: Run Behavior\ReadHtmlCache [ RunTime:0.000042s ]
INFO: [ app_begin ] --END-- [ RunTime:0.000091s ]
INFO: [ action_begin ] --START--
INFO: [ action_begin ] --END-- [ RunTime:0.000034s ]
NOTIC: [8192] mysql_connect(): The mysql extension is deprecated and will be removed in the future: use mysqli or PDO instead D:\xampp\htdocs\healthSystem\ThinkPHP\Library\Think\Db\Driver\Mysql.class.php 第 52 行.
SQL: SHOW COLUMNS FROM `health_know` [ RunTime:0.010164s ]
SQL: SELECT COUNT(*) AS tp_count FROM `health_know` LIMIT 1   [ RunTime:0.000299s ]
SQL: SELECT * FROM `health_know` LIMIT 0,5   [ RunTime:0.000317s ]
INFO: [ view_begin ] --START--
INFO: [ view_begin ] --END-- [ RunTime:0.000017s ]
INFO: [ view_parse ] --START--
INFO: [ template_filter ] --START--
INFO: Run Behavior\ContentReplace [ RunTime:0.000067s ]
INFO: [ template_filter ] --END-- [ RunTime:0.000119s ]
INFO: Run Behavior\ParseTemplate [ RunTime:0.005761s ]
INFO: [ view_parse ] --END-- [ RunTime:0.005810s ]
INFO: [ view_filter ] --START--
INFO: Run Behavior\WriteHtmlCache [ RunTime:0.000010s ]
INFO: [ view_filter ] --END-- [ RunTime:0.000037s ]
INFO: [ view_end ] --START--
INFO: [ view_end ] --END-- [ RunTime:0.000012s ]
INFO: [ app_end ] --START--
INFO: Run Behavior\ShowPageTrace [ RunTime:0.000024s ]
INFO: [ app_end ] --END-- [ RunTime:0.000050s ]

[ 2017-04-08T11:49:27+08:00 ] ::1 /healthSystem/Application/index.php/Admin/Knowledge/listKnow
INFO: [ app_init ] --START--
INFO: [ app_init ] --END-- [ RunTime:0.000222s ]
INFO: [ path_info ] --START--
INFO: [ path_info ] --END-- [ RunTime:0.000018s ]
INFO: [ app_begin ] --START--
INFO: Run Behavior\ReadHtmlCache [ RunTime:0.000030s ]
INFO: [ app_begin ] --END-- [ RunTime:0.000065s ]
INFO: [ action_begin ] --START--
INFO: [ action_begin ] --END-- [ RunTime:0.000022s ]
NOTIC: [8192] mysql_connect(): The mysql extension is deprecated and will be removed in the future: use mysqli or PDO instead D:\xampp\htdocs\healthSystem\ThinkPHP\Library\Think\Db\Driver\Mysql.class.php 第 52 行.
SQL: SHOW COLUMNS FROM `health_know` [ RunTime:0.001167s ]
SQL: SELECT COUNT(*) AS tp_count FROM `health_know` LIMIT 1   [ RunTime:0.000233s ]
SQL: SELECT * FROM `health_know` LIMIT 0,5   [ RunTime:0.000246s ]
INFO: [ view_begin ] --START--
INFO: [ view_begin ] --END-- [ RunTime:0.000016s ]
INFO: [ view_parse ] --START--
INFO: [ template_filter ] --START--
INFO: Run Behavior\ContentReplace [ RunTime:0.000064s ]
INFO: [ template_filter ] --END-- [ RunTime:0.000108s ]
INFO: Run Behavior\ParseTemplate [ RunTime:0.004907s ]
INFO: [ view_parse ] --END-- [ RunTime:0.004954s ]
INFO: [ view_filter ] --START--
INFO: Run Behavior\WriteHtmlCache [ RunTime:0.000009s ]
INFO: [ view_filter ] --END-- [ RunTime:0.000036s ]
INFO: [ view_end ] --START--
INFO: [ view_end ] --END-- [ RunTime:0.000012s ]
INFO: [ app_end ] --START--
INFO: Run Behavior\ShowPageTrace [ RunTime:0.000024s ]
INFO: [ app_end ] --END-- [ RunTime:0.000051s ]

[ 2017-04-08T11:49:30+08:00 ] ::1 /healthSystem/Application/index.php/Admin/Knowledge/listKnow
INFO: [ app_init ] --START--
INFO: [ app_init ] --END-- [ RunTime:0.000218s ]
INFO: [ path_info ] --START--
INFO: [ path_info ] --END-- [ RunTime:0.000017s ]
INFO: [ app_begin ] --START--
INFO: Run Behavior\ReadHtmlCache [ RunTime:0.000051s ]
INFO: [ app_begin ] --END-- [ RunTime:0.000088s ]
INFO: [ action_begin ] --START--
INFO: [ action_begin ] --END-- [ RunTime:0.000022s ]
NOTIC: [8192] mysql_connect(): The mysql extension is deprecated and will be removed in the future: use mysqli or PDO instead D:\xampp\htdocs\healthSystem\ThinkPHP\Library\Think\Db\Driver\Mysql.class.php 第 52 行.
SQL: SHOW COLUMNS FROM `health_know` [ RunTime:0.001133s ]
SQL: SELECT COUNT(*) AS tp_count FROM `health_know` LIMIT 1   [ RunTime:0.000228s ]
SQL: SELECT * FROM `health_know` LIMIT 0,5   [ RunTime:0.000241s ]
INFO: [ view_begin ] --START--
INFO: [ view_begin ] --END-- [ RunTime:0.000016s ]
INFO: [ view_parse ] --START--
INFO: [ template_filter ] --START--
INFO: Run Behavior\ContentReplace [ RunTime:0.000064s ]
INFO: [ template_filter ] --END-- [ RunTime:0.000108s ]
INFO: Run Behavior\ParseTemplate [ RunTime:0.004893s ]
INFO: [ view_parse ] --END-- [ RunTime:0.004939s ]
INFO: [ view_filter ] --START--
INFO: Run Behavior\WriteHtmlCache [ RunTime:0.000009s ]
INFO: [ view_filter ] --END-- [ RunTime:0.000036s ]
INFO: [ view_end ] --START--
INFO: [ view_end ] --END-- [ RunTime:0.000012s ]
INFO: [ app_end ] --START--
INFO: Run Behavior\ShowPageTrace [ RunTime:0.000024s ]
INFO: [ app_end ] --END-- [ RunTime:0.000052s ]

[ 2017-04-08T11:49:31+08:00 ] ::1 /healthSystem/Application/index.php/Admin/Knowledge/listKnow
INFO: [ app_init ] --START--
INFO: [ app_init ] --END-- [ RunTime:0.000266s ]
INFO: [ path_info ] --START--
INFO: [ path_info ] --END-- [ RunTime:0.000019s ]
INFO: [ app_begin ] --START--
INFO: Run Behavior\ReadHtmlCache [ RunTime:0.000030s ]
INFO: [ app_begin ] --END-- [ RunTime:0.000066s ]
INFO: [ action_begin ] --START--
INFO: [ action_begin ] --END-- [ RunTime:0.000032s ]
NOTIC: [8192] mysql_connect(): The mysql extension is deprecated and will be removed in the future: use mysqli or PDO instead D:\xampp\htdocs\healthSystem\ThinkPHP\Library\Think\Db\Driver\Mysql.class.php 第 52 行.
SQL: SHOW COLUMNS FROM `health_know` [ RunTime:0.001510s ]
SQL: SELECT COUNT(*) AS tp_count FROM `health_know` LIMIT 1   [ RunTime:0.000238s ]
SQL: SELECT * FROM `health_know` LIMIT 0,5   [ RunTime:0.000248s ]
INFO: [ view_begin ] --START--
INFO: [ view_begin ] --END-- [ RunTime:0.000017s ]
INFO: [ view_parse ] --START--
INFO: [ template_filter ] --START--
INFO: Run Behavior\ContentReplace [ RunTime:0.000091s ]
INFO: [ template_filter ] --END-- [ RunTime:0.000174s ]
INFO: Run Behavior\ParseTemplate [ RunTime:0.005717s ]
INFO: [ view_parse ] --END-- [ RunTime:0.005773s ]
INFO: [ view_filter ] --START--
INFO: Run Behavior\WriteHtmlCache [ RunTime:0.000011s ]
INFO: [ view_filter ] --END-- [ RunTime:0.000041s ]
INFO: [ view_end ] --START--
INFO: [ view_end ] --END-- [ RunTime:0.000012s ]
INFO: [ app_end ] --START--
INFO: Run Behavior\ShowPageTrace [ RunTime:0.000026s ]
INFO: [ app_end ] --END-- [ RunTime:0.000054s ]

[ 2017-04-08T11:49:32+08:00 ] ::1 /healthSystem/Application/index.php/Admin/Knowledge/listKnow
INFO: [ app_init ] --START--
INFO: [ app_init ] --END-- [ RunTime:0.000254s ]
INFO: [ path_info ] --START--
INFO: [ path_info ] --END-- [ RunTime:0.000018s ]
INFO: [ app_begin ] --START--
INFO: Run Behavior\ReadHtmlCache [ RunTime:0.000028s ]
INFO: [ app_begin ] --END-- [ RunTime:0.000063s ]
INFO: [ action_begin ] --START--
INFO: [ action_begin ] --END-- [ RunTime:0.000022s ]
NOTIC: [8192] mysql_connect(): The mysql extension is deprecated and will be removed in the future: use mysqli or PDO instead D:\xampp\htdocs\healthSystem\ThinkPHP\Library\Think\Db\Driver\Mysql.class.php 第 52 行.
SQL: SHOW COLUMNS FROM `health_know` [ RunTime:0.001149s ]
SQL: SELECT COUNT(*) AS tp_count FROM `health_know` LIMIT 1   [ RunTime:0.000225s ]
SQL: SELECT * FROM `health_know` LIMIT 0,5   [ RunTime:0.000240s ]
INFO: [ view_begin ] --START--
INFO: [ view_begin ] --END-- [ RunTime:0.000016s ]
INFO: [ view_parse ] --START--
INFO: [ template_filter ] --START--
INFO: Run Behavior\ContentReplace [ RunTime:0.000065s ]
INFO: [ template_filter ] --END-- [ RunTime:0.000109s ]
INFO: Run Behavior\ParseTemplate [ RunTime:0.004937s ]
INFO: [ view_parse ] --END-- [ RunTime:0.004984s ]
INFO: [ view_filter ] --START--
INFO: Run Behavior\WriteHtmlCache [ RunTime:0.000010s ]
INFO: [ view_filter ] --END-- [ RunTime:0.000036s ]
INFO: [ view_end ] --START--
INFO: [ view_end ] --END-- [ RunTime:0.000011s ]
INFO: [ app_end ] --START--
INFO: Run Behavior\ShowPageTrace [ RunTime:0.000024s ]
INFO: [ app_end ] --END-- [ RunTime:0.000051s ]

[ 2017-04-08T11:49:33+08:00 ] ::1 /healthSystem/Application/index.php/Admin/Slider/listSlider
INFO: [ app_init ] --START--
INFO: [ app_init ] --END-- [ RunTime:0.000219s ]
INFO: [ path_info ] --START--
INFO: [ path_info ] --END-- [ RunTime:0.000018s ]
INFO: [ app_begin ] --START--
INFO: Run Behavior\ReadHtmlCache [ RunTime:0.000029s ]
INFO: [ app_begin ] --END-- [ RunTime:0.000063s ]
ERR: 无法加载控制器:Slider

[ 2017-04-08T11:49:35+08:00 ] ::1 /healthSystem/Application/index.php/Admin/Slider/listSlider
INFO: [ app_init ] --START--
INFO: [ app_init ] --END-- [ RunTime:0.000220s ]
INFO: [ path_info ] --START--
INFO: [ path_info ] --END-- [ RunTime:0.000018s ]
INFO: [ app_begin ] --START--
INFO: Run Behavior\ReadHtmlCache [ RunTime:0.000028s ]
INFO: [ app_begin ] --END-- [ RunTime:0.000064s ]
ERR: 无法加载控制器:Slider

[ 2017-04-08T11:49:35+08:00 ] ::1 /healthSystem/Application/index.php/Admin/Slider/listSlider
INFO: [ app_init ] --START--
INFO: [ app_init ] --END-- [ RunTime:0.000222s ]
INFO: [ path_info ] --START--
INFO: [ path_info ] --END-- [ RunTime:0.000017s ]
INFO: [ app_begin ] --START--
INFO: Run Behavior\ReadHtmlCache [ RunTime:0.000030s ]
INFO: [ app_begin ] --END-- [ RunTime:0.000064s ]
ERR: 无法加载控制器:Slider

[ 2017-04-08T11:49:36+08:00 ] ::1 /healthSystem/Application/index.php/Admin/Knowledge/listKnow
INFO: [ app_init ] --START--
INFO: [ app_init ] --END-- [ RunTime:0.000218s ]
INFO: [ path_info ] --START--
INFO: [ path_info ] --END-- [ RunTime:0.000018s ]
INFO: [ app_begin ] --START--
INFO: Run Behavior\ReadHtmlCache [ RunTime:0.000029s ]
INFO: [ app_begin ] --END-- [ RunTime:0.000074s ]
INFO: [ action_begin ] --START--
INFO: [ action_begin ] --END-- [ RunTime:0.000022s ]
NOTIC: [8192] mysql_connect(): The mysql extension is deprecated and will be removed in the future: use mysqli or PDO instead D:\xampp\htdocs\healthSystem\ThinkPHP\Library\Think\Db\Driver\Mysql.class.php 第 52 行.
SQL: SHOW COLUMNS FROM `health_know` [ RunTime:0.001164s ]
SQL: SELECT COUNT(*) AS tp_count FROM `health_know` LIMIT 1   [ RunTime:0.000230s ]
SQL: SELECT * FROM `health_know` LIMIT 0,5   [ RunTime:0.000264s ]
INFO: [ view_begin ] --START--
INFO: [ view_begin ] --END-- [ RunTime:0.000016s ]
INFO: [ view_parse ] --START--
INFO: [ template_filter ] --START--
INFO: Run Behavior\ContentReplace [ RunTime:0.000065s ]
INFO: [ template_filter ] --END-- [ RunTime:0.000114s ]
INFO: Run Behavior\ParseTemplate [ RunTime:0.005119s ]
INFO: [ view_parse ] --END-- [ RunTime:0.005165s ]
INFO: [ view_filter ] --START--
INFO: Run Behavior\WriteHtmlCache [ RunTime:0.000009s ]
INFO: [ view_filter ] --END-- [ RunTime:0.000036s ]
INFO: [ view_end ] --START--
INFO: [ view_end ] --END-- [ RunTime:0.000012s ]
INFO: [ app_end ] --START--
INFO: Run Behavior\ShowPageTrace [ RunTime:0.000025s ]
INFO: [ app_end ] --END-- [ RunTime:0.000052s ]

[ 2017-04-08T11:49:36+08:00 ] ::1 /healthSystem/Application/index.php/Admin/Knowledge/listKnow
INFO: [ app_init ] --START--
INFO: [ app_init ] --END-- [ RunTime:0.000287s ]
INFO: [ path_info ] --START--
INFO: [ path_info ] --END-- [ RunTime:0.000020s ]
INFO: [ app_begin ] --START--
INFO: Run Behavior\ReadHtmlCache [ RunTime:0.000094s ]
INFO: [ app_begin ] --END-- [ RunTime:0.000254s ]
INFO: [ action_begin ] --START--
INFO: [ action_begin ] --END-- [ RunTime:0.000035s ]
NOTIC: [8192] mysql_connect(): The mysql extension is deprecated and will be removed in the future: use mysqli or PDO instead D:\xampp\htdocs\healthSystem\ThinkPHP\Library\Think\Db\Driver\Mysql.class.php 第 52 行.
SQL: SHOW COLUMNS FROM `health_know` [ RunTime:0.001124s ]
SQL: SELECT COUNT(*) AS tp_count FROM `health_know` LIMIT 1   [ RunTime:0.000232s ]
SQL: SELECT * FROM `health_know` LIMIT 0,5   [ RunTime:0.000243s ]
INFO: [ view_begin ] --START--
INFO: [ view_begin ] --END-- [ RunTime:0.000016s ]
INFO: [ view_parse ] --START--
INFO: [ template_filter ] --START--
INFO: Run Behavior\ContentReplace [ RunTime:0.000066s ]
INFO: [ template_filter ] --END-- [ RunTime:0.000110s ]
INFO: Run Behavior\ParseTemplate [ RunTime:0.004886s ]
INFO: [ view_parse ] --END-- [ RunTime:0.004932s ]
INFO: [ view_filter ] --START--
INFO: Run Behavior\WriteHtmlCache [ RunTime:0.000010s ]
INFO: [ view_filter ] --END-- [ RunTime:0.000037s ]
INFO: [ view_end ] --START--
INFO: [ view_end ] --END-- [ RunTime:0.000012s ]
INFO: [ app_end ] --START--
INFO: Run Behavior\ShowPageTrace [ RunTime:0.000025s ]
INFO: [ app_end ] --END-- [ RunTime:0.000051s ]

[ 2017-04-08T11:49:39+08:00 ] ::1 /healthSystem/Application/index.php/Admin/User/listUser
INFO: [ app_init ] --START--
INFO: [ app_init ] --END-- [ RunTime:0.000224s ]
INFO: [ path_info ] --START--
INFO: [ path_info ] --END-- [ RunTime:0.000018s ]
INFO: [ app_begin ] --START--
INFO: Run Behavior\ReadHtmlCache [ RunTime:0.000030s ]
INFO: [ app_begin ] --END-- [ RunTime:0.000065s ]
INFO: [ action_begin ] --START--
INFO: [ action_begin ] --END-- [ RunTime:0.000034s ]
NOTIC: [8192] mysql_connect(): The mysql extension is deprecated and will be removed in the future: use mysqli or PDO instead D:\xampp\htdocs\healthSystem\ThinkPHP\Library\Think\Db\Driver\Mysql.class.php 第 52 行.
SQL: SHOW COLUMNS FROM `user_info` [ RunTime:0.007811s ]
SQL: SELECT COUNT(*) AS tp_count FROM `user_info` LIMIT 1   [ RunTime:0.000251s ]
SQL: SELECT * FROM `user_info` LIMIT 0,5   [ RunTime:0.000435s ]
INFO: [ view_begin ] --START--
INFO: [ view_begin ] --END-- [ RunTime:0.000025s ]
INFO: [ view_parse ] --START--
INFO: [ template_filter ] --START--
INFO: Run Behavior\ContentReplace [ RunTime:0.000082s ]
INFO: [ template_filter ] --END-- [ RunTime:0.000134s ]
INFO: Run Behavior\ParseTemplate [ RunTime:0.008595s ]
INFO: [ view_parse ] --END-- [ RunTime:0.008657s ]
INFO: [ view_filter ] --START--
INFO: Run Behavior\WriteHtmlCache [ RunTime:0.000010s ]
INFO: [ view_filter ] --END-- [ RunTime:0.000037s ]
INFO: [ view_end ] --START--
INFO: [ view_end ] --END-- [ RunTime:0.000027s ]
INFO: [ app_end ] --START--
INFO: Run Behavior\ShowPageTrace [ RunTime:0.000043s ]
INFO: [ app_end ] --END-- [ RunTime:0.000092s ]

[ 2017-04-08T11:54:52+08:00 ] ::1 /healthSystem/Application/index.php/Admin/User/edit/user_id/1
INFO: [ app_init ] --START--
INFO: [ app_init ] --END-- [ RunTime:0.000267s ]
INFO: [ path_info ] --START--
INFO: [ path_info ] --END-- [ RunTime:0.000018s ]
INFO: [ app_begin ] --START--
INFO: Run Behavior\ReadHtmlCache [ RunTime:0.000031s ]
INFO: [ app_begin ] --END-- [ RunTime:0.000068s ]
INFO: [ action_begin ] --START--
INFO: [ action_begin ] --END-- [ RunTime:0.000025s ]
NOTIC: [8192] mysql_connect(): The mysql extension is deprecated and will be removed in the future: use mysqli or PDO instead D:\xampp\htdocs\healthSystem\ThinkPHP\Library\Think\Db\Driver\Mysql.class.php 第 52 行.
SQL: SHOW COLUMNS FROM `user_info` [ RunTime:0.006160s ]
SQL: SELECT * FROM `user_info` WHERE ( `user_id` = 1 ) LIMIT 1   [ RunTime:0.049141s ]
INFO: [ view_begin ] --START--
INFO: [ view_begin ] --END-- [ RunTime:0.000019s ]
INFO: [ view_parse ] --START--
INFO: [ template_filter ] --START--
INFO: Run Behavior\ContentReplace [ RunTime:0.000169s ]
INFO: [ template_filter ] --END-- [ RunTime:0.000263s ]
INFO: Run Behavior\ParseTemplate [ RunTime:0.018970s ]
INFO: [ view_parse ] --END-- [ RunTime:0.019031s ]
INFO: [ view_filter ] --START--
INFO: Run Behavior\WriteHtmlCache [ RunTime:0.000013s ]
INFO: [ view_filter ] --END-- [ RunTime:0.000044s ]
INFO: [ view_end ] --START--
INFO: [ view_end ] --END-- [ RunTime:0.000052s ]
INFO: [ app_end ] --START--
INFO: Run Behavior\ShowPageTrace [ RunTime:0.000087s ]
INFO: [ app_end ] --END-- [ RunTime:0.000175s ]

[ 2017-04-08T11:54:54+08:00 ] ::1 /healthSystem/Application/index.php/Admin/User/listUser
INFO: [ app_init ] --START--
INFO: [ app_init ] --END-- [ RunTime:0.000216s ]
INFO: [ path_info ] --START--
INFO: [ path_info ] --END-- [ RunTime:0.000018s ]
INFO: [ app_begin ] --START--
INFO: Run Behavior\ReadHtmlCache [ RunTime:0.000029s ]
INFO: [ app_begin ] --END-- [ RunTime:0.000064s ]
INFO: [ action_begin ] --START--
INFO: [ action_begin ] --END-- [ RunTime:0.000021s ]
NOTIC: [8192] mysql_connect(): The mysql extension is deprecated and will be removed in the future: use mysqli or PDO instead D:\xampp\htdocs\healthSystem\ThinkPHP\Library\Think\Db\Driver\Mysql.class.php 第 52 行.
SQL: SHOW COLUMNS FROM `user_info` [ RunTime:0.001665s ]
SQL: SELECT COUNT(*) AS tp_count FROM `user_info` LIMIT 1   [ RunTime:0.000259s ]
SQL: SELECT * FROM `user_info` LIMIT 0,5   [ RunTime:0.000331s ]
INFO: [ view_begin ] --START--
INFO: [ view_begin ] --END-- [ RunTime:0.000016s ]
INFO: [ view_parse ] --START--
INFO: [ template_filter ] --START--
INFO: Run Behavior\ContentReplace [ RunTime:0.000099s ]
INFO: [ template_filter ] --END-- [ RunTime:0.000156s ]
INFO: Run Behavior\ParseTemplate [ RunTime:0.006179s ]
INFO: [ view_parse ] --END-- [ RunTime:0.006225s ]
INFO: [ view_filter ] --START--
INFO: Run Behavior\WriteHtmlCache [ RunTime:0.000010s ]
INFO: [ view_filter ] --END-- [ RunTime:0.000037s ]
INFO: [ view_end ] --START--
INFO: [ view_end ] --END-- [ RunTime:0.000022s ]
INFO: [ app_end ] --START--
INFO: Run Behavior\ShowPageTrace [ RunTime:0.000042s ]
INFO: [ app_end ] --END-- [ RunTime:0.000086s ]

