[ 2017-08-06T15:25:11+08:00 ] ::1 /health/management/Application/
INFO: [ app_init ] --START--
INFO: [ app_init ] --END-- [ RunTime:0.000729s ]
INFO: [ app_begin ] --START--
INFO: Run Behavior\ReadHtmlCache [ RunTime:0.000049s ]
INFO: [ app_begin ] --END-- [ RunTime:0.000128s ]
INFO: [ action_begin ] --START--
INFO: [ action_begin ] --END-- [ RunTime:0.000030s ]
INFO: [ view_begin ] --START--
INFO: [ view_begin ] --END-- [ RunTime:0.000016s ]
INFO: [ view_parse ] --START--
INFO: [ template_filter ] --START--
INFO: Run Behavior\ContentReplace [ RunTime:0.000042s ]
INFO: [ template_filter ] --END-- [ RunTime:0.000094s ]
INFO: Run Behavior\ParseTemplate [ RunTime:0.009162s ]
INFO: [ view_parse ] --END-- [ RunTime:0.009207s ]
INFO: [ view_filter ] --START--
INFO: Run Behavior\WriteHtmlCache [ RunTime:0.000010s ]
INFO: [ view_filter ] --END-- [ RunTime:0.000040s ]
INFO: [ view_end ] --START--
INFO: [ view_end ] --END-- [ RunTime:0.000012s ]

[ 2017-08-06T15:25:13+08:00 ] ::1 /health/management/Application/index.php/Admin/Login/login.html
INFO: [ app_init ] --START--
INFO: [ app_init ] --END-- [ RunTime:0.000286s ]
INFO: [ path_info ] --START--
INFO: [ path_info ] --END-- [ RunTime:0.000020s ]
INFO: [ app_begin ] --START--
INFO: Run Behavior\ReadHtmlCache [ RunTime:0.000030s ]
INFO: [ app_begin ] --END-- [ RunTime:0.000069s ]
INFO: [ action_begin ] --START--
INFO: [ action_begin ] --END-- [ RunTime:0.000034s ]
INFO: [ view_begin ] --START--
INFO: [ view_begin ] --END-- [ RunTime:0.000037s ]
INFO: [ view_parse ] --START--
INFO: [ template_filter ] --START--
INFO: Run Behavior\ContentReplace [ RunTime:0.000043s ]
INFO: [ template_filter ] --END-- [ RunTime:0.000089s ]
INFO: Run Behavior\ParseTemplate [ RunTime:0.005134s ]
INFO: [ view_parse ] --END-- [ RunTime:0.005195s ]
INFO: [ view_filter ] --START--
INFO: Run Behavior\WriteHtmlCache [ RunTime:0.000011s ]
INFO: [ view_filter ] --END-- [ RunTime:0.000041s ]
INFO: [ view_end ] --START--
INFO: [ view_end ] --END-- [ RunTime:0.000017s ]
INFO: [ app_end ] --START--
INFO: Run Behavior\ShowPageTrace [ RunTime:0.000028s ]
INFO: [ app_end ] --END-- [ RunTime:0.000056s ]

[ 2017-08-06T15:25:14+08:00 ] ::1 /health/management/Application/index.php/Admin/Login/login.html
INFO: [ app_init ] --START--
INFO: [ app_init ] --END-- [ RunTime:0.000402s ]
INFO: [ path_info ] --START--
INFO: [ path_info ] --END-- [ RunTime:0.000023s ]
INFO: [ app_begin ] --START--
INFO: Run Behavior\ReadHtmlCache [ RunTime:0.000036s ]
INFO: [ app_begin ] --END-- [ RunTime:0.000102s ]
INFO: [ action_begin ] --START--
INFO: [ action_begin ] --END-- [ RunTime:0.000027s ]
NOTIC: [8192] mysql_connect(): The mysql extension is deprecated and will be removed in the future: use mysqli or PDO instead D:\XAMPP2\htdocs\health\management\ThinkPHP\Library\Think\Db\Driver\Mysql.class.php 第 52 行.
SQL: SHOW COLUMNS FROM `manager` [ RunTime:0.014737s ]
SQL: SELECT * FROM `manager` WHERE ( `mg_admin` = 'admin' ) LIMIT 1   [ RunTime:0.001148s ]

[ 2017-08-06T15:25:14+08:00 ] ::1 /health/management/Application/index.php/Admin/Index/index.html
INFO: [ app_init ] --START--
INFO: [ app_init ] --END-- [ RunTime:0.000331s ]
INFO: [ path_info ] --START--
INFO: [ path_info ] --END-- [ RunTime:0.000025s ]
INFO: [ app_begin ] --START--
INFO: Run Behavior\ReadHtmlCache [ RunTime:0.000035s ]
INFO: [ app_begin ] --END-- [ RunTime:0.000075s ]
INFO: [ action_begin ] --START--
INFO: [ action_begin ] --END-- [ RunTime:0.000042s ]
INFO: [ view_begin ] --START--
INFO: [ view_begin ] --END-- [ RunTime:0.000033s ]
INFO: [ view_parse ] --START--
INFO: [ template_filter ] --START--
INFO: Run Behavior\ContentReplace [ RunTime:0.000080s ]
INFO: [ template_filter ] --END-- [ RunTime:0.000142s ]
INFO: Run Behavior\ParseTemplate [ RunTime:0.011283s ]
INFO: [ view_parse ] --END-- [ RunTime:0.011357s ]
INFO: [ view_filter ] --START--
INFO: Run Behavior\WriteHtmlCache [ RunTime:0.000014s ]
INFO: [ view_filter ] --END-- [ RunTime:0.000066s ]
INFO: [ view_end ] --START--
INFO: [ view_end ] --END-- [ RunTime:0.000014s ]
INFO: [ app_end ] --START--
INFO: Run Behavior\ShowPageTrace [ RunTime:0.000027s ]
INFO: [ app_end ] --END-- [ RunTime:0.000054s ]

[ 2017-08-06T15:25:15+08:00 ] ::1 /health/management/Application/index.php/Admin/Index/main.html
INFO: [ app_init ] --START--
INFO: [ app_init ] --END-- [ RunTime:0.000543s ]
INFO: [ path_info ] --START--
INFO: [ path_info ] --END-- [ RunTime:0.000057s ]
INFO: [ app_begin ] --START--
INFO: Run Behavior\ReadHtmlCache [ RunTime:0.000060s ]
INFO: [ app_begin ] --END-- [ RunTime:0.000148s ]
INFO: [ action_begin ] --START--
INFO: [ action_begin ] --END-- [ RunTime:0.000061s ]
INFO: [ view_begin ] --START--
INFO: [ view_begin ] --END-- [ RunTime:0.000060s ]
INFO: [ view_parse ] --START--
INFO: [ template_filter ] --START--
INFO: Run Behavior\ContentReplace [ RunTime:0.000087s ]
INFO: [ template_filter ] --END-- [ RunTime:0.000209s ]
INFO: Run Behavior\ParseTemplate [ RunTime:0.018911s ]
INFO: [ view_parse ] --END-- [ RunTime:0.019043s ]
INFO: [ view_filter ] --START--
INFO: Run Behavior\WriteHtmlCache [ RunTime:0.000021s ]
INFO: [ view_filter ] --END-- [ RunTime:0.000078s ]
INFO: [ view_end ] --START--
INFO: [ view_end ] --END-- [ RunTime:0.000022s ]
INFO: [ app_end ] --START--
INFO: Run Behavior\ShowPageTrace [ RunTime:0.000051s ]
INFO: [ app_end ] --END-- [ RunTime:0.000103s ]

[ 2017-08-06T15:25:25+08:00 ] ::1 /health/management/Application/index.php/Admin/User/listUser
INFO: [ app_init ] --START--
INFO: [ app_init ] --END-- [ RunTime:0.000281s ]
INFO: [ path_info ] --START--
INFO: [ path_info ] --END-- [ RunTime:0.000020s ]
INFO: [ app_begin ] --START--
INFO: Run Behavior\ReadHtmlCache [ RunTime:0.000030s ]
INFO: [ app_begin ] --END-- [ RunTime:0.000068s ]
INFO: [ action_begin ] --START--
INFO: [ action_begin ] --END-- [ RunTime:0.000030s ]
NOTIC: [8192] mysql_connect(): The mysql extension is deprecated and will be removed in the future: use mysqli or PDO instead D:\XAMPP2\htdocs\health\management\ThinkPHP\Library\Think\Db\Driver\Mysql.class.php 第 52 行.
SQL: SHOW COLUMNS FROM `user_info` [ RunTime:0.006680s ]
SQL: SELECT COUNT(*) AS tp_count FROM `user_info` LIMIT 1   [ RunTime:0.001394s ]
SQL: SELECT * FROM `user_info` LIMIT 0,5   [ RunTime:0.000725s ]
INFO: [ view_begin ] --START--
INFO: [ view_begin ] --END-- [ RunTime:0.000016s ]
INFO: [ view_parse ] --START--
INFO: [ template_filter ] --START--
INFO: Run Behavior\ContentReplace [ RunTime:0.000098s ]
INFO: [ template_filter ] --END-- [ RunTime:0.000162s ]
INFO: Run Behavior\ParseTemplate [ RunTime:0.010320s ]
INFO: [ view_parse ] --END-- [ RunTime:0.010378s ]
INFO: [ view_filter ] --START--
INFO: Run Behavior\WriteHtmlCache [ RunTime:0.000011s ]
INFO: [ view_filter ] --END-- [ RunTime:0.000039s ]
INFO: [ view_end ] --START--
INFO: [ view_end ] --END-- [ RunTime:0.000021s ]
INFO: [ app_end ] --START--
INFO: Run Behavior\ShowPageTrace [ RunTime:0.000038s ]
INFO: [ app_end ] --END-- [ RunTime:0.000070s ]

[ 2017-08-06T15:25:35+08:00 ] ::1 /health/management/Application/index.php/Admin/HistoryVis/listHis
INFO: [ app_init ] --START--
INFO: [ app_init ] --END-- [ RunTime:0.000288s ]
INFO: [ path_info ] --START--
INFO: [ path_info ] --END-- [ RunTime:0.000022s ]
INFO: [ app_begin ] --START--
INFO: Run Behavior\ReadHtmlCache [ RunTime:0.000040s ]
INFO: [ app_begin ] --END-- [ RunTime:0.000079s ]
INFO: [ action_begin ] --START--
INFO: [ action_begin ] --END-- [ RunTime:0.000032s ]
NOTIC: [2048] Declaration of Admin\Model\SeeDocCaseModel::_after_insert() should be compatible with Think\Model::_after_insert($data, $options) D:\XAMPP2\htdocs\health\management\Application\Admin\Model\SeeDocCaseModel.class.php 第 7 行.
NOTIC: [8192] mysql_connect(): The mysql extension is deprecated and will be removed in the future: use mysqli or PDO instead D:\XAMPP2\htdocs\health\management\ThinkPHP\Library\Think\Db\Driver\Mysql.class.php 第 52 行.
SQL: SHOW COLUMNS FROM `see_doc_case` [ RunTime:0.005932s ]
SQL: SELECT COUNT(*) AS tp_count FROM `see_doc_case` LIMIT 1   [ RunTime:0.000249s ]
SQL: SELECT a.*,b.user_phone,b.user_name,c.page_img_path,d.check_img_path,e.relative_relation,e.relative_name FROM see_doc_case a LEFT JOIN user_info b on a.user_id = b.user_id LEFT JOIN page_img c on a.seecase_id = c.seecase_id LEFT JOIN check_img d on a.seecase_id = d.seecase_id LEFT JOIN relative_info e on a.relative_id = e.relative_id ORDER BY a.seecase_id desc LIMIT 0,5   [ RunTime:0.010804s ]
INFO: [ view_begin ] --START--
INFO: [ view_begin ] --END-- [ RunTime:0.000018s ]
INFO: [ view_parse ] --START--
INFO: [ template_filter ] --START--
INFO: Run Behavior\ContentReplace [ RunTime:0.000087s ]
INFO: [ template_filter ] --END-- [ RunTime:0.000140s ]
INFO: Run Behavior\ParseTemplate [ RunTime:0.008039s ]
INFO: [ view_parse ] --END-- [ RunTime:0.008118s ]
INFO: [ view_filter ] --START--
INFO: Run Behavior\WriteHtmlCache [ RunTime:0.000017s ]
INFO: [ view_filter ] --END-- [ RunTime:0.000074s ]
INFO: [ view_end ] --START--
INFO: [ view_end ] --END-- [ RunTime:0.000020s ]
INFO: [ app_end ] --START--
INFO: Run Behavior\ShowPageTrace [ RunTime:0.000056s ]
INFO: [ app_end ] --END-- [ RunTime:0.000144s ]

[ 2017-08-06T15:25:36+08:00 ] ::1 /health/management/Application/index.php/Admin/Relative/listRela
INFO: [ app_init ] --START--
INFO: [ app_init ] --END-- [ RunTime:0.000284s ]
INFO: [ path_info ] --START--
INFO: [ path_info ] --END-- [ RunTime:0.000020s ]
INFO: [ app_begin ] --START--
INFO: Run Behavior\ReadHtmlCache [ RunTime:0.000030s ]
INFO: [ app_begin ] --END-- [ RunTime:0.000067s ]
INFO: [ action_begin ] --START--
INFO: [ action_begin ] --END-- [ RunTime:0.000034s ]
NOTIC: [2048] Declaration of Admin\Model\RelativeInfoModel::_after_insert() should be compatible with Think\Model::_after_insert($data, $options) D:\XAMPP2\htdocs\health\management\Application\Admin\Model\RelativeInfoModel.class.php 第 7 行.
NOTIC: [8192] mysql_connect(): The mysql extension is deprecated and will be removed in the future: use mysqli or PDO instead D:\XAMPP2\htdocs\health\management\ThinkPHP\Library\Think\Db\Driver\Mysql.class.php 第 52 行.
SQL: SHOW COLUMNS FROM `relative_info` [ RunTime:0.002311s ]
SQL: SELECT COUNT(*) AS tp_count FROM `relative_info` LIMIT 1   [ RunTime:0.000868s ]
SQL: SELECT a.*,b.user_phone,b.user_name FROM relative_info a LEFT JOIN user_info b on a.user_id = b.user_id ORDER BY a.relative_id desc LIMIT 0,5   [ RunTime:0.000522s ]
INFO: [ view_begin ] --START--
INFO: [ view_begin ] --END-- [ RunTime:0.000022s ]
INFO: [ view_parse ] --START--
INFO: [ template_filter ] --START--
INFO: Run Behavior\ContentReplace [ RunTime:0.000069s ]
INFO: [ template_filter ] --END-- [ RunTime:0.000120s ]
INFO: Run Behavior\ParseTemplate [ RunTime:0.009512s ]
INFO: [ view_parse ] --END-- [ RunTime:0.009573s ]
INFO: [ view_filter ] --START--
INFO: Run Behavior\WriteHtmlCache [ RunTime:0.000011s ]
INFO: [ view_filter ] --END-- [ RunTime:0.000038s ]
INFO: [ view_end ] --START--
INFO: [ view_end ] --END-- [ RunTime:0.000020s ]
INFO: [ app_end ] --START--
INFO: Run Behavior\ShowPageTrace [ RunTime:0.000035s ]
INFO: [ app_end ] --END-- [ RunTime:0.000068s ]

[ 2017-08-06T15:25:40+08:00 ] ::1 /health/management/Application/index.php/Admin/HistoryVis/listHis/user_id/48/relative_id/11
INFO: [ app_init ] --START--
INFO: [ app_init ] --END-- [ RunTime:0.000281s ]
INFO: [ path_info ] --START--
INFO: [ path_info ] --END-- [ RunTime:0.000021s ]
INFO: [ app_begin ] --START--
INFO: Run Behavior\ReadHtmlCache [ RunTime:0.000030s ]
INFO: [ app_begin ] --END-- [ RunTime:0.000067s ]
INFO: [ action_begin ] --START--
INFO: [ action_begin ] --END-- [ RunTime:0.000022s ]
NOTIC: [2048] Declaration of Admin\Model\SeeDocCaseModel::_after_insert() should be compatible with Think\Model::_after_insert($data, $options) D:\XAMPP2\htdocs\health\management\Application\Admin\Model\SeeDocCaseModel.class.php 第 7 行.
NOTIC: [8192] mysql_connect(): The mysql extension is deprecated and will be removed in the future: use mysqli or PDO instead D:\XAMPP2\htdocs\health\management\ThinkPHP\Library\Think\Db\Driver\Mysql.class.php 第 52 行.
SQL: SHOW COLUMNS FROM `see_doc_case` [ RunTime:0.002437s ]
SQL: SELECT COUNT(*) AS tp_count FROM `see_doc_case` WHERE ( a.user_id = '48' ) AND ( a.relative_id = '11' ) LIMIT 1   [ RunTime:0.000235s ]
ERR: 1054:Unknown column 'a.user_id' in 'where clause'
 [ SQL语句 ] : SELECT COUNT(*) AS tp_count FROM `see_doc_case` WHERE ( a.user_id = '48' ) AND ( a.relative_id = '11' ) LIMIT 1  
SQL: SELECT a.*,b.user_phone,b.user_name,c.page_img_path,d.check_img_path,e.relative_relation,e.relative_name FROM see_doc_case a LEFT JOIN user_info b on a.user_id = b.user_id LEFT JOIN page_img c on a.seecase_id = c.seecase_id LEFT JOIN check_img d on a.seecase_id = d.seecase_id LEFT JOIN relative_info e on a.relative_id = e.relative_id WHERE ( a.user_id = '48' ) AND ( a.relative_id = '11' ) ORDER BY a.seecase_id desc LIMIT 0,5   [ RunTime:0.001923s ]
NOTIC: [2] Invalid argument supplied for foreach() D:\XAMPP2\htdocs\health\management\Application\Admin\Model\SeeDocCaseModel.class.php 第 51 行.
INFO: [ view_begin ] --START--
INFO: [ view_begin ] --END-- [ RunTime:0.000017s ]
INFO: [ view_parse ] --START--
INFO: [ template_filter ] --START--
INFO: Run Behavior\ContentReplace [ RunTime:0.000088s ]
INFO: [ template_filter ] --END-- [ RunTime:0.000134s ]
NOTIC: [2] Invalid argument supplied for foreach() D:\XAMPP2\htdocs\health\management\Application\Runtime\Cache\Admin\36f107754d3935df344ae9d3d4e7dba3.php 第 57 行.
INFO: Run Behavior\ParseTemplate [ RunTime:0.008455s ]
INFO: [ view_parse ] --END-- [ RunTime:0.008499s ]
INFO: [ view_filter ] --START--
INFO: Run Behavior\WriteHtmlCache [ RunTime:0.000010s ]
INFO: [ view_filter ] --END-- [ RunTime:0.000039s ]
INFO: [ view_end ] --START--
INFO: [ view_end ] --END-- [ RunTime:0.000011s ]
INFO: [ app_end ] --START--
INFO: Run Behavior\ShowPageTrace [ RunTime:0.000030s ]
INFO: [ app_end ] --END-- [ RunTime:0.000058s ]

[ 2017-08-06T15:25:42+08:00 ] ::1 /health/management/Application/index.php/Admin/Relative/listRela
INFO: [ app_init ] --START--
INFO: [ app_init ] --END-- [ RunTime:0.000310s ]
INFO: [ path_info ] --START--
INFO: [ path_info ] --END-- [ RunTime:0.000021s ]
INFO: [ app_begin ] --START--
INFO: Run Behavior\ReadHtmlCache [ RunTime:0.000029s ]
INFO: [ app_begin ] --END-- [ RunTime:0.000065s ]
INFO: [ action_begin ] --START--
INFO: [ action_begin ] --END-- [ RunTime:0.000023s ]
NOTIC: [2048] Declaration of Admin\Model\RelativeInfoModel::_after_insert() should be compatible with Think\Model::_after_insert($data, $options) D:\XAMPP2\htdocs\health\management\Application\Admin\Model\RelativeInfoModel.class.php 第 7 行.
NOTIC: [8192] mysql_connect(): The mysql extension is deprecated and will be removed in the future: use mysqli or PDO instead D:\XAMPP2\htdocs\health\management\ThinkPHP\Library\Think\Db\Driver\Mysql.class.php 第 52 行.
SQL: SHOW COLUMNS FROM `relative_info` [ RunTime:0.002059s ]
SQL: SELECT COUNT(*) AS tp_count FROM `relative_info` LIMIT 1   [ RunTime:0.000240s ]
SQL: SELECT a.*,b.user_phone,b.user_name FROM relative_info a LEFT JOIN user_info b on a.user_id = b.user_id ORDER BY a.relative_id desc LIMIT 0,5   [ RunTime:0.000749s ]
INFO: [ view_begin ] --START--
INFO: [ view_begin ] --END-- [ RunTime:0.000024s ]
INFO: [ view_parse ] --START--
INFO: [ template_filter ] --START--
INFO: Run Behavior\ContentReplace [ RunTime:0.000087s ]
INFO: [ template_filter ] --END-- [ RunTime:0.000148s ]
INFO: Run Behavior\ParseTemplate [ RunTime:0.009214s ]
INFO: [ view_parse ] --END-- [ RunTime:0.009278s ]
INFO: [ view_filter ] --START--
INFO: Run Behavior\WriteHtmlCache [ RunTime:0.000012s ]
INFO: [ view_filter ] --END-- [ RunTime:0.000043s ]
INFO: [ view_end ] --START--
INFO: [ view_end ] --END-- [ RunTime:0.000022s ]
INFO: [ app_end ] --START--
INFO: Run Behavior\ShowPageTrace [ RunTime:0.000042s ]
INFO: [ app_end ] --END-- [ RunTime:0.000078s ]

[ 2017-08-06T15:25:43+08:00 ] ::1 /health/management/Application/index.php/Admin/HistoryVis/listHis/user_id/49/relative_id/12
INFO: [ app_init ] --START--
INFO: [ app_init ] --END-- [ RunTime:0.000312s ]
INFO: [ path_info ] --START--
INFO: [ path_info ] --END-- [ RunTime:0.000021s ]
INFO: [ app_begin ] --START--
INFO: Run Behavior\ReadHtmlCache [ RunTime:0.000031s ]
INFO: [ app_begin ] --END-- [ RunTime:0.000066s ]
INFO: [ action_begin ] --START--
INFO: [ action_begin ] --END-- [ RunTime:0.000023s ]
NOTIC: [2048] Declaration of Admin\Model\SeeDocCaseModel::_after_insert() should be compatible with Think\Model::_after_insert($data, $options) D:\XAMPP2\htdocs\health\management\Application\Admin\Model\SeeDocCaseModel.class.php 第 7 行.
NOTIC: [8192] mysql_connect(): The mysql extension is deprecated and will be removed in the future: use mysqli or PDO instead D:\XAMPP2\htdocs\health\management\ThinkPHP\Library\Think\Db\Driver\Mysql.class.php 第 52 行.
SQL: SHOW COLUMNS FROM `see_doc_case` [ RunTime:0.002592s ]
SQL: SELECT COUNT(*) AS tp_count FROM `see_doc_case` WHERE ( a.user_id = '49' ) AND ( a.relative_id = '12' ) LIMIT 1   [ RunTime:0.000387s ]
ERR: 1054:Unknown column 'a.user_id' in 'where clause'
 [ SQL语句 ] : SELECT COUNT(*) AS tp_count FROM `see_doc_case` WHERE ( a.user_id = '49' ) AND ( a.relative_id = '12' ) LIMIT 1  
SQL: SELECT a.*,b.user_phone,b.user_name,c.page_img_path,d.check_img_path,e.relative_relation,e.relative_name FROM see_doc_case a LEFT JOIN user_info b on a.user_id = b.user_id LEFT JOIN page_img c on a.seecase_id = c.seecase_id LEFT JOIN check_img d on a.seecase_id = d.seecase_id LEFT JOIN relative_info e on a.relative_id = e.relative_id WHERE ( a.user_id = '49' ) AND ( a.relative_id = '12' ) ORDER BY a.seecase_id desc LIMIT 0,5   [ RunTime:0.002122s ]
NOTIC: [2] Invalid argument supplied for foreach() D:\XAMPP2\htdocs\health\management\Application\Admin\Model\SeeDocCaseModel.class.php 第 51 行.
INFO: [ view_begin ] --START--
INFO: [ view_begin ] --END-- [ RunTime:0.000018s ]
INFO: [ view_parse ] --START--
INFO: [ template_filter ] --START--
INFO: Run Behavior\ContentReplace [ RunTime:0.000090s ]
INFO: [ template_filter ] --END-- [ RunTime:0.000137s ]
NOTIC: [2] Invalid argument supplied for foreach() D:\XAMPP2\htdocs\health\management\Application\Runtime\Cache\Admin\36f107754d3935df344ae9d3d4e7dba3.php 第 57 行.
INFO: Run Behavior\ParseTemplate [ RunTime:0.009062s ]
INFO: [ view_parse ] --END-- [ RunTime:0.009113s ]
INFO: [ view_filter ] --START--
INFO: Run Behavior\WriteHtmlCache [ RunTime:0.000011s ]
INFO: [ view_filter ] --END-- [ RunTime:0.000040s ]
INFO: [ view_end ] --START--
INFO: [ view_end ] --END-- [ RunTime:0.000013s ]
INFO: [ app_end ] --START--
INFO: Run Behavior\ShowPageTrace [ RunTime:0.000031s ]
INFO: [ app_end ] --END-- [ RunTime:0.000060s ]

[ 2017-08-06T15:25:44+08:00 ] ::1 /health/management/Application/index.php/Admin/Relative/listRela
INFO: [ app_init ] --START--
INFO: [ app_init ] --END-- [ RunTime:0.000769s ]
INFO: [ path_info ] --START--
INFO: [ path_info ] --END-- [ RunTime:0.000021s ]
INFO: [ app_begin ] --START--
INFO: Run Behavior\ReadHtmlCache [ RunTime:0.000032s ]
INFO: [ app_begin ] --END-- [ RunTime:0.000069s ]
INFO: [ action_begin ] --START--
INFO: [ action_begin ] --END-- [ RunTime:0.000023s ]
NOTIC: [2048] Declaration of Admin\Model\RelativeInfoModel::_after_insert() should be compatible with Think\Model::_after_insert($data, $options) D:\XAMPP2\htdocs\health\management\Application\Admin\Model\RelativeInfoModel.class.php 第 7 行.
NOTIC: [8192] mysql_connect(): The mysql extension is deprecated and will be removed in the future: use mysqli or PDO instead D:\XAMPP2\htdocs\health\management\ThinkPHP\Library\Think\Db\Driver\Mysql.class.php 第 52 行.
SQL: SHOW COLUMNS FROM `relative_info` [ RunTime:0.001928s ]
SQL: SELECT COUNT(*) AS tp_count FROM `relative_info` LIMIT 1   [ RunTime:0.000290s ]
SQL: SELECT a.*,b.user_phone,b.user_name FROM relative_info a LEFT JOIN user_info b on a.user_id = b.user_id ORDER BY a.relative_id desc LIMIT 0,5   [ RunTime:0.000559s ]
INFO: [ view_begin ] --START--
INFO: [ view_begin ] --END-- [ RunTime:0.000033s ]
INFO: [ view_parse ] --START--
INFO: [ template_filter ] --START--
INFO: Run Behavior\ContentReplace [ RunTime:0.000071s ]
INFO: [ template_filter ] --END-- [ RunTime:0.000122s ]
INFO: Run Behavior\ParseTemplate [ RunTime:0.008617s ]
INFO: [ view_parse ] --END-- [ RunTime:0.008699s ]
INFO: [ view_filter ] --START--
INFO: Run Behavior\WriteHtmlCache [ RunTime:0.000010s ]
INFO: [ view_filter ] --END-- [ RunTime:0.000040s ]
INFO: [ view_end ] --START--
INFO: [ view_end ] --END-- [ RunTime:0.000021s ]
INFO: [ app_end ] --START--
INFO: Run Behavior\ShowPageTrace [ RunTime:0.000036s ]
INFO: [ app_end ] --END-- [ RunTime:0.000069s ]

[ 2017-08-06T15:25:52+08:00 ] ::1 /health/management/Application/index.php/Admin/Relative/edit/relative_id/11
INFO: [ app_init ] --START--
INFO: [ app_init ] --END-- [ RunTime:0.000341s ]
INFO: [ path_info ] --START--
INFO: [ path_info ] --END-- [ RunTime:0.000024s ]
INFO: [ app_begin ] --START--
INFO: Run Behavior\ReadHtmlCache [ RunTime:0.000052s ]
INFO: [ app_begin ] --END-- [ RunTime:0.000101s ]
INFO: [ action_begin ] --START--
INFO: [ action_begin ] --END-- [ RunTime:0.000024s ]
NOTIC: [2048] Declaration of Admin\Model\RelativeInfoModel::_after_insert() should be compatible with Think\Model::_after_insert($data, $options) D:\XAMPP2\htdocs\health\management\Application\Admin\Model\RelativeInfoModel.class.php 第 7 行.
NOTIC: [8192] mysql_connect(): The mysql extension is deprecated and will be removed in the future: use mysqli or PDO instead D:\XAMPP2\htdocs\health\management\ThinkPHP\Library\Think\Db\Driver\Mysql.class.php 第 52 行.
SQL: SHOW COLUMNS FROM `relative_info` [ RunTime:0.004073s ]
SQL: SELECT * FROM `relative_info` WHERE ( `relative_id` = 11 ) LIMIT 1   [ RunTime:0.000313s ]
INFO: [ view_begin ] --START--
INFO: [ view_begin ] --END-- [ RunTime:0.000017s ]
INFO: [ view_parse ] --START--
INFO: [ template_filter ] --START--
INFO: Run Behavior\ContentReplace [ RunTime:0.000070s ]
INFO: [ template_filter ] --END-- [ RunTime:0.000122s ]
NOTIC: [8] Undefined offset: 1 D:\XAMPP2\htdocs\health\management\Application\Runtime\Cache\Admin\d5a85a98483e566bd110cd2ddc8546fb.php 第 146 行.
NOTIC: [8] Undefined offset: 2 D:\XAMPP2\htdocs\health\management\Application\Runtime\Cache\Admin\d5a85a98483e566bd110cd2ddc8546fb.php 第 147 行.
INFO: Run Behavior\ParseTemplate [ RunTime:0.008407s ]
INFO: [ view_parse ] --END-- [ RunTime:0.008468s ]
INFO: [ view_filter ] --START--
INFO: Run Behavior\WriteHtmlCache [ RunTime:0.000010s ]
INFO: [ view_filter ] --END-- [ RunTime:0.000037s ]
INFO: [ view_end ] --START--
INFO: [ view_end ] --END-- [ RunTime:0.000012s ]
INFO: [ app_end ] --START--
INFO: Run Behavior\ShowPageTrace [ RunTime:0.000029s ]
INFO: [ app_end ] --END-- [ RunTime:0.000057s ]

[ 2017-08-06T15:26:26+08:00 ] ::1 /health/management/Application/index.php/Admin/Relative/edit/relative_id/11
INFO: [ app_init ] --START--
INFO: [ app_init ] --END-- [ RunTime:0.000601s ]
INFO: [ path_info ] --START--
INFO: [ path_info ] --END-- [ RunTime:0.000020s ]
INFO: [ app_begin ] --START--
INFO: Run Behavior\ReadHtmlCache [ RunTime:0.000030s ]
INFO: [ app_begin ] --END-- [ RunTime:0.000066s ]
INFO: [ action_begin ] --START--
INFO: [ action_begin ] --END-- [ RunTime:0.000023s ]
NOTIC: [2048] Declaration of Admin\Model\RelativeInfoModel::_after_insert() should be compatible with Think\Model::_after_insert($data, $options) D:\XAMPP2\htdocs\health\management\Application\Admin\Model\RelativeInfoModel.class.php 第 7 行.
NOTIC: [8192] mysql_connect(): The mysql extension is deprecated and will be removed in the future: use mysqli or PDO instead D:\XAMPP2\htdocs\health\management\ThinkPHP\Library\Think\Db\Driver\Mysql.class.php 第 52 行.
SQL: SHOW COLUMNS FROM `relative_info` [ RunTime:0.004290s ]
NOTIC: [8] Use of undefined constant FASLE - assumed 'FASLE' D:\XAMPP2\htdocs\health\management\Application\Admin\Controller\RelativeController.class.php 第 44 行.
SQL: UPDATE `relative_info` SET `user_id`=48,`relative_name`='涂',`relative_sex`='女',`relative_age`=23,`relative_relation`='家庭成员',`relative_phone`='15975688899',`relative_date`='06/13/1995',`relative_city`='广东 东莞 东莞市' WHERE ( `relative_id` = 11 ) [ RunTime:0.005373s ]
INFO: [ view_begin ] --START--
INFO: [ view_begin ] --END-- [ RunTime:0.000029s ]
INFO: [ view_parse ] --START--
INFO: [ template_filter ] --START--
INFO: Run Behavior\ContentReplace [ RunTime:0.000039s ]
INFO: [ template_filter ] --END-- [ RunTime:0.000093s ]
INFO: Run Behavior\ParseTemplate [ RunTime:0.006847s ]
INFO: [ view_parse ] --END-- [ RunTime:0.007011s ]
INFO: [ view_filter ] --START--
INFO: Run Behavior\WriteHtmlCache [ RunTime:0.000052s ]
INFO: [ view_filter ] --END-- [ RunTime:0.000162s ]
INFO: [ view_end ] --START--
INFO: [ view_end ] --END-- [ RunTime:0.000050s ]

[ 2017-08-06T15:26:27+08:00 ] ::1 /health/management/Application/index.php/Admin/Relative/listRela.html
INFO: [ app_init ] --START--
INFO: [ app_init ] --END-- [ RunTime:0.000344s ]
INFO: [ path_info ] --START--
INFO: [ path_info ] --END-- [ RunTime:0.000031s ]
INFO: [ app_begin ] --START--
INFO: Run Behavior\ReadHtmlCache [ RunTime:0.000033s ]
INFO: [ app_begin ] --END-- [ RunTime:0.000082s ]
INFO: [ action_begin ] --START--
INFO: [ action_begin ] --END-- [ RunTime:0.000024s ]
NOTIC: [2048] Declaration of Admin\Model\RelativeInfoModel::_after_insert() should be compatible with Think\Model::_after_insert($data, $options) D:\XAMPP2\htdocs\health\management\Application\Admin\Model\RelativeInfoModel.class.php 第 7 行.
NOTIC: [8192] mysql_connect(): The mysql extension is deprecated and will be removed in the future: use mysqli or PDO instead D:\XAMPP2\htdocs\health\management\ThinkPHP\Library\Think\Db\Driver\Mysql.class.php 第 52 行.
SQL: SHOW COLUMNS FROM `relative_info` [ RunTime:0.002441s ]
SQL: SELECT COUNT(*) AS tp_count FROM `relative_info` LIMIT 1   [ RunTime:0.000260s ]
SQL: SELECT a.*,b.user_phone,b.user_name FROM relative_info a LEFT JOIN user_info b on a.user_id = b.user_id ORDER BY a.relative_id desc LIMIT 0,5   [ RunTime:0.000541s ]
INFO: [ view_begin ] --START--
INFO: [ view_begin ] --END-- [ RunTime:0.000022s ]
INFO: [ view_parse ] --START--
INFO: [ template_filter ] --START--
INFO: Run Behavior\ContentReplace [ RunTime:0.000084s ]
INFO: [ template_filter ] --END-- [ RunTime:0.000147s ]
INFO: Run Behavior\ParseTemplate [ RunTime:0.010479s ]
INFO: [ view_parse ] --END-- [ RunTime:0.010554s ]
INFO: [ view_filter ] --START--
INFO: Run Behavior\WriteHtmlCache [ RunTime:0.000013s ]
INFO: [ view_filter ] --END-- [ RunTime:0.000046s ]
INFO: [ view_end ] --START--
INFO: [ view_end ] --END-- [ RunTime:0.000022s ]
INFO: [ app_end ] --START--
INFO: Run Behavior\ShowPageTrace [ RunTime:0.000058s ]
INFO: [ app_end ] --END-- [ RunTime:0.000110s ]

[ 2017-08-06T15:26:39+08:00 ] ::1 /health/management/Application/index.php/Admin/Relative/listRela/p/2.html
INFO: [ app_init ] --START--
INFO: [ app_init ] --END-- [ RunTime:0.000292s ]
INFO: [ path_info ] --START--
INFO: [ path_info ] --END-- [ RunTime:0.000021s ]
INFO: [ app_begin ] --START--
INFO: Run Behavior\ReadHtmlCache [ RunTime:0.000030s ]
INFO: [ app_begin ] --END-- [ RunTime:0.000065s ]
INFO: [ action_begin ] --START--
INFO: [ action_begin ] --END-- [ RunTime:0.000023s ]
NOTIC: [2048] Declaration of Admin\Model\RelativeInfoModel::_after_insert() should be compatible with Think\Model::_after_insert($data, $options) D:\XAMPP2\htdocs\health\management\Application\Admin\Model\RelativeInfoModel.class.php 第 7 行.
NOTIC: [8192] mysql_connect(): The mysql extension is deprecated and will be removed in the future: use mysqli or PDO instead D:\XAMPP2\htdocs\health\management\ThinkPHP\Library\Think\Db\Driver\Mysql.class.php 第 52 行.
SQL: SHOW COLUMNS FROM `relative_info` [ RunTime:0.001884s ]
SQL: SELECT COUNT(*) AS tp_count FROM `relative_info` LIMIT 1   [ RunTime:0.000230s ]
SQL: SELECT a.*,b.user_phone,b.user_name FROM relative_info a LEFT JOIN user_info b on a.user_id = b.user_id ORDER BY a.relative_id desc LIMIT 5,5   [ RunTime:0.000406s ]
INFO: [ view_begin ] --START--
INFO: [ view_begin ] --END-- [ RunTime:0.000025s ]
INFO: [ view_parse ] --START--
INFO: [ template_filter ] --START--
INFO: Run Behavior\ContentReplace [ RunTime:0.000076s ]
INFO: [ template_filter ] --END-- [ RunTime:0.000127s ]
INFO: Run Behavior\ParseTemplate [ RunTime:0.008249s ]
INFO: [ view_parse ] --END-- [ RunTime:0.008317s ]
INFO: [ view_filter ] --START--
INFO: Run Behavior\WriteHtmlCache [ RunTime:0.000012s ]
INFO: [ view_filter ] --END-- [ RunTime:0.000043s ]
INFO: [ view_end ] --START--
INFO: [ view_end ] --END-- [ RunTime:0.000285s ]
INFO: [ app_end ] --START--
INFO: Run Behavior\ShowPageTrace [ RunTime:0.000178s ]
INFO: [ app_end ] --END-- [ RunTime:0.000409s ]

[ 2017-08-06T15:26:40+08:00 ] ::1 /health/management/Application/index.php/Admin/Relative/listRela/p/1.html
INFO: [ app_init ] --START--
INFO: [ app_init ] --END-- [ RunTime:0.000281s ]
INFO: [ path_info ] --START--
INFO: [ path_info ] --END-- [ RunTime:0.000020s ]
INFO: [ app_begin ] --START--
INFO: Run Behavior\ReadHtmlCache [ RunTime:0.000030s ]
INFO: [ app_begin ] --END-- [ RunTime:0.000078s ]
INFO: [ action_begin ] --START--
INFO: [ action_begin ] --END-- [ RunTime:0.000023s ]
NOTIC: [2048] Declaration of Admin\Model\RelativeInfoModel::_after_insert() should be compatible with Think\Model::_after_insert($data, $options) D:\XAMPP2\htdocs\health\management\Application\Admin\Model\RelativeInfoModel.class.php 第 7 行.
NOTIC: [8192] mysql_connect(): The mysql extension is deprecated and will be removed in the future: use mysqli or PDO instead D:\XAMPP2\htdocs\health\management\ThinkPHP\Library\Think\Db\Driver\Mysql.class.php 第 52 行.
SQL: SHOW COLUMNS FROM `relative_info` [ RunTime:0.002358s ]
SQL: SELECT COUNT(*) AS tp_count FROM `relative_info` LIMIT 1   [ RunTime:0.000259s ]
SQL: SELECT a.*,b.user_phone,b.user_name FROM relative_info a LEFT JOIN user_info b on a.user_id = b.user_id ORDER BY a.relative_id desc LIMIT 0,5   [ RunTime:0.000361s ]
INFO: [ view_begin ] --START--
INFO: [ view_begin ] --END-- [ RunTime:0.000018s ]
INFO: [ view_parse ] --START--
INFO: [ template_filter ] --START--
INFO: Run Behavior\ContentReplace [ RunTime:0.000072s ]
INFO: [ template_filter ] --END-- [ RunTime:0.000127s ]
INFO: Run Behavior\ParseTemplate [ RunTime:0.008514s ]
INFO: [ view_parse ] --END-- [ RunTime:0.008568s ]
INFO: [ view_filter ] --START--
INFO: Run Behavior\WriteHtmlCache [ RunTime:0.000011s ]
INFO: [ view_filter ] --END-- [ RunTime:0.000041s ]
INFO: [ view_end ] --START--
INFO: [ view_end ] --END-- [ RunTime:0.000022s ]
INFO: [ app_end ] --START--
INFO: Run Behavior\ShowPageTrace [ RunTime:0.000038s ]
INFO: [ app_end ] --END-- [ RunTime:0.000071s ]

[ 2017-08-06T15:26:41+08:00 ] ::1 /health/management/Application/index.php/Admin/Hospital/listHos
INFO: [ app_init ] --START--
INFO: [ app_init ] --END-- [ RunTime:0.000311s ]
INFO: [ path_info ] --START--
INFO: [ path_info ] --END-- [ RunTime:0.000021s ]
INFO: [ app_begin ] --START--
INFO: Run Behavior\ReadHtmlCache [ RunTime:0.000030s ]
INFO: [ app_begin ] --END-- [ RunTime:0.000065s ]
INFO: [ action_begin ] --START--
INFO: [ action_begin ] --END-- [ RunTime:0.000041s ]
NOTIC: [2048] Declaration of Admin\Model\HospitalInfoModel::_after_insert() should be compatible with Think\Model::_after_insert($data, $options) D:\XAMPP2\htdocs\health\management\Application\Admin\Model\HospitalInfoModel.class.php 第 7 行.
NOTIC: [8192] mysql_connect(): The mysql extension is deprecated and will be removed in the future: use mysqli or PDO instead D:\XAMPP2\htdocs\health\management\ThinkPHP\Library\Think\Db\Driver\Mysql.class.php 第 52 行.
SQL: SHOW COLUMNS FROM `hospital_info` [ RunTime:0.005372s ]
SQL: SELECT COUNT(*) AS tp_count FROM `hospital_info` LIMIT 1   [ RunTime:0.000269s ]
SQL: SELECT * FROM `hospital_info` ORDER BY hos_id desc LIMIT 0,3   [ RunTime:0.000291s ]
INFO: [ view_begin ] --START--
INFO: [ view_begin ] --END-- [ RunTime:0.000016s ]
INFO: [ view_parse ] --START--
INFO: [ template_filter ] --START--
INFO: Run Behavior\ContentReplace [ RunTime:0.000091s ]
INFO: [ template_filter ] --END-- [ RunTime:0.000144s ]
INFO: Run Behavior\ParseTemplate [ RunTime:0.010776s ]
INFO: [ view_parse ] --END-- [ RunTime:0.010831s ]
INFO: [ view_filter ] --START--
INFO: Run Behavior\WriteHtmlCache [ RunTime:0.000012s ]
INFO: [ view_filter ] --END-- [ RunTime:0.000044s ]
INFO: [ view_end ] --START--
INFO: [ view_end ] --END-- [ RunTime:0.000035s ]
INFO: [ app_end ] --START--
INFO: Run Behavior\ShowPageTrace [ RunTime:0.000055s ]
INFO: [ app_end ] --END-- [ RunTime:0.000111s ]

[ 2017-08-06T15:26:56+08:00 ] ::1 /health/management/Application/index.php/Admin/Hospital/listHos
INFO: [ app_init ] --START--
INFO: [ app_init ] --END-- [ RunTime:0.000413s ]
INFO: [ path_info ] --START--
INFO: [ path_info ] --END-- [ RunTime:0.000025s ]
INFO: [ app_begin ] --START--
INFO: Run Behavior\ReadHtmlCache [ RunTime:0.000034s ]
INFO: [ app_begin ] --END-- [ RunTime:0.000082s ]
INFO: [ action_begin ] --START--
INFO: [ action_begin ] --END-- [ RunTime:0.000024s ]
NOTIC: [2048] Declaration of Admin\Model\HospitalInfoModel::_after_insert() should be compatible with Think\Model::_after_insert($data, $options) D:\XAMPP2\htdocs\health\management\Application\Admin\Model\HospitalInfoModel.class.php 第 7 行.
NOTIC: [8192] mysql_connect(): The mysql extension is deprecated and will be removed in the future: use mysqli or PDO instead D:\XAMPP2\htdocs\health\management\ThinkPHP\Library\Think\Db\Driver\Mysql.class.php 第 52 行.
SQL: SHOW COLUMNS FROM `hospital_info` [ RunTime:0.002195s ]
SQL: SELECT COUNT(*) AS tp_count FROM `hospital_info` LIMIT 1   [ RunTime:0.000254s ]
SQL: SELECT * FROM `hospital_info` WHERE ( `hos_name` LIKE '%二%' ) OR ( `hos_address` LIKE '%二%' ) ORDER BY hos_id desc LIMIT 0,3   [ RunTime:0.000874s ]
INFO: [ view_begin ] --START--
INFO: [ view_begin ] --END-- [ RunTime:0.000017s ]
INFO: [ view_parse ] --START--
INFO: [ template_filter ] --START--
INFO: Run Behavior\ContentReplace [ RunTime:0.000109s ]
INFO: [ template_filter ] --END-- [ RunTime:0.000160s ]
NOTIC: [2] Invalid argument supplied for foreach() D:\XAMPP2\htdocs\health\management\Application\Runtime\Cache\Admin\9edf936c4ce2951c34669b3b09efc8d4.php 第 65 行.
INFO: Run Behavior\ParseTemplate [ RunTime:0.007491s ]
INFO: [ view_parse ] --END-- [ RunTime:0.007536s ]
INFO: [ view_filter ] --START--
INFO: Run Behavior\WriteHtmlCache [ RunTime:0.000010s ]
INFO: [ view_filter ] --END-- [ RunTime:0.000039s ]
INFO: [ view_end ] --START--
INFO: [ view_end ] --END-- [ RunTime:0.000019s ]
INFO: [ app_end ] --START--
INFO: Run Behavior\ShowPageTrace [ RunTime:0.000035s ]
INFO: [ app_end ] --END-- [ RunTime:0.000067s ]

[ 2017-08-06T15:27:01+08:00 ] ::1 /health/management/Application/index.php/Admin/Hospital/listHos
INFO: [ app_init ] --START--
INFO: [ app_init ] --END-- [ RunTime:0.000281s ]
INFO: [ path_info ] --START--
INFO: [ path_info ] --END-- [ RunTime:0.000020s ]
INFO: [ app_begin ] --START--
INFO: Run Behavior\ReadHtmlCache [ RunTime:0.000029s ]
INFO: [ app_begin ] --END-- [ RunTime:0.000065s ]
INFO: [ action_begin ] --START--
INFO: [ action_begin ] --END-- [ RunTime:0.000022s ]
NOTIC: [2048] Declaration of Admin\Model\HospitalInfoModel::_after_insert() should be compatible with Think\Model::_after_insert($data, $options) D:\XAMPP2\htdocs\health\management\Application\Admin\Model\HospitalInfoModel.class.php 第 7 行.
NOTIC: [8192] mysql_connect(): The mysql extension is deprecated and will be removed in the future: use mysqli or PDO instead D:\XAMPP2\htdocs\health\management\ThinkPHP\Library\Think\Db\Driver\Mysql.class.php 第 52 行.
SQL: SHOW COLUMNS FROM `hospital_info` [ RunTime:0.002115s ]
SQL: SELECT COUNT(*) AS tp_count FROM `hospital_info` LIMIT 1   [ RunTime:0.000242s ]
SQL: SELECT * FROM `hospital_info` ORDER BY hos_id desc LIMIT 0,3   [ RunTime:0.000302s ]
INFO: [ view_begin ] --START--
INFO: [ view_begin ] --END-- [ RunTime:0.000016s ]
INFO: [ view_parse ] --START--
INFO: [ template_filter ] --START--
INFO: Run Behavior\ContentReplace [ RunTime:0.000090s ]
INFO: [ template_filter ] --END-- [ RunTime:0.000143s ]
INFO: Run Behavior\ParseTemplate [ RunTime:0.007369s ]
INFO: [ view_parse ] --END-- [ RunTime:0.007415s ]
INFO: [ view_filter ] --START--
INFO: Run Behavior\WriteHtmlCache [ RunTime:0.000010s ]
INFO: [ view_filter ] --END-- [ RunTime:0.000039s ]
INFO: [ view_end ] --START--
INFO: [ view_end ] --END-- [ RunTime:0.000019s ]
INFO: [ app_end ] --START--
INFO: Run Behavior\ShowPageTrace [ RunTime:0.000036s ]
INFO: [ app_end ] --END-- [ RunTime:0.000068s ]

[ 2017-08-06T15:27:07+08:00 ] ::1 /health/management/Application/index.php/Admin/Department/listDep
INFO: [ app_init ] --START--
INFO: [ app_init ] --END-- [ RunTime:0.000281s ]
INFO: [ path_info ] --START--
INFO: [ path_info ] --END-- [ RunTime:0.000021s ]
INFO: [ app_begin ] --START--
INFO: Run Behavior\ReadHtmlCache [ RunTime:0.000030s ]
INFO: [ app_begin ] --END-- [ RunTime:0.000081s ]
INFO: [ action_begin ] --START--
INFO: [ action_begin ] --END-- [ RunTime:0.000150s ]
NOTIC: [8192] mysql_connect(): The mysql extension is deprecated and will be removed in the future: use mysqli or PDO instead D:\XAMPP2\htdocs\health\management\ThinkPHP\Library\Think\Db\Driver\Mysql.class.php 第 52 行.
SQL: SHOW COLUMNS FROM `department_info` [ RunTime:0.004214s ]
SQL: SELECT * FROM `department_info`  [ RunTime:0.000313s ]
INFO: [ view_begin ] --START--
INFO: [ view_begin ] --END-- [ RunTime:0.000020s ]
INFO: [ view_parse ] --START--
INFO: [ template_filter ] --START--
INFO: Run Behavior\ContentReplace [ RunTime:0.000064s ]
INFO: [ template_filter ] --END-- [ RunTime:0.000128s ]
NOTIC: [8] Undefined variable: page D:\XAMPP2\htdocs\health\management\Application\Runtime\Cache\Admin\4217299545793fa4fc7fce0e91da5291.php 第 68 行.
INFO: Run Behavior\ParseTemplate [ RunTime:0.007018s ]
INFO: [ view_parse ] --END-- [ RunTime:0.007065s ]
INFO: [ view_filter ] --START--
INFO: Run Behavior\WriteHtmlCache [ RunTime:0.000010s ]
INFO: [ view_filter ] --END-- [ RunTime:0.000038s ]
INFO: [ view_end ] --START--
INFO: [ view_end ] --END-- [ RunTime:0.000021s ]
INFO: [ app_end ] --START--
INFO: Run Behavior\ShowPageTrace [ RunTime:0.000035s ]
INFO: [ app_end ] --END-- [ RunTime:0.000066s ]

[ 2017-08-06T15:27:10+08:00 ] ::1 /health/management/Application/index.php/Admin/Illness/listSick
INFO: [ app_init ] --START--
INFO: [ app_init ] --END-- [ RunTime:0.000318s ]
INFO: [ path_info ] --START--
INFO: [ path_info ] --END-- [ RunTime:0.000023s ]
INFO: [ app_begin ] --START--
INFO: Run Behavior\ReadHtmlCache [ RunTime:0.000033s ]
INFO: [ app_begin ] --END-- [ RunTime:0.000074s ]
INFO: [ action_begin ] --START--
INFO: [ action_begin ] --END-- [ RunTime:0.000027s ]
NOTIC: [8192] mysql_connect(): The mysql extension is deprecated and will be removed in the future: use mysqli or PDO instead D:\XAMPP2\htdocs\health\management\ThinkPHP\Library\Think\Db\Driver\Mysql.class.php 第 52 行.
SQL: SHOW COLUMNS FROM `illness` [ RunTime:0.003729s ]
SQL: SELECT COUNT(*) AS tp_count FROM `illness` LIMIT 1   [ RunTime:0.000217s ]
SQL: SELECT a.*,c.dep_name FROM illness a LEFT JOIN department_info c on a.two_depa_id=c.dep_id LIMIT 0,10   [ RunTime:0.000338s ]
INFO: [ view_begin ] --START--
INFO: [ view_begin ] --END-- [ RunTime:0.000019s ]
INFO: [ view_parse ] --START--
INFO: [ template_filter ] --START--
INFO: Run Behavior\ContentReplace [ RunTime:0.000150s ]
INFO: [ template_filter ] --END-- [ RunTime:0.000254s ]
INFO: Run Behavior\ParseTemplate [ RunTime:0.009461s ]
INFO: [ view_parse ] --END-- [ RunTime:0.009534s ]
INFO: [ view_filter ] --START--
INFO: Run Behavior\WriteHtmlCache [ RunTime:0.000013s ]
INFO: [ view_filter ] --END-- [ RunTime:0.000047s ]
INFO: [ view_end ] --START--
INFO: [ view_end ] --END-- [ RunTime:0.000023s ]
INFO: [ app_end ] --START--
INFO: Run Behavior\ShowPageTrace [ RunTime:0.000041s ]
INFO: [ app_end ] --END-- [ RunTime:0.000087s ]

[ 2017-08-06T15:27:30+08:00 ] ::1 /health/management/Application/index.php/Admin/Auth/listGroup
INFO: [ app_init ] --START--
INFO: [ app_init ] --END-- [ RunTime:0.000280s ]
INFO: [ path_info ] --START--
INFO: [ path_info ] --END-- [ RunTime:0.000023s ]
INFO: [ app_begin ] --START--
INFO: Run Behavior\ReadHtmlCache [ RunTime:0.000030s ]
INFO: [ app_begin ] --END-- [ RunTime:0.000067s ]
INFO: [ action_begin ] --START--
INFO: [ action_begin ] --END-- [ RunTime:0.000033s ]
NOTIC: [8192] mysql_connect(): The mysql extension is deprecated and will be removed in the future: use mysqli or PDO instead D:\XAMPP2\htdocs\health\management\ThinkPHP\Library\Think\Db\Driver\Mysql.class.php 第 52 行.
SQL: SHOW COLUMNS FROM `auth_group` [ RunTime:0.004917s ]
SQL: SELECT * FROM `auth_group`  [ RunTime:0.000628s ]
INFO: [ view_begin ] --START--
INFO: [ view_begin ] --END-- [ RunTime:0.000018s ]
INFO: [ view_parse ] --START--
INFO: [ template_filter ] --START--
INFO: Run Behavior\ContentReplace [ RunTime:0.000061s ]
INFO: [ template_filter ] --END-- [ RunTime:0.000115s ]
NOTIC: [8] Undefined index: name D:\XAMPP2\htdocs\health\management\Application\Runtime\Cache\Admin\726b103d7f6323ed8a3dc60ef57a9029.php 第 42 行.
NOTIC: [8] Undefined index: name D:\XAMPP2\htdocs\health\management\Application\Runtime\Cache\Admin\726b103d7f6323ed8a3dc60ef57a9029.php 第 42 行.
NOTIC: [8] Undefined index: name D:\XAMPP2\htdocs\health\management\Application\Runtime\Cache\Admin\726b103d7f6323ed8a3dc60ef57a9029.php 第 42 行.
NOTIC: [8] Undefined index: name D:\XAMPP2\htdocs\health\management\Application\Runtime\Cache\Admin\726b103d7f6323ed8a3dc60ef57a9029.php 第 42 行.
NOTIC: [8] Undefined index: name D:\XAMPP2\htdocs\health\management\Application\Runtime\Cache\Admin\726b103d7f6323ed8a3dc60ef57a9029.php 第 42 行.
NOTIC: [8] Undefined index: name D:\XAMPP2\htdocs\health\management\Application\Runtime\Cache\Admin\726b103d7f6323ed8a3dc60ef57a9029.php 第 42 行.
NOTIC: [8] Undefined index: name D:\XAMPP2\htdocs\health\management\Application\Runtime\Cache\Admin\726b103d7f6323ed8a3dc60ef57a9029.php 第 42 行.
INFO: Run Behavior\ParseTemplate [ RunTime:0.006160s ]
INFO: [ view_parse ] --END-- [ RunTime:0.006205s ]
INFO: [ view_filter ] --START--
INFO: Run Behavior\WriteHtmlCache [ RunTime:0.000010s ]
INFO: [ view_filter ] --END-- [ RunTime:0.000036s ]
INFO: [ view_end ] --START--
INFO: [ view_end ] --END-- [ RunTime:0.000020s ]
INFO: [ app_end ] --START--
INFO: Run Behavior\ShowPageTrace [ RunTime:0.000035s ]
INFO: [ app_end ] --END-- [ RunTime:0.000068s ]

[ 2017-08-06T15:27:31+08:00 ] ::1 /health/management/Application/index.php/Admin/Auth/listAdmin
INFO: [ app_init ] --START--
INFO: [ app_init ] --END-- [ RunTime:0.000287s ]
INFO: [ path_info ] --START--
INFO: [ path_info ] --END-- [ RunTime:0.000021s ]
INFO: [ app_begin ] --START--
INFO: Run Behavior\ReadHtmlCache [ RunTime:0.000030s ]
INFO: [ app_begin ] --END-- [ RunTime:0.000068s ]
INFO: [ action_begin ] --START--
INFO: [ action_begin ] --END-- [ RunTime:0.000023s ]
NOTIC: [8192] mysql_connect(): The mysql extension is deprecated and will be removed in the future: use mysqli or PDO instead D:\XAMPP2\htdocs\health\management\ThinkPHP\Library\Think\Db\Driver\Mysql.class.php 第 52 行.
SQL: SHOW COLUMNS FROM `manager` [ RunTime:0.001939s ]
SQL: SELECT COUNT(*) AS tp_count FROM `manager` LIMIT 1   [ RunTime:0.000237s ]
SQL: SELECT m.*,g.title,a.group_id FROM manager m LEFT JOIN auth_group_access a on m.mg_id = a.uid LEFT JOIN auth_group g on a.group_id = g.id LIMIT 0,6   [ RunTime:0.002367s ]
INFO: [ view_begin ] --START--
INFO: [ view_begin ] --END-- [ RunTime:0.000041s ]
INFO: [ view_parse ] --START--
INFO: [ template_filter ] --START--
INFO: Run Behavior\ContentReplace [ RunTime:0.000054s ]
INFO: [ template_filter ] --END-- [ RunTime:0.000110s ]
NOTIC: [8] Undefined index: illness_id D:\XAMPP2\htdocs\health\management\Application\Runtime\Cache\Admin\1efc4060d9c65ae3883bd32b5041d141.php 第 38 行.
NOTIC: [8] Undefined index: illness_id D:\XAMPP2\htdocs\health\management\Application\Runtime\Cache\Admin\1efc4060d9c65ae3883bd32b5041d141.php 第 38 行.
NOTIC: [8] Undefined index: illness_id D:\XAMPP2\htdocs\health\management\Application\Runtime\Cache\Admin\1efc4060d9c65ae3883bd32b5041d141.php 第 38 行.
INFO: Run Behavior\ParseTemplate [ RunTime:0.005616s ]
INFO: [ view_parse ] --END-- [ RunTime:0.005667s ]
INFO: [ view_filter ] --START--
INFO: Run Behavior\WriteHtmlCache [ RunTime:0.000010s ]
INFO: [ view_filter ] --END-- [ RunTime:0.000038s ]
INFO: [ view_end ] --START--
INFO: [ view_end ] --END-- [ RunTime:0.000012s ]
INFO: [ app_end ] --START--
INFO: Run Behavior\ShowPageTrace [ RunTime:0.000030s ]
INFO: [ app_end ] --END-- [ RunTime:0.000057s ]

[ 2017-08-06T15:27:31+08:00 ] ::1 /health/management/Application/index.php/Admin/Auth/listRule
INFO: [ app_init ] --START--
INFO: [ app_init ] --END-- [ RunTime:0.000282s ]
INFO: [ path_info ] --START--
INFO: [ path_info ] --END-- [ RunTime:0.000021s ]
INFO: [ app_begin ] --START--
INFO: Run Behavior\ReadHtmlCache [ RunTime:0.000030s ]
INFO: [ app_begin ] --END-- [ RunTime:0.000067s ]
INFO: [ action_begin ] --START--
INFO: [ action_begin ] --END-- [ RunTime:0.000023s ]
NOTIC: [8192] mysql_connect(): The mysql extension is deprecated and will be removed in the future: use mysqli or PDO instead D:\XAMPP2\htdocs\health\management\ThinkPHP\Library\Think\Db\Driver\Mysql.class.php 第 52 行.
SQL: SHOW COLUMNS FROM `auth_rule` [ RunTime:0.003205s ]
SQL: SELECT * FROM `auth_rule`  [ RunTime:0.000760s ]
INFO: [ view_begin ] --START--
INFO: [ view_begin ] --END-- [ RunTime:0.000096s ]
INFO: [ view_parse ] --START--
INFO: [ template_filter ] --START--
INFO: Run Behavior\ContentReplace [ RunTime:0.000078s ]
INFO: [ template_filter ] --END-- [ RunTime:0.000130s ]
INFO: Run Behavior\ParseTemplate [ RunTime:0.008597s ]
INFO: [ view_parse ] --END-- [ RunTime:0.008660s ]
INFO: [ view_filter ] --START--
INFO: Run Behavior\WriteHtmlCache [ RunTime:0.000011s ]
INFO: [ view_filter ] --END-- [ RunTime:0.000040s ]
INFO: [ view_end ] --START--
INFO: [ view_end ] --END-- [ RunTime:0.000019s ]
INFO: [ app_end ] --START--
INFO: Run Behavior\ShowPageTrace [ RunTime:0.000037s ]
INFO: [ app_end ] --END-- [ RunTime:0.000068s ]

[ 2017-08-06T15:27:37+08:00 ] ::1 /health/management/Application/index.php/Admin/Department/listDep
INFO: [ app_init ] --START--
INFO: [ app_init ] --END-- [ RunTime:0.000344s ]
INFO: [ path_info ] --START--
INFO: [ path_info ] --END-- [ RunTime:0.000023s ]
INFO: [ app_begin ] --START--
INFO: Run Behavior\ReadHtmlCache [ RunTime:0.000031s ]
INFO: [ app_begin ] --END-- [ RunTime:0.000068s ]
INFO: [ action_begin ] --START--
INFO: [ action_begin ] --END-- [ RunTime:0.000022s ]
NOTIC: [8192] mysql_connect(): The mysql extension is deprecated and will be removed in the future: use mysqli or PDO instead D:\XAMPP2\htdocs\health\management\ThinkPHP\Library\Think\Db\Driver\Mysql.class.php 第 52 行.
SQL: SHOW COLUMNS FROM `department_info` [ RunTime:0.002337s ]
SQL: SELECT * FROM `department_info`  [ RunTime:0.000406s ]
INFO: [ view_begin ] --START--
INFO: [ view_begin ] --END-- [ RunTime:0.000018s ]
INFO: [ view_parse ] --START--
INFO: [ template_filter ] --START--
INFO: Run Behavior\ContentReplace [ RunTime:0.000063s ]
INFO: [ template_filter ] --END-- [ RunTime:0.000110s ]
NOTIC: [8] Undefined variable: page D:\XAMPP2\htdocs\health\management\Application\Runtime\Cache\Admin\4217299545793fa4fc7fce0e91da5291.php 第 68 行.
INFO: Run Behavior\ParseTemplate [ RunTime:0.005419s ]
INFO: [ view_parse ] --END-- [ RunTime:0.005463s ]
INFO: [ view_filter ] --START--
INFO: Run Behavior\WriteHtmlCache [ RunTime:0.000009s ]
INFO: [ view_filter ] --END-- [ RunTime:0.000038s ]
INFO: [ view_end ] --START--
INFO: [ view_end ] --END-- [ RunTime:0.000020s ]
INFO: [ app_end ] --START--
INFO: Run Behavior\ShowPageTrace [ RunTime:0.000034s ]
INFO: [ app_end ] --END-- [ RunTime:0.000067s ]

[ 2017-08-06T15:28:08+08:00 ] ::1 /health/management/Application/index.php/Admin/Department/add
INFO: [ app_init ] --START--
INFO: [ app_init ] --END-- [ RunTime:0.000295s ]
INFO: [ path_info ] --START--
INFO: [ path_info ] --END-- [ RunTime:0.000021s ]
INFO: [ app_begin ] --START--
INFO: Run Behavior\ReadHtmlCache [ RunTime:0.000030s ]
INFO: [ app_begin ] --END-- [ RunTime:0.000066s ]
INFO: [ action_begin ] --START--
INFO: [ action_begin ] --END-- [ RunTime:0.000023s ]
NOTIC: [8192] mysql_connect(): The mysql extension is deprecated and will be removed in the future: use mysqli or PDO instead D:\XAMPP2\htdocs\health\management\ThinkPHP\Library\Think\Db\Driver\Mysql.class.php 第 52 行.
SQL: SHOW COLUMNS FROM `department_info` [ RunTime:0.001994s ]
SQL: SELECT * FROM `department_info` WHERE ( `parent_id` = 0 )  [ RunTime:0.000351s ]
INFO: [ view_begin ] --START--
INFO: [ view_begin ] --END-- [ RunTime:0.000017s ]
INFO: [ view_parse ] --START--
INFO: [ template_filter ] --START--
INFO: Run Behavior\ContentReplace [ RunTime:0.000054s ]
INFO: [ template_filter ] --END-- [ RunTime:0.000108s ]
NOTIC: [8] Undefined index: level D:\XAMPP2\htdocs\health\management\Application\Runtime\Cache\Admin\5d06ed0b4ae0ea3782ce3e580c0303a5.php 第 51 行.
NOTIC: [8] Undefined index: level D:\XAMPP2\htdocs\health\management\Application\Runtime\Cache\Admin\5d06ed0b4ae0ea3782ce3e580c0303a5.php 第 51 行.
NOTIC: [8] Undefined index: level D:\XAMPP2\htdocs\health\management\Application\Runtime\Cache\Admin\5d06ed0b4ae0ea3782ce3e580c0303a5.php 第 51 行.
NOTIC: [8] Undefined index: level D:\XAMPP2\htdocs\health\management\Application\Runtime\Cache\Admin\5d06ed0b4ae0ea3782ce3e580c0303a5.php 第 51 行.
NOTIC: [8] Undefined index: level D:\XAMPP2\htdocs\health\management\Application\Runtime\Cache\Admin\5d06ed0b4ae0ea3782ce3e580c0303a5.php 第 51 行.
NOTIC: [8] Undefined index: level D:\XAMPP2\htdocs\health\management\Application\Runtime\Cache\Admin\5d06ed0b4ae0ea3782ce3e580c0303a5.php 第 51 行.
INFO: Run Behavior\ParseTemplate [ RunTime:0.006367s ]
INFO: [ view_parse ] --END-- [ RunTime:0.006671s ]
INFO: [ view_filter ] --START--
INFO: Run Behavior\WriteHtmlCache [ RunTime:0.000064s ]
INFO: [ view_filter ] --END-- [ RunTime:0.000154s ]
INFO: [ view_end ] --START--
INFO: [ view_end ] --END-- [ RunTime:0.000017s ]
INFO: [ app_end ] --START--
INFO: Run Behavior\ShowPageTrace [ RunTime:0.000039s ]
INFO: [ app_end ] --END-- [ RunTime:0.000077s ]

[ 2017-08-06T15:28:13+08:00 ] ::1 /health/management/Application/index.php/Admin/Department/listDep
INFO: [ app_init ] --START--
INFO: [ app_init ] --END-- [ RunTime:0.000302s ]
INFO: [ path_info ] --START--
INFO: [ path_info ] --END-- [ RunTime:0.000022s ]
INFO: [ app_begin ] --START--
INFO: Run Behavior\ReadHtmlCache [ RunTime:0.000031s ]
INFO: [ app_begin ] --END-- [ RunTime:0.000067s ]
INFO: [ action_begin ] --START--
INFO: [ action_begin ] --END-- [ RunTime:0.000023s ]
NOTIC: [8192] mysql_connect(): The mysql extension is deprecated and will be removed in the future: use mysqli or PDO instead D:\XAMPP2\htdocs\health\management\ThinkPHP\Library\Think\Db\Driver\Mysql.class.php 第 52 行.
SQL: SHOW COLUMNS FROM `department_info` [ RunTime:0.002028s ]
SQL: SELECT * FROM `department_info`  [ RunTime:0.000274s ]
INFO: [ view_begin ] --START--
INFO: [ view_begin ] --END-- [ RunTime:0.000036s ]
INFO: [ view_parse ] --START--
INFO: [ template_filter ] --START--
INFO: Run Behavior\ContentReplace [ RunTime:0.000065s ]
INFO: [ template_filter ] --END-- [ RunTime:0.000118s ]
NOTIC: [8] Undefined variable: page D:\XAMPP2\htdocs\health\management\Application\Runtime\Cache\Admin\4217299545793fa4fc7fce0e91da5291.php 第 68 行.
INFO: Run Behavior\ParseTemplate [ RunTime:0.006251s ]
INFO: [ view_parse ] --END-- [ RunTime:0.006316s ]
INFO: [ view_filter ] --START--
INFO: Run Behavior\WriteHtmlCache [ RunTime:0.000009s ]
INFO: [ view_filter ] --END-- [ RunTime:0.000037s ]
INFO: [ view_end ] --START--
INFO: [ view_end ] --END-- [ RunTime:0.000020s ]
INFO: [ app_end ] --START--
INFO: Run Behavior\ShowPageTrace [ RunTime:0.000046s ]
INFO: [ app_end ] --END-- [ RunTime:0.000078s ]

[ 2017-08-06T15:33:19+08:00 ] ::1 /health/management/Application/index.php/Admin/Auth/listRule
INFO: [ app_init ] --START--
INFO: [ app_init ] --END-- [ RunTime:0.000409s ]
INFO: [ path_info ] --START--
INFO: [ path_info ] --END-- [ RunTime:0.000020s ]
INFO: [ app_begin ] --START--
INFO: Run Behavior\ReadHtmlCache [ RunTime:0.000038s ]
INFO: [ app_begin ] --END-- [ RunTime:0.000098s ]
INFO: [ action_begin ] --START--
INFO: [ action_begin ] --END-- [ RunTime:0.000023s ]
NOTIC: [8192] mysql_connect(): The mysql extension is deprecated and will be removed in the future: use mysqli or PDO instead D:\XAMPP2\htdocs\health\management\ThinkPHP\Library\Think\Db\Driver\Mysql.class.php 第 52 行.
SQL: SHOW COLUMNS FROM `auth_rule` [ RunTime:0.002030s ]
SQL: SELECT * FROM `auth_rule`  [ RunTime:0.000304s ]
INFO: [ view_begin ] --START--
INFO: [ view_begin ] --END-- [ RunTime:0.000020s ]
INFO: [ view_parse ] --START--
INFO: [ template_filter ] --START--
INFO: Run Behavior\ContentReplace [ RunTime:0.000081s ]
INFO: [ template_filter ] --END-- [ RunTime:0.000134s ]
INFO: Run Behavior\ParseTemplate [ RunTime:0.007235s ]
INFO: [ view_parse ] --END-- [ RunTime:0.007288s ]
INFO: [ view_filter ] --START--
INFO: Run Behavior\WriteHtmlCache [ RunTime:0.000011s ]
INFO: [ view_filter ] --END-- [ RunTime:0.000040s ]
INFO: [ view_end ] --START--
INFO: [ view_end ] --END-- [ RunTime:0.000020s ]
INFO: [ app_end ] --START--
INFO: Run Behavior\ShowPageTrace [ RunTime:0.000052s ]
INFO: [ app_end ] --END-- [ RunTime:0.000087s ]

[ 2017-08-06T15:35:41+08:00 ] ::1 /health/management/Application/index.php/Admin/Department/listDep
INFO: [ app_init ] --START--
INFO: [ app_init ] --END-- [ RunTime:0.001095s ]
INFO: [ path_info ] --START--
INFO: [ path_info ] --END-- [ RunTime:0.000067s ]
INFO: [ app_begin ] --START--
INFO: Run Behavior\ReadHtmlCache [ RunTime:0.000036s ]
INFO: [ app_begin ] --END-- [ RunTime:0.000086s ]
INFO: [ action_begin ] --START--
INFO: [ action_begin ] --END-- [ RunTime:0.000024s ]
NOTIC: [8192] mysql_connect(): The mysql extension is deprecated and will be removed in the future: use mysqli or PDO instead D:\XAMPP2\htdocs\health\management\ThinkPHP\Library\Think\Db\Driver\Mysql.class.php 第 52 行.
SQL: SHOW COLUMNS FROM `department_info` [ RunTime:0.003473s ]
SQL: SELECT * FROM `department_info`  [ RunTime:0.000306s ]
INFO: [ view_begin ] --START--
INFO: [ view_begin ] --END-- [ RunTime:0.000018s ]
INFO: [ view_parse ] --START--
INFO: [ template_filter ] --START--
INFO: Run Behavior\ContentReplace [ RunTime:0.000067s ]
INFO: [ template_filter ] --END-- [ RunTime:0.000115s ]
NOTIC: [8] Undefined variable: page D:\XAMPP2\htdocs\health\management\Application\Runtime\Cache\Admin\4217299545793fa4fc7fce0e91da5291.php 第 70 行.
INFO: Run Behavior\ParseTemplate [ RunTime:0.006477s ]
INFO: [ view_parse ] --END-- [ RunTime:0.006525s ]
INFO: [ view_filter ] --START--
INFO: Run Behavior\WriteHtmlCache [ RunTime:0.000010s ]
INFO: [ view_filter ] --END-- [ RunTime:0.000039s ]
INFO: [ view_end ] --START--
INFO: [ view_end ] --END-- [ RunTime:0.000023s ]
INFO: [ app_end ] --START--
INFO: Run Behavior\ShowPageTrace [ RunTime:0.000037s ]
INFO: [ app_end ] --END-- [ RunTime:0.000069s ]

[ 2017-08-06T15:35:54+08:00 ] ::1 /health/management/Application/index.php/Admin/Department/listDep
INFO: [ app_init ] --START--
INFO: [ app_init ] --END-- [ RunTime:0.000280s ]
INFO: [ path_info ] --START--
INFO: [ path_info ] --END-- [ RunTime:0.000025s ]
INFO: [ app_begin ] --START--
INFO: Run Behavior\ReadHtmlCache [ RunTime:0.000036s ]
INFO: [ app_begin ] --END-- [ RunTime:0.000077s ]
INFO: [ action_begin ] --START--
INFO: [ action_begin ] --END-- [ RunTime:0.000078s ]
NOTIC: [8192] mysql_connect(): The mysql extension is deprecated and will be removed in the future: use mysqli or PDO instead D:\XAMPP2\htdocs\health\management\ThinkPHP\Library\Think\Db\Driver\Mysql.class.php 第 52 行.
SQL: SHOW COLUMNS FROM `department_info` [ RunTime:0.001987s ]
SQL: SELECT * FROM `department_info`  [ RunTime:0.000319s ]
INFO: [ view_begin ] --START--
INFO: [ view_begin ] --END-- [ RunTime:0.000038s ]
INFO: [ view_parse ] --START--
INFO: [ template_filter ] --START--
INFO: Run Behavior\ContentReplace [ RunTime:0.000069s ]
INFO: [ template_filter ] --END-- [ RunTime:0.000126s ]
NOTIC: [8] Undefined variable: page D:\XAMPP2\htdocs\health\management\Application\Runtime\Cache\Admin\4217299545793fa4fc7fce0e91da5291.php 第 70 行.
INFO: Run Behavior\ParseTemplate [ RunTime:0.007980s ]
INFO: [ view_parse ] --END-- [ RunTime:0.008035s ]
INFO: [ view_filter ] --START--
INFO: Run Behavior\WriteHtmlCache [ RunTime:0.000011s ]
INFO: [ view_filter ] --END-- [ RunTime:0.000040s ]
INFO: [ view_end ] --START--
INFO: [ view_end ] --END-- [ RunTime:0.000022s ]
INFO: [ app_end ] --START--
INFO: Run Behavior\ShowPageTrace [ RunTime:0.000038s ]
INFO: [ app_end ] --END-- [ RunTime:0.000071s ]

[ 2017-08-06T15:35:57+08:00 ] ::1 /health/management/Application/index.php/Admin/Auth/listRule
INFO: [ app_init ] --START--
INFO: [ app_init ] --END-- [ RunTime:0.000295s ]
INFO: [ path_info ] --START--
INFO: [ path_info ] --END-- [ RunTime:0.000020s ]
INFO: [ app_begin ] --START--
INFO: Run Behavior\ReadHtmlCache [ RunTime:0.000030s ]
INFO: [ app_begin ] --END-- [ RunTime:0.000077s ]
INFO: [ action_begin ] --START--
INFO: [ action_begin ] --END-- [ RunTime:0.000024s ]
NOTIC: [8192] mysql_connect(): The mysql extension is deprecated and will be removed in the future: use mysqli or PDO instead D:\XAMPP2\htdocs\health\management\ThinkPHP\Library\Think\Db\Driver\Mysql.class.php 第 52 行.
SQL: SHOW COLUMNS FROM `auth_rule` [ RunTime:0.002827s ]
SQL: SELECT * FROM `auth_rule`  [ RunTime:0.000781s ]
INFO: [ view_begin ] --START--
INFO: [ view_begin ] --END-- [ RunTime:0.000018s ]
INFO: [ view_parse ] --START--
INFO: [ template_filter ] --START--
INFO: Run Behavior\ContentReplace [ RunTime:0.000078s ]
INFO: [ template_filter ] --END-- [ RunTime:0.000124s ]
INFO: Run Behavior\ParseTemplate [ RunTime:0.006551s ]
INFO: [ view_parse ] --END-- [ RunTime:0.006600s ]
INFO: [ view_filter ] --START--
INFO: Run Behavior\WriteHtmlCache [ RunTime:0.000011s ]
INFO: [ view_filter ] --END-- [ RunTime:0.000038s ]
INFO: [ view_end ] --START--
INFO: [ view_end ] --END-- [ RunTime:0.000018s ]
INFO: [ app_end ] --START--
INFO: Run Behavior\ShowPageTrace [ RunTime:0.000035s ]
INFO: [ app_end ] --END-- [ RunTime:0.000068s ]

[ 2017-08-06T15:35:59+08:00 ] ::1 /health/management/Application/index.php/Admin/Hospital/listHos
INFO: [ app_init ] --START--
INFO: [ app_init ] --END-- [ RunTime:0.000341s ]
INFO: [ path_info ] --START--
INFO: [ path_info ] --END-- [ RunTime:0.000023s ]
INFO: [ app_begin ] --START--
INFO: Run Behavior\ReadHtmlCache [ RunTime:0.000030s ]
INFO: [ app_begin ] --END-- [ RunTime:0.000067s ]
INFO: [ action_begin ] --START--
INFO: [ action_begin ] --END-- [ RunTime:0.000037s ]
NOTIC: [2048] Declaration of Admin\Model\HospitalInfoModel::_after_insert() should be compatible with Think\Model::_after_insert($data, $options) D:\XAMPP2\htdocs\health\management\Application\Admin\Model\HospitalInfoModel.class.php 第 7 行.
NOTIC: [8192] mysql_connect(): The mysql extension is deprecated and will be removed in the future: use mysqli or PDO instead D:\XAMPP2\htdocs\health\management\ThinkPHP\Library\Think\Db\Driver\Mysql.class.php 第 52 行.
SQL: SHOW COLUMNS FROM `hospital_info` [ RunTime:0.003025s ]
SQL: SELECT COUNT(*) AS tp_count FROM `hospital_info` LIMIT 1   [ RunTime:0.000287s ]
SQL: SELECT * FROM `hospital_info` ORDER BY hos_id desc LIMIT 0,3   [ RunTime:0.000314s ]
INFO: [ view_begin ] --START--
INFO: [ view_begin ] --END-- [ RunTime:0.000017s ]
INFO: [ view_parse ] --START--
INFO: [ template_filter ] --START--
INFO: Run Behavior\ContentReplace [ RunTime:0.000094s ]
INFO: [ template_filter ] --END-- [ RunTime:0.000143s ]
INFO: Run Behavior\ParseTemplate [ RunTime:0.006903s ]
INFO: [ view_parse ] --END-- [ RunTime:0.006969s ]
INFO: [ view_filter ] --START--
INFO: Run Behavior\WriteHtmlCache [ RunTime:0.000011s ]
INFO: [ view_filter ] --END-- [ RunTime:0.000041s ]
INFO: [ view_end ] --START--
INFO: [ view_end ] --END-- [ RunTime:0.000020s ]
INFO: [ app_end ] --START--
INFO: Run Behavior\ShowPageTrace [ RunTime:0.000041s ]
INFO: [ app_end ] --END-- [ RunTime:0.000075s ]

[ 2017-08-06T15:36:00+08:00 ] ::1 /health/management/Application/index.php/Admin/Department/listDep
INFO: [ app_init ] --START--
INFO: [ app_init ] --END-- [ RunTime:0.000291s ]
INFO: [ path_info ] --START--
INFO: [ path_info ] --END-- [ RunTime:0.000021s ]
INFO: [ app_begin ] --START--
INFO: Run Behavior\ReadHtmlCache [ RunTime:0.000031s ]
INFO: [ app_begin ] --END-- [ RunTime:0.000070s ]
INFO: [ action_begin ] --START--
INFO: [ action_begin ] --END-- [ RunTime:0.000022s ]
NOTIC: [8192] mysql_connect(): The mysql extension is deprecated and will be removed in the future: use mysqli or PDO instead D:\XAMPP2\htdocs\health\management\ThinkPHP\Library\Think\Db\Driver\Mysql.class.php 第 52 行.
SQL: SHOW COLUMNS FROM `department_info` [ RunTime:0.001931s ]
SQL: SELECT * FROM `department_info`  [ RunTime:0.000265s ]
INFO: [ view_begin ] --START--
INFO: [ view_begin ] --END-- [ RunTime:0.000018s ]
INFO: [ view_parse ] --START--
INFO: [ template_filter ] --START--
INFO: Run Behavior\ContentReplace [ RunTime:0.000068s ]
INFO: [ template_filter ] --END-- [ RunTime:0.000126s ]
NOTIC: [8] Undefined variable: page D:\XAMPP2\htdocs\health\management\Application\Runtime\Cache\Admin\4217299545793fa4fc7fce0e91da5291.php 第 70 行.
INFO: Run Behavior\ParseTemplate [ RunTime:0.007288s ]
INFO: [ view_parse ] --END-- [ RunTime:0.007335s ]
INFO: [ view_filter ] --START--
INFO: Run Behavior\WriteHtmlCache [ RunTime:0.000011s ]
INFO: [ view_filter ] --END-- [ RunTime:0.000040s ]
INFO: [ view_end ] --START--
INFO: [ view_end ] --END-- [ RunTime:0.000022s ]
INFO: [ app_end ] --START--
INFO: Run Behavior\ShowPageTrace [ RunTime:0.000037s ]
INFO: [ app_end ] --END-- [ RunTime:0.000071s ]

[ 2017-08-06T15:36:00+08:00 ] ::1 /health/management/Application/index.php/Admin/Department/listDep
INFO: [ app_init ] --START--
INFO: [ app_init ] --END-- [ RunTime:0.000304s ]
INFO: [ path_info ] --START--
INFO: [ path_info ] --END-- [ RunTime:0.000020s ]
INFO: [ app_begin ] --START--
INFO: Run Behavior\ReadHtmlCache [ RunTime:0.000030s ]
INFO: [ app_begin ] --END-- [ RunTime:0.000064s ]
INFO: [ action_begin ] --START--
INFO: [ action_begin ] --END-- [ RunTime:0.000022s ]
NOTIC: [8192] mysql_connect(): The mysql extension is deprecated and will be removed in the future: use mysqli or PDO instead D:\XAMPP2\htdocs\health\management\ThinkPHP\Library\Think\Db\Driver\Mysql.class.php 第 52 行.
SQL: SHOW COLUMNS FROM `department_info` [ RunTime:0.001910s ]
SQL: SELECT * FROM `department_info`  [ RunTime:0.000265s ]
INFO: [ view_begin ] --START--
INFO: [ view_begin ] --END-- [ RunTime:0.000018s ]
INFO: [ view_parse ] --START--
INFO: [ template_filter ] --START--
INFO: Run Behavior\ContentReplace [ RunTime:0.000067s ]
INFO: [ template_filter ] --END-- [ RunTime:0.000122s ]
NOTIC: [8] Undefined variable: page D:\XAMPP2\htdocs\health\management\Application\Runtime\Cache\Admin\4217299545793fa4fc7fce0e91da5291.php 第 70 行.
INFO: Run Behavior\ParseTemplate [ RunTime:0.006718s ]
INFO: [ view_parse ] --END-- [ RunTime:0.006763s ]
INFO: [ view_filter ] --START--
INFO: Run Behavior\WriteHtmlCache [ RunTime:0.000011s ]
INFO: [ view_filter ] --END-- [ RunTime:0.000062s ]
INFO: [ view_end ] --START--
INFO: [ view_end ] --END-- [ RunTime:0.000023s ]
INFO: [ app_end ] --START--
INFO: Run Behavior\ShowPageTrace [ RunTime:0.000036s ]
INFO: [ app_end ] --END-- [ RunTime:0.000069s ]

[ 2017-08-06T15:36:04+08:00 ] ::1 /health/management/Application/index.php/Admin/Department/listDep
INFO: [ app_init ] --START--
INFO: [ app_init ] --END-- [ RunTime:0.000277s ]
INFO: [ path_info ] --START--
INFO: [ path_info ] --END-- [ RunTime:0.000020s ]
INFO: [ app_begin ] --START--
INFO: Run Behavior\ReadHtmlCache [ RunTime:0.000029s ]
INFO: [ app_begin ] --END-- [ RunTime:0.000065s ]
INFO: [ action_begin ] --START--
INFO: [ action_begin ] --END-- [ RunTime:0.000026s ]
NOTIC: [8192] mysql_connect(): The mysql extension is deprecated and will be removed in the future: use mysqli or PDO instead D:\XAMPP2\htdocs\health\management\ThinkPHP\Library\Think\Db\Driver\Mysql.class.php 第 52 行.
SQL: SHOW COLUMNS FROM `department_info` [ RunTime:0.001977s ]
SQL: SELECT * FROM `department_info`  [ RunTime:0.000273s ]
INFO: [ view_begin ] --START--
INFO: [ view_begin ] --END-- [ RunTime:0.000018s ]
INFO: [ view_parse ] --START--
INFO: [ template_filter ] --START--
INFO: Run Behavior\ContentReplace [ RunTime:0.000067s ]
INFO: [ template_filter ] --END-- [ RunTime:0.000122s ]
NOTIC: [8] Undefined variable: page D:\XAMPP2\htdocs\health\management\Application\Runtime\Cache\Admin\4217299545793fa4fc7fce0e91da5291.php 第 70 行.
INFO: Run Behavior\ParseTemplate [ RunTime:0.006844s ]
INFO: [ view_parse ] --END-- [ RunTime:0.006888s ]
INFO: [ view_filter ] --START--
INFO: Run Behavior\WriteHtmlCache [ RunTime:0.000010s ]
INFO: [ view_filter ] --END-- [ RunTime:0.000038s ]
INFO: [ view_end ] --START--
INFO: [ view_end ] --END-- [ RunTime:0.000019s ]
INFO: [ app_end ] --START--
INFO: Run Behavior\ShowPageTrace [ RunTime:0.000035s ]
INFO: [ app_end ] --END-- [ RunTime:0.000067s ]

[ 2017-08-06T15:36:14+08:00 ] ::1 /health/management/Application/index.php/Admin/Auth/listRule
INFO: [ app_init ] --START--
INFO: [ app_init ] --END-- [ RunTime:0.000286s ]
INFO: [ path_info ] --START--
INFO: [ path_info ] --END-- [ RunTime:0.000021s ]
INFO: [ app_begin ] --START--
INFO: Run Behavior\ReadHtmlCache [ RunTime:0.000031s ]
INFO: [ app_begin ] --END-- [ RunTime:0.000070s ]
INFO: [ action_begin ] --START--
INFO: [ action_begin ] --END-- [ RunTime:0.000023s ]
NOTIC: [8192] mysql_connect(): The mysql extension is deprecated and will be removed in the future: use mysqli or PDO instead D:\XAMPP2\htdocs\health\management\ThinkPHP\Library\Think\Db\Driver\Mysql.class.php 第 52 行.
SQL: SHOW COLUMNS FROM `auth_rule` [ RunTime:0.003260s ]
SQL: SELECT * FROM `auth_rule`  [ RunTime:0.000340s ]
INFO: [ view_begin ] --START--
INFO: [ view_begin ] --END-- [ RunTime:0.000019s ]
INFO: [ view_parse ] --START--
INFO: [ template_filter ] --START--
INFO: Run Behavior\ContentReplace [ RunTime:0.000084s ]
INFO: [ template_filter ] --END-- [ RunTime:0.000137s ]
INFO: Run Behavior\ParseTemplate [ RunTime:0.006823s ]
INFO: [ view_parse ] --END-- [ RunTime:0.006875s ]
INFO: [ view_filter ] --START--
INFO: Run Behavior\WriteHtmlCache [ RunTime:0.000011s ]
INFO: [ view_filter ] --END-- [ RunTime:0.000041s ]
INFO: [ view_end ] --START--
INFO: [ view_end ] --END-- [ RunTime:0.000021s ]
INFO: [ app_end ] --START--
INFO: Run Behavior\ShowPageTrace [ RunTime:0.000055s ]
INFO: [ app_end ] --END-- [ RunTime:0.000089s ]

[ 2017-08-06T15:36:22+08:00 ] ::1 /health/management/Application/index.php/Admin/Department/listDep
INFO: [ app_init ] --START--
INFO: [ app_init ] --END-- [ RunTime:0.000306s ]
INFO: [ path_info ] --START--
INFO: [ path_info ] --END-- [ RunTime:0.000020s ]
INFO: [ app_begin ] --START--
INFO: Run Behavior\ReadHtmlCache [ RunTime:0.000030s ]
INFO: [ app_begin ] --END-- [ RunTime:0.000066s ]
INFO: [ action_begin ] --START--
INFO: [ action_begin ] --END-- [ RunTime:0.000022s ]
NOTIC: [8192] mysql_connect(): The mysql extension is deprecated and will be removed in the future: use mysqli or PDO instead D:\XAMPP2\htdocs\health\management\ThinkPHP\Library\Think\Db\Driver\Mysql.class.php 第 52 行.
SQL: SHOW COLUMNS FROM `department_info` [ RunTime:0.002074s ]
SQL: SELECT * FROM `department_info`  [ RunTime:0.000379s ]
INFO: [ view_begin ] --START--
INFO: [ view_begin ] --END-- [ RunTime:0.000053s ]
INFO: [ view_parse ] --START--
INFO: [ template_filter ] --START--
INFO: Run Behavior\ContentReplace [ RunTime:0.000240s ]
INFO: [ template_filter ] --END-- [ RunTime:0.000532s ]
NOTIC: [8] Undefined variable: page D:\XAMPP2\htdocs\health\management\Application\Runtime\Cache\Admin\4217299545793fa4fc7fce0e91da5291.php 第 70 行.
INFO: Run Behavior\ParseTemplate [ RunTime:0.007341s ]
INFO: [ view_parse ] --END-- [ RunTime:0.007390s ]
INFO: [ view_filter ] --START--
INFO: Run Behavior\WriteHtmlCache [ RunTime:0.000010s ]
INFO: [ view_filter ] --END-- [ RunTime:0.000039s ]
INFO: [ view_end ] --START--
INFO: [ view_end ] --END-- [ RunTime:0.000020s ]
INFO: [ app_end ] --START--
INFO: Run Behavior\ShowPageTrace [ RunTime:0.000034s ]
INFO: [ app_end ] --END-- [ RunTime:0.000065s ]

[ 2017-08-06T15:46:18+08:00 ] ::1 /health/management/Application/index.php/Admin/Department/edit/dep_id/6
INFO: [ app_init ] --START--
INFO: [ app_init ] --END-- [ RunTime:0.000398s ]
INFO: [ path_info ] --START--
INFO: [ path_info ] --END-- [ RunTime:0.000021s ]
INFO: [ app_begin ] --START--
INFO: Run Behavior\ReadHtmlCache [ RunTime:0.000032s ]
INFO: [ app_begin ] --END-- [ RunTime:0.000076s ]
INFO: [ action_begin ] --START--
INFO: [ action_begin ] --END-- [ RunTime:0.000022s ]
NOTIC: [8192] mysql_connect(): The mysql extension is deprecated and will be removed in the future: use mysqli or PDO instead D:\XAMPP2\htdocs\health\management\ThinkPHP\Library\Think\Db\Driver\Mysql.class.php 第 52 行.
SQL: SHOW COLUMNS FROM `department_info` [ RunTime:0.003613s ]
SQL: SELECT * FROM `department_info` WHERE ( `dep_id` = 6 ) LIMIT 1   [ RunTime:0.000317s ]
SQL: SELECT * FROM `department_info` WHERE ( `parent_id` = 0 )  [ RunTime:0.000253s ]
INFO: [ view_begin ] --START--
INFO: [ view_begin ] --END-- [ RunTime:0.000019s ]
INFO: [ view_parse ] --START--
INFO: [ template_filter ] --START--
INFO: Run Behavior\ContentReplace [ RunTime:0.000058s ]
INFO: [ template_filter ] --END-- [ RunTime:0.000112s ]
NOTIC: [8] Undefined index: level D:\XAMPP2\htdocs\health\management\Application\Runtime\Cache\Admin\dfdca5e4d73b64a7fdb0baac7e552581.php 第 52 行.
NOTIC: [8] Undefined index: level D:\XAMPP2\htdocs\health\management\Application\Runtime\Cache\Admin\dfdca5e4d73b64a7fdb0baac7e552581.php 第 52 行.
NOTIC: [8] Undefined index: level D:\XAMPP2\htdocs\health\management\Application\Runtime\Cache\Admin\dfdca5e4d73b64a7fdb0baac7e552581.php 第 52 行.
NOTIC: [8] Undefined index: level D:\XAMPP2\htdocs\health\management\Application\Runtime\Cache\Admin\dfdca5e4d73b64a7fdb0baac7e552581.php 第 52 行.
NOTIC: [8] Undefined index: level D:\XAMPP2\htdocs\health\management\Application\Runtime\Cache\Admin\dfdca5e4d73b64a7fdb0baac7e552581.php 第 52 行.
NOTIC: [8] Undefined index: level D:\XAMPP2\htdocs\health\management\Application\Runtime\Cache\Admin\dfdca5e4d73b64a7fdb0baac7e552581.php 第 52 行.
INFO: Run Behavior\ParseTemplate [ RunTime:0.006750s ]
INFO: [ view_parse ] --END-- [ RunTime:0.006809s ]
INFO: [ view_filter ] --START--
INFO: Run Behavior\WriteHtmlCache [ RunTime:0.000010s ]
INFO: [ view_filter ] --END-- [ RunTime:0.000038s ]
INFO: [ view_end ] --START--
INFO: [ view_end ] --END-- [ RunTime:0.000012s ]
INFO: [ app_end ] --START--
INFO: Run Behavior\ShowPageTrace [ RunTime:0.000031s ]
INFO: [ app_end ] --END-- [ RunTime:0.000060s ]

[ 2017-08-06T15:46:22+08:00 ] ::1 /health/management/Application/index.php/Admin/Department/add
INFO: [ app_init ] --START--
INFO: [ app_init ] --END-- [ RunTime:0.000283s ]
INFO: [ path_info ] --START--
INFO: [ path_info ] --END-- [ RunTime:0.000021s ]
INFO: [ app_begin ] --START--
INFO: Run Behavior\ReadHtmlCache [ RunTime:0.000036s ]
INFO: [ app_begin ] --END-- [ RunTime:0.000093s ]
INFO: [ action_begin ] --START--
INFO: [ action_begin ] --END-- [ RunTime:0.000022s ]
NOTIC: [8192] mysql_connect(): The mysql extension is deprecated and will be removed in the future: use mysqli or PDO instead D:\XAMPP2\htdocs\health\management\ThinkPHP\Library\Think\Db\Driver\Mysql.class.php 第 52 行.
SQL: SHOW COLUMNS FROM `department_info` [ RunTime:0.003019s ]
SQL: SELECT * FROM `department_info` WHERE ( `parent_id` = 0 )  [ RunTime:0.000257s ]
INFO: [ view_begin ] --START--
INFO: [ view_begin ] --END-- [ RunTime:0.000016s ]
INFO: [ view_parse ] --START--
INFO: [ template_filter ] --START--
INFO: Run Behavior\ContentReplace [ RunTime:0.000053s ]
INFO: [ template_filter ] --END-- [ RunTime:0.000108s ]
NOTIC: [8] Undefined index: level D:\XAMPP2\htdocs\health\management\Application\Runtime\Cache\Admin\5d06ed0b4ae0ea3782ce3e580c0303a5.php 第 51 行.
NOTIC: [8] Undefined index: level D:\XAMPP2\htdocs\health\management\Application\Runtime\Cache\Admin\5d06ed0b4ae0ea3782ce3e580c0303a5.php 第 51 行.
NOTIC: [8] Undefined index: level D:\XAMPP2\htdocs\health\management\Application\Runtime\Cache\Admin\5d06ed0b4ae0ea3782ce3e580c0303a5.php 第 51 行.
NOTIC: [8] Undefined index: level D:\XAMPP2\htdocs\health\management\Application\Runtime\Cache\Admin\5d06ed0b4ae0ea3782ce3e580c0303a5.php 第 51 行.
NOTIC: [8] Undefined index: level D:\XAMPP2\htdocs\health\management\Application\Runtime\Cache\Admin\5d06ed0b4ae0ea3782ce3e580c0303a5.php 第 51 行.
NOTIC: [8] Undefined index: level D:\XAMPP2\htdocs\health\management\Application\Runtime\Cache\Admin\5d06ed0b4ae0ea3782ce3e580c0303a5.php 第 51 行.
INFO: Run Behavior\ParseTemplate [ RunTime:0.006807s ]
INFO: [ view_parse ] --END-- [ RunTime:0.006852s ]
INFO: [ view_filter ] --START--
INFO: Run Behavior\WriteHtmlCache [ RunTime:0.000010s ]
INFO: [ view_filter ] --END-- [ RunTime:0.000038s ]
INFO: [ view_end ] --START--
INFO: [ view_end ] --END-- [ RunTime:0.000011s ]
INFO: [ app_end ] --START--
INFO: Run Behavior\ShowPageTrace [ RunTime:0.000029s ]
INFO: [ app_end ] --END-- [ RunTime:0.000057s ]

[ 2017-08-06T15:46:24+08:00 ] ::1 /health/management/Application/index.php/Admin/Auth/listRule
INFO: [ app_init ] --START--
INFO: [ app_init ] --END-- [ RunTime:0.000669s ]
INFO: [ path_info ] --START--
INFO: [ path_info ] --END-- [ RunTime:0.000022s ]
INFO: [ app_begin ] --START--
INFO: Run Behavior\ReadHtmlCache [ RunTime:0.000031s ]
INFO: [ app_begin ] --END-- [ RunTime:0.000067s ]
INFO: [ action_begin ] --START--
INFO: [ action_begin ] --END-- [ RunTime:0.000025s ]
NOTIC: [8192] mysql_connect(): The mysql extension is deprecated and will be removed in the future: use mysqli or PDO instead D:\XAMPP2\htdocs\health\management\ThinkPHP\Library\Think\Db\Driver\Mysql.class.php 第 52 行.
SQL: SHOW COLUMNS FROM `auth_rule` [ RunTime:0.001992s ]
SQL: SELECT * FROM `auth_rule`  [ RunTime:0.000424s ]
INFO: [ view_begin ] --START--
INFO: [ view_begin ] --END-- [ RunTime:0.000030s ]
INFO: [ view_parse ] --START--
INFO: [ template_filter ] --START--
INFO: Run Behavior\ContentReplace [ RunTime:0.000078s ]
INFO: [ template_filter ] --END-- [ RunTime:0.000134s ]
INFO: Run Behavior\ParseTemplate [ RunTime:0.008033s ]
INFO: [ view_parse ] --END-- [ RunTime:0.008173s ]
INFO: [ view_filter ] --START--
INFO: Run Behavior\WriteHtmlCache [ RunTime:0.000010s ]
INFO: [ view_filter ] --END-- [ RunTime:0.000039s ]
INFO: [ view_end ] --START--
INFO: [ view_end ] --END-- [ RunTime:0.000019s ]
INFO: [ app_end ] --START--
INFO: Run Behavior\ShowPageTrace [ RunTime:0.000035s ]
INFO: [ app_end ] --END-- [ RunTime:0.000067s ]

[ 2017-08-06T15:46:31+08:00 ] ::1 /health/management/Application/index.php/Admin/Knowledge/listKnow
INFO: [ app_init ] --START--
INFO: [ app_init ] --END-- [ RunTime:0.000371s ]
INFO: [ path_info ] --START--
INFO: [ path_info ] --END-- [ RunTime:0.000022s ]
INFO: [ app_begin ] --START--
INFO: Run Behavior\ReadHtmlCache [ RunTime:0.000031s ]
INFO: [ app_begin ] --END-- [ RunTime:0.000073s ]
INFO: [ action_begin ] --START--
INFO: [ action_begin ] --END-- [ RunTime:0.000033s ]
NOTIC: [8192] mysql_connect(): The mysql extension is deprecated and will be removed in the future: use mysqli or PDO instead D:\XAMPP2\htdocs\health\management\ThinkPHP\Library\Think\Db\Driver\Mysql.class.php 第 52 行.
SQL: SHOW COLUMNS FROM `health_know` [ RunTime:0.003658s ]
SQL: SELECT COUNT(*) AS tp_count FROM `health_know` LIMIT 1   [ RunTime:0.000254s ]
SQL: SELECT * FROM `health_know` LIMIT 0,10   [ RunTime:0.001716s ]
INFO: [ view_begin ] --START--
INFO: [ view_begin ] --END-- [ RunTime:0.000016s ]
INFO: [ view_parse ] --START--
INFO: [ template_filter ] --START--
INFO: Run Behavior\ContentReplace [ RunTime:0.000068s ]
INFO: [ template_filter ] --END-- [ RunTime:0.000121s ]
INFO: Run Behavior\ParseTemplate [ RunTime:0.008522s ]
INFO: [ view_parse ] --END-- [ RunTime:0.008586s ]
INFO: [ view_filter ] --START--
INFO: Run Behavior\WriteHtmlCache [ RunTime:0.000012s ]
INFO: [ view_filter ] --END-- [ RunTime:0.000040s ]
INFO: [ view_end ] --START--
INFO: [ view_end ] --END-- [ RunTime:0.000020s ]
INFO: [ app_end ] --START--
INFO: Run Behavior\ShowPageTrace [ RunTime:0.000058s ]
INFO: [ app_end ] --END-- [ RunTime:0.000099s ]

[ 2017-08-06T15:46:38+08:00 ] ::1 /health/management/Application/index.php/Admin/Knowledge/edit/know_id/2
INFO: [ app_init ] --START--
INFO: [ app_init ] --END-- [ RunTime:0.000316s ]
INFO: [ path_info ] --START--
INFO: [ path_info ] --END-- [ RunTime:0.000022s ]
INFO: [ app_begin ] --START--
INFO: Run Behavior\ReadHtmlCache [ RunTime:0.000030s ]
INFO: [ app_begin ] --END-- [ RunTime:0.000068s ]
INFO: [ action_begin ] --START--
INFO: [ action_begin ] --END-- [ RunTime:0.000023s ]
NOTIC: [8192] mysql_connect(): The mysql extension is deprecated and will be removed in the future: use mysqli or PDO instead D:\XAMPP2\htdocs\health\management\ThinkPHP\Library\Think\Db\Driver\Mysql.class.php 第 52 行.
SQL: SHOW COLUMNS FROM `health_know` [ RunTime:0.002068s ]
SQL: SELECT * FROM `health_know` WHERE ( `know_id` = 2 ) LIMIT 1   [ RunTime:0.000394s ]
INFO: [ view_begin ] --START--
INFO: [ view_begin ] --END-- [ RunTime:0.000052s ]
INFO: [ view_parse ] --START--
INFO: [ template_filter ] --START--
INFO: Run Behavior\ContentReplace [ RunTime:0.000057s ]
INFO: [ template_filter ] --END-- [ RunTime:0.000109s ]
INFO: Run Behavior\ParseTemplate [ RunTime:0.007611s ]
INFO: [ view_parse ] --END-- [ RunTime:0.007752s ]
INFO: [ view_filter ] --START--
INFO: Run Behavior\WriteHtmlCache [ RunTime:0.000010s ]
INFO: [ view_filter ] --END-- [ RunTime:0.000039s ]
INFO: [ view_end ] --START--
INFO: [ view_end ] --END-- [ RunTime:0.000023s ]
INFO: [ app_end ] --START--
INFO: Run Behavior\ShowPageTrace [ RunTime:0.000038s ]
INFO: [ app_end ] --END-- [ RunTime:0.000070s ]

[ 2017-08-06T15:46:51+08:00 ] ::1 /health/management/Application/index.php/Admin/Knowledge/listKnow
INFO: [ app_init ] --START--
INFO: [ app_init ] --END-- [ RunTime:0.000337s ]
INFO: [ path_info ] --START--
INFO: [ path_info ] --END-- [ RunTime:0.000030s ]
INFO: [ app_begin ] --START--
INFO: Run Behavior\ReadHtmlCache [ RunTime:0.000036s ]
INFO: [ app_begin ] --END-- [ RunTime:0.000085s ]
INFO: [ action_begin ] --START--
INFO: [ action_begin ] --END-- [ RunTime:0.000029s ]
NOTIC: [8192] mysql_connect(): The mysql extension is deprecated and will be removed in the future: use mysqli or PDO instead D:\XAMPP2\htdocs\health\management\ThinkPHP\Library\Think\Db\Driver\Mysql.class.php 第 52 行.
SQL: SHOW COLUMNS FROM `health_know` [ RunTime:0.003191s ]
SQL: SELECT COUNT(*) AS tp_count FROM `health_know` LIMIT 1   [ RunTime:0.000286s ]
SQL: SELECT * FROM `health_know` LIMIT 0,10   [ RunTime:0.000458s ]
INFO: [ view_begin ] --START--
INFO: [ view_begin ] --END-- [ RunTime:0.000017s ]
INFO: [ view_parse ] --START--
INFO: [ template_filter ] --START--
INFO: Run Behavior\ContentReplace [ RunTime:0.000070s ]
INFO: [ template_filter ] --END-- [ RunTime:0.000126s ]
INFO: Run Behavior\ParseTemplate [ RunTime:0.008272s ]
INFO: [ view_parse ] --END-- [ RunTime:0.008326s ]
INFO: [ view_filter ] --START--
INFO: Run Behavior\WriteHtmlCache [ RunTime:0.000011s ]
INFO: [ view_filter ] --END-- [ RunTime:0.000041s ]
INFO: [ view_end ] --START--
INFO: [ view_end ] --END-- [ RunTime:0.000030s ]
INFO: [ app_end ] --START--
INFO: Run Behavior\ShowPageTrace [ RunTime:0.000044s ]
INFO: [ app_end ] --END-- [ RunTime:0.000117s ]

[ 2017-08-06T15:46:51+08:00 ] ::1 /health/management/Application/index.php/Admin/feedback/listAnalyze
INFO: [ app_init ] --START--
INFO: [ app_init ] --END-- [ RunTime:0.000320s ]
INFO: [ path_info ] --START--
INFO: [ path_info ] --END-- [ RunTime:0.000020s ]
INFO: [ app_begin ] --START--
INFO: Run Behavior\ReadHtmlCache [ RunTime:0.000029s ]
INFO: [ app_begin ] --END-- [ RunTime:0.000065s ]
INFO: [ action_begin ] --START--
INFO: [ action_begin ] --END-- [ RunTime:0.000030s ]
NOTIC: [8192] mysql_connect(): The mysql extension is deprecated and will be removed in the future: use mysqli or PDO instead D:\XAMPP2\htdocs\health\management\ThinkPHP\Library\Think\Db\Driver\Mysql.class.php 第 52 行.
SQL: SHOW COLUMNS FROM `user_info` [ RunTime:0.002259s ]
SQL: SELECT COUNT(*) AS tp_count FROM `user_info` LIMIT 1   [ RunTime:0.000730s ]
NOTIC: [2048] Declaration of Admin\Model\DoctorInfoModel::_after_insert() should be compatible with Think\Model::_after_insert($data, $options) D:\XAMPP2\htdocs\health\management\Application\Admin\Model\DoctorInfoModel.class.php 第 126 行.
SQL: SHOW COLUMNS FROM `doctor_info` [ RunTime:0.005927s ]
SQL: SELECT COUNT(*) AS tp_count FROM `doctor_info` LIMIT 1   [ RunTime:0.000932s ]
NOTIC: [2048] Declaration of Admin\Model\HospitalInfoModel::_after_insert() should be compatible with Think\Model::_after_insert($data, $options) D:\XAMPP2\htdocs\health\management\Application\Admin\Model\HospitalInfoModel.class.php 第 264 行.
SQL: SHOW COLUMNS FROM `hospital_info` [ RunTime:0.001917s ]
SQL: SELECT COUNT(*) AS tp_count FROM `hospital_info` LIMIT 1   [ RunTime:0.000231s ]
INFO: [ view_begin ] --START--
INFO: [ view_begin ] --END-- [ RunTime:0.000016s ]
INFO: [ view_parse ] --START--
INFO: [ template_filter ] --START--
INFO: Run Behavior\ContentReplace [ RunTime:0.000063s ]
INFO: [ template_filter ] --END-- [ RunTime:0.000125s ]
INFO: Run Behavior\ParseTemplate [ RunTime:0.008407s ]
INFO: [ view_parse ] --END-- [ RunTime:0.008469s ]
INFO: [ view_filter ] --START--
INFO: Run Behavior\WriteHtmlCache [ RunTime:0.000011s ]
INFO: [ view_filter ] --END-- [ RunTime:0.000044s ]
INFO: [ view_end ] --START--
INFO: [ view_end ] --END-- [ RunTime:0.000013s ]
INFO: [ app_end ] --START--
INFO: Run Behavior\ShowPageTrace [ RunTime:0.000033s ]
INFO: [ app_end ] --END-- [ RunTime:0.000065s ]

[ 2017-08-06T15:46:53+08:00 ] ::1 /health/management/Application/index.php/Admin/feedback/listFeedb
INFO: [ app_init ] --START--
INFO: [ app_init ] --END-- [ RunTime:0.000375s ]
INFO: [ path_info ] --START--
INFO: [ path_info ] --END-- [ RunTime:0.000022s ]
INFO: [ app_begin ] --START--
INFO: Run Behavior\ReadHtmlCache [ RunTime:0.000032s ]
INFO: [ app_begin ] --END-- [ RunTime:0.000075s ]
INFO: [ action_begin ] --START--
INFO: [ action_begin ] --END-- [ RunTime:0.000023s ]
NOTIC: [8192] mysql_connect(): The mysql extension is deprecated and will be removed in the future: use mysqli or PDO instead D:\XAMPP2\htdocs\health\management\ThinkPHP\Library\Think\Db\Driver\Mysql.class.php 第 52 行.
SQL: SHOW COLUMNS FROM `feedback` [ RunTime:0.003638s ]
SQL: SELECT COUNT(*) AS tp_count FROM `feedback` LIMIT 1   [ RunTime:0.000238s ]
SQL: SELECT * FROM `feedback` LIMIT 0,5   [ RunTime:0.000252s ]
INFO: [ view_begin ] --START--
INFO: [ view_begin ] --END-- [ RunTime:0.000017s ]
INFO: [ view_parse ] --START--
INFO: [ template_filter ] --START--
INFO: Run Behavior\ContentReplace [ RunTime:0.000194s ]
INFO: [ template_filter ] --END-- [ RunTime:0.000363s ]
INFO: Run Behavior\ParseTemplate [ RunTime:0.008094s ]
INFO: [ view_parse ] --END-- [ RunTime:0.008149s ]
INFO: [ view_filter ] --START--
INFO: Run Behavior\WriteHtmlCache [ RunTime:0.000012s ]
INFO: [ view_filter ] --END-- [ RunTime:0.000039s ]
INFO: [ view_end ] --START--
INFO: [ view_end ] --END-- [ RunTime:0.000012s ]
INFO: [ app_end ] --START--
INFO: Run Behavior\ShowPageTrace [ RunTime:0.000030s ]
INFO: [ app_end ] --END-- [ RunTime:0.000059s ]

[ 2017-08-06T15:47:43+08:00 ] ::1 /health/management/Application/index.php/Admin/feedback/listAnalyze
INFO: [ app_init ] --START--
INFO: [ app_init ] --END-- [ RunTime:0.000345s ]
INFO: [ path_info ] --START--
INFO: [ path_info ] --END-- [ RunTime:0.000022s ]
INFO: [ app_begin ] --START--
INFO: Run Behavior\ReadHtmlCache [ RunTime:0.000032s ]
INFO: [ app_begin ] --END-- [ RunTime:0.000068s ]
INFO: [ action_begin ] --START--
INFO: [ action_begin ] --END-- [ RunTime:0.000025s ]
NOTIC: [8192] mysql_connect(): The mysql extension is deprecated and will be removed in the future: use mysqli or PDO instead D:\XAMPP2\htdocs\health\management\ThinkPHP\Library\Think\Db\Driver\Mysql.class.php 第 52 行.
SQL: SHOW COLUMNS FROM `user_info` [ RunTime:0.003221s ]
SQL: SELECT COUNT(*) AS tp_count FROM `user_info` LIMIT 1   [ RunTime:0.000303s ]
NOTIC: [2048] Declaration of Admin\Model\DoctorInfoModel::_after_insert() should be compatible with Think\Model::_after_insert($data, $options) D:\XAMPP2\htdocs\health\management\Application\Admin\Model\DoctorInfoModel.class.php 第 126 行.
SQL: SHOW COLUMNS FROM `doctor_info` [ RunTime:0.002002s ]
SQL: SELECT COUNT(*) AS tp_count FROM `doctor_info` LIMIT 1   [ RunTime:0.000255s ]
NOTIC: [2048] Declaration of Admin\Model\HospitalInfoModel::_after_insert() should be compatible with Think\Model::_after_insert($data, $options) D:\XAMPP2\htdocs\health\management\Application\Admin\Model\HospitalInfoModel.class.php 第 264 行.
SQL: SHOW COLUMNS FROM `hospital_info` [ RunTime:0.001854s ]
SQL: SELECT COUNT(*) AS tp_count FROM `hospital_info` LIMIT 1   [ RunTime:0.000238s ]
INFO: [ view_begin ] --START--
INFO: [ view_begin ] --END-- [ RunTime:0.000017s ]
INFO: [ view_parse ] --START--
INFO: [ template_filter ] --START--
INFO: Run Behavior\ContentReplace [ RunTime:0.000059s ]
INFO: [ template_filter ] --END-- [ RunTime:0.000116s ]
INFO: Run Behavior\ParseTemplate [ RunTime:0.008514s ]
INFO: [ view_parse ] --END-- [ RunTime:0.008590s ]
INFO: [ view_filter ] --START--
INFO: Run Behavior\WriteHtmlCache [ RunTime:0.000013s ]
INFO: [ view_filter ] --END-- [ RunTime:0.000055s ]
INFO: [ view_end ] --START--
INFO: [ view_end ] --END-- [ RunTime:0.000025s ]
INFO: [ app_end ] --START--
INFO: Run Behavior\ShowPageTrace [ RunTime:0.000048s ]
INFO: [ app_end ] --END-- [ RunTime:0.000098s ]

[ 2017-08-06T15:47:44+08:00 ] ::1 /health/management/Application/index.php/Admin/Knowledge/listKnow
INFO: [ app_init ] --START--
INFO: [ app_init ] --END-- [ RunTime:0.000297s ]
INFO: [ path_info ] --START--
INFO: [ path_info ] --END-- [ RunTime:0.000023s ]
INFO: [ app_begin ] --START--
INFO: Run Behavior\ReadHtmlCache [ RunTime:0.000029s ]
INFO: [ app_begin ] --END-- [ RunTime:0.000065s ]
INFO: [ action_begin ] --START--
INFO: [ action_begin ] --END-- [ RunTime:0.000023s ]
NOTIC: [8192] mysql_connect(): The mysql extension is deprecated and will be removed in the future: use mysqli or PDO instead D:\XAMPP2\htdocs\health\management\ThinkPHP\Library\Think\Db\Driver\Mysql.class.php 第 52 行.
SQL: SHOW COLUMNS FROM `health_know` [ RunTime:0.002105s ]
SQL: SELECT COUNT(*) AS tp_count FROM `health_know` LIMIT 1   [ RunTime:0.000267s ]
SQL: SELECT * FROM `health_know` LIMIT 0,10   [ RunTime:0.000433s ]
INFO: [ view_begin ] --START--
INFO: [ view_begin ] --END-- [ RunTime:0.000031s ]
INFO: [ view_parse ] --START--
INFO: [ template_filter ] --START--
INFO: Run Behavior\ContentReplace [ RunTime:0.000108s ]
INFO: [ template_filter ] --END-- [ RunTime:0.000176s ]
INFO: Run Behavior\ParseTemplate [ RunTime:0.011901s ]
INFO: [ view_parse ] --END-- [ RunTime:0.011956s ]
INFO: [ view_filter ] --START--
INFO: Run Behavior\WriteHtmlCache [ RunTime:0.000011s ]
INFO: [ view_filter ] --END-- [ RunTime:0.000039s ]
INFO: [ view_end ] --START--
INFO: [ view_end ] --END-- [ RunTime:0.000020s ]
INFO: [ app_end ] --START--
INFO: Run Behavior\ShowPageTrace [ RunTime:0.000035s ]
INFO: [ app_end ] --END-- [ RunTime:0.000068s ]

[ 2017-08-06T15:47:51+08:00 ] ::1 /health/management/Application/index.php/Admin/Department/listDep
INFO: [ app_init ] --START--
INFO: [ app_init ] --END-- [ RunTime:0.000282s ]
INFO: [ path_info ] --START--
INFO: [ path_info ] --END-- [ RunTime:0.000022s ]
INFO: [ app_begin ] --START--
INFO: Run Behavior\ReadHtmlCache [ RunTime:0.000030s ]
INFO: [ app_begin ] --END-- [ RunTime:0.000065s ]
INFO: [ action_begin ] --START--
INFO: [ action_begin ] --END-- [ RunTime:0.000023s ]
NOTIC: [8192] mysql_connect(): The mysql extension is deprecated and will be removed in the future: use mysqli or PDO instead D:\XAMPP2\htdocs\health\management\ThinkPHP\Library\Think\Db\Driver\Mysql.class.php 第 52 行.
SQL: SHOW COLUMNS FROM `department_info` [ RunTime:0.002744s ]
SQL: SELECT * FROM `department_info`  [ RunTime:0.000336s ]
INFO: [ view_begin ] --START--
INFO: [ view_begin ] --END-- [ RunTime:0.000020s ]
INFO: [ view_parse ] --START--
INFO: [ template_filter ] --START--
INFO: Run Behavior\ContentReplace [ RunTime:0.000066s ]
INFO: [ template_filter ] --END-- [ RunTime:0.000116s ]
NOTIC: [8] Undefined variable: page D:\XAMPP2\htdocs\health\management\Application\Runtime\Cache\Admin\4217299545793fa4fc7fce0e91da5291.php 第 70 行.
INFO: Run Behavior\ParseTemplate [ RunTime:0.008476s ]
INFO: [ view_parse ] --END-- [ RunTime:0.008531s ]
INFO: [ view_filter ] --START--
INFO: Run Behavior\WriteHtmlCache [ RunTime:0.000013s ]
INFO: [ view_filter ] --END-- [ RunTime:0.000043s ]
INFO: [ view_end ] --START--
INFO: [ view_end ] --END-- [ RunTime:0.000022s ]
INFO: [ app_end ] --START--
INFO: Run Behavior\ShowPageTrace [ RunTime:0.000039s ]
INFO: [ app_end ] --END-- [ RunTime:0.000074s ]

[ 2017-08-06T15:50:49+08:00 ] ::1 /health/management/Application/index.php/Admin/Department/listDep
INFO: [ app_init ] --START--
INFO: [ app_init ] --END-- [ RunTime:0.000382s ]
INFO: [ path_info ] --START--
INFO: [ path_info ] --END-- [ RunTime:0.000020s ]
INFO: [ app_begin ] --START--
INFO: Run Behavior\ReadHtmlCache [ RunTime:0.000032s ]
INFO: [ app_begin ] --END-- [ RunTime:0.000074s ]
INFO: [ action_begin ] --START--
INFO: [ action_begin ] --END-- [ RunTime:0.000023s ]
NOTIC: [8192] mysql_connect(): The mysql extension is deprecated and will be removed in the future: use mysqli or PDO instead D:\XAMPP2\htdocs\health\management\ThinkPHP\Library\Think\Db\Driver\Mysql.class.php 第 52 行.
SQL: SHOW COLUMNS FROM `department_info` [ RunTime:0.002952s ]
SQL: SELECT * FROM `department_info`  [ RunTime:0.000283s ]
INFO: [ view_begin ] --START--
INFO: [ view_begin ] --END-- [ RunTime:0.000017s ]
INFO: [ view_parse ] --START--
INFO: [ template_filter ] --START--
INFO: Run Behavior\ContentReplace [ RunTime:0.000069s ]
INFO: [ template_filter ] --END-- [ RunTime:0.000117s ]
NOTIC: [8] Undefined variable: page D:\XAMPP2\htdocs\health\management\Application\Runtime\Cache\Admin\4217299545793fa4fc7fce0e91da5291.php 第 71 行.
INFO: Run Behavior\ParseTemplate [ RunTime:0.007160s ]
INFO: [ view_parse ] --END-- [ RunTime:0.007215s ]
INFO: [ view_filter ] --START--
INFO: Run Behavior\WriteHtmlCache [ RunTime:0.000010s ]
INFO: [ view_filter ] --END-- [ RunTime:0.000038s ]
INFO: [ view_end ] --START--
INFO: [ view_end ] --END-- [ RunTime:0.000020s ]
INFO: [ app_end ] --START--
INFO: Run Behavior\ShowPageTrace [ RunTime:0.000035s ]
INFO: [ app_end ] --END-- [ RunTime:0.000068s ]

[ 2017-08-06T16:43:22+08:00 ] ::1 /health/management/Application/index.php/Admin/Illness/listSick
INFO: [ app_init ] --START--
INFO: [ app_init ] --END-- [ RunTime:0.000409s ]
INFO: [ path_info ] --START--
INFO: [ path_info ] --END-- [ RunTime:0.000022s ]
INFO: [ app_begin ] --START--
INFO: Run Behavior\ReadHtmlCache [ RunTime:0.000034s ]
INFO: [ app_begin ] --END-- [ RunTime:0.000080s ]
INFO: [ action_begin ] --START--
INFO: [ action_begin ] --END-- [ RunTime:0.000027s ]
NOTIC: [8192] mysql_connect(): The mysql extension is deprecated and will be removed in the future: use mysqli or PDO instead D:\XAMPP2\htdocs\health\management\ThinkPHP\Library\Think\Db\Driver\Mysql.class.php 第 52 行.
SQL: SHOW COLUMNS FROM `illness` [ RunTime:0.002153s ]
SQL: SELECT COUNT(*) AS tp_count FROM `illness` LIMIT 1   [ RunTime:0.000355s ]
SQL: SELECT a.*,c.dep_name FROM illness a LEFT JOIN department_info c on a.two_depa_id=c.dep_id LIMIT 0,10   [ RunTime:0.000427s ]
INFO: [ view_begin ] --START--
INFO: [ view_begin ] --END-- [ RunTime:0.000019s ]
INFO: [ view_parse ] --START--
INFO: [ template_filter ] --START--
INFO: Run Behavior\ContentReplace [ RunTime:0.000091s ]
INFO: [ template_filter ] --END-- [ RunTime:0.000160s ]
INFO: Run Behavior\ParseTemplate [ RunTime:0.008597s ]
INFO: [ view_parse ] --END-- [ RunTime:0.008653s ]
INFO: [ view_filter ] --START--
INFO: Run Behavior\WriteHtmlCache [ RunTime:0.000012s ]
INFO: [ view_filter ] --END-- [ RunTime:0.000042s ]
INFO: [ view_end ] --START--
INFO: [ view_end ] --END-- [ RunTime:0.000020s ]
INFO: [ app_end ] --START--
INFO: Run Behavior\ShowPageTrace [ RunTime:0.000039s ]
INFO: [ app_end ] --END-- [ RunTime:0.000075s ]

[ 2017-08-06T16:45:14+08:00 ] ::1 /health/management/Application/index.php/Admin/Illness/add
INFO: [ app_init ] --START--
INFO: [ app_init ] --END-- [ RunTime:0.000338s ]
INFO: [ path_info ] --START--
INFO: [ path_info ] --END-- [ RunTime:0.000028s ]
INFO: [ app_begin ] --START--
INFO: Run Behavior\ReadHtmlCache [ RunTime:0.000038s ]
INFO: [ app_begin ] --END-- [ RunTime:0.000086s ]
INFO: [ action_begin ] --START--
INFO: [ action_begin ] --END-- [ RunTime:0.000026s ]
NOTIC: [8192] mysql_connect(): The mysql extension is deprecated and will be removed in the future: use mysqli or PDO instead D:\XAMPP2\htdocs\health\management\ThinkPHP\Library\Think\Db\Driver\Mysql.class.php 第 52 行.
SQL: SHOW COLUMNS FROM `illness` [ RunTime:0.003664s ]
SQL: SHOW COLUMNS FROM `department_info` [ RunTime:0.002523s ]
SQL: SELECT * FROM `department_info`  [ RunTime:0.000345s ]
NOTIC: [8] Undefined variable: data D:\XAMPP2\htdocs\health\management\Application\Admin\Controller\IllnessController.class.php 第 33 行.
INFO: [ view_begin ] --START--
INFO: [ view_begin ] --END-- [ RunTime:0.000023s ]
INFO: [ view_parse ] --START--
INFO: [ template_filter ] --START--
INFO: Run Behavior\ContentReplace [ RunTime:0.000057s ]
INFO: [ template_filter ] --END-- [ RunTime:0.000115s ]
INFO: Run Behavior\ParseTemplate [ RunTime:0.013514s ]
INFO: [ view_parse ] --END-- [ RunTime:0.013623s ]
INFO: [ view_filter ] --START--
INFO: Run Behavior\WriteHtmlCache [ RunTime:0.000014s ]
INFO: [ view_filter ] --END-- [ RunTime:0.000052s ]
INFO: [ view_end ] --START--
INFO: [ view_end ] --END-- [ RunTime:0.000015s ]
INFO: [ app_end ] --START--
INFO: Run Behavior\ShowPageTrace [ RunTime:0.000035s ]
INFO: [ app_end ] --END-- [ RunTime:0.000068s ]

[ 2017-08-06T16:45:25+08:00 ] ::1 /health/management/Application/index.php/Admin/Department/listDep
INFO: [ app_init ] --START--
INFO: [ app_init ] --END-- [ RunTime:0.000393s ]
INFO: [ path_info ] --START--
INFO: [ path_info ] --END-- [ RunTime:0.000021s ]
INFO: [ app_begin ] --START--
INFO: Run Behavior\ReadHtmlCache [ RunTime:0.000031s ]
INFO: [ app_begin ] --END-- [ RunTime:0.000074s ]
INFO: [ action_begin ] --START--
INFO: [ action_begin ] --END-- [ RunTime:0.000023s ]
NOTIC: [8192] mysql_connect(): The mysql extension is deprecated and will be removed in the future: use mysqli or PDO instead D:\XAMPP2\htdocs\health\management\ThinkPHP\Library\Think\Db\Driver\Mysql.class.php 第 52 行.
SQL: SHOW COLUMNS FROM `department_info` [ RunTime:0.003410s ]
SQL: SELECT * FROM `department_info`  [ RunTime:0.000296s ]
INFO: [ view_begin ] --START--
INFO: [ view_begin ] --END-- [ RunTime:0.000019s ]
INFO: [ view_parse ] --START--
INFO: [ template_filter ] --START--
INFO: Run Behavior\ContentReplace [ RunTime:0.000083s ]
INFO: [ template_filter ] --END-- [ RunTime:0.000146s ]
NOTIC: [8] Undefined variable: page D:\XAMPP2\htdocs\health\management\Application\Runtime\Cache\Admin\4217299545793fa4fc7fce0e91da5291.php 第 71 行.
INFO: Run Behavior\ParseTemplate [ RunTime:0.006992s ]
INFO: [ view_parse ] --END-- [ RunTime:0.007050s ]
INFO: [ view_filter ] --START--
INFO: Run Behavior\WriteHtmlCache [ RunTime:0.000014s ]
INFO: [ view_filter ] --END-- [ RunTime:0.000050s ]
INFO: [ view_end ] --START--
INFO: [ view_end ] --END-- [ RunTime:0.000035s ]
INFO: [ app_end ] --START--
INFO: Run Behavior\ShowPageTrace [ RunTime:0.000059s ]
INFO: [ app_end ] --END-- [ RunTime:0.000120s ]

