[ 2017-04-20T00:58:34+08:00 ] 192.168.43.193 /health/management/Application/index.php/Admin/Index/index.html
INFO: [ app_init ] --START--
INFO: [ app_init ] --END-- [ RunTime:0.020864s ]
INFO: [ path_info ] --START--
INFO: [ path_info ] --END-- [ RunTime:0.000092s ]
INFO: [ app_begin ] --START--
INFO: Run Behavior\ReadHtmlCache [ RunTime:0.000064s ]
INFO: [ app_begin ] --END-- [ RunTime:0.000293s ]
INFO: [ action_begin ] --START--
INFO: [ action_begin ] --END-- [ RunTime:0.000120s ]
INFO: [ view_begin ] --START--
INFO: [ view_begin ] --END-- [ RunTime:0.000033s ]
INFO: [ view_parse ] --START--
INFO: [ template_filter ] --START--
INFO: Run Behavior\ContentReplace [ RunTime:0.000099s ]
INFO: [ template_filter ] --END-- [ RunTime:0.000215s ]
INFO: Run Behavior\ParseTemplate [ RunTime:0.510970s ]
INFO: [ view_parse ] --END-- [ RunTime:0.511136s ]
INFO: [ view_filter ] --START--
INFO: Run Behavior\WriteHtmlCache [ RunTime:0.000018s ]
INFO: [ view_filter ] --END-- [ RunTime:0.000068s ]
INFO: [ view_end ] --START--
INFO: [ view_end ] --END-- [ RunTime:0.000023s ]
INFO: [ app_end ] --START--
INFO: Run Behavior\ShowPageTrace [ RunTime:0.000046s ]
INFO: [ app_end ] --END-- [ RunTime:0.000094s ]

[ 2017-04-20T00:59:05+08:00 ] 172.17.32.90 /health/management/Application/index.php/Admin/Index/index.html
INFO: [ app_init ] --START--
INFO: [ app_init ] --END-- [ RunTime:0.000472s ]
INFO: [ path_info ] --START--
INFO: [ path_info ] --END-- [ RunTime:0.000041s ]
INFO: [ app_begin ] --START--
INFO: Run Behavior\ReadHtmlCache [ RunTime:0.000058s ]
INFO: [ app_begin ] --END-- [ RunTime:0.000137s ]
INFO: [ action_begin ] --START--
INFO: [ action_begin ] --END-- [ RunTime:0.000044s ]
INFO: [ view_begin ] --START--
INFO: [ view_begin ] --END-- [ RunTime:0.000029s ]
INFO: [ view_parse ] --START--
INFO: [ template_filter ] --START--
INFO: Run Behavior\ContentReplace [ RunTime:0.000074s ]
INFO: [ template_filter ] --END-- [ RunTime:0.000176s ]
INFO: Run Behavior\ParseTemplate [ RunTime:0.119708s ]
INFO: [ view_parse ] --END-- [ RunTime:0.119821s ]
INFO: [ view_filter ] --START--
INFO: Run Behavior\WriteHtmlCache [ RunTime:0.000021s ]
INFO: [ view_filter ] --END-- [ RunTime:0.000073s ]
INFO: [ view_end ] --START--
INFO: [ view_end ] --END-- [ RunTime:0.000022s ]

[ 2017-04-20T00:59:09+08:00 ] 172.17.32.90 /health/management/Application/index.php/Admin/Login/login.html
INFO: [ app_init ] --START--
INFO: [ app_init ] --END-- [ RunTime:0.000354s ]
INFO: [ path_info ] --START--
INFO: [ path_info ] --END-- [ RunTime:0.000037s ]
INFO: [ app_begin ] --START--
INFO: Run Behavior\ReadHtmlCache [ RunTime:0.000057s ]
INFO: [ app_begin ] --END-- [ RunTime:0.000122s ]
INFO: [ action_begin ] --START--
INFO: [ action_begin ] --END-- [ RunTime:0.000056s ]
INFO: [ view_begin ] --START--
INFO: [ view_begin ] --END-- [ RunTime:0.000018s ]
INFO: [ view_parse ] --START--
INFO: [ template_filter ] --START--
INFO: Run Behavior\ContentReplace [ RunTime:0.000073s ]
INFO: [ template_filter ] --END-- [ RunTime:0.000155s ]
INFO: Run Behavior\ParseTemplate [ RunTime:0.047787s ]
INFO: [ view_parse ] --END-- [ RunTime:0.047883s ]
INFO: [ view_filter ] --START--
INFO: Run Behavior\WriteHtmlCache [ RunTime:0.000017s ]
INFO: [ view_filter ] --END-- [ RunTime:0.000064s ]
INFO: [ view_end ] --START--
INFO: [ view_end ] --END-- [ RunTime:0.000018s ]
INFO: [ app_end ] --START--
INFO: Run Behavior\ShowPageTrace [ RunTime:0.000042s ]
INFO: [ app_end ] --END-- [ RunTime:0.000084s ]

